#
# There is insufficient memory for the Java Runtime Environment to continue.
# Native memory allocation (mmap) failed to map 152043520 bytes for Failed to commit area from 0x000000008d600000 to 0x0000000096700000 of length 152043520.
# Possible reasons:
#   The system is out of physical RAM or swap space
#   The process is running with CompressedOops enabled, and the Java Heap may be blocking the growth of the native heap
# Possible solutions:
#   Reduce memory load on the system
#   Increase physical memory or swap space
#   Check if swap backing store is full
#   Decrease Java heap size (-Xmx/-Xms)
#   Decrease number of Java threads
#   Decrease Java thread stack sizes (-Xss)
#   Set larger code cache with -XX:ReservedCodeCacheSize=
#   JVM is running with Unscaled Compressed Oops mode in which the Java heap is
#     placed in the first 4GB address space. The Java Heap base address is the
#     maximum limit for the native heap growth. Please use -XX:HeapBaseMinAddress
#     to set the Java Heap base and to place the Java Heap above 4GB virtual address.
# This output file may be truncated or incomplete.
#
#  Out of Memory Error (./src/hotspot/os/windows/os_windows.cpp:3301), pid=5000, tid=24744
#
# JRE version: OpenJDK Runtime Environment (11.0.10) (build 11.0.10+0-b96-7249189)
# Java VM: OpenJDK 64-Bit Server VM (11.0.10+0-b96-7249189, mixed mode, tiered, compressed oops, g1 gc, windows-amd64)
# No core dump will be written. Minidumps are not enabled by default on client versions of Windows
#

---------------  S U M M A R Y ------------

Command Line: --add-opens=java.base/java.util=ALL-UNNAMED --add-opens=java.base/java.lang=ALL-UNNAMED --add-opens=java.base/java.lang.invoke=ALL-UNNAMED --add-opens=java.base/java.util=ALL-UNNAMED --add-opens=java.prefs/java.util.prefs=ALL-UNNAMED --add-opens=java.prefs/java.util.prefs=ALL-UNNAMED --add-opens=java.base/java.nio.charset=ALL-UNNAMED --add-opens=java.base/java.net=ALL-UNNAMED --add-opens=java.base/java.util.concurrent.atomic=ALL-UNNAMED -Xmx2048m -Dfile.encoding=UTF-8 -Duser.country=US -Duser.language=en -Duser.variant org.gradle.launcher.daemon.bootstrap.GradleDaemon 7.0.2

Host: Intel(R) Core(TM) i5-8250U CPU @ 1.60GHz, 8 cores, 3G,  Windows 10 , 64 bit Build 19041 (10.0.19041.1503)
Time: Fri Mar  4 03:32:18 2022 SE Asia Standard Time elapsed time: 4551.156091 seconds (0d 1h 15m 51s)

---------------  T H R E A D  ---------------

Current thread (0x0000024f32917800):  VMThread "VM Thread" [stack: 0x000000ae93d00000,0x000000ae93e00000] [id=24744]

Stack: [0x000000ae93d00000,0x000000ae93e00000]
[error occurred during error reporting (printing stack bounds), id 0xc0000005, EXCEPTION_ACCESS_VIOLATION (0xc0000005) at pc=0x0000024f1b810f2d]

Native frames: (J=compiled Java code, j=interpreted, Vv=VM code, C=native code)
V  [jvm.dll+0x5ecfaa]
V  [jvm.dll+0x722bd5]
V  [jvm.dll+0x72412d]
V  [jvm.dll+0x724745]
V  [jvm.dll+0x7246fb]
V  [jvm.dll+0x5ec348]
V  [jvm.dll+0x5ecad8]
C  [ntdll.dll+0xa20cf]
C  [ntdll.dll+0x51454]
C  [ntdll.dll+0xa0bfe]
C  0x0000024f1b810f2d

VM_Operation (0x000000ae979f65b0): G1CollectForAllocation, mode: safepoint, requested by thread 0x0000024f35c31000


---------------  P R O C E S S  ---------------

Threads class SMR info:
_java_thread_list=0x0000024f3c3014e0, length=71, elements={
0x0000024f1653f000, 0x0000024f3291d800, 0x0000024f32928800, 0x0000024f3293a800,
0x0000024f3293b800, 0x0000024f3293d800, 0x0000024f32948800, 0x0000024f3296d000,
0x0000024f3297a800, 0x0000024f33428000, 0x0000024f35136800, 0x0000024f34cf3800,
0x0000024f35207800, 0x0000024f35498800, 0x0000024f35496800, 0x0000024f35497000,
0x0000024f342b9800, 0x0000024f342bd000, 0x0000024f342c1000, 0x0000024f342c0000,
0x0000024f342be800, 0x0000024f342bf800, 0x0000024f342c2800, 0x0000024f377da800,
0x0000024f377db800, 0x0000024f377de000, 0x0000024f377d9000, 0x0000024f377d9800,
0x0000024f377e2000, 0x0000024f377dc000, 0x0000024f377d7800, 0x0000024f377dd000,
0x0000024f377d8000, 0x0000024f377e3800, 0x0000024f377e4800, 0x0000024f377de800,
0x0000024f377e0000, 0x0000024f377e5000, 0x0000024f377df800, 0x0000024f377e6000,
0x0000024f377e1000, 0x0000024f342b7000, 0x0000024f342bd800, 0x0000024f342b8000,
0x0000024f342b9000, 0x0000024f342ba800, 0x0000024f342c2000, 0x0000024f342c3800,
0x0000024f342c4000, 0x0000024f342c5000, 0x0000024f342c6000, 0x0000024f35498000,
0x0000024f35c31800, 0x0000024f35c31000, 0x0000024f35c32800, 0x0000024f35c33800,
0x0000024f35c34000, 0x0000024f35c35000, 0x0000024f35c2f000, 0x0000024f35c35800,
0x0000024f35c30000, 0x0000024f35c37800, 0x0000024f35c3a800, 0x0000024f35c39000,
0x0000024f35c3b800, 0x0000024f35c3c000, 0x0000024f35c36800, 0x0000024f35c3d000,
0x0000024f35c3e000, 0x0000024f35c38000, 0x0000024f35c3a000
}

Java Threads: ( => current thread )
  0x0000024f1653f000 JavaThread "main" [_thread_blocked, id=9936, stack(0x000000ae93700000,0x000000ae93800000)]
  0x0000024f3291d800 JavaThread "Reference Handler" daemon [_thread_blocked, id=28076, stack(0x000000ae93e00000,0x000000ae93f00000)]
  0x0000024f32928800 JavaThread "Finalizer" daemon [_thread_blocked, id=15740, stack(0x000000ae93f00000,0x000000ae94000000)]
  0x0000024f3293a800 JavaThread "Signal Dispatcher" daemon [_thread_blocked, id=15092, stack(0x000000ae94000000,0x000000ae94100000)]
  0x0000024f3293b800 JavaThread "Attach Listener" daemon [_thread_blocked, id=17732, stack(0x000000ae94100000,0x000000ae94200000)]
  0x0000024f3293d800 JavaThread "Service Thread" daemon [_thread_blocked, id=25364, stack(0x000000ae94200000,0x000000ae94300000)]
  0x0000024f32948800 JavaThread "C2 CompilerThread0" daemon [_thread_blocked, id=26280, stack(0x000000ae94300000,0x000000ae94400000)]
  0x0000024f3296d000 JavaThread "C1 CompilerThread0" daemon [_thread_blocked, id=27076, stack(0x000000ae94400000,0x000000ae94500000)]
  0x0000024f3297a800 JavaThread "Sweeper thread" daemon [_thread_blocked, id=13684, stack(0x000000ae94500000,0x000000ae94600000)]
  0x0000024f33428000 JavaThread "Common-Cleaner" daemon [_thread_blocked, id=24040, stack(0x000000ae94600000,0x000000ae94700000)]
  0x0000024f35136800 JavaThread "Daemon health stats" [_thread_blocked, id=24280, stack(0x000000ae94900000,0x000000ae94a00000)]
  0x0000024f34cf3800 JavaThread "Incoming local TCP Connector on port 55074" [_thread_in_native, id=14004, stack(0x000000ae94c00000,0x000000ae94d00000)]
  0x0000024f35207800 JavaThread "Daemon periodic checks" [_thread_blocked, id=12956, stack(0x000000ae94d00000,0x000000ae94e00000)]
  0x0000024f35498800 JavaThread "Cache worker for file hash cache (C:\Users\ADMIN\.gradle\caches\7.0.2\fileHashes)" [_thread_blocked, id=4608, stack(0x000000ae95900000,0x000000ae95a00000)]
  0x0000024f35496800 JavaThread "File lock request listener" [_thread_in_native, id=21660, stack(0x000000ae95a00000,0x000000ae95b00000)]
  0x0000024f35497000 JavaThread "Cache worker for journal cache (C:\Users\ADMIN\.gradle\caches\journal-1)" [_thread_blocked, id=14780, stack(0x000000ae95c00000,0x000000ae95d00000)]
  0x0000024f342b9800 JavaThread "File watcher server" daemon [_thread_blocked, id=26012, stack(0x000000ae95e00000,0x000000ae95f00000)]
  0x0000024f342bd000 JavaThread "File watcher consumer" daemon [_thread_blocked, id=11512, stack(0x000000ae95f00000,0x000000ae96000000)]
  0x0000024f342c1000 JavaThread "Cache worker for execution history cache (C:\Users\ADMIN\.gradle\caches\7.0.2\executionHistory)" [_thread_blocked, id=21056, stack(0x000000ae96300000,0x000000ae96400000)]
  0x0000024f342c0000 JavaThread "jar transforms" [_thread_blocked, id=23532, stack(0x000000ae96400000,0x000000ae96500000)]
  0x0000024f342be800 JavaThread "jar transforms Thread 2" [_thread_blocked, id=11204, stack(0x000000ae96500000,0x000000ae96600000)]
  0x0000024f342bf800 JavaThread "Cache worker for file content cache (C:\Users\ADMIN\.gradle\caches\7.0.2\fileContent)" [_thread_blocked, id=4020, stack(0x000000ae96600000,0x000000ae96700000)]
  0x0000024f342c2800 JavaThread "jar transforms Thread 3" [_thread_blocked, id=18100, stack(0x000000ae96800000,0x000000ae96900000)]
  0x0000024f377da800 JavaThread "jar transforms Thread 4" [_thread_blocked, id=20236, stack(0x000000ae97200000,0x000000ae97300000)]
  0x0000024f377db800 JavaThread "jar transforms Thread 5" [_thread_blocked, id=6672, stack(0x000000ae97300000,0x000000ae97400000)]
  0x0000024f377de000 JavaThread "jar transforms Thread 6" [_thread_blocked, id=12260, stack(0x000000ae97400000,0x000000ae97500000)]
  0x0000024f377d9000 JavaThread "jar transforms Thread 7" [_thread_blocked, id=5844, stack(0x000000ae97500000,0x000000ae97600000)]
  0x0000024f377d9800 JavaThread "jar transforms Thread 8" [_thread_blocked, id=11944, stack(0x000000ae97600000,0x000000ae97700000)]
  0x0000024f377e2000 JavaThread "Memory manager" [_thread_blocked, id=26040, stack(0x000000ae97700000,0x000000ae97800000)]
  0x0000024f377dc000 JavaThread "Daemon Thread 2" [_thread_blocked, id=7396, stack(0x000000ae93500000,0x000000ae93600000)]
  0x0000024f377d7800 JavaThread "Handler for socket connection from /127.0.0.1:55074 to /127.0.0.1:57373" [_thread_in_native, id=25256, stack(0x000000ae93600000,0x000000ae93700000)]
  0x0000024f377dd000 JavaThread "Cancel handler" [_thread_blocked, id=25508, stack(0x000000ae94e00000,0x000000ae94f00000)]
  0x0000024f377d8000 JavaThread "Daemon worker Thread 2" [_thread_blocked, id=28200, stack(0x000000ae94f00000,0x000000ae95000000)]
  0x0000024f377e3800 JavaThread "Asynchronous log dispatcher for DefaultDaemonConnection: socket connection from /127.0.0.1:55074 to /127.0.0.1:57373" [_thread_blocked, id=19408, stack(0x000000ae95000000,0x000000ae95100000)]
  0x0000024f377e4800 JavaThread "Stdin handler" [_thread_blocked, id=19492, stack(0x000000ae95100000,0x000000ae95200000)]
  0x0000024f377de800 JavaThread "Daemon client event forwarder" [_thread_blocked, id=11752, stack(0x000000ae95200000,0x000000ae95300000)]
  0x0000024f377e0000 JavaThread "Cache worker for file hash cache (D:\SoftwareSupport\PROJECT_SEM4\project_android_final\android\.gradle\7.0.2\fileHashes)" [_thread_blocked, id=17272, stack(0x000000ae95300000,0x000000ae95400000)]
  0x0000024f377e5000 JavaThread "Cache worker for checksums cache (D:\SoftwareSupport\PROJECT_SEM4\project_android_final\android\.gradle\checksums)" [_thread_blocked, id=14424, stack(0x000000ae95400000,0x000000ae95500000)]
  0x0000024f377df800 JavaThread "Cache worker for cache directory md-supplier (C:\Users\ADMIN\.gradle\caches\7.0.2\md-supplier)" [_thread_blocked, id=24276, stack(0x000000ae95d00000,0x000000ae95e00000)]
  0x0000024f377e6000 JavaThread "Cache worker for cache directory md-rule (C:\Users\ADMIN\.gradle\caches\7.0.2\md-rule)" [_thread_blocked, id=8628, stack(0x000000ae96000000,0x000000ae96100000)]
  0x0000024f377e1000 JavaThread "Cache worker for dependencies-accessors (D:\SoftwareSupport\PROJECT_SEM4\project_android_final\android\.gradle\7.0.2\dependencies-accessors)" [_thread_blocked, id=2556, stack(0x000000ae96100000,0x000000ae96200000)]
  0x0000024f342b7000 JavaThread "Cache worker for Build Output Cleanup Cache (D:\SoftwareSupport\PROJECT_SEM4\project_android_final\android\.gradle\buildOutputCleanup)" [_thread_blocked, id=14708, stack(0x000000ae96200000,0x000000ae96300000)]
  0x0000024f342bd800 JavaThread "Build operations" [_thread_blocked, id=7128, stack(0x000000ae96700000,0x000000ae96800000)]
  0x0000024f342b8000 JavaThread "Build operations Thread 2" [_thread_blocked, id=18192, stack(0x000000ae96900000,0x000000ae96a00000)]
  0x0000024f342b9000 JavaThread "Build operations Thread 3" [_thread_blocked, id=10096, stack(0x000000ae96a00000,0x000000ae96b00000)]
  0x0000024f342ba800 JavaThread "Build operations Thread 4" [_thread_blocked, id=10676, stack(0x000000ae96b00000,0x000000ae96c00000)]
  0x0000024f342c2000 JavaThread "Build operations Thread 5" [_thread_blocked, id=6724, stack(0x000000ae96c00000,0x000000ae96d00000)]
  0x0000024f342c3800 JavaThread "Build operations Thread 6" [_thread_blocked, id=27588, stack(0x000000ae96d00000,0x000000ae96e00000)]
  0x0000024f342c4000 JavaThread "Build operations Thread 7" [_thread_blocked, id=21860, stack(0x000000ae96e00000,0x000000ae96f00000)]
  0x0000024f342c5000 JavaThread "Build operations Thread 8" [_thread_blocked, id=18556, stack(0x000000ae96f00000,0x000000ae97000000)]
  0x0000024f342c6000 JavaThread "build event listener" [_thread_blocked, id=21520, stack(0x000000ae97000000,0x000000ae97100000)]
  0x0000024f35498000 JavaThread "Execution worker for ':'" [_thread_blocked, id=21492, stack(0x000000ae97100000,0x000000ae97200000)]
  0x0000024f35c31800 JavaThread "Execution worker for ':' Thread 2" [_thread_blocked, id=25684, stack(0x000000ae97800000,0x000000ae97900000)]
  0x0000024f35c31000 JavaThread "Execution worker for ':' Thread 3" [_thread_blocked, id=27444, stack(0x000000ae97900000,0x000000ae97a00000)]
  0x0000024f35c32800 JavaThread "Execution worker for ':' Thread 4" [_thread_blocked, id=22288, stack(0x000000ae97a00000,0x000000ae97b00000)]
  0x0000024f35c33800 JavaThread "Execution worker for ':' Thread 5" [_thread_blocked, id=23248, stack(0x000000ae97b00000,0x000000ae97c00000)]
  0x0000024f35c34000 JavaThread "Execution worker for ':' Thread 6" [_thread_blocked, id=14264, stack(0x000000ae97c00000,0x000000ae97d00000)]
  0x0000024f35c35000 JavaThread "Execution worker for ':' Thread 7" [_thread_blocked, id=1708, stack(0x000000ae97d00000,0x000000ae97e00000)]
  0x0000024f35c2f000 JavaThread "Cache worker for execution history cache (D:\SoftwareSupport\PROJECT_SEM4\project_android_final\android\.gradle\7.0.2\executionHistory)" [_thread_blocked, id=10524, stack(0x000000ae97e00000,0x000000ae97f00000)]
  0x0000024f35c35800 JavaThread "WorkerExecutor Queue" [_thread_blocked, id=20284, stack(0x000000ae97f00000,0x000000ae98000000)]
  0x0000024f35c30000 JavaThread "WorkerExecutor Queue Thread 2" [_thread_blocked, id=28220, stack(0x000000ae98000000,0x000000ae98100000)]
  0x0000024f35c37800 JavaThread "WorkerExecutor Queue Thread 3" [_thread_blocked, id=24952, stack(0x000000ae98100000,0x000000ae98200000)]
  0x0000024f35c3a800 JavaThread "WorkerExecutor Queue Thread 4" [_thread_blocked, id=14032, stack(0x000000ae98200000,0x000000ae98300000)]
  0x0000024f35c39000 JavaThread "WorkerExecutor Queue Thread 5" [_thread_blocked, id=16432, stack(0x000000ae98300000,0x000000ae98400000)]
  0x0000024f35c3b800 JavaThread "WorkerExecutor Queue Thread 6" [_thread_blocked, id=21136, stack(0x000000ae98400000,0x000000ae98500000)]
  0x0000024f35c3c000 JavaThread "WorkerExecutor Queue Thread 7" [_thread_blocked, id=13856, stack(0x000000ae98500000,0x000000ae98600000)]
  0x0000024f35c36800 JavaThread "pool-4-thread-1" [_thread_blocked, id=7680, stack(0x000000ae98700000,0x000000ae98800000)]
  0x0000024f35c3d000 JavaThread "stderr" [_thread_in_native, id=23132, stack(0x000000ae98600000,0x000000ae98700000)]
  0x0000024f35c3e000 JavaThread "stdout" [_thread_in_native, id=15848, stack(0x000000ae98800000,0x000000ae98900000)]
  0x0000024f35c38000 JavaThread "Cache worker for Java compile cache (C:\Users\ADMIN\.gradle\caches\7.0.2\javaCompile)" [_thread_blocked, id=22152, stack(0x000000ae98900000,0x000000ae98a00000)]
  0x0000024f35c3a000 JavaThread "Cache worker for Java compile cache (D:\SoftwareSupport\PROJECT_SEM4\project_android_final\android\.gradle\7.0.2\javaCompile)" [_thread_blocked, id=1740, stack(0x000000ae98a00000,0x000000ae98b00000)]

Other Threads:
=>0x0000024f32917800 VMThread "VM Thread" [stack: 0x000000ae93d00000,0x000000ae93e00000] [id=24744]
  0x0000024f3342b000 WatcherThread [stack: 0x000000ae94700000,0x000000ae94800000] [id=25748]
  0x0000024f16557000 GCTaskThread "GC Thread#0" [stack: 0x000000ae93800000,0x000000ae93900000] [id=14576]
  0x0000024f33e4a000 GCTaskThread "GC Thread#1" [stack: 0x000000ae94800000,0x000000ae94900000] [id=28568]
  0x0000024f34801800 GCTaskThread "GC Thread#2" [stack: 0x000000ae94a00000,0x000000ae94b00000] [id=23900]
  0x0000024f34d32800 GCTaskThread "GC Thread#3" [stack: 0x000000ae94b00000,0x000000ae94c00000] [id=17384]
  0x0000024f35415800 GCTaskThread "GC Thread#4" [stack: 0x000000ae95500000,0x000000ae95600000] [id=11668]
  0x0000024f35417800 GCTaskThread "GC Thread#5" [stack: 0x000000ae95600000,0x000000ae95700000] [id=18936]
  0x0000024f353fa800 GCTaskThread "GC Thread#6" [stack: 0x000000ae95700000,0x000000ae95800000] [id=28400]
  0x0000024f35784000 GCTaskThread "GC Thread#7" [stack: 0x000000ae95800000,0x000000ae95900000] [id=5336]
  0x0000024f1658a800 ConcurrentGCThread "G1 Main Marker" [stack: 0x000000ae93900000,0x000000ae93a00000] [id=22944]
  0x0000024f1658b800 ConcurrentGCThread "G1 Conc#0" [stack: 0x000000ae93a00000,0x000000ae93b00000] [id=13972]
  0x0000024f34b9a800 ConcurrentGCThread "G1 Conc#1" [stack: 0x000000ae95b00000,0x000000ae95c00000] [id=20456]
  0x0000024f165f7800 ConcurrentGCThread "G1 Refine#0" [stack: 0x000000ae93b00000,0x000000ae93c00000] [id=17728]
  0x0000024f35e38000 ConcurrentGCThread "G1 Refine#1" [stack: 0x000000ae93400000,0x000000ae93500000] [id=17468]
  0x0000024f165f8800 ConcurrentGCThread "G1 Young RemSet Sampling" [stack: 0x000000ae93c00000,0x000000ae93d00000] [id=24036]

Threads with active compile tasks:
C2 CompilerThread04551319 16342       4       java.net.URLClassLoader$1::run (5 bytes)

VM state:at safepoint (normal execution)

VM Mutex/Monitor currently owned by a thread:  ([mutex/lock_event])
[0x0000024f1653a0f0] Threads_lock - owner thread: 0x0000024f32917800
[0x0000024f16539b50] Heap_lock - owner thread: 0x0000024f35c31000

Heap address: 0x0000000080000000, size: 2048 MB, Compressed Oops mode: 32-bit
Narrow klass base: 0x0000000000000000, Narrow klass shift: 3
Compressed class space size: 1073741824 Address: 0x0000000100000000

Heap:
 garbage-first heap   total 367616K, used 100971K [0x0000000080000000, 0x0000000100000000)
  region size 1024K, 8 young (8192K), 8 survivors (8192K)
 Metaspace       used 107049K, capacity 109433K, committed 109644K, reserved 1144832K
  class space    used 13186K, capacity 14019K, committed 14156K, reserved 1048576K
Heap Regions: E=young(eden), S=young(survivor), O=old, HS=humongous(starts), HC=humongous(continues), CS=collection set, F=free, A=archive, TAMS=top-at-mark-start (previous, next)
|   0|0x0000000080000000, 0x0000000080100000, 0x0000000080100000|100%| O|  |TAMS 0x0000000080100000, 0x0000000080000000| Untracked 
|   1|0x0000000080100000, 0x0000000080200000, 0x0000000080200000|100%| O|  |TAMS 0x0000000080200000, 0x0000000080100000| Untracked 
|   2|0x0000000080200000, 0x0000000080300000, 0x0000000080300000|100%| O|  |TAMS 0x0000000080300000, 0x0000000080200000| Complete 
|   3|0x0000000080300000, 0x0000000080400000, 0x0000000080400000|100%|HS|  |TAMS 0x0000000080400000, 0x0000000080300000| Complete 
|   4|0x0000000080400000, 0x0000000080500000, 0x0000000080500000|100%|HC|  |TAMS 0x0000000080500000, 0x0000000080400000| Complete 
|   5|0x0000000080500000, 0x0000000080600000, 0x0000000080600000|100%|HC|  |TAMS 0x0000000080600000, 0x0000000080500000| Complete 
|   6|0x0000000080600000, 0x0000000080700000, 0x0000000080700000|100%| O|  |TAMS 0x0000000080700000, 0x0000000080600000| Untracked 
|   7|0x0000000080700000, 0x0000000080800000, 0x0000000080800000|100%| O|  |TAMS 0x0000000080800000, 0x0000000080700000| Untracked 
|   8|0x0000000080800000, 0x0000000080900000, 0x0000000080900000|100%| O|  |TAMS 0x0000000080900000, 0x0000000080800000| Untracked 
|   9|0x0000000080900000, 0x0000000080a00000, 0x0000000080a00000|100%| O|  |TAMS 0x0000000080a00000, 0x0000000080900000| Untracked 
|  10|0x0000000080a00000, 0x0000000080b00000, 0x0000000080b00000|100%| O|  |TAMS 0x0000000080b00000, 0x0000000080a00000| Untracked 
|  11|0x0000000080b00000, 0x0000000080c00000, 0x0000000080c00000|100%| O|  |TAMS 0x0000000080c00000, 0x0000000080b00000| Complete 
|  12|0x0000000080c00000, 0x0000000080d00000, 0x0000000080d00000|100%| O|  |TAMS 0x0000000080d00000, 0x0000000080c00000| Complete 
|  13|0x0000000080d00000, 0x0000000080e00000, 0x0000000080e00000|100%| O|  |TAMS 0x0000000080e00000, 0x0000000080d00000| Untracked 
|  14|0x0000000080e00000, 0x0000000080f00000, 0x0000000080f00000|100%| O|  |TAMS 0x0000000080f00000, 0x0000000080e00000| Complete 
|  15|0x0000000080f00000, 0x0000000081000000, 0x0000000081000000|100%| O|  |TAMS 0x0000000081000000, 0x0000000080f00000| Complete 
|  16|0x0000000081000000, 0x0000000081100000, 0x0000000081100000|100%| O|  |TAMS 0x0000000081100000, 0x0000000081000000| Complete 
|  17|0x0000000081100000, 0x0000000081200000, 0x0000000081200000|100%| O|  |TAMS 0x0000000081200000, 0x0000000081100000| Complete 
|  18|0x0000000081200000, 0x0000000081300000, 0x0000000081300000|100%| O|  |TAMS 0x0000000081300000, 0x0000000081200000| Complete 
|  19|0x0000000081300000, 0x0000000081400000, 0x0000000081400000|100%| O|  |TAMS 0x0000000081400000, 0x0000000081300000| Complete 
|  20|0x0000000081400000, 0x0000000081500000, 0x0000000081500000|100%| O|  |TAMS 0x0000000081500000, 0x0000000081400000| Complete 
|  21|0x0000000081500000, 0x0000000081600000, 0x0000000081600000|100%| O|  |TAMS 0x0000000081600000, 0x0000000081500000| Complete 
|  22|0x0000000081600000, 0x0000000081700000, 0x0000000081700000|100%| O|  |TAMS 0x0000000081700000, 0x0000000081600000| Untracked 
|  23|0x0000000081700000, 0x0000000081800000, 0x0000000081800000|100%| O|  |TAMS 0x0000000081800000, 0x0000000081700000| Complete 
|  24|0x0000000081800000, 0x0000000081900000, 0x0000000081900000|100%| O|  |TAMS 0x0000000081900000, 0x0000000081800000| Untracked 
|  25|0x0000000081900000, 0x0000000081a00000, 0x0000000081a00000|100%| O|  |TAMS 0x0000000081a00000, 0x0000000081900000| Untracked 
|  26|0x0000000081a00000, 0x0000000081b00000, 0x0000000081b00000|100%| O|  |TAMS 0x0000000081b00000, 0x0000000081a00000| Untracked 
|  27|0x0000000081b00000, 0x0000000081c00000, 0x0000000081c00000|100%| O|  |TAMS 0x0000000081c00000, 0x0000000081b00000| Complete 
|  28|0x0000000081c00000, 0x0000000081d00000, 0x0000000081d00000|100%|HS|  |TAMS 0x0000000081d00000, 0x0000000081c00000| Complete 
|  29|0x0000000081d00000, 0x0000000081e00000, 0x0000000081e00000|100%| O|  |TAMS 0x0000000081e00000, 0x0000000081d00000| Untracked 
|  30|0x0000000081e00000, 0x0000000081f00000, 0x0000000081f00000|100%| O|  |TAMS 0x0000000081f00000, 0x0000000081e00000| Complete 
|  31|0x0000000081f00000, 0x0000000082000000, 0x0000000082000000|100%|HS|  |TAMS 0x0000000082000000, 0x0000000081f00000| Complete 
|  32|0x0000000082000000, 0x0000000082100000, 0x0000000082100000|100%| O|  |TAMS 0x0000000082100000, 0x0000000082000000| Complete 
|  33|0x0000000082100000, 0x0000000082200000, 0x0000000082200000|100%| O|  |TAMS 0x0000000082200000, 0x0000000082100000| Untracked 
|  34|0x0000000082200000, 0x0000000082300000, 0x0000000082300000|100%| O|  |TAMS 0x0000000082300000, 0x0000000082200000| Complete 
|  35|0x0000000082300000, 0x0000000082400000, 0x0000000082400000|100%|HS|  |TAMS 0x0000000082400000, 0x0000000082300000| Complete 
|  36|0x0000000082400000, 0x0000000082500000, 0x0000000082500000|100%|HC|  |TAMS 0x0000000082500000, 0x0000000082400000| Complete 
|  37|0x0000000082500000, 0x0000000082600000, 0x0000000082600000|100%| O|  |TAMS 0x0000000082600000, 0x0000000082500000| Untracked 
|  38|0x0000000082600000, 0x0000000082700000, 0x0000000082700000|100%| O|  |TAMS 0x0000000082700000, 0x0000000082600000| Untracked 
|  39|0x0000000082700000, 0x0000000082800000, 0x0000000082800000|100%| O|  |TAMS 0x0000000082800000, 0x0000000082700000| Complete 
|  40|0x0000000082800000, 0x0000000082900000, 0x0000000082900000|100%| O|  |TAMS 0x0000000082900000, 0x0000000082800000| Untracked 
|  41|0x0000000082900000, 0x0000000082a00000, 0x0000000082a00000|100%| O|  |TAMS 0x0000000082a00000, 0x0000000082900000| Complete 
|  42|0x0000000082a00000, 0x0000000082b00000, 0x0000000082b00000|100%| O|  |TAMS 0x0000000082b00000, 0x0000000082a00000| Complete 
|  43|0x0000000082b00000, 0x0000000082c00000, 0x0000000082c00000|100%| O|  |TAMS 0x0000000082c00000, 0x0000000082b00000| Untracked 
|  44|0x0000000082c00000, 0x0000000082d00000, 0x0000000082d00000|100%| O|  |TAMS 0x0000000082d00000, 0x0000000082c00000| Untracked 
|  45|0x0000000082d00000, 0x0000000082e00000, 0x0000000082e00000|100%| O|  |TAMS 0x0000000082e00000, 0x0000000082d00000| Untracked 
|  46|0x0000000082e00000, 0x0000000082f00000, 0x0000000082f00000|100%| O|  |TAMS 0x0000000082f00000, 0x0000000082e00000| Complete 
|  47|0x0000000082f00000, 0x0000000083000000, 0x0000000083000000|100%| O|  |TAMS 0x0000000083000000, 0x0000000082f00000| Untracked 
|  48|0x0000000083000000, 0x0000000083100000, 0x0000000083100000|100%| O|  |TAMS 0x0000000083100000, 0x0000000083000000| Untracked 
|  49|0x0000000083100000, 0x0000000083200000, 0x0000000083200000|100%| O|  |TAMS 0x0000000083200000, 0x0000000083100000| Untracked 
|  50|0x0000000083200000, 0x0000000083300000, 0x0000000083300000|100%| O|  |TAMS 0x0000000083300000, 0x0000000083200000| Untracked 
|  51|0x0000000083300000, 0x0000000083400000, 0x0000000083400000|100%| O|  |TAMS 0x0000000083400000, 0x0000000083300000| Complete 
|  52|0x0000000083400000, 0x0000000083500000, 0x0000000083500000|100%| O|  |TAMS 0x0000000083500000, 0x0000000083400000| Untracked 
|  53|0x0000000083500000, 0x0000000083600000, 0x0000000083600000|100%| O|  |TAMS 0x0000000083600000, 0x0000000083500000| Untracked 
|  54|0x0000000083600000, 0x0000000083700000, 0x0000000083700000|100%| O|  |TAMS 0x0000000083700000, 0x0000000083600000| Untracked 
|  55|0x0000000083700000, 0x0000000083800000, 0x0000000083800000|100%| O|  |TAMS 0x0000000083800000, 0x0000000083700000| Untracked 
|  56|0x0000000083800000, 0x0000000083900000, 0x0000000083900000|100%| O|  |TAMS 0x0000000083900000, 0x0000000083800000| Untracked 
|  57|0x0000000083900000, 0x0000000083a00000, 0x0000000083a00000|100%| O|  |TAMS 0x0000000083a00000, 0x0000000083900000| Untracked 
|  58|0x0000000083a00000, 0x0000000083b00000, 0x0000000083b00000|100%| O|  |TAMS 0x0000000083b00000, 0x0000000083a00000| Untracked 
|  59|0x0000000083b00000, 0x0000000083c00000, 0x0000000083c00000|100%| O|  |TAMS 0x0000000083c00000, 0x0000000083b00000| Untracked 
|  60|0x0000000083c00000, 0x0000000083d00000, 0x0000000083d00000|100%| O|  |TAMS 0x0000000083d00000, 0x0000000083c00000| Complete 
|  61|0x0000000083d00000, 0x0000000083e00000, 0x0000000083e00000|100%| O|  |TAMS 0x0000000083e00000, 0x0000000083d00000| Complete 
|  62|0x0000000083e00000, 0x0000000083f00000, 0x0000000083f00000|100%| O|  |TAMS 0x0000000083f00000, 0x0000000083e00000| Complete 
|  63|0x0000000083f00000, 0x0000000084000000, 0x0000000084000000|100%| O|  |TAMS 0x0000000084000000, 0x0000000083f00000| Complete 
|  64|0x0000000084000000, 0x0000000084100000, 0x0000000084100000|100%| O|  |TAMS 0x0000000084100000, 0x0000000084000000| Untracked 
|  65|0x0000000084100000, 0x0000000084200000, 0x0000000084200000|100%| O|  |TAMS 0x0000000084200000, 0x0000000084100000| Complete 
|  66|0x0000000084200000, 0x0000000084300000, 0x0000000084300000|100%| O|  |TAMS 0x0000000084300000, 0x0000000084200000| Complete 
|  67|0x0000000084300000, 0x0000000084400000, 0x0000000084400000|100%| O|  |TAMS 0x0000000084400000, 0x0000000084300000| Complete 
|  68|0x0000000084400000, 0x0000000084500000, 0x0000000084500000|100%| O|  |TAMS 0x0000000084500000, 0x0000000084400000| Complete 
|  69|0x0000000084500000, 0x0000000084600000, 0x0000000084600000|100%| O|  |TAMS 0x0000000084600000, 0x0000000084500000| Complete 
|  70|0x0000000084600000, 0x0000000084700000, 0x0000000084700000|100%| O|  |TAMS 0x0000000084600000, 0x0000000084600000| Untracked 
|  71|0x0000000084700000, 0x0000000084800000, 0x0000000084800000|100%| O|  |TAMS 0x0000000084800000, 0x0000000084700000| Untracked 
|  72|0x0000000084800000, 0x0000000084900000, 0x0000000084900000|100%| O|  |TAMS 0x0000000084900000, 0x0000000084800000| Complete 
|  73|0x0000000084900000, 0x0000000084a00000, 0x0000000084a00000|100%| O|  |TAMS 0x0000000084a00000, 0x0000000084900000| Untracked 
|  74|0x0000000084a00000, 0x0000000084b00000, 0x0000000084b00000|100%| O|  |TAMS 0x0000000084b00000, 0x0000000084a00000| Untracked 
|  75|0x0000000084b00000, 0x0000000084c00000, 0x0000000084c00000|100%| O|  |TAMS 0x0000000084c00000, 0x0000000084b00000| Untracked 
|  76|0x0000000084c00000, 0x0000000084d00000, 0x0000000084d00000|100%| O|  |TAMS 0x0000000084c74a00, 0x0000000084c00000| Untracked 
|  77|0x0000000084d00000, 0x0000000084e00000, 0x0000000084e00000|100%|HS|  |TAMS 0x0000000084d00000, 0x0000000084d00000| Complete 
|  78|0x0000000084e00000, 0x0000000084f00000, 0x0000000084f00000|100%|HC|  |TAMS 0x0000000084e00000, 0x0000000084e00000| Complete 
|  79|0x0000000084f00000, 0x0000000085000000, 0x0000000085000000|100%| O|  |TAMS 0x0000000084f00000, 0x0000000084f00000| Untracked 
|  80|0x0000000085000000, 0x0000000085100000, 0x0000000085100000|100%| O|  |TAMS 0x0000000085000000, 0x0000000085000000| Untracked 
|  81|0x0000000085100000, 0x0000000085200000, 0x0000000085200000|100%| O|  |TAMS 0x0000000085100000, 0x0000000085100000| Untracked 
|  82|0x0000000085200000, 0x0000000085300000, 0x0000000085300000|100%| O|  |TAMS 0x0000000085200000, 0x0000000085200000| Untracked 
|  83|0x0000000085300000, 0x0000000085400000, 0x0000000085400000|100%| O|  |TAMS 0x0000000085300000, 0x0000000085300000| Untracked 
|  84|0x0000000085400000, 0x0000000085500000, 0x0000000085500000|100%| O|  |TAMS 0x0000000085500000, 0x0000000085400000| Untracked 
|  85|0x0000000085500000, 0x0000000085600000, 0x0000000085600000|100%| O|  |TAMS 0x0000000085600000, 0x0000000085500000| Complete 
|  86|0x0000000085600000, 0x0000000085700000, 0x0000000085700000|100%| O|  |TAMS 0x0000000085600000, 0x0000000085600000| Untracked 
|  87|0x0000000085700000, 0x0000000085800000, 0x0000000085800000|100%| O|  |TAMS 0x0000000085800000, 0x0000000085700000| Complete 
|  88|0x0000000085800000, 0x000000008589ac00, 0x0000000085900000| 60%| O|  |TAMS 0x0000000085800000, 0x0000000085800000| Untracked 
|  89|0x0000000085900000, 0x0000000085900000, 0x0000000085a00000|  0%| F|  |TAMS 0x0000000085900000, 0x0000000085900000| Untracked 
|  90|0x0000000085a00000, 0x0000000085a00000, 0x0000000085b00000|  0%| F|  |TAMS 0x0000000085a00000, 0x0000000085a00000| Untracked 
|  91|0x0000000085b00000, 0x0000000085c00000, 0x0000000085c00000|100%| O|  |TAMS 0x0000000085c00000, 0x0000000085b00000| Complete 
|  92|0x0000000085c00000, 0x0000000085c00000, 0x0000000085d00000|  0%| F|  |TAMS 0x0000000085c00000, 0x0000000085c00000| Untracked 
|  93|0x0000000085d00000, 0x0000000085d00000, 0x0000000085e00000|  0%| F|  |TAMS 0x0000000085d00000, 0x0000000085d00000| Untracked 
|  94|0x0000000085e00000, 0x0000000085e00000, 0x0000000085f00000|  0%| F|  |TAMS 0x0000000085e00000, 0x0000000085e00000| Untracked 
|  95|0x0000000085f00000, 0x0000000086000000, 0x0000000086000000|100%| O|  |TAMS 0x0000000086000000, 0x0000000085f00000| Complete 
|  96|0x0000000086000000, 0x0000000086000000, 0x0000000086100000|  0%| F|  |TAMS 0x0000000086000000, 0x0000000086000000| Untracked 
|  97|0x0000000086100000, 0x0000000086100000, 0x0000000086200000|  0%| F|  |TAMS 0x0000000086100000, 0x0000000086100000| Untracked 
|  98|0x0000000086200000, 0x0000000086200000, 0x0000000086300000|  0%| F|  |TAMS 0x0000000086200000, 0x0000000086200000| Untracked 
|  99|0x0000000086300000, 0x0000000086300000, 0x0000000086400000|  0%| F|  |TAMS 0x0000000086300000, 0x0000000086300000| Untracked 
| 100|0x0000000086400000, 0x0000000086400000, 0x0000000086500000|  0%| F|  |TAMS 0x0000000086400000, 0x0000000086400000| Untracked 
| 101|0x0000000086500000, 0x0000000086500000, 0x0000000086600000|  0%| F|  |TAMS 0x0000000086500000, 0x0000000086500000| Untracked 
| 102|0x0000000086600000, 0x0000000086600000, 0x0000000086700000|  0%| F|  |TAMS 0x0000000086600000, 0x0000000086600000| Untracked 
| 103|0x0000000086700000, 0x0000000086700000, 0x0000000086800000|  0%| F|  |TAMS 0x0000000086700000, 0x0000000086700000| Untracked 
| 104|0x0000000086800000, 0x0000000086800000, 0x0000000086900000|  0%| F|  |TAMS 0x0000000086800000, 0x0000000086800000| Untracked 
| 105|0x0000000086900000, 0x0000000086900000, 0x0000000086a00000|  0%| F|  |TAMS 0x0000000086900000, 0x0000000086900000| Untracked 
| 106|0x0000000086a00000, 0x0000000086a00000, 0x0000000086b00000|  0%| F|  |TAMS 0x0000000086a00000, 0x0000000086a00000| Untracked 
| 107|0x0000000086b00000, 0x0000000086b00000, 0x0000000086c00000|  0%| F|  |TAMS 0x0000000086b00000, 0x0000000086b00000| Untracked 
| 108|0x0000000086c00000, 0x0000000086c00000, 0x0000000086d00000|  0%| F|  |TAMS 0x0000000086c00000, 0x0000000086c00000| Untracked 
| 109|0x0000000086d00000, 0x0000000086d00000, 0x0000000086e00000|  0%| F|  |TAMS 0x0000000086d00000, 0x0000000086d00000| Untracked 
| 110|0x0000000086e00000, 0x0000000086e00000, 0x0000000086f00000|  0%| F|  |TAMS 0x0000000086e00000, 0x0000000086e00000| Untracked 
| 111|0x0000000086f00000, 0x0000000086f00000, 0x0000000087000000|  0%| F|  |TAMS 0x0000000086f00000, 0x0000000086f00000| Untracked 
| 112|0x0000000087000000, 0x0000000087000000, 0x0000000087100000|  0%| F|  |TAMS 0x0000000087000000, 0x0000000087000000| Untracked 
| 113|0x0000000087100000, 0x0000000087100000, 0x0000000087200000|  0%| F|  |TAMS 0x0000000087100000, 0x0000000087100000| Untracked 
| 114|0x0000000087200000, 0x0000000087200000, 0x0000000087300000|  0%| F|  |TAMS 0x0000000087200000, 0x0000000087200000| Untracked 
| 115|0x0000000087300000, 0x0000000087300000, 0x0000000087400000|  0%| F|  |TAMS 0x0000000087300000, 0x0000000087300000| Untracked 
| 116|0x0000000087400000, 0x0000000087400000, 0x0000000087500000|  0%| F|  |TAMS 0x0000000087400000, 0x0000000087400000| Untracked 
| 117|0x0000000087500000, 0x0000000087500000, 0x0000000087600000|  0%| F|  |TAMS 0x0000000087500000, 0x0000000087500000| Untracked 
| 118|0x0000000087600000, 0x0000000087600000, 0x0000000087700000|  0%| F|  |TAMS 0x0000000087600000, 0x0000000087600000| Untracked 
| 119|0x0000000087700000, 0x0000000087700000, 0x0000000087800000|  0%| F|  |TAMS 0x0000000087700000, 0x0000000087700000| Untracked 
| 120|0x0000000087800000, 0x0000000087800000, 0x0000000087900000|  0%| F|  |TAMS 0x0000000087800000, 0x0000000087800000| Untracked 
| 121|0x0000000087900000, 0x0000000087900000, 0x0000000087a00000|  0%| F|  |TAMS 0x0000000087900000, 0x0000000087900000| Untracked 
| 122|0x0000000087a00000, 0x0000000087a00000, 0x0000000087b00000|  0%| F|  |TAMS 0x0000000087a00000, 0x0000000087a00000| Untracked 
| 123|0x0000000087b00000, 0x0000000087b00000, 0x0000000087c00000|  0%| F|  |TAMS 0x0000000087b00000, 0x0000000087b00000| Untracked 
| 124|0x0000000087c00000, 0x0000000087c00000, 0x0000000087d00000|  0%| F|  |TAMS 0x0000000087c00000, 0x0000000087c00000| Untracked 
| 125|0x0000000087d00000, 0x0000000087d00000, 0x0000000087e00000|  0%| F|  |TAMS 0x0000000087d00000, 0x0000000087d00000| Untracked 
| 126|0x0000000087e00000, 0x0000000087e00000, 0x0000000087f00000|  0%| F|  |TAMS 0x0000000087e00000, 0x0000000087e00000| Untracked 
| 127|0x0000000087f00000, 0x0000000087f00000, 0x0000000088000000|  0%| F|  |TAMS 0x0000000087f00000, 0x0000000087f00000| Untracked 
| 128|0x0000000088000000, 0x0000000088000000, 0x0000000088100000|  0%| F|  |TAMS 0x0000000088000000, 0x0000000088000000| Untracked 
| 129|0x0000000088100000, 0x0000000088100000, 0x0000000088200000|  0%| F|  |TAMS 0x0000000088100000, 0x0000000088100000| Untracked 
| 130|0x0000000088200000, 0x0000000088200000, 0x0000000088300000|  0%| F|  |TAMS 0x0000000088200000, 0x0000000088200000| Untracked 
| 131|0x0000000088300000, 0x0000000088300000, 0x0000000088400000|  0%| F|  |TAMS 0x0000000088300000, 0x0000000088300000| Untracked 
| 132|0x0000000088400000, 0x0000000088400000, 0x0000000088500000|  0%| F|  |TAMS 0x0000000088400000, 0x0000000088400000| Untracked 
| 133|0x0000000088500000, 0x0000000088500000, 0x0000000088600000|  0%| F|  |TAMS 0x0000000088500000, 0x0000000088500000| Untracked 
| 134|0x0000000088600000, 0x0000000088600000, 0x0000000088700000|  0%| F|  |TAMS 0x0000000088600000, 0x0000000088600000| Untracked 
| 135|0x0000000088700000, 0x0000000088700000, 0x0000000088800000|  0%| F|  |TAMS 0x0000000088700000, 0x0000000088700000| Untracked 
| 136|0x0000000088800000, 0x0000000088800000, 0x0000000088900000|  0%| F|  |TAMS 0x0000000088800000, 0x0000000088800000| Untracked 
| 137|0x0000000088900000, 0x0000000088900000, 0x0000000088a00000|  0%| F|  |TAMS 0x0000000088900000, 0x0000000088900000| Untracked 
| 138|0x0000000088a00000, 0x0000000088a00000, 0x0000000088b00000|  0%| F|  |TAMS 0x0000000088a00000, 0x0000000088a00000| Untracked 
| 139|0x0000000088b00000, 0x0000000088b00000, 0x0000000088c00000|  0%| F|  |TAMS 0x0000000088b00000, 0x0000000088b00000| Untracked 
| 140|0x0000000088c00000, 0x0000000088c00000, 0x0000000088d00000|  0%| F|  |TAMS 0x0000000088c00000, 0x0000000088c00000| Untracked 
| 141|0x0000000088d00000, 0x0000000088d00000, 0x0000000088e00000|  0%| F|  |TAMS 0x0000000088d00000, 0x0000000088d00000| Untracked 
| 142|0x0000000088e00000, 0x0000000088e00000, 0x0000000088f00000|  0%| F|  |TAMS 0x0000000088e00000, 0x0000000088e00000| Untracked 
| 143|0x0000000088f00000, 0x0000000088f00000, 0x0000000089000000|  0%| F|  |TAMS 0x0000000088f00000, 0x0000000088f00000| Untracked 
| 144|0x0000000089000000, 0x0000000089000000, 0x0000000089100000|  0%| F|  |TAMS 0x0000000089000000, 0x0000000089000000| Untracked 
| 145|0x0000000089100000, 0x0000000089100000, 0x0000000089200000|  0%| F|  |TAMS 0x0000000089100000, 0x0000000089100000| Untracked 
| 146|0x0000000089200000, 0x0000000089200000, 0x0000000089300000|  0%| F|  |TAMS 0x0000000089200000, 0x0000000089200000| Untracked 
| 147|0x0000000089300000, 0x0000000089300000, 0x0000000089400000|  0%| F|  |TAMS 0x0000000089300000, 0x0000000089300000| Untracked 
| 148|0x0000000089400000, 0x0000000089400000, 0x0000000089500000|  0%| F|  |TAMS 0x0000000089400000, 0x0000000089400000| Untracked 
| 149|0x0000000089500000, 0x0000000089500000, 0x0000000089600000|  0%| F|  |TAMS 0x0000000089500000, 0x0000000089500000| Untracked 
| 150|0x0000000089600000, 0x0000000089600000, 0x0000000089700000|  0%| F|  |TAMS 0x0000000089600000, 0x0000000089600000| Untracked 
| 151|0x0000000089700000, 0x0000000089700000, 0x0000000089800000|  0%| F|  |TAMS 0x0000000089700000, 0x0000000089700000| Untracked 
| 152|0x0000000089800000, 0x0000000089900000, 0x0000000089900000|100%| S|CS|TAMS 0x0000000089800000, 0x0000000089800000| Complete 
| 153|0x0000000089900000, 0x0000000089a00000, 0x0000000089a00000|100%| S|CS|TAMS 0x0000000089900000, 0x0000000089900000| Complete 
| 154|0x0000000089a00000, 0x0000000089b00000, 0x0000000089b00000|100%| S|CS|TAMS 0x0000000089a00000, 0x0000000089a00000| Complete 
| 155|0x0000000089b00000, 0x0000000089c00000, 0x0000000089c00000|100%| S|CS|TAMS 0x0000000089b00000, 0x0000000089b00000| Complete 
| 156|0x0000000089c00000, 0x0000000089d00000, 0x0000000089d00000|100%| S|CS|TAMS 0x0000000089c00000, 0x0000000089c00000| Complete 
| 157|0x0000000089d00000, 0x0000000089e00000, 0x0000000089e00000|100%| S|CS|TAMS 0x0000000089d00000, 0x0000000089d00000| Complete 
| 158|0x0000000089e00000, 0x0000000089f00000, 0x0000000089f00000|100%| S|CS|TAMS 0x0000000089e00000, 0x0000000089e00000| Complete 
| 159|0x0000000089f00000, 0x000000008a000000, 0x000000008a000000|100%| S|CS|TAMS 0x0000000089f00000, 0x0000000089f00000| Complete 
| 160|0x000000008a000000, 0x000000008a000000, 0x000000008a100000|  0%| F|  |TAMS 0x000000008a000000, 0x000000008a000000| Untracked 
| 161|0x000000008a100000, 0x000000008a100000, 0x000000008a200000|  0%| F|  |TAMS 0x000000008a100000, 0x000000008a100000| Untracked 
| 162|0x000000008a200000, 0x000000008a200000, 0x000000008a300000|  0%| F|  |TAMS 0x000000008a200000, 0x000000008a200000| Untracked 
| 163|0x000000008a300000, 0x000000008a300000, 0x000000008a400000|  0%| F|  |TAMS 0x000000008a300000, 0x000000008a300000| Untracked 
| 164|0x000000008a400000, 0x000000008a400000, 0x000000008a500000|  0%| F|  |TAMS 0x000000008a400000, 0x000000008a400000| Untracked 
| 165|0x000000008a500000, 0x000000008a500000, 0x000000008a600000|  0%| F|  |TAMS 0x000000008a500000, 0x000000008a500000| Untracked 
| 166|0x000000008a600000, 0x000000008a600000, 0x000000008a700000|  0%| F|  |TAMS 0x000000008a600000, 0x000000008a600000| Untracked 
| 167|0x000000008a700000, 0x000000008a700000, 0x000000008a800000|  0%| F|  |TAMS 0x000000008a700000, 0x000000008a700000| Untracked 
| 168|0x000000008a800000, 0x000000008a800000, 0x000000008a900000|  0%| F|  |TAMS 0x000000008a800000, 0x000000008a800000| Untracked 
| 169|0x000000008a900000, 0x000000008a900000, 0x000000008aa00000|  0%| F|  |TAMS 0x000000008a900000, 0x000000008a900000| Untracked 
| 170|0x000000008aa00000, 0x000000008aa00000, 0x000000008ab00000|  0%| F|  |TAMS 0x000000008aa00000, 0x000000008aa00000| Untracked 
| 171|0x000000008ab00000, 0x000000008ab00000, 0x000000008ac00000|  0%| F|  |TAMS 0x000000008ab00000, 0x000000008ab00000| Untracked 
| 172|0x000000008ac00000, 0x000000008ac00000, 0x000000008ad00000|  0%| F|  |TAMS 0x000000008ac00000, 0x000000008ac00000| Untracked 
| 173|0x000000008ad00000, 0x000000008ad00000, 0x000000008ae00000|  0%| F|  |TAMS 0x000000008ad00000, 0x000000008ad00000| Untracked 
| 174|0x000000008ae00000, 0x000000008ae00000, 0x000000008af00000|  0%| F|  |TAMS 0x000000008ae00000, 0x000000008ae00000| Untracked 
| 175|0x000000008af00000, 0x000000008af00000, 0x000000008b000000|  0%| F|  |TAMS 0x000000008af00000, 0x000000008af00000| Untracked 
| 176|0x000000008b000000, 0x000000008b000000, 0x000000008b100000|  0%| F|  |TAMS 0x000000008b000000, 0x000000008b000000| Untracked 
| 177|0x000000008b100000, 0x000000008b100000, 0x000000008b200000|  0%| F|  |TAMS 0x000000008b100000, 0x000000008b100000| Untracked 
| 178|0x000000008b200000, 0x000000008b200000, 0x000000008b300000|  0%| F|  |TAMS 0x000000008b200000, 0x000000008b200000| Untracked 
| 179|0x000000008b300000, 0x000000008b300000, 0x000000008b400000|  0%| F|  |TAMS 0x000000008b300000, 0x000000008b300000| Untracked 
| 180|0x000000008b400000, 0x000000008b400000, 0x000000008b500000|  0%| F|  |TAMS 0x000000008b400000, 0x000000008b400000| Untracked 
| 181|0x000000008b500000, 0x000000008b500000, 0x000000008b600000|  0%| F|  |TAMS 0x000000008b500000, 0x000000008b500000| Untracked 
| 182|0x000000008b600000, 0x000000008b600000, 0x000000008b700000|  0%| F|  |TAMS 0x000000008b600000, 0x000000008b600000| Untracked 
| 183|0x000000008b700000, 0x000000008b700000, 0x000000008b800000|  0%| F|  |TAMS 0x000000008b700000, 0x000000008b700000| Untracked 
| 184|0x000000008b800000, 0x000000008b800000, 0x000000008b900000|  0%| F|  |TAMS 0x000000008b800000, 0x000000008b800000| Untracked 
| 185|0x000000008b900000, 0x000000008b900000, 0x000000008ba00000|  0%| F|  |TAMS 0x000000008b900000, 0x000000008b900000| Untracked 
| 186|0x000000008ba00000, 0x000000008ba00000, 0x000000008bb00000|  0%| F|  |TAMS 0x000000008ba00000, 0x000000008ba00000| Untracked 
| 187|0x000000008bb00000, 0x000000008bb00000, 0x000000008bc00000|  0%| F|  |TAMS 0x000000008bb00000, 0x000000008bb00000| Untracked 
| 188|0x000000008bc00000, 0x000000008bc00000, 0x000000008bd00000|  0%| F|  |TAMS 0x000000008bc00000, 0x000000008bc00000| Untracked 
| 189|0x000000008bd00000, 0x000000008bd00000, 0x000000008be00000|  0%| F|  |TAMS 0x000000008bd00000, 0x000000008bd00000| Untracked 
| 190|0x000000008be00000, 0x000000008be00000, 0x000000008bf00000|  0%| F|  |TAMS 0x000000008be00000, 0x000000008be00000| Untracked 
| 191|0x000000008bf00000, 0x000000008bf00000, 0x000000008c000000|  0%| F|  |TAMS 0x000000008bf00000, 0x000000008bf00000| Untracked 
| 192|0x000000008c000000, 0x000000008c000000, 0x000000008c100000|  0%| F|  |TAMS 0x000000008c000000, 0x000000008c000000| Untracked 
| 193|0x000000008c100000, 0x000000008c100000, 0x000000008c200000|  0%| F|  |TAMS 0x000000008c100000, 0x000000008c100000| Untracked 
| 194|0x000000008c200000, 0x000000008c200000, 0x000000008c300000|  0%| F|  |TAMS 0x000000008c200000, 0x000000008c200000| Untracked 
| 195|0x000000008c300000, 0x000000008c300000, 0x000000008c400000|  0%| F|  |TAMS 0x000000008c300000, 0x000000008c300000| Untracked 
| 196|0x000000008c400000, 0x000000008c400000, 0x000000008c500000|  0%| F|  |TAMS 0x000000008c400000, 0x000000008c400000| Untracked 
| 197|0x000000008c500000, 0x000000008c500000, 0x000000008c600000|  0%| F|  |TAMS 0x000000008c500000, 0x000000008c500000| Untracked 
| 198|0x000000008c600000, 0x000000008c600000, 0x000000008c700000|  0%| F|  |TAMS 0x000000008c600000, 0x000000008c600000| Untracked 
| 199|0x000000008c700000, 0x000000008c700000, 0x000000008c800000|  0%| F|  |TAMS 0x000000008c700000, 0x000000008c700000| Untracked 
| 200|0x000000008c800000, 0x000000008c800000, 0x000000008c900000|  0%| F|  |TAMS 0x000000008c800000, 0x000000008c800000| Untracked 
| 201|0x000000008c900000, 0x000000008c900000, 0x000000008ca00000|  0%| F|  |TAMS 0x000000008c900000, 0x000000008c900000| Untracked 
| 202|0x000000008ca00000, 0x000000008ca00000, 0x000000008cb00000|  0%| F|  |TAMS 0x000000008ca00000, 0x000000008ca00000| Untracked 
| 203|0x000000008cb00000, 0x000000008cb00000, 0x000000008cc00000|  0%| F|  |TAMS 0x000000008cb00000, 0x000000008cb00000| Untracked 
| 204|0x000000008cc00000, 0x000000008cc00000, 0x000000008cd00000|  0%| F|  |TAMS 0x000000008cc00000, 0x000000008cc00000| Untracked 
| 205|0x000000008cd00000, 0x000000008cd00000, 0x000000008ce00000|  0%| F|  |TAMS 0x000000008cd00000, 0x000000008cd00000| Untracked 
| 206|0x000000008ce00000, 0x000000008ce00000, 0x000000008cf00000|  0%| F|  |TAMS 0x000000008ce00000, 0x000000008ce00000| Untracked 
| 207|0x000000008cf00000, 0x000000008cf00000, 0x000000008d000000|  0%| F|  |TAMS 0x000000008cf00000, 0x000000008cf00000| Untracked 
| 208|0x000000008d000000, 0x000000008d000000, 0x000000008d100000|  0%| F|  |TAMS 0x000000008d000000, 0x000000008d000000| Untracked 
| 209|0x000000008d100000, 0x000000008d100000, 0x000000008d200000|  0%| F|  |TAMS 0x000000008d100000, 0x000000008d100000| Untracked 
| 210|0x000000008d200000, 0x000000008d200000, 0x000000008d300000|  0%| F|  |TAMS 0x000000008d200000, 0x000000008d200000| Untracked 
| 211|0x000000008d300000, 0x000000008d300000, 0x000000008d400000|  0%| F|  |TAMS 0x000000008d300000, 0x000000008d300000| Untracked 
| 212|0x000000008d400000, 0x000000008d400000, 0x000000008d500000|  0%| F|  |TAMS 0x000000008d400000, 0x000000008d400000| Untracked 
| 213|0x000000008d500000, 0x000000008d500000, 0x000000008d600000|  0%| F|  |TAMS 0x000000008d500000, 0x000000008d500000| Untracked 

Card table byte_map: [0x0000024f2b680000,0x0000024f2ba80000] _byte_map_base: 0x0000024f2b280000

Marking Bits (Prev, Next): (CMBitMap*) 0x0000024f16581ce8, (CMBitMap*) 0x0000024f16581d20
 Prev Bits: [0x0000024f2be80000, 0x0000024f2de80000)
 Next Bits: [0x0000024f2de80000, 0x0000024f2fe80000)

Polling page: 0x0000024f16620000

Metaspace:

Usage:
  Non-class:     93.18 MB capacity,    91.66 MB ( 98%) used,     1.24 MB (  1%) free+waste,   285.19 KB ( <1%) overhead. 
      Class:     13.69 MB capacity,    12.88 MB ( 94%) used,   709.69 KB (  5%) free+waste,   122.44 KB ( <1%) overhead. 
       Both:    106.87 MB capacity,   104.54 MB ( 98%) used,     1.93 MB (  2%) free+waste,   407.63 KB ( <1%) overhead. 

Virtual space:
  Non-class space:       94.00 MB reserved,      93.25 MB (>99%) committed 
      Class space:        1.00 GB reserved,      13.82 MB (  1%) committed 
             Both:        1.09 GB reserved,     107.07 MB ( 10%) committed 

Chunk freelists:
   Non-Class:  10.00 KB
       Class:  29.00 KB
        Both:  39.00 KB

MaxMetaspaceSize: 17179869184.00 GB
CompressedClassSpaceSize: 1.00 GB

CodeHeap 'non-profiled nmethods': size=120000Kb used=8825Kb max_used=8825Kb free=111174Kb
 bounds [0x0000024f232e0000, 0x0000024f23b80000, 0x0000024f2a810000]
CodeHeap 'profiled nmethods': size=120000Kb used=33264Kb max_used=33264Kb free=86735Kb
 bounds [0x0000024f1bdb0000, 0x0000024f1de30000, 0x0000024f232e0000]
CodeHeap 'non-nmethods': size=5760Kb used=2318Kb max_used=2359Kb free=3441Kb
 bounds [0x0000024f1b810000, 0x0000024f1ba80000, 0x0000024f1bdb0000]
 total_blobs=16631 nmethods=15699 adapters=841
 compilation: enabled
              stopped_count=0, restarted_count=0
 full_count=0

Compilation events (20 events):
Event: 4550.674 Thread 0x0000024f3296d000 16333       3       com.google.gson.stream.JsonReader::push (76 bytes)
Event: 4550.674 Thread 0x0000024f3296d000 nmethod 16333 0x0000024f1de26410 code [0x0000024f1de26640, 0x0000024f1de26f88]
Event: 4550.674 Thread 0x0000024f3296d000 16338       3       java.lang.reflect.Field::acquireFieldAccessor (59 bytes)
Event: 4550.675 Thread 0x0000024f3296d000 nmethod 16338 0x0000024f1de27290 code [0x0000024f1de274a0, 0x0000024f1de27a78]
Event: 4550.675 Thread 0x0000024f3296d000 16334       3       jdk.internal.reflect.UnsafeQualifiedBooleanFieldAccessorImpl::set (58 bytes)
Event: 4550.677 Thread 0x0000024f3296d000 nmethod 16334 0x0000024f1de27c10 code [0x0000024f1de27f60, 0x0000024f1de29828]
Event: 4550.677 Thread 0x0000024f3296d000 16336       3       com.google.gson.internal.bind.TypeAdapters$3::read (6 bytes)
Event: 4550.677 Thread 0x0000024f3296d000 nmethod 16336 0x0000024f1de29f10 code [0x0000024f1de2a0c0, 0x0000024f1de2a208]
Event: 4550.677 Thread 0x0000024f3296d000 16337       3       com.google.gson.internal.bind.TypeAdapters$3::read (44 bytes)
Event: 4550.678 Thread 0x0000024f3296d000 nmethod 16337 0x0000024f1de2a290 code [0x0000024f1de2a4c0, 0x0000024f1de2ab88]
Event: 4550.682 Thread 0x0000024f3296d000 16339       3       android.databinding.tool.store.SetterStore::nullableCompare (26 bytes)
Event: 4550.682 Thread 0x0000024f3296d000 nmethod 16339 0x0000024f1de2ad10 code [0x0000024f1de2aee0, 0x0000024f1de2b168]
Event: 4550.682 Thread 0x0000024f3296d000 16340       3       android.databinding.tool.store.SetterStore::access$800 (6 bytes)
Event: 4550.682 Thread 0x0000024f3296d000 nmethod 16340 0x0000024f1de2b210 code [0x0000024f1de2b3e0, 0x0000024f1de2b6a8]
Event: 4550.682 Thread 0x0000024f3296d000 16341       3       kotlin.jvm.internal.Intrinsics::checkNotNullParameter (9 bytes)
Event: 4550.683 Thread 0x0000024f3296d000 nmethod 16341 0x0000024f1de2b790 code [0x0000024f1de2b9a0, 0x0000024f1de2be78]
Event: 4550.726 Thread 0x0000024f32948800 nmethod 16326 0x0000024f23b7b890 code [0x0000024f23b7bae0, 0x0000024f23b7d6e0]
Event: 4550.726 Thread 0x0000024f32948800 16329       4       com.google.gson.stream.JsonReader::nextNonWhitespace (354 bytes)
Event: 4550.729 Thread 0x0000024f32948800 nmethod 16329 0x0000024f23b7e390 code [0x0000024f23b7e540, 0x0000024f23b7e748]
Event: 4550.801 Thread 0x0000024f32948800 16342       4       java.net.URLClassLoader$1::run (5 bytes)

GC Heap History (20 events):
Event: 4522.150 GC heap after
{Heap after GC invocations=94 (full 0):
 garbage-first heap   total 151552K, used 95986K [0x0000000080000000, 0x0000000100000000)
  region size 1024K, 4 young (4096K), 4 survivors (4096K)
 Metaspace       used 86103K, capacity 88165K, committed 88652K, reserved 1126400K
  class space    used 10928K, capacity 11669K, committed 11852K, reserved 1048576K
}
Event: 4522.596 GC heap before
{Heap before GC invocations=95 (full 0):
 garbage-first heap   total 151552K, used 126706K [0x0000000080000000, 0x0000000100000000)
  region size 1024K, 19 young (19456K), 4 survivors (4096K)
 Metaspace       used 87933K, capacity 89930K, committed 90316K, reserved 1128448K
  class space    used 11084K, capacity 11790K, committed 11980K, reserved 1048576K
}
Event: 4522.612 GC heap after
{Heap after GC invocations=96 (full 0):
 garbage-first heap   total 151552K, used 97207K [0x0000000080000000, 0x0000000100000000)
  region size 1024K, 2 young (2048K), 2 survivors (2048K)
 Metaspace       used 87933K, capacity 89930K, committed 90316K, reserved 1128448K
  class space    used 11084K, capacity 11790K, committed 11980K, reserved 1048576K
}
Event: 4522.704 GC heap before
{Heap before GC invocations=96 (full 0):
 garbage-first heap   total 151552K, used 102327K [0x0000000080000000, 0x0000000100000000)
  region size 1024K, 7 young (7168K), 2 survivors (2048K)
 Metaspace       used 88605K, capacity 90637K, committed 90828K, reserved 1128448K
  class space    used 11139K, capacity 11855K, committed 11980K, reserved 1048576K
}
Event: 4522.714 GC heap after
{Heap after GC invocations=97 (full 0):
 garbage-first heap   total 182272K, used 96298K [0x0000000080000000, 0x0000000100000000)
  region size 1024K, 1 young (1024K), 1 survivors (1024K)
 Metaspace       used 88605K, capacity 90637K, committed 90828K, reserved 1128448K
  class space    used 11139K, capacity 11855K, committed 11980K, reserved 1048576K
}
Event: 4523.073 GC heap before
{Heap before GC invocations=97 (full 0):
 garbage-first heap   total 182272K, used 128042K [0x0000000080000000, 0x0000000100000000)
  region size 1024K, 33 young (33792K), 1 survivors (1024K)
 Metaspace       used 89726K, capacity 91800K, committed 91980K, reserved 1128448K
  class space    used 11230K, capacity 11985K, committed 12108K, reserved 1048576K
}
Event: 4523.079 GC heap after
{Heap after GC invocations=98 (full 0):
 garbage-first heap   total 182272K, used 100164K [0x0000000080000000, 0x0000000100000000)
  region size 1024K, 5 young (5120K), 5 survivors (5120K)
 Metaspace       used 89726K, capacity 91800K, committed 91980K, reserved 1128448K
  class space    used 11230K, capacity 11985K, committed 12108K, reserved 1048576K
}
Event: 4523.882 GC heap before
{Heap before GC invocations=99 (full 0):
 garbage-first heap   total 182272K, used 124740K [0x0000000080000000, 0x0000000100000000)
  region size 1024K, 37 young (37888K), 5 survivors (5120K)
 Metaspace       used 91637K, capacity 93716K, committed 94028K, reserved 1130496K
  class space    used 11417K, capacity 12198K, committed 12364K, reserved 1048576K
}
Event: 4523.893 GC heap after
{Heap after GC invocations=100 (full 0):
 garbage-first heap   total 182272K, used 92968K [0x0000000080000000, 0x0000000100000000)
  region size 1024K, 2 young (2048K), 2 survivors (2048K)
 Metaspace       used 91637K, capacity 93716K, committed 94028K, reserved 1130496K
  class space    used 11417K, capacity 12198K, committed 12364K, reserved 1048576K
}
Event: 4523.999 GC heap before
{Heap before GC invocations=100 (full 0):
 garbage-first heap   total 182272K, used 98088K [0x0000000080000000, 0x0000000100000000)
  region size 1024K, 8 young (8192K), 2 survivors (2048K)
 Metaspace       used 92013K, capacity 94132K, committed 94284K, reserved 1130496K
  class space    used 11467K, capacity 12230K, committed 12364K, reserved 1048576K
}
Event: 4524.009 GC heap after
{Heap after GC invocations=101 (full 0):
 garbage-first heap   total 182272K, used 80579K [0x0000000080000000, 0x0000000100000000)
  region size 1024K, 1 young (1024K), 1 survivors (1024K)
 Metaspace       used 92013K, capacity 94132K, committed 94284K, reserved 1130496K
  class space    used 11467K, capacity 12230K, committed 12364K, reserved 1048576K
}
Event: 4534.665 GC heap before
{Heap before GC invocations=101 (full 0):
 garbage-first heap   total 182272K, used 124611K [0x0000000080000000, 0x0000000100000000)
  region size 1024K, 44 young (45056K), 1 survivors (1024K)
 Metaspace       used 95295K, capacity 97471K, committed 97740K, reserved 1134592K
  class space    used 11866K, capacity 12640K, committed 12748K, reserved 1048576K
}
Event: 4534.766 GC heap after
{Heap after GC invocations=102 (full 0):
 garbage-first heap   total 219136K, used 84542K [0x0000000080000000, 0x0000000100000000)
  region size 1024K, 5 young (5120K), 5 survivors (5120K)
 Metaspace       used 95295K, capacity 97471K, committed 97740K, reserved 1134592K
  class space    used 11866K, capacity 12640K, committed 12748K, reserved 1048576K
}
Event: 4537.249 GC heap before
{Heap before GC invocations=103 (full 0):
 garbage-first heap   total 219136K, used 141661K [0x0000000080000000, 0x0000000100000000)
  region size 1024K, 64 young (65536K), 5 survivors (5120K)
 Metaspace       used 95898K, capacity 98067K, committed 98380K, reserved 1134592K
  class space    used 11919K, capacity 12708K, committed 12876K, reserved 1048576K
}
Event: 4537.335 GC heap after
{Heap after GC invocations=104 (full 0):
 garbage-first heap   total 219136K, used 83865K [0x0000000080000000, 0x0000000100000000)
  region size 1024K, 4 young (4096K), 4 survivors (4096K)
 Metaspace       used 95898K, capacity 98067K, committed 98380K, reserved 1134592K
  class space    used 11919K, capacity 12708K, committed 12876K, reserved 1048576K
}
Event: 4537.462 GC heap before
{Heap before GC invocations=104 (full 0):
 garbage-first heap   total 219136K, used 88985K [0x0000000080000000, 0x0000000100000000)
  region size 1024K, 10 young (10240K), 4 survivors (4096K)
 Metaspace       used 95932K, capacity 98131K, committed 98380K, reserved 1134592K
  class space    used 11919K, capacity 12708K, committed 12876K, reserved 1048576K
}
Event: 4537.492 GC heap after
{Heap after GC invocations=105 (full 0):
 garbage-first heap   total 219136K, used 83156K [0x0000000080000000, 0x0000000100000000)
  region size 1024K, 1 young (1024K), 1 survivors (1024K)
 Metaspace       used 95932K, capacity 98131K, committed 98380K, reserved 1134592K
  class space    used 11919K, capacity 12708K, committed 12876K, reserved 1048576K
}
Event: 4544.019 GC heap before
{Heap before GC invocations=105 (full 0):
 garbage-first heap   total 219136K, used 145620K [0x0000000080000000, 0x0000000100000000)
  region size 1024K, 64 young (65536K), 1 survivors (1024K)
 Metaspace       used 103426K, capacity 105778K, committed 105932K, reserved 1140736K
  class space    used 12843K, capacity 13658K, committed 13772K, reserved 1048576K
}
Event: 4544.326 GC heap after
{Heap after GC invocations=106 (full 0):
 garbage-first heap   total 219136K, used 89724K [0x0000000080000000, 0x0000000100000000)
  region size 1024K, 8 young (8192K), 8 survivors (8192K)
 Metaspace       used 103426K, capacity 105778K, committed 105932K, reserved 1140736K
  class space    used 12843K, capacity 13658K, committed 13772K, reserved 1048576K
}
Event: 4550.810 GC heap before
{Heap before GC invocations=107 (full 0):
 garbage-first heap   total 219136K, used 147068K [0x0000000080000000, 0x0000000100000000)
  region size 1024K, 62 young (63488K), 8 survivors (8192K)
 Metaspace       used 107049K, capacity 109433K, committed 109644K, reserved 1144832K
  class space    used 13186K, capacity 14019K, committed 14156K, reserved 1048576K
}

Deoptimization events (20 events):
Event: 4548.751 Thread 0x0000024f35c31000 Uncommon trap: trap_request=0xffffff5c fr.pc=0x0000024f23b4576c relative=0x00000000000009ac
Event: 4548.751 Thread 0x0000024f35c31000 Uncommon trap: reason=speculate_null_assert action=make_not_entrant pc=0x0000024f23b4576c method=jdk.nio.zipfs.ZipFileSystem.getEntry([B)Ljdk/nio/zipfs/ZipFileSystem$Entry; @ 19 c2
Event: 4548.751 Thread 0x0000024f35c31000 DEOPT PACKING pc=0x0000024f23b4576c sp=0x000000ae979f84d0
Event: 4548.751 Thread 0x0000024f35c31000 DEOPT UNPACKING pc=0x0000024f1b8378af sp=0x000000ae979f84a8 mode 2
Event: 4550.033 Thread 0x0000024f35c31000 Uncommon trap: trap_request=0xffffffc6 fr.pc=0x0000024f23731788 relative=0x00000000000002a8
Event: 4550.033 Thread 0x0000024f35c31000 Uncommon trap: reason=bimorphic_or_optimized_type_check action=maybe_recompile pc=0x0000024f23731788 method=java.util.stream.ReduceOps$ReduceOp.evaluateSequential(Ljava/util/stream/PipelineHelper;Ljava/util/Spliterator;)Ljava/lang/Object; @ 2 c2
Event: 4550.033 Thread 0x0000024f35c31000 DEOPT PACKING pc=0x0000024f23731788 sp=0x000000ae979f8e80
Event: 4550.033 Thread 0x0000024f35c31000 DEOPT UNPACKING pc=0x0000024f1b8378af sp=0x000000ae979f8e00 mode 2
Event: 4550.033 Thread 0x0000024f35c31000 Uncommon trap: trap_request=0xffffffc6 fr.pc=0x0000024f23731788 relative=0x00000000000002a8
Event: 4550.033 Thread 0x0000024f35c31000 Uncommon trap: reason=bimorphic_or_optimized_type_check action=maybe_recompile pc=0x0000024f23731788 method=java.util.stream.ReduceOps$ReduceOp.evaluateSequential(Ljava/util/stream/PipelineHelper;Ljava/util/Spliterator;)Ljava/lang/Object; @ 2 c2
Event: 4550.033 Thread 0x0000024f35c31000 DEOPT PACKING pc=0x0000024f23731788 sp=0x000000ae979f8e80
Event: 4550.033 Thread 0x0000024f35c31000 DEOPT UNPACKING pc=0x0000024f1b8378af sp=0x000000ae979f8e00 mode 2
Event: 4550.108 Thread 0x0000024f35c31000 Uncommon trap: trap_request=0xffffff4d fr.pc=0x0000024f23b5df94 relative=0x00000000000013d4
Event: 4550.108 Thread 0x0000024f35c31000 Uncommon trap: reason=unstable_if action=reinterpret pc=0x0000024f23b5df94 method=com.sun.tools.javac.jvm.ClassReader.readPool(I)Ljava/lang/Object; @ 36 c2
Event: 4550.108 Thread 0x0000024f35c31000 DEOPT PACKING pc=0x0000024f23b5df94 sp=0x000000ae979f7900
Event: 4550.108 Thread 0x0000024f35c31000 DEOPT UNPACKING pc=0x0000024f1b8378af sp=0x000000ae979f78e8 mode 2
Event: 4550.115 Thread 0x0000024f35c31000 Uncommon trap: trap_request=0xffffff4d fr.pc=0x0000024f23b64984 relative=0x0000000000003584
Event: 4550.115 Thread 0x0000024f35c31000 Uncommon trap: reason=unstable_if action=reinterpret pc=0x0000024f23b64984 method=com.sun.tools.javac.jvm.ClassReader.sigToType()Lcom/sun/tools/javac/code/Type; @ 288 c2
Event: 4550.115 Thread 0x0000024f35c31000 DEOPT PACKING pc=0x0000024f23b64984 sp=0x000000ae979f7e60
Event: 4550.115 Thread 0x0000024f35c31000 DEOPT UNPACKING pc=0x0000024f1b8378af sp=0x000000ae979f7e30 mode 2

Classes redefined (0 events):
No events

Internal exceptions (20 events):
Event: 4549.953 Thread 0x0000024f35c31000 Exception <a 'sun/nio/fs/WindowsException'{0x000000008b39f7f8}> (0x000000008b39f7f8) thrown at [./src/hotspot/share/prims/jni.cpp, line 615]
Event: 4549.962 Thread 0x0000024f35c31000 Exception <a 'sun/nio/fs/WindowsException'{0x000000008b211aa8}> (0x000000008b211aa8) thrown at [./src/hotspot/share/prims/jni.cpp, line 615]
Event: 4549.962 Thread 0x0000024f35c31000 Exception <a 'sun/nio/fs/WindowsException'{0x000000008b211c38}> (0x000000008b211c38) thrown at [./src/hotspot/share/prims/jni.cpp, line 615]
Event: 4549.982 Thread 0x0000024f35c31000 Exception <a 'sun/nio/fs/WindowsException'{0x000000008b264408}> (0x000000008b264408) thrown at [./src/hotspot/share/prims/jni.cpp, line 615]
Event: 4549.983 Thread 0x0000024f35c31000 Exception <a 'sun/nio/fs/WindowsException'{0x000000008b264588}> (0x000000008b264588) thrown at [./src/hotspot/share/prims/jni.cpp, line 615]
Event: 4549.986 Thread 0x0000024f35c31000 Exception <a 'sun/nio/fs/WindowsException'{0x000000008b27ee10}> (0x000000008b27ee10) thrown at [./src/hotspot/share/prims/jni.cpp, line 615]
Event: 4549.986 Thread 0x0000024f35c31000 Exception <a 'sun/nio/fs/WindowsException'{0x000000008b27ef98}> (0x000000008b27ef98) thrown at [./src/hotspot/share/prims/jni.cpp, line 615]
Event: 4549.993 Thread 0x0000024f35c31000 Exception <a 'sun/nio/fs/WindowsException'{0x000000008b2b7670}> (0x000000008b2b7670) thrown at [./src/hotspot/share/prims/jni.cpp, line 615]
Event: 4549.993 Thread 0x0000024f35c31000 Exception <a 'sun/nio/fs/WindowsException'{0x000000008b2b7800}> (0x000000008b2b7800) thrown at [./src/hotspot/share/prims/jni.cpp, line 615]
Event: 4549.998 Thread 0x0000024f35c31000 Exception <a 'sun/nio/fs/WindowsException'{0x000000008b2cfea0}> (0x000000008b2cfea0) thrown at [./src/hotspot/share/prims/jni.cpp, line 615]
Event: 4549.999 Thread 0x0000024f35c31000 Exception <a 'sun/nio/fs/WindowsException'{0x000000008b2d0040}> (0x000000008b2d0040) thrown at [./src/hotspot/share/prims/jni.cpp, line 615]
Event: 4550.097 Thread 0x0000024f35c31000 Exception <a 'sun/nio/fs/WindowsException'{0x000000008b0fb178}> (0x000000008b0fb178) thrown at [./src/hotspot/share/prims/jni.cpp, line 615]
Event: 4550.102 Thread 0x0000024f35c31000 Exception <a 'sun/nio/fs/WindowsException'{0x000000008af07c48}> (0x000000008af07c48) thrown at [./src/hotspot/share/prims/jni.cpp, line 615]
Event: 4550.102 Thread 0x0000024f35c31000 Exception <a 'sun/nio/fs/WindowsException'{0x000000008af07de0}> (0x000000008af07de0) thrown at [./src/hotspot/share/prims/jni.cpp, line 615]
Event: 4550.108 Thread 0x0000024f35c31000 Exception <a 'sun/nio/fs/WindowsException'{0x000000008af529f0}> (0x000000008af529f0) thrown at [./src/hotspot/share/prims/jni.cpp, line 615]
Event: 4550.108 Thread 0x0000024f35c31000 Exception <a 'sun/nio/fs/WindowsException'{0x000000008af52b88}> (0x000000008af52b88) thrown at [./src/hotspot/share/prims/jni.cpp, line 615]
Event: 4550.114 Thread 0x0000024f35c31000 Exception <a 'sun/nio/fs/WindowsException'{0x000000008afda960}> (0x000000008afda960) thrown at [./src/hotspot/share/prims/jni.cpp, line 615]
Event: 4550.114 Thread 0x0000024f35c31000 Exception <a 'sun/nio/fs/WindowsException'{0x000000008afdaaf8}> (0x000000008afdaaf8) thrown at [./src/hotspot/share/prims/jni.cpp, line 615]
Event: 4550.328 Thread 0x0000024f35c31000 Exception <a 'sun/nio/fs/WindowsException'{0x000000008abf6f08}> (0x000000008abf6f08) thrown at [./src/hotspot/share/prims/jni.cpp, line 615]
Event: 4550.328 Thread 0x0000024f35c31000 Exception <a 'sun/nio/fs/WindowsException'{0x000000008abf7098}> (0x000000008abf7098) thrown at [./src/hotspot/share/prims/jni.cpp, line 615]

Events (20 events):
Event: 4550.796 loading class org/apache/xerces/xni/parser/XMLEntityResolver done
Event: 4550.796 loading class org/apache/xerces/xni/parser/XMLParseException
Event: 4550.796 loading class org/apache/xerces/xni/parser/XMLParseException done
Event: 4550.799 loading class org/apache/xerces/parsers/ObjectFactory
Event: 4550.799 loading class org/apache/xerces/parsers/ObjectFactory done
Event: 4550.800 loading class org/apache/xerces/parsers/ObjectFactory$ConfigurationError
Event: 4550.800 loading class org/apache/xerces/parsers/ObjectFactory$ConfigurationError done
Event: 4550.801 loading class org/apache/xerces/parsers/SecuritySupport
Event: 4550.801 loading class org/apache/xerces/parsers/SecuritySupport done
Event: 4550.802 loading class org/apache/xerces/parsers/SecuritySupport$4
Event: 4550.802 loading class org/apache/xerces/parsers/SecuritySupport$4 done
Event: 4550.802 loading class org/apache/xerces/parsers/SecuritySupport$1
Event: 4550.802 loading class org/apache/xerces/parsers/SecuritySupport$1 done
Event: 4550.803 loading class org/apache/xerces/parsers/SecuritySupport$2
Event: 4550.803 loading class org/apache/xerces/parsers/SecuritySupport$2 done
Event: 4550.804 loading class org/apache/xerces/parsers/SecuritySupport$3
Event: 4550.804 loading class org/apache/xerces/parsers/SecuritySupport$3 done
Event: 4550.807 loading class org/apache/xerces/parsers/SecuritySupport$7
Event: 4550.807 loading class org/apache/xerces/parsers/SecuritySupport$7 done
Event: 4550.807 Executing VM operation: G1CollectForAllocation


Dynamic libraries:
0x00007ff76d2b0000 - 0x00007ff76d2ba000 	C:\Program Files\Android\Android Studio\jre\bin\java.exe
0x00007fff2b770000 - 0x00007fff2b965000 	C:\WINDOWS\SYSTEM32\ntdll.dll
0x00007fff2ac00000 - 0x00007fff2acbe000 	C:\WINDOWS\System32\KERNEL32.DLL
0x00007fff28f70000 - 0x00007fff29238000 	C:\WINDOWS\System32\KERNELBASE.dll
0x00007fff292e0000 - 0x00007fff293e0000 	C:\WINDOWS\System32\ucrtbase.dll
0x00007fff23060000 - 0x00007fff23079000 	C:\Program Files\Android\Android Studio\jre\bin\jli.dll
0x00007fff22fb0000 - 0x00007fff22fc7000 	C:\Program Files\Android\Android Studio\jre\bin\VCRUNTIME140.dll
0x00007fff2b590000 - 0x00007fff2b730000 	C:\WINDOWS\System32\USER32.dll
0x00007fff295d0000 - 0x00007fff295f2000 	C:\WINDOWS\System32\win32u.dll
0x00007fff2a0c0000 - 0x00007fff2a0eb000 	C:\WINDOWS\System32\GDI32.dll
0x00007fff29600000 - 0x00007fff2970d000 	C:\WINDOWS\System32\gdi32full.dll
0x00007fff29240000 - 0x00007fff292dd000 	C:\WINDOWS\System32\msvcp_win.dll
0x00007fff120c0000 - 0x00007fff1235a000 	C:\WINDOWS\WinSxS\amd64_microsoft.windows.common-controls_6595b64144ccf1df_6.0.19041.1110_none_60b5254171f9507e\COMCTL32.dll
0x00007fff29d20000 - 0x00007fff29dbe000 	C:\WINDOWS\System32\msvcrt.dll
0x00007fff29dc0000 - 0x00007fff29df0000 	C:\WINDOWS\System32\IMM32.DLL
0x00007ffef1eb0000 - 0x00007ffef1f4d000 	C:\Program Files\Android\Android Studio\jre\bin\msvcp140.dll
0x00007ffec7460000 - 0x00007ffec7f2f000 	C:\Program Files\Android\Android Studio\jre\bin\server\jvm.dll
0x00007fff29910000 - 0x00007fff299be000 	C:\WINDOWS\System32\ADVAPI32.dll
0x00007fff297c0000 - 0x00007fff2985c000 	C:\WINDOWS\System32\sechost.dll
0x00007fff29e60000 - 0x00007fff29f85000 	C:\WINDOWS\System32\RPCRT4.dll
0x00007fff29d00000 - 0x00007fff29d08000 	C:\WINDOWS\System32\PSAPI.DLL
0x00007fff20ad0000 - 0x00007fff20ad9000 	C:\WINDOWS\SYSTEM32\WSOCK32.dll
0x00007fff22d40000 - 0x00007fff22d4a000 	C:\WINDOWS\SYSTEM32\VERSION.dll
0x00007fff141b0000 - 0x00007fff141d7000 	C:\WINDOWS\SYSTEM32\WINMM.dll
0x00007fff29df0000 - 0x00007fff29e5b000 	C:\WINDOWS\System32\WS2_32.dll
0x00007fff26d10000 - 0x00007fff26d22000 	C:\WINDOWS\SYSTEM32\kernel.appcore.dll
0x00007ffecf7f0000 - 0x00007ffecf801000 	C:\Program Files\Android\Android Studio\jre\bin\verify.dll
0x00007fff1fda0000 - 0x00007fff1ff84000 	C:\WINDOWS\SYSTEM32\DBGHELP.DLL
0x00007fff14720000 - 0x00007fff1474c000 	C:\WINDOWS\SYSTEM32\dbgcore.DLL
0x00007fff293e0000 - 0x00007fff29462000 	C:\WINDOWS\System32\bcryptPrimitives.dll
0x00007ffecd600000 - 0x00007ffecd629000 	C:\Program Files\Android\Android Studio\jre\bin\java.dll
0x00007ffed0630000 - 0x00007ffed063b000 	C:\Program Files\Android\Android Studio\jre\bin\jimage.dll
0x00007ffece990000 - 0x00007ffece9a8000 	C:\Program Files\Android\Android Studio\jre\bin\zip.dll
0x00007fff2ad70000 - 0x00007fff2b4b4000 	C:\WINDOWS\System32\SHELL32.dll
0x00007fff26f10000 - 0x00007fff276a4000 	C:\WINDOWS\SYSTEM32\windows.storage.dll
0x00007fff2a0f0000 - 0x00007fff2a445000 	C:\WINDOWS\System32\combase.dll
0x00007fff287f0000 - 0x00007fff2881e000 	C:\WINDOWS\SYSTEM32\Wldp.dll
0x00007fff29a20000 - 0x00007fff29acd000 	C:\WINDOWS\System32\SHCORE.dll
0x00007fff29ca0000 - 0x00007fff29cf5000 	C:\WINDOWS\System32\shlwapi.dll
0x00007fff28dc0000 - 0x00007fff28ddf000 	C:\WINDOWS\SYSTEM32\profapi.dll
0x00007ffece860000 - 0x00007ffece87a000 	C:\Program Files\Android\Android Studio\jre\bin\net.dll
0x00007fff1b770000 - 0x00007fff1b87c000 	C:\WINDOWS\SYSTEM32\WINHTTP.dll
0x00007fff285d0000 - 0x00007fff2863a000 	C:\WINDOWS\system32\mswsock.dll
0x00007ffecd5e0000 - 0x00007ffecd5f4000 	C:\Program Files\Android\Android Studio\jre\bin\nio.dll
0x00007fff249f0000 - 0x00007fff24a17000 	C:\Users\ADMIN\.gradle\native\8bec1ad78214c89d9ad589b4d07fe93259594b29d510b10fafb7a158f7737e5d\windows-amd64\native-platform.dll
0x00007fff231a0000 - 0x00007fff232dd000 	C:\Users\ADMIN\.gradle\native\53dbd7edfb1c66fb8903c78663c9afc45aea4f116125fa6feffd364cf09443e8\windows-amd64\native-platform-file-events.dll
0x00007ffecf820000 - 0x00007ffecf82a000 	C:\Program Files\Android\Android Studio\jre\bin\management.dll
0x00007ffecf810000 - 0x00007ffecf81c000 	C:\Program Files\Android\Android Studio\jre\bin\management_ext.dll
0x00007fff28830000 - 0x00007fff28848000 	C:\WINDOWS\SYSTEM32\CRYPTSP.dll
0x00007fff27f00000 - 0x00007fff27f34000 	C:\WINDOWS\system32\rsaenh.dll
0x00007fff28f40000 - 0x00007fff28f67000 	C:\WINDOWS\System32\bcrypt.dll
0x00007fff28d80000 - 0x00007fff28dae000 	C:\WINDOWS\SYSTEM32\USERENV.dll
0x00007fff28760000 - 0x00007fff2876c000 	C:\WINDOWS\SYSTEM32\CRYPTBASE.dll
0x00007fff28290000 - 0x00007fff282cb000 	C:\WINDOWS\SYSTEM32\IPHLPAPI.DLL
0x00007fff29c10000 - 0x00007fff29c18000 	C:\WINDOWS\System32\NSI.dll
0x00007fff208c0000 - 0x00007fff208d7000 	C:\WINDOWS\SYSTEM32\dhcpcsvc6.DLL
0x00007fff21480000 - 0x00007fff2149d000 	C:\WINDOWS\SYSTEM32\dhcpcsvc.DLL
0x00007fff282d0000 - 0x00007fff2839b000 	C:\WINDOWS\SYSTEM32\DNSAPI.dll

dbghelp: loaded successfully - version: 4.0.5 - missing functions: none
symbol engine: initialized successfully - sym options: 0x614 - pdb path: .;C:\Program Files\Android\Android Studio\jre\bin;C:\WINDOWS\SYSTEM32;C:\WINDOWS\WinSxS\amd64_microsoft.windows.common-controls_6595b64144ccf1df_6.0.19041.1110_none_60b5254171f9507e;C:\Program Files\Android\Android Studio\jre\bin\server;C:\Users\ADMIN\.gradle\native\8bec1ad78214c89d9ad589b4d07fe93259594b29d510b10fafb7a158f7737e5d\windows-amd64;C:\Users\ADMIN\.gradle\native\53dbd7edfb1c66fb8903c78663c9afc45aea4f116125fa6feffd364cf09443e8\windows-amd64

VM Arguments:
jvm_args: --add-opens=java.base/java.util=ALL-UNNAMED --add-opens=java.base/java.lang=ALL-UNNAMED --add-opens=java.base/java.lang.invoke=ALL-UNNAMED --add-opens=java.base/java.util=ALL-UNNAMED --add-opens=java.prefs/java.util.prefs=ALL-UNNAMED --add-opens=java.prefs/java.util.prefs=ALL-UNNAMED --add-opens=java.base/java.nio.charset=ALL-UNNAMED --add-opens=java.base/java.net=ALL-UNNAMED --add-opens=java.base/java.util.concurrent.atomic=ALL-UNNAMED -Xmx2048m -Dfile.encoding=UTF-8 -Duser.country=US -Duser.language=en -Duser.variant 
java_command: org.gradle.launcher.daemon.bootstrap.GradleDaemon 7.0.2
java_class_path (initial): C:\Users\ADMIN\.gradle\wrapper\dists\gradle-7.0.2-bin\857tjihv64xamwrf0h14cai3r\gradle-7.0.2\lib\gradle-launcher-7.0.2.jar
Launcher Type: SUN_STANDARD

[Global flags]
     intx CICompilerCount                          = 4                                         {product} {ergonomic}
     uint ConcGCThreads                            = 2                                         {product} {ergonomic}
     uint G1ConcRefinementThreads                  = 8                                         {product} {ergonomic}
   size_t G1HeapRegionSize                         = 1048576                                   {product} {ergonomic}
    uintx GCDrainStackTargetSize                   = 64                                        {product} {ergonomic}
   size_t InitialHeapSize                          = 67108864                                  {product} {ergonomic}
   size_t MarkStackSize                            = 4194304                                   {product} {ergonomic}
   size_t MaxHeapSize                              = 2147483648                                {product} {command line}
   size_t MaxNewSize                               = 1287651328                                {product} {ergonomic}
   size_t MinHeapDeltaBytes                        = 1048576                                   {product} {ergonomic}
    uintx NonNMethodCodeHeapSize                   = 5836300                                {pd product} {ergonomic}
    uintx NonProfiledCodeHeapSize                  = 122910970                              {pd product} {ergonomic}
    uintx ProfiledCodeHeapSize                     = 122910970                              {pd product} {ergonomic}
    uintx ReservedCodeCacheSize                    = 251658240                              {pd product} {ergonomic}
     bool SegmentedCodeCache                       = true                                      {product} {ergonomic}
     bool UseCompressedClassPointers               = true                                 {lp64_product} {ergonomic}
     bool UseCompressedOops                        = true                                 {lp64_product} {ergonomic}
     bool UseG1GC                                  = true                                      {product} {ergonomic}
     bool UseLargePagesIndividualAllocation        = false                                  {pd product} {ergonomic}

Logging:
Log output configuration:
 #0: stdout all=warning uptime,level,tags
 #1: stderr all=off uptime,level,tags

Environment Variables:
PATH=C:\Program Files (x86)\Common Files\Oracle\Java\javapath;C:\Program Files\Common Files\Oracle\Java\javapath;C:\WINDOWS\system32;C:\WINDOWS;C:\WINDOWS\System32\Wbem;C:\WINDOWS\System32\WindowsPowerShell\v1.0\;C:\WINDOWS\System32\OpenSSH\;C:\Program Files\Microsoft SQL Server\130\Tools\Binn\;C:\Program Files\Microsoft SQL Server\Client SDK\ODBC\170\Tools\Binn\;C:\Program Files (x86)\Microsoft SQL Server\150\DTS\Binn\;C:\Program Files\Azure Data Studio\bin;C:\Program Files (x86)\Microsoft SQL Server\150\Tools\Binn\;C:\Program Files\Microsoft SQL Server\150\Tools\Binn\;C:\Program Files\Microsoft SQL Server\150\DTS\Binn\;C:\Program Files\dotnet\;C:\Program Files\nodejs\;C:\Program Files\PuTTY\;C:\Program Files\Git\cmd;C:\Users\ADMIN\AppData\Local\Microsoft\WindowsApps;C:\Program Files\Azure Data Studio\bin;F:\Visual stadio code\PHP\Microsoft VS Code\bin;C:\Program Files\heroku\bin;C:\Users\ADMIN\AppData\Roaming\npm;C:\Users\ADMIN\AppData\Local\GitHubDesktop\bin;C:\Users\ADMIN\.dotnet\tools;C:\Users\ADMIN\AppData\Local\Programs\Microsoft VS Code\bin
USERNAME=ADMIN
OS=Windows_NT
PROCESSOR_IDENTIFIER=Intel64 Family 6 Model 142 Stepping 10, GenuineIntel



---------------  S Y S T E M  ---------------

OS: Windows 10 , 64 bit Build 19041 (10.0.19041.1503)
OS uptime: 1 days 12:48 hours
Hyper-V role detected

CPU:total 8 (initial active 8) (4 cores per cpu, 2 threads per core) family 6 model 142 stepping 10 microcode 0xb4, cmov, cx8, fxsr, mmx, sse, sse2, sse3, ssse3, sse4.1, sse4.2, popcnt, avx, avx2, aes, clmul, erms, 3dnowpref, lzcnt, ht, tsc, tscinvbit, bmi1, bmi2, adx, fma

Memory: 4k page, system-wide physical 4005M (151M free)
TotalPageFile size 16293M (AvailPageFile size 62M)
current process WorkingSet (physical memory assigned to process): 310M, peak: 375M
current process commit charge ("private bytes"): 531M, peak: 676M

vm_info: OpenJDK 64-Bit Server VM (11.0.10+0-b96-7249189) for windows-amd64 JRE (11.0.10+0-b96-7249189), built on Mar 31 2021 21:44:00 by "builder" with MS VC++ 14.0 (VS2015)

END.
