#
# There is insufficient memory for the Java Runtime Environment to continue.
# Native memory allocation (malloc) failed to allocate 1389616 bytes for Chunk::new
# Possible reasons:
#   The system is out of physical RAM or swap space
#   The process is running with CompressedOops enabled, and the Java Heap may be blocking the growth of the native heap
# Possible solutions:
#   Reduce memory load on the system
#   Increase physical memory or swap space
#   Check if swap backing store is full
#   Decrease Java heap size (-Xmx/-Xms)
#   Decrease number of Java threads
#   Decrease Java thread stack sizes (-Xss)
#   Set larger code cache with -XX:ReservedCodeCacheSize=
#   JVM is running with Unscaled Compressed Oops mode in which the Java heap is
#     placed in the first 4GB address space. The Java Heap base address is the
#     maximum limit for the native heap growth. Please use -XX:HeapBaseMinAddress
#     to set the Java Heap base and to place the Java Heap above 4GB virtual address.
# This output file may be truncated or incomplete.
#
#  Out of Memory Error (./src/hotspot/share/memory/arena.cpp:197), pid=1880, tid=9312
#
# JRE version: OpenJDK Runtime Environment (11.0.10) (build 11.0.10+0-b96-7249189)
# Java VM: OpenJDK 64-Bit Server VM (11.0.10+0-b96-7249189, mixed mode, tiered, compressed oops, g1 gc, windows-amd64)
# No core dump will be written. Minidumps are not enabled by default on client versions of Windows
#

---------------  S U M M A R Y ------------

Command Line: --add-opens=java.base/java.util=ALL-UNNAMED --add-opens=java.base/java.lang=ALL-UNNAMED --add-opens=java.base/java.lang.invoke=ALL-UNNAMED --add-opens=java.base/java.util=ALL-UNNAMED --add-opens=java.prefs/java.util.prefs=ALL-UNNAMED --add-opens=java.prefs/java.util.prefs=ALL-UNNAMED --add-opens=java.base/java.nio.charset=ALL-UNNAMED --add-opens=java.base/java.net=ALL-UNNAMED --add-opens=java.base/java.util.concurrent.atomic=ALL-UNNAMED -Xmx2048m -Dfile.encoding=UTF-8 -Duser.country=US -Duser.language=en -Duser.variant org.gradle.launcher.daemon.bootstrap.GradleDaemon 7.0.2

Host: Intel(R) Core(TM) i5-8250U CPU @ 1.60GHz, 8 cores, 3G,  Windows 10 , 64 bit Build 19041 (10.0.19041.1503)
Time: Wed Mar  2 14:35:09 2022 SE Asia Standard Time elapsed time: 36.012540 seconds (0d 0h 0m 36s)

---------------  T H R E A D  ---------------

Current thread (0x000001bab83fa800):  JavaThread "C2 CompilerThread0" daemon [_thread_in_native, id=9312, stack(0x000000128ca00000,0x000000128cb00000)]


Current CompileTask:
C2:  36012 9695       4       com.android.utils.XmlUtils::append (647 bytes)

Stack: [0x000000128ca00000,0x000000128cb00000]
Native frames: (J=compiled Java code, j=interpreted, Vv=VM code, C=native code)
V  [jvm.dll+0x5ecfaa]
V  [jvm.dll+0x722bd5]
V  [jvm.dll+0x72412d]
V  [jvm.dll+0x7247e3]
V  [jvm.dll+0x242928]
V  [jvm.dll+0xbc4fc]
V  [jvm.dll+0xbca0c]
V  [jvm.dll+0x352d3b]
V  [jvm.dll+0x197e0c]
V  [jvm.dll+0x1fb70e]
V  [jvm.dll+0x1fa7f4]
V  [jvm.dll+0x18354c]
V  [jvm.dll+0x208ee7]
V  [jvm.dll+0x207731]
V  [jvm.dll+0x6eb1cf]
V  [jvm.dll+0x6e3d45]
V  [jvm.dll+0x5ebe96]
C  [ucrtbase.dll+0x21bb2]
C  [KERNEL32.DLL+0x17034]
C  [ntdll.dll+0x52651]


---------------  P R O C E S S  ---------------

Threads class SMR info:
_java_thread_list=0x000001babaec2980, length=60, elements={
0x000001ba9b672000, 0x000001bab7a7f000, 0x000001bab7a8a800, 0x000001bab83f3000,
0x000001bab83f5000, 0x000001bab83f7000, 0x000001bab83fa800, 0x000001bab83fe800,
0x000001bab8400800, 0x000001bab8550800, 0x000001bab9e18800, 0x000001baba509000,
0x000001bab9f0d000, 0x000001baba723000, 0x000001bab982c800, 0x000001bab9f8b800,
0x000001bab9f8e000, 0x000001baba1fb800, 0x000001baba1fc800, 0x000001baba423800,
0x000001baba421000, 0x000001baba422000, 0x000001baba424800, 0x000001baba425000,
0x000001baba422800, 0x000001baba426000, 0x000001baba420800, 0x000001baba427000,
0x000001bab9402000, 0x000001bab9403000, 0x000001bab93ff000, 0x000001bab93fd800,
0x000001bab9400800, 0x000001bab9404000, 0x000001bab9404800, 0x000001bab9405800,
0x000001bab9400000, 0x000001bab940a800, 0x000001bab9408000, 0x000001bab940c000,
0x000001bab9409000, 0x000001bab9409800, 0x000001bab940b000, 0x000001bab9406800,
0x000001bab9407000, 0x000001babcea2800, 0x000001babcea5000, 0x000001babcea1000,
0x000001babcea3800, 0x000001babcea0800, 0x000001babcea4800, 0x000001babcea7000,
0x000001babcea2000, 0x000001babceaa000, 0x000001babcea7800, 0x000001babceab800,
0x000001babcea6000, 0x000001babceac800, 0x000001babceab000, 0x000001babcead800
}

Java Threads: ( => current thread )
  0x000001ba9b672000 JavaThread "main" [_thread_blocked, id=6732, stack(0x000000128be00000,0x000000128bf00000)]
  0x000001bab7a7f000 JavaThread "Reference Handler" daemon [_thread_blocked, id=20240, stack(0x000000128c500000,0x000000128c600000)]
  0x000001bab7a8a800 JavaThread "Finalizer" daemon [_thread_blocked, id=19060, stack(0x000000128c600000,0x000000128c700000)]
  0x000001bab83f3000 JavaThread "Signal Dispatcher" daemon [_thread_blocked, id=14872, stack(0x000000128c700000,0x000000128c800000)]
  0x000001bab83f5000 JavaThread "Attach Listener" daemon [_thread_blocked, id=19724, stack(0x000000128c800000,0x000000128c900000)]
  0x000001bab83f7000 JavaThread "Service Thread" daemon [_thread_blocked, id=3460, stack(0x000000128c900000,0x000000128ca00000)]
=>0x000001bab83fa800 JavaThread "C2 CompilerThread0" daemon [_thread_in_native, id=9312, stack(0x000000128ca00000,0x000000128cb00000)]
  0x000001bab83fe800 JavaThread "C1 CompilerThread0" daemon [_thread_blocked, id=18372, stack(0x000000128cb00000,0x000000128cc00000)]
  0x000001bab8400800 JavaThread "Sweeper thread" daemon [_thread_blocked, id=15076, stack(0x000000128cc00000,0x000000128cd00000)]
  0x000001bab8550800 JavaThread "Common-Cleaner" daemon [_thread_blocked, id=16664, stack(0x000000128cd00000,0x000000128ce00000)]
  0x000001bab9e18800 JavaThread "Daemon health stats" [_thread_blocked, id=18960, stack(0x000000128d000000,0x000000128d100000)]
  0x000001baba509000 JavaThread "Incoming local TCP Connector on port 57478" [_thread_in_native, id=2968, stack(0x000000128d300000,0x000000128d400000)]
  0x000001bab9f0d000 JavaThread "Daemon periodic checks" [_thread_blocked, id=22420, stack(0x000000128d400000,0x000000128d500000)]
  0x000001baba723000 JavaThread "Daemon" [_thread_blocked, id=16960, stack(0x000000128d500000,0x000000128d600000)]
  0x000001bab982c800 JavaThread "Handler for socket connection from /127.0.0.1:57478 to /127.0.0.1:57480" [_thread_in_native, id=17792, stack(0x000000128d600000,0x000000128d700000)]
  0x000001bab9f8b800 JavaThread "Cancel handler" [_thread_blocked, id=13900, stack(0x000000128d700000,0x000000128d800000)]
  0x000001bab9f8e000 JavaThread "Daemon worker" [_thread_blocked, id=5736, stack(0x000000128d800000,0x000000128d900000)]
  0x000001baba1fb800 JavaThread "Asynchronous log dispatcher for DefaultDaemonConnection: socket connection from /127.0.0.1:57478 to /127.0.0.1:57480" [_thread_blocked, id=19476, stack(0x000000128d900000,0x000000128da00000)]
  0x000001baba1fc800 JavaThread "Stdin handler" [_thread_blocked, id=27644, stack(0x000000128da00000,0x000000128db00000)]
  0x000001baba423800 JavaThread "Daemon client event forwarder" [_thread_blocked, id=12724, stack(0x000000128db00000,0x000000128dc00000)]
  0x000001baba421000 JavaThread "Cache worker for file hash cache (C:\Users\ADMIN\.gradle\caches\7.0.2\fileHashes)" [_thread_blocked, id=14988, stack(0x000000128e000000,0x000000128e100000)]
  0x000001baba422000 JavaThread "File lock request listener" [_thread_in_native, id=5900, stack(0x000000128e100000,0x000000128e200000)]
  0x000001baba424800 JavaThread "Cache worker for journal cache (C:\Users\ADMIN\.gradle\caches\journal-1)" [_thread_blocked, id=24904, stack(0x000000128e300000,0x000000128e400000)]
  0x000001baba425000 JavaThread "Cache worker for file hash cache (D:\SoftwareSupport\PROJECT_SEM4\project_android_final\android\.gradle\7.0.2\fileHashes)" [_thread_blocked, id=22108, stack(0x000000128e400000,0x000000128e500000)]
  0x000001baba422800 JavaThread "File watcher server" daemon [_thread_in_native, id=19848, stack(0x000000128e500000,0x000000128e600000)]
  0x000001baba426000 JavaThread "File watcher consumer" daemon [_thread_blocked, id=16060, stack(0x000000128e600000,0x000000128e700000)]
  0x000001baba420800 JavaThread "Cache worker for checksums cache (D:\SoftwareSupport\PROJECT_SEM4\project_android_final\android\.gradle\checksums)" [_thread_blocked, id=15892, stack(0x000000128e700000,0x000000128e800000)]
  0x000001baba427000 JavaThread "Cache worker for cache directory md-supplier (C:\Users\ADMIN\.gradle\caches\7.0.2\md-supplier)" [_thread_blocked, id=16032, stack(0x000000128e800000,0x000000128e900000)]
  0x000001bab9402000 JavaThread "Cache worker for cache directory md-rule (C:\Users\ADMIN\.gradle\caches\7.0.2\md-rule)" [_thread_blocked, id=424, stack(0x000000128e900000,0x000000128ea00000)]
  0x000001bab9403000 JavaThread "Cache worker for execution history cache (C:\Users\ADMIN\.gradle\caches\7.0.2\executionHistory)" [_thread_blocked, id=7224, stack(0x000000128ea00000,0x000000128eb00000)]
  0x000001bab93ff000 JavaThread "jar transforms" [_thread_blocked, id=12372, stack(0x000000128eb00000,0x000000128ec00000)]
  0x000001bab93fd800 JavaThread "jar transforms Thread 2" [_thread_blocked, id=12548, stack(0x000000128ec00000,0x000000128ed00000)]
  0x000001bab9400800 JavaThread "Cache worker for file content cache (C:\Users\ADMIN\.gradle\caches\7.0.2\fileContent)" [_thread_blocked, id=16788, stack(0x000000128ed00000,0x000000128ee00000)]
  0x000001bab9404000 JavaThread "Cache worker for dependencies-accessors (D:\SoftwareSupport\PROJECT_SEM4\project_android_final\android\.gradle\7.0.2\dependencies-accessors)" [_thread_blocked, id=26580, stack(0x000000128ee00000,0x000000128ef00000)]
  0x000001bab9404800 JavaThread "jar transforms Thread 3" [_thread_blocked, id=18040, stack(0x000000128ef00000,0x000000128f000000)]
  0x000001bab9405800 JavaThread "Cache worker for Build Output Cleanup Cache (D:\SoftwareSupport\PROJECT_SEM4\project_android_final\android\.gradle\buildOutputCleanup)" [_thread_blocked, id=2268, stack(0x000000128f000000,0x000000128f100000)]
  0x000001bab9400000 JavaThread "Build operations" [_thread_blocked, id=27328, stack(0x000000128f100000,0x000000128f200000)]
  0x000001bab940a800 JavaThread "Build operations Thread 2" [_thread_blocked, id=27536, stack(0x000000128f200000,0x000000128f300000)]
  0x000001bab9408000 JavaThread "Build operations Thread 3" [_thread_blocked, id=11400, stack(0x000000128f300000,0x000000128f400000)]
  0x000001bab940c000 JavaThread "Build operations Thread 4" [_thread_blocked, id=25672, stack(0x000000128f400000,0x000000128f500000)]
  0x000001bab9409000 JavaThread "Build operations Thread 5" [_thread_blocked, id=22456, stack(0x000000128f500000,0x000000128f600000)]
  0x000001bab9409800 JavaThread "Build operations Thread 6" [_thread_blocked, id=22792, stack(0x000000128f600000,0x000000128f700000)]
  0x000001bab940b000 JavaThread "Build operations Thread 7" [_thread_blocked, id=16220, stack(0x000000128f700000,0x000000128f800000)]
  0x000001bab9406800 JavaThread "Build operations Thread 8" [_thread_blocked, id=27392, stack(0x000000128f800000,0x000000128f900000)]
  0x000001bab9407000 JavaThread "jar transforms Thread 4" [_thread_blocked, id=20644, stack(0x000000128f900000,0x000000128fa00000)]
  0x000001babcea2800 JavaThread "jar transforms Thread 5" [_thread_blocked, id=7540, stack(0x000000128fa00000,0x000000128fb00000)]
  0x000001babcea5000 JavaThread "jar transforms Thread 6" [_thread_blocked, id=2912, stack(0x000000128fb00000,0x000000128fc00000)]
  0x000001babcea1000 JavaThread "jar transforms Thread 7" [_thread_blocked, id=25008, stack(0x000000128fc00000,0x000000128fd00000)]
  0x000001babcea3800 JavaThread "jar transforms Thread 8" [_thread_blocked, id=3892, stack(0x000000128fd00000,0x000000128fe00000)]
  0x000001babcea0800 JavaThread "Memory manager" [_thread_blocked, id=19452, stack(0x000000128fe00000,0x000000128ff00000)]
  0x000001babcea4800 JavaThread "build event listener" [_thread_blocked, id=13828, stack(0x000000128ff00000,0x0000001290000000)]
  0x000001babcea7000 JavaThread "Execution worker for ':'" [_thread_in_vm, id=17856, stack(0x0000001290000000,0x0000001290100000)]
  0x000001babcea2000 JavaThread "Execution worker for ':' Thread 2" [_thread_blocked, id=25680, stack(0x0000001290100000,0x0000001290200000)]
  0x000001babceaa000 JavaThread "Execution worker for ':' Thread 3" [_thread_blocked, id=22208, stack(0x0000001290200000,0x0000001290300000)]
  0x000001babcea7800 JavaThread "Execution worker for ':' Thread 4" [_thread_blocked, id=26400, stack(0x0000001290300000,0x0000001290400000)]
  0x000001babceab800 JavaThread "Execution worker for ':' Thread 5" [_thread_blocked, id=3636, stack(0x0000001290400000,0x0000001290500000)]
  0x000001babcea6000 JavaThread "Execution worker for ':' Thread 6" [_thread_blocked, id=21848, stack(0x0000001290500000,0x0000001290600000)]
  0x000001babceac800 JavaThread "Execution worker for ':' Thread 7" [_thread_blocked, id=27492, stack(0x0000001290600000,0x0000001290700000)]
  0x000001babceab000 JavaThread "Cache worker for execution history cache (D:\SoftwareSupport\PROJECT_SEM4\project_android_final\android\.gradle\7.0.2\executionHistory)" [_thread_blocked, id=19968, stack(0x0000001290700000,0x0000001290800000)]
  0x000001babcead800 JavaThread "WorkerExecutor Queue" [_thread_in_vm, id=27112, stack(0x0000001290a00000,0x0000001290b00000)]

Other Threads:
  0x000001bab7a79000 VMThread "VM Thread" [stack: 0x000000128c400000,0x000000128c500000] [id=20752]
  0x000001bab857c000 WatcherThread [stack: 0x000000128ce00000,0x000000128cf00000] [id=8980]
  0x000001ba9b63c800 GCTaskThread "GC Thread#0" [stack: 0x000000128bf00000,0x000000128c000000] [id=22308]
  0x000001bab90f6800 GCTaskThread "GC Thread#1" [stack: 0x000000128cf00000,0x000000128d000000] [id=16468]
  0x000001bab9f27800 GCTaskThread "GC Thread#2" [stack: 0x000000128d100000,0x000000128d200000] [id=11464]
  0x000001bab9a04800 GCTaskThread "GC Thread#3" [stack: 0x000000128d200000,0x000000128d300000] [id=23196]
  0x000001baba2ab800 GCTaskThread "GC Thread#4" [stack: 0x000000128dc00000,0x000000128dd00000] [id=18488]
  0x000001baba21a800 GCTaskThread "GC Thread#5" [stack: 0x000000128dd00000,0x000000128de00000] [id=4572]
  0x000001bab8630000 GCTaskThread "GC Thread#6" [stack: 0x000000128de00000,0x000000128df00000] [id=9916]
  0x000001baba622800 GCTaskThread "GC Thread#7" [stack: 0x000000128df00000,0x000000128e000000] [id=11944]
  0x000001ba9b6b9000 ConcurrentGCThread "G1 Main Marker" [stack: 0x000000128c000000,0x000000128c100000] [id=18324]
  0x000001ba9b6ba000 ConcurrentGCThread "G1 Conc#0" [stack: 0x000000128c100000,0x000000128c200000] [id=10204]
  0x000001bab90af800 ConcurrentGCThread "G1 Conc#1" [stack: 0x000000128e200000,0x000000128e300000] [id=23904]
  0x000001ba9b723000 ConcurrentGCThread "G1 Refine#0" [stack: 0x000000128c200000,0x000000128c300000] [id=10360]
  0x000001ba9b724000 ConcurrentGCThread "G1 Young RemSet Sampling" [stack: 0x000000128c300000,0x000000128c400000] [id=24980]

Threads with active compile tasks:
C2 CompilerThread0  36103 9695       4       com.android.utils.XmlUtils::append (647 bytes)

VM state:not at safepoint (normal execution)

VM Mutex/Monitor currently owned by a thread: None

Heap address: 0x0000000080000000, size: 2048 MB, Compressed Oops mode: 32-bit
Narrow klass base: 0x0000000000000000, Narrow klass shift: 3
Compressed class space size: 1073741824 Address: 0x0000000100000000

Heap:
 garbage-first heap   total 228352K, used 109978K [0x0000000080000000, 0x0000000100000000)
  region size 1024K, 13 young (13312K), 6 survivors (6144K)
 Metaspace       used 83922K, capacity 86190K, committed 86348K, reserved 1124352K
  class space    used 10927K, capacity 11783K, committed 11852K, reserved 1048576K
Heap Regions: E=young(eden), S=young(survivor), O=old, HS=humongous(starts), HC=humongous(continues), CS=collection set, F=free, A=archive, TAMS=top-at-mark-start (previous, next)
|   0|0x0000000080000000, 0x0000000080100000, 0x0000000080100000|100%| O|  |TAMS 0x0000000080100000, 0x0000000080100000| Untracked 
|   1|0x0000000080100000, 0x0000000080200000, 0x0000000080200000|100%| O|  |TAMS 0x0000000080200000, 0x0000000080200000| Untracked 
|   2|0x0000000080200000, 0x0000000080300000, 0x0000000080300000|100%| O|  |TAMS 0x0000000080300000, 0x0000000080300000| Untracked 
|   3|0x0000000080300000, 0x0000000080400000, 0x0000000080400000|100%|HS|  |TAMS 0x0000000080400000, 0x0000000080400000| Complete 
|   4|0x0000000080400000, 0x0000000080500000, 0x0000000080500000|100%|HC|  |TAMS 0x0000000080500000, 0x0000000080500000| Complete 
|   5|0x0000000080500000, 0x0000000080600000, 0x0000000080600000|100%|HC|  |TAMS 0x0000000080600000, 0x0000000080600000| Complete 
|   6|0x0000000080600000, 0x0000000080700000, 0x0000000080700000|100%| O|  |TAMS 0x0000000080700000, 0x0000000080700000| Untracked 
|   7|0x0000000080700000, 0x0000000080800000, 0x0000000080800000|100%| O|  |TAMS 0x0000000080800000, 0x0000000080800000| Untracked 
|   8|0x0000000080800000, 0x0000000080900000, 0x0000000080900000|100%| O|  |TAMS 0x0000000080900000, 0x0000000080900000| Untracked 
|   9|0x0000000080900000, 0x0000000080a00000, 0x0000000080a00000|100%| O|  |TAMS 0x0000000080a00000, 0x0000000080a00000| Untracked 
|  10|0x0000000080a00000, 0x0000000080b00000, 0x0000000080b00000|100%| O|  |TAMS 0x0000000080b00000, 0x0000000080b00000| Untracked 
|  11|0x0000000080b00000, 0x0000000080c00000, 0x0000000080c00000|100%| O|  |TAMS 0x0000000080c00000, 0x0000000080c00000| Untracked 
|  12|0x0000000080c00000, 0x0000000080d00000, 0x0000000080d00000|100%| O|  |TAMS 0x0000000080d00000, 0x0000000080d00000| Untracked 
|  13|0x0000000080d00000, 0x0000000080e00000, 0x0000000080e00000|100%| O|  |TAMS 0x0000000080e00000, 0x0000000080e00000| Untracked 
|  14|0x0000000080e00000, 0x0000000080f00000, 0x0000000080f00000|100%| O|  |TAMS 0x0000000080f00000, 0x0000000080f00000| Untracked 
|  15|0x0000000080f00000, 0x0000000081000000, 0x0000000081000000|100%| O|  |TAMS 0x0000000081000000, 0x0000000081000000| Untracked 
|  16|0x0000000081000000, 0x0000000081100000, 0x0000000081100000|100%| O|  |TAMS 0x0000000081100000, 0x0000000081100000| Untracked 
|  17|0x0000000081100000, 0x0000000081200000, 0x0000000081200000|100%| O|  |TAMS 0x0000000081200000, 0x0000000081200000| Untracked 
|  18|0x0000000081200000, 0x0000000081300000, 0x0000000081300000|100%| O|  |TAMS 0x0000000081300000, 0x0000000081300000| Untracked 
|  19|0x0000000081300000, 0x0000000081400000, 0x0000000081400000|100%| O|  |TAMS 0x0000000081400000, 0x0000000081400000| Untracked 
|  20|0x0000000081400000, 0x0000000081500000, 0x0000000081500000|100%| O|  |TAMS 0x0000000081500000, 0x0000000081500000| Untracked 
|  21|0x0000000081500000, 0x0000000081600000, 0x0000000081600000|100%| O|  |TAMS 0x0000000081600000, 0x0000000081600000| Untracked 
|  22|0x0000000081600000, 0x0000000081700000, 0x0000000081700000|100%| O|  |TAMS 0x0000000081700000, 0x0000000081700000| Untracked 
|  23|0x0000000081700000, 0x0000000081800000, 0x0000000081800000|100%| O|  |TAMS 0x0000000081800000, 0x0000000081800000| Untracked 
|  24|0x0000000081800000, 0x0000000081900000, 0x0000000081900000|100%| O|  |TAMS 0x0000000081900000, 0x0000000081900000| Untracked 
|  25|0x0000000081900000, 0x0000000081a00000, 0x0000000081a00000|100%| O|  |TAMS 0x0000000081a00000, 0x0000000081a00000| Untracked 
|  26|0x0000000081a00000, 0x0000000081b00000, 0x0000000081b00000|100%| O|  |TAMS 0x0000000081b00000, 0x0000000081b00000| Untracked 
|  27|0x0000000081b00000, 0x0000000081c00000, 0x0000000081c00000|100%|HS|  |TAMS 0x0000000081c00000, 0x0000000081c00000| Complete 
|  28|0x0000000081c00000, 0x0000000081d00000, 0x0000000081d00000|100%|HS|  |TAMS 0x0000000081d00000, 0x0000000081d00000| Complete 
|  29|0x0000000081d00000, 0x0000000081e00000, 0x0000000081e00000|100%| O|  |TAMS 0x0000000081e00000, 0x0000000081e00000| Untracked 
|  30|0x0000000081e00000, 0x0000000081f00000, 0x0000000081f00000|100%| O|  |TAMS 0x0000000081f00000, 0x0000000081f00000| Untracked 
|  31|0x0000000081f00000, 0x0000000082000000, 0x0000000082000000|100%| O|  |TAMS 0x0000000082000000, 0x0000000082000000| Untracked 
|  32|0x0000000082000000, 0x0000000082100000, 0x0000000082100000|100%| O|  |TAMS 0x0000000082100000, 0x0000000082100000| Untracked 
|  33|0x0000000082100000, 0x0000000082200000, 0x0000000082200000|100%| O|  |TAMS 0x0000000082200000, 0x0000000082200000| Untracked 
|  34|0x0000000082200000, 0x0000000082300000, 0x0000000082300000|100%|HS|  |TAMS 0x0000000082300000, 0x0000000082300000| Complete 
|  35|0x0000000082300000, 0x0000000082400000, 0x0000000082400000|100%|HC|  |TAMS 0x0000000082400000, 0x0000000082400000| Complete 
|  36|0x0000000082400000, 0x0000000082500000, 0x0000000082500000|100%| O|  |TAMS 0x0000000082500000, 0x0000000082500000| Untracked 
|  37|0x0000000082500000, 0x0000000082600000, 0x0000000082600000|100%| O|  |TAMS 0x0000000082600000, 0x0000000082600000| Untracked 
|  38|0x0000000082600000, 0x0000000082700000, 0x0000000082700000|100%| O|  |TAMS 0x0000000082700000, 0x0000000082700000| Untracked 
|  39|0x0000000082700000, 0x0000000082800000, 0x0000000082800000|100%| O|  |TAMS 0x0000000082800000, 0x0000000082800000| Untracked 
|  40|0x0000000082800000, 0x0000000082900000, 0x0000000082900000|100%| O|  |TAMS 0x0000000082900000, 0x0000000082900000| Untracked 
|  41|0x0000000082900000, 0x0000000082a00000, 0x0000000082a00000|100%| O|  |TAMS 0x0000000082a00000, 0x0000000082a00000| Untracked 
|  42|0x0000000082a00000, 0x0000000082b00000, 0x0000000082b00000|100%| O|  |TAMS 0x0000000082b00000, 0x0000000082b00000| Untracked 
|  43|0x0000000082b00000, 0x0000000082c00000, 0x0000000082c00000|100%| O|  |TAMS 0x0000000082c00000, 0x0000000082c00000| Untracked 
|  44|0x0000000082c00000, 0x0000000082d00000, 0x0000000082d00000|100%| O|  |TAMS 0x0000000082d00000, 0x0000000082d00000| Untracked 
|  45|0x0000000082d00000, 0x0000000082e00000, 0x0000000082e00000|100%| O|  |TAMS 0x0000000082e00000, 0x0000000082e00000| Untracked 
|  46|0x0000000082e00000, 0x0000000082f00000, 0x0000000082f00000|100%| O|  |TAMS 0x0000000082f00000, 0x0000000082f00000| Untracked 
|  47|0x0000000082f00000, 0x0000000083000000, 0x0000000083000000|100%| O|  |TAMS 0x0000000083000000, 0x0000000083000000| Untracked 
|  48|0x0000000083000000, 0x0000000083100000, 0x0000000083100000|100%| O|  |TAMS 0x0000000083100000, 0x0000000083100000| Untracked 
|  49|0x0000000083100000, 0x0000000083200000, 0x0000000083200000|100%| O|  |TAMS 0x0000000083200000, 0x0000000083200000| Untracked 
|  50|0x0000000083200000, 0x0000000083300000, 0x0000000083300000|100%| O|  |TAMS 0x0000000083300000, 0x0000000083300000| Untracked 
|  51|0x0000000083300000, 0x0000000083400000, 0x0000000083400000|100%| O|  |TAMS 0x0000000083400000, 0x0000000083400000| Untracked 
|  52|0x0000000083400000, 0x0000000083500000, 0x0000000083500000|100%| O|  |TAMS 0x0000000083500000, 0x0000000083500000| Untracked 
|  53|0x0000000083500000, 0x0000000083600000, 0x0000000083600000|100%| O|  |TAMS 0x0000000083600000, 0x0000000083600000| Untracked 
|  54|0x0000000083600000, 0x0000000083700000, 0x0000000083700000|100%| O|  |TAMS 0x0000000083674e00, 0x0000000083700000| Untracked 
|  55|0x0000000083700000, 0x0000000083800000, 0x0000000083800000|100%| O|  |TAMS 0x0000000083700000, 0x0000000083800000| Untracked 
|  56|0x0000000083800000, 0x0000000083900000, 0x0000000083900000|100%| O|  |TAMS 0x0000000083800000, 0x0000000083900000| Untracked 
|  57|0x0000000083900000, 0x0000000083a00000, 0x0000000083a00000|100%| O|  |TAMS 0x0000000083900000, 0x0000000083a00000| Untracked 
|  58|0x0000000083a00000, 0x0000000083b00000, 0x0000000083b00000|100%| O|  |TAMS 0x0000000083a00000, 0x0000000083b00000| Untracked 
|  59|0x0000000083b00000, 0x0000000083c00000, 0x0000000083c00000|100%| O|  |TAMS 0x0000000083b00000, 0x0000000083c00000| Untracked 
|  60|0x0000000083c00000, 0x0000000083d00000, 0x0000000083d00000|100%| O|  |TAMS 0x0000000083c00000, 0x0000000083d00000| Untracked 
|  61|0x0000000083d00000, 0x0000000083e00000, 0x0000000083e00000|100%| O|  |TAMS 0x0000000083d00000, 0x0000000083e00000| Untracked 
|  62|0x0000000083e00000, 0x0000000083f00000, 0x0000000083f00000|100%| O|  |TAMS 0x0000000083e00000, 0x0000000083f00000| Untracked 
|  63|0x0000000083f00000, 0x0000000084000000, 0x0000000084000000|100%| O|  |TAMS 0x0000000083f00000, 0x0000000084000000| Untracked 
|  64|0x0000000084000000, 0x0000000084100000, 0x0000000084100000|100%| O|  |TAMS 0x0000000084000000, 0x0000000084100000| Untracked 
|  65|0x0000000084100000, 0x0000000084200000, 0x0000000084200000|100%| O|  |TAMS 0x0000000084100000, 0x0000000084200000| Untracked 
|  66|0x0000000084200000, 0x0000000084300000, 0x0000000084300000|100%| O|  |TAMS 0x0000000084200000, 0x0000000084300000| Untracked 
|  67|0x0000000084300000, 0x0000000084400000, 0x0000000084400000|100%| O|  |TAMS 0x0000000084300000, 0x0000000084400000| Untracked 
|  68|0x0000000084400000, 0x0000000084500000, 0x0000000084500000|100%| O|  |TAMS 0x0000000084400000, 0x0000000084500000| Untracked 
|  69|0x0000000084500000, 0x0000000084600000, 0x0000000084600000|100%| O|  |TAMS 0x0000000084500000, 0x0000000084600000| Untracked 
|  70|0x0000000084600000, 0x0000000084700000, 0x0000000084700000|100%| O|  |TAMS 0x0000000084600000, 0x0000000084700000| Untracked 
|  71|0x0000000084700000, 0x0000000084800000, 0x0000000084800000|100%| O|  |TAMS 0x0000000084700000, 0x0000000084800000| Untracked 
|  72|0x0000000084800000, 0x0000000084900000, 0x0000000084900000|100%| O|  |TAMS 0x0000000084800000, 0x0000000084900000| Untracked 
|  73|0x0000000084900000, 0x0000000084a00000, 0x0000000084a00000|100%| O|  |TAMS 0x0000000084900000, 0x0000000084a00000| Untracked 
|  74|0x0000000084a00000, 0x0000000084b00000, 0x0000000084b00000|100%| O|  |TAMS 0x0000000084a00000, 0x0000000084b00000| Untracked 
|  75|0x0000000084b00000, 0x0000000084c00000, 0x0000000084c00000|100%| O|  |TAMS 0x0000000084b00000, 0x0000000084c00000| Untracked 
|  76|0x0000000084c00000, 0x0000000084d00000, 0x0000000084d00000|100%| O|  |TAMS 0x0000000084c00000, 0x0000000084d00000| Untracked 
|  77|0x0000000084d00000, 0x0000000084e00000, 0x0000000084e00000|100%| O|  |TAMS 0x0000000084d00000, 0x0000000084e00000| Untracked 
|  78|0x0000000084e00000, 0x0000000084f00000, 0x0000000084f00000|100%| O|  |TAMS 0x0000000084e00000, 0x0000000084f00000| Untracked 
|  79|0x0000000084f00000, 0x0000000085000000, 0x0000000085000000|100%| O|  |TAMS 0x0000000084f00000, 0x0000000085000000| Untracked 
|  80|0x0000000085000000, 0x0000000085066a00, 0x0000000085100000| 40%| O|  |TAMS 0x0000000085000000, 0x0000000085066a00| Untracked 
|  81|0x0000000085100000, 0x0000000085200000, 0x0000000085200000|100%|HS|  |TAMS 0x0000000085100000, 0x0000000085100000| Complete 
|  82|0x0000000085200000, 0x0000000085300000, 0x0000000085300000|100%|HS|  |TAMS 0x0000000085200000, 0x0000000085200000| Complete 
|  83|0x0000000085300000, 0x0000000085400000, 0x0000000085400000|100%|HC|  |TAMS 0x0000000085300000, 0x0000000085300000| Complete 
|  84|0x0000000085400000, 0x0000000085500000, 0x0000000085500000|100%|HS|  |TAMS 0x0000000085400000, 0x0000000085400000| Complete 
|  85|0x0000000085500000, 0x0000000085600000, 0x0000000085600000|100%|HC|  |TAMS 0x0000000085500000, 0x0000000085500000| Complete 
|  86|0x0000000085600000, 0x0000000085700000, 0x0000000085700000|100%|HC|  |TAMS 0x0000000085600000, 0x0000000085600000| Complete 
|  87|0x0000000085700000, 0x0000000085800000, 0x0000000085800000|100%|HC|  |TAMS 0x0000000085700000, 0x0000000085700000| Complete 
|  88|0x0000000085800000, 0x0000000085900000, 0x0000000085900000|100%|HS|  |TAMS 0x0000000085800000, 0x0000000085800000| Complete 
|  89|0x0000000085900000, 0x0000000085a00000, 0x0000000085a00000|100%|HC|  |TAMS 0x0000000085900000, 0x0000000085900000| Complete 
|  90|0x0000000085a00000, 0x0000000085b00000, 0x0000000085b00000|100%|HS|  |TAMS 0x0000000085a00000, 0x0000000085a00000| Complete 
|  91|0x0000000085b00000, 0x0000000085c00000, 0x0000000085c00000|100%|HC|  |TAMS 0x0000000085b00000, 0x0000000085b00000| Complete 
|  92|0x0000000085c00000, 0x0000000085d00000, 0x0000000085d00000|100%|HC|  |TAMS 0x0000000085c00000, 0x0000000085c00000| Complete 
|  93|0x0000000085d00000, 0x0000000085e00000, 0x0000000085e00000|100%|HS|  |TAMS 0x0000000085d00000, 0x0000000085d00000| Complete 
|  94|0x0000000085e00000, 0x0000000085f00000, 0x0000000085f00000|100%|HC|  |TAMS 0x0000000085e00000, 0x0000000085e00000| Complete 
|  95|0x0000000085f00000, 0x0000000086000000, 0x0000000086000000|100%|HC|  |TAMS 0x0000000085f00000, 0x0000000085f00000| Complete 
|  96|0x0000000086000000, 0x0000000086000000, 0x0000000086100000|  0%| F|  |TAMS 0x0000000086000000, 0x0000000086000000| Untracked 
|  97|0x0000000086100000, 0x0000000086100000, 0x0000000086200000|  0%| F|  |TAMS 0x0000000086100000, 0x0000000086100000| Untracked 
|  98|0x0000000086200000, 0x0000000086200000, 0x0000000086300000|  0%| F|  |TAMS 0x0000000086200000, 0x0000000086200000| Untracked 
|  99|0x0000000086300000, 0x0000000086300000, 0x0000000086400000|  0%| F|  |TAMS 0x0000000086300000, 0x0000000086300000| Untracked 
| 100|0x0000000086400000, 0x0000000086400000, 0x0000000086500000|  0%| F|  |TAMS 0x0000000086400000, 0x0000000086400000| Untracked 
| 101|0x0000000086500000, 0x0000000086500000, 0x0000000086600000|  0%| F|  |TAMS 0x0000000086500000, 0x0000000086500000| Untracked 
| 102|0x0000000086600000, 0x0000000086600000, 0x0000000086700000|  0%| F|  |TAMS 0x0000000086600000, 0x0000000086600000| Untracked 
| 103|0x0000000086700000, 0x0000000086700000, 0x0000000086800000|  0%| F|  |TAMS 0x0000000086700000, 0x0000000086700000| Untracked 
| 104|0x0000000086800000, 0x0000000086800000, 0x0000000086900000|  0%| F|  |TAMS 0x0000000086800000, 0x0000000086800000| Untracked 
| 105|0x0000000086900000, 0x0000000086900000, 0x0000000086a00000|  0%| F|  |TAMS 0x0000000086900000, 0x0000000086900000| Untracked 
| 106|0x0000000086a00000, 0x0000000086a00000, 0x0000000086b00000|  0%| F|  |TAMS 0x0000000086a00000, 0x0000000086a00000| Untracked 
| 107|0x0000000086b00000, 0x0000000086b00000, 0x0000000086c00000|  0%| F|  |TAMS 0x0000000086b00000, 0x0000000086b00000| Untracked 
| 108|0x0000000086c00000, 0x0000000086c00000, 0x0000000086d00000|  0%| F|  |TAMS 0x0000000086c00000, 0x0000000086c00000| Untracked 
| 109|0x0000000086d00000, 0x0000000086d00000, 0x0000000086e00000|  0%| F|  |TAMS 0x0000000086d00000, 0x0000000086d00000| Untracked 
| 110|0x0000000086e00000, 0x0000000086e00000, 0x0000000086f00000|  0%| F|  |TAMS 0x0000000086e00000, 0x0000000086e00000| Untracked 
| 111|0x0000000086f00000, 0x0000000086f00000, 0x0000000087000000|  0%| F|  |TAMS 0x0000000086f00000, 0x0000000086f00000| Untracked 
| 112|0x0000000087000000, 0x0000000087000000, 0x0000000087100000|  0%| F|  |TAMS 0x0000000087000000, 0x0000000087000000| Untracked 
| 113|0x0000000087100000, 0x0000000087100000, 0x0000000087200000|  0%| F|  |TAMS 0x0000000087100000, 0x0000000087100000| Untracked 
| 114|0x0000000087200000, 0x0000000087200000, 0x0000000087300000|  0%| F|  |TAMS 0x0000000087200000, 0x0000000087200000| Untracked 
| 115|0x0000000087300000, 0x0000000087300000, 0x0000000087400000|  0%| F|  |TAMS 0x0000000087300000, 0x0000000087300000| Untracked 
| 116|0x0000000087400000, 0x0000000087400000, 0x0000000087500000|  0%| F|  |TAMS 0x0000000087400000, 0x0000000087400000| Untracked 
| 117|0x0000000087500000, 0x0000000087500000, 0x0000000087600000|  0%| F|  |TAMS 0x0000000087500000, 0x0000000087500000| Untracked 
| 118|0x0000000087600000, 0x0000000087600000, 0x0000000087700000|  0%| F|  |TAMS 0x0000000087600000, 0x0000000087600000| Untracked 
| 119|0x0000000087700000, 0x0000000087700000, 0x0000000087800000|  0%| F|  |TAMS 0x0000000087700000, 0x0000000087700000| Untracked 
| 120|0x0000000087800000, 0x0000000087800000, 0x0000000087900000|  0%| F|  |TAMS 0x0000000087800000, 0x0000000087800000| Untracked 
| 121|0x0000000087900000, 0x0000000087900000, 0x0000000087a00000|  0%| F|  |TAMS 0x0000000087900000, 0x0000000087900000| Untracked 
| 122|0x0000000087a00000, 0x0000000087a00000, 0x0000000087b00000|  0%| F|  |TAMS 0x0000000087a00000, 0x0000000087a00000| Untracked 
| 123|0x0000000087b00000, 0x0000000087b00000, 0x0000000087c00000|  0%| F|  |TAMS 0x0000000087b00000, 0x0000000087b00000| Untracked 
| 124|0x0000000087c00000, 0x0000000087c00000, 0x0000000087d00000|  0%| F|  |TAMS 0x0000000087c00000, 0x0000000087c00000| Untracked 
| 125|0x0000000087d00000, 0x0000000087d00000, 0x0000000087e00000|  0%| F|  |TAMS 0x0000000087d00000, 0x0000000087d00000| Untracked 
| 126|0x0000000087e00000, 0x0000000087e00000, 0x0000000087f00000|  0%| F|  |TAMS 0x0000000087e00000, 0x0000000087e00000| Untracked 
| 127|0x0000000087f00000, 0x0000000087f00000, 0x0000000088000000|  0%| F|  |TAMS 0x0000000087f00000, 0x0000000087f00000| Untracked 
| 128|0x0000000088000000, 0x0000000088000000, 0x0000000088100000|  0%| F|  |TAMS 0x0000000088000000, 0x0000000088000000| Untracked 
| 129|0x0000000088100000, 0x0000000088100000, 0x0000000088200000|  0%| F|  |TAMS 0x0000000088100000, 0x0000000088100000| Untracked 
| 130|0x0000000088200000, 0x0000000088200000, 0x0000000088300000|  0%| F|  |TAMS 0x0000000088200000, 0x0000000088200000| Untracked 
| 131|0x0000000088300000, 0x0000000088300000, 0x0000000088400000|  0%| F|  |TAMS 0x0000000088300000, 0x0000000088300000| Untracked 
| 132|0x0000000088400000, 0x0000000088400000, 0x0000000088500000|  0%| F|  |TAMS 0x0000000088400000, 0x0000000088400000| Untracked 
| 133|0x0000000088500000, 0x0000000088500000, 0x0000000088600000|  0%| F|  |TAMS 0x0000000088500000, 0x0000000088500000| Untracked 
| 134|0x0000000088600000, 0x0000000088600000, 0x0000000088700000|  0%| F|  |TAMS 0x0000000088600000, 0x0000000088600000| Untracked 
| 135|0x0000000088700000, 0x0000000088700000, 0x0000000088800000|  0%| F|  |TAMS 0x0000000088700000, 0x0000000088700000| Untracked 
| 136|0x0000000088800000, 0x0000000088800000, 0x0000000088900000|  0%| F|  |TAMS 0x0000000088800000, 0x0000000088800000| Untracked 
| 137|0x0000000088900000, 0x0000000088900000, 0x0000000088a00000|  0%| F|  |TAMS 0x0000000088900000, 0x0000000088900000| Untracked 
| 138|0x0000000088a00000, 0x0000000088a00000, 0x0000000088b00000|  0%| F|  |TAMS 0x0000000088a00000, 0x0000000088a00000| Untracked 
| 139|0x0000000088b00000, 0x0000000088b00000, 0x0000000088c00000|  0%| F|  |TAMS 0x0000000088b00000, 0x0000000088b00000| Untracked 
| 140|0x0000000088c00000, 0x0000000088d00000, 0x0000000088d00000|100%| S|CS|TAMS 0x0000000088c00000, 0x0000000088c00000| Complete 
| 141|0x0000000088d00000, 0x0000000088e00000, 0x0000000088e00000|100%| S|CS|TAMS 0x0000000088d00000, 0x0000000088d00000| Complete 
| 142|0x0000000088e00000, 0x0000000088f00000, 0x0000000088f00000|100%| S|CS|TAMS 0x0000000088e00000, 0x0000000088e00000| Complete 
| 143|0x0000000088f00000, 0x0000000089000000, 0x0000000089000000|100%| S|CS|TAMS 0x0000000088f00000, 0x0000000088f00000| Complete 
| 144|0x0000000089000000, 0x0000000089100000, 0x0000000089100000|100%| S|CS|TAMS 0x0000000089000000, 0x0000000089000000| Complete 
| 145|0x0000000089100000, 0x0000000089200000, 0x0000000089200000|100%| S|CS|TAMS 0x0000000089100000, 0x0000000089100000| Complete 
| 146|0x0000000089200000, 0x0000000089200000, 0x0000000089300000|  0%| F|  |TAMS 0x0000000089200000, 0x0000000089200000| Untracked 
| 147|0x0000000089300000, 0x0000000089300000, 0x0000000089400000|  0%| F|  |TAMS 0x0000000089300000, 0x0000000089300000| Untracked 
| 148|0x0000000089400000, 0x0000000089400000, 0x0000000089500000|  0%| F|  |TAMS 0x0000000089400000, 0x0000000089400000| Untracked 
| 149|0x0000000089500000, 0x0000000089500000, 0x0000000089600000|  0%| F|  |TAMS 0x0000000089500000, 0x0000000089500000| Untracked 
| 150|0x0000000089600000, 0x0000000089600000, 0x0000000089700000|  0%| F|  |TAMS 0x0000000089600000, 0x0000000089600000| Untracked 
| 151|0x0000000089700000, 0x0000000089700000, 0x0000000089800000|  0%| F|  |TAMS 0x0000000089700000, 0x0000000089700000| Untracked 
| 152|0x0000000089800000, 0x0000000089800000, 0x0000000089900000|  0%| F|  |TAMS 0x0000000089800000, 0x0000000089800000| Untracked 
| 153|0x0000000089900000, 0x0000000089900000, 0x0000000089a00000|  0%| F|  |TAMS 0x0000000089900000, 0x0000000089900000| Untracked 
| 154|0x0000000089a00000, 0x0000000089a00000, 0x0000000089b00000|  0%| F|  |TAMS 0x0000000089a00000, 0x0000000089a00000| Untracked 
| 155|0x0000000089b00000, 0x0000000089b00000, 0x0000000089c00000|  0%| F|  |TAMS 0x0000000089b00000, 0x0000000089b00000| Untracked 
| 156|0x0000000089c00000, 0x0000000089c00000, 0x0000000089d00000|  0%| F|  |TAMS 0x0000000089c00000, 0x0000000089c00000| Untracked 
| 157|0x0000000089d00000, 0x0000000089d00000, 0x0000000089e00000|  0%| F|  |TAMS 0x0000000089d00000, 0x0000000089d00000| Untracked 
| 158|0x0000000089e00000, 0x0000000089e00000, 0x0000000089f00000|  0%| F|  |TAMS 0x0000000089e00000, 0x0000000089e00000| Untracked 
| 159|0x0000000089f00000, 0x0000000089f00000, 0x000000008a000000|  0%| F|  |TAMS 0x0000000089f00000, 0x0000000089f00000| Untracked 
| 160|0x000000008a000000, 0x000000008a000000, 0x000000008a100000|  0%| F|  |TAMS 0x000000008a000000, 0x000000008a000000| Untracked 
| 161|0x000000008a100000, 0x000000008a100000, 0x000000008a200000|  0%| F|  |TAMS 0x000000008a100000, 0x000000008a100000| Untracked 
| 162|0x000000008a200000, 0x000000008a200000, 0x000000008a300000|  0%| F|  |TAMS 0x000000008a200000, 0x000000008a200000| Untracked 
| 163|0x000000008a300000, 0x000000008a300000, 0x000000008a400000|  0%| F|  |TAMS 0x000000008a300000, 0x000000008a300000| Untracked 
| 164|0x000000008a400000, 0x000000008a400000, 0x000000008a500000|  0%| F|  |TAMS 0x000000008a400000, 0x000000008a400000| Untracked 
| 165|0x000000008a500000, 0x000000008a500000, 0x000000008a600000|  0%| F|  |TAMS 0x000000008a500000, 0x000000008a500000| Untracked 
| 166|0x000000008a600000, 0x000000008a600000, 0x000000008a700000|  0%| F|  |TAMS 0x000000008a600000, 0x000000008a600000| Untracked 
| 167|0x000000008a700000, 0x000000008a700000, 0x000000008a800000|  0%| F|  |TAMS 0x000000008a700000, 0x000000008a700000| Untracked 
| 168|0x000000008a800000, 0x000000008a800000, 0x000000008a900000|  0%| F|  |TAMS 0x000000008a800000, 0x000000008a800000| Untracked 
| 169|0x000000008a900000, 0x000000008a900000, 0x000000008aa00000|  0%| F|  |TAMS 0x000000008a900000, 0x000000008a900000| Untracked 
| 170|0x000000008aa00000, 0x000000008aa00000, 0x000000008ab00000|  0%| F|  |TAMS 0x000000008aa00000, 0x000000008aa00000| Untracked 
| 171|0x000000008ab00000, 0x000000008ab00000, 0x000000008ac00000|  0%| F|  |TAMS 0x000000008ab00000, 0x000000008ab00000| Untracked 
| 172|0x000000008ac00000, 0x000000008ac00000, 0x000000008ad00000|  0%| F|  |TAMS 0x000000008ac00000, 0x000000008ac00000| Untracked 
| 173|0x000000008ad00000, 0x000000008ad00000, 0x000000008ae00000|  0%| F|  |TAMS 0x000000008ad00000, 0x000000008ad00000| Untracked 
| 174|0x000000008ae00000, 0x000000008ae00000, 0x000000008af00000|  0%| F|  |TAMS 0x000000008ae00000, 0x000000008ae00000| Untracked 
| 175|0x000000008af00000, 0x000000008af00000, 0x000000008b000000|  0%| F|  |TAMS 0x000000008af00000, 0x000000008af00000| Untracked 
| 176|0x000000008b000000, 0x000000008b000000, 0x000000008b100000|  0%| F|  |TAMS 0x000000008b000000, 0x000000008b000000| Untracked 
| 177|0x000000008b100000, 0x000000008b100000, 0x000000008b200000|  0%| F|  |TAMS 0x000000008b100000, 0x000000008b100000| Untracked 
| 178|0x000000008b200000, 0x000000008b200000, 0x000000008b300000|  0%| F|  |TAMS 0x000000008b200000, 0x000000008b200000| Untracked 
| 179|0x000000008b300000, 0x000000008b300000, 0x000000008b400000|  0%| F|  |TAMS 0x000000008b300000, 0x000000008b300000| Untracked 
| 180|0x000000008b400000, 0x000000008b400000, 0x000000008b500000|  0%| F|  |TAMS 0x000000008b400000, 0x000000008b400000| Untracked 
| 181|0x000000008b500000, 0x000000008b500000, 0x000000008b600000|  0%| F|  |TAMS 0x000000008b500000, 0x000000008b500000| Untracked 
| 182|0x000000008b600000, 0x000000008b600000, 0x000000008b700000|  0%| F|  |TAMS 0x000000008b600000, 0x000000008b600000| Untracked 
| 183|0x000000008b700000, 0x000000008b700000, 0x000000008b800000|  0%| F|  |TAMS 0x000000008b700000, 0x000000008b700000| Untracked 
| 184|0x000000008b800000, 0x000000008b800000, 0x000000008b900000|  0%| F|  |TAMS 0x000000008b800000, 0x000000008b800000| Untracked 
| 185|0x000000008b900000, 0x000000008b900000, 0x000000008ba00000|  0%| F|  |TAMS 0x000000008b900000, 0x000000008b900000| Untracked 
| 186|0x000000008ba00000, 0x000000008ba00000, 0x000000008bb00000|  0%| F|  |TAMS 0x000000008ba00000, 0x000000008ba00000| Untracked 
| 187|0x000000008bb00000, 0x000000008bb00000, 0x000000008bc00000|  0%| F|  |TAMS 0x000000008bb00000, 0x000000008bb00000| Untracked 
| 188|0x000000008bc00000, 0x000000008bc00000, 0x000000008bd00000|  0%| F|  |TAMS 0x000000008bc00000, 0x000000008bc00000| Untracked 
| 189|0x000000008bd00000, 0x000000008bd00000, 0x000000008be00000|  0%| F|  |TAMS 0x000000008bd00000, 0x000000008bd00000| Untracked 
| 190|0x000000008be00000, 0x000000008be00000, 0x000000008bf00000|  0%| F|  |TAMS 0x000000008be00000, 0x000000008be00000| Untracked 
| 191|0x000000008bf00000, 0x000000008bf00000, 0x000000008c000000|  0%| F|  |TAMS 0x000000008bf00000, 0x000000008bf00000| Untracked 
| 192|0x000000008c000000, 0x000000008c000000, 0x000000008c100000|  0%| F|  |TAMS 0x000000008c000000, 0x000000008c000000| Untracked 
| 193|0x000000008c100000, 0x000000008c100000, 0x000000008c200000|  0%| F|  |TAMS 0x000000008c100000, 0x000000008c100000| Untracked 
| 194|0x000000008c200000, 0x000000008c200000, 0x000000008c300000|  0%| F|  |TAMS 0x000000008c200000, 0x000000008c200000| Untracked 
| 195|0x000000008c300000, 0x000000008c300000, 0x000000008c400000|  0%| F|  |TAMS 0x000000008c300000, 0x000000008c300000| Untracked 
| 196|0x000000008c400000, 0x000000008c400000, 0x000000008c500000|  0%| F|  |TAMS 0x000000008c400000, 0x000000008c400000| Untracked 
| 197|0x000000008c500000, 0x000000008c500000, 0x000000008c600000|  0%| F|  |TAMS 0x000000008c500000, 0x000000008c500000| Untracked 
| 198|0x000000008c600000, 0x000000008c600000, 0x000000008c700000|  0%| F|  |TAMS 0x000000008c600000, 0x000000008c600000| Untracked 
| 199|0x000000008c700000, 0x000000008c700000, 0x000000008c800000|  0%| F|  |TAMS 0x000000008c700000, 0x000000008c700000| Untracked 
| 200|0x000000008c800000, 0x000000008c800000, 0x000000008c900000|  0%| F|  |TAMS 0x000000008c800000, 0x000000008c800000| Untracked 
| 201|0x000000008c900000, 0x000000008c900000, 0x000000008ca00000|  0%| F|  |TAMS 0x000000008c900000, 0x000000008c900000| Untracked 
| 202|0x000000008ca00000, 0x000000008ca00000, 0x000000008cb00000|  0%| F|  |TAMS 0x000000008ca00000, 0x000000008ca00000| Untracked 
| 203|0x000000008cb00000, 0x000000008cb00000, 0x000000008cc00000|  0%| F|  |TAMS 0x000000008cb00000, 0x000000008cb00000| Untracked 
| 204|0x000000008cc00000, 0x000000008cc00000, 0x000000008cd00000|  0%| F|  |TAMS 0x000000008cc00000, 0x000000008cc00000| Untracked 
| 205|0x000000008cd00000, 0x000000008cd00000, 0x000000008ce00000|  0%| F|  |TAMS 0x000000008cd00000, 0x000000008cd00000| Untracked 
| 206|0x000000008ce00000, 0x000000008ce00000, 0x000000008cf00000|  0%| F|  |TAMS 0x000000008ce00000, 0x000000008ce00000| Untracked 
| 207|0x000000008cf00000, 0x000000008cf00000, 0x000000008d000000|  0%| F|  |TAMS 0x000000008cf00000, 0x000000008cf00000| Untracked 
| 208|0x000000008d000000, 0x000000008d000000, 0x000000008d100000|  0%| F|  |TAMS 0x000000008d000000, 0x000000008d000000| Untracked 
| 209|0x000000008d100000, 0x000000008d100000, 0x000000008d200000|  0%| F|  |TAMS 0x000000008d100000, 0x000000008d100000| Untracked 
| 210|0x000000008d200000, 0x000000008d200000, 0x000000008d300000|  0%| F|  |TAMS 0x000000008d200000, 0x000000008d200000| Untracked 
| 211|0x000000008d300000, 0x000000008d300000, 0x000000008d400000|  0%| F|  |TAMS 0x000000008d300000, 0x000000008d300000| Untracked 
| 212|0x000000008d400000, 0x000000008d400000, 0x000000008d500000|  0%| F|  |TAMS 0x000000008d400000, 0x000000008d400000| Untracked 
| 213|0x000000008d500000, 0x000000008d500000, 0x000000008d600000|  0%| F|  |TAMS 0x000000008d500000, 0x000000008d500000| Untracked 
| 214|0x000000008d600000, 0x000000008d600000, 0x000000008d700000|  0%| F|  |TAMS 0x000000008d600000, 0x000000008d600000| Untracked 
| 215|0x000000008d700000, 0x000000008d700000, 0x000000008d800000|  0%| F|  |TAMS 0x000000008d700000, 0x000000008d700000| Untracked 
| 216|0x000000008d800000, 0x000000008d87cff8, 0x000000008d900000| 48%| E|  |TAMS 0x000000008d800000, 0x000000008d800000| Complete 
| 217|0x000000008d900000, 0x000000008da00000, 0x000000008da00000|100%| E|CS|TAMS 0x000000008d900000, 0x000000008d900000| Complete 
| 218|0x000000008da00000, 0x000000008db00000, 0x000000008db00000|100%| E|CS|TAMS 0x000000008da00000, 0x000000008da00000| Complete 
| 219|0x000000008db00000, 0x000000008dc00000, 0x000000008dc00000|100%| E|CS|TAMS 0x000000008db00000, 0x000000008db00000| Complete 
| 220|0x000000008dc00000, 0x000000008dd00000, 0x000000008dd00000|100%| E|CS|TAMS 0x000000008dc00000, 0x000000008dc00000| Complete 
| 221|0x000000008dd00000, 0x000000008de00000, 0x000000008de00000|100%| E|CS|TAMS 0x000000008dd00000, 0x000000008dd00000| Complete 
| 222|0x000000008de00000, 0x000000008df00000, 0x000000008df00000|100%| E|CS|TAMS 0x000000008de00000, 0x000000008de00000| Complete 

Card table byte_map: [0x000001bab07d0000,0x000001bab0bd0000] _byte_map_base: 0x000001bab03d0000

Marking Bits (Prev, Next): (CMBitMap*) 0x000001ba9b6affa8, (CMBitMap*) 0x000001ba9b6affe0
 Prev Bits: [0x000001bab0fd0000, 0x000001bab2fd0000)
 Next Bits: [0x000001bab2fd0000, 0x000001bab4fd0000)

Polling page: 0x000001ba9b750000

Metaspace:

Usage:
  Non-class:     72.66 MB capacity,    71.30 MB ( 98%) used,     1.12 MB (  2%) free+waste,   248.31 KB ( <1%) overhead. 
      Class:     11.51 MB capacity,    10.67 MB ( 93%) used,   739.19 KB (  6%) free+waste,   114.75 KB ( <1%) overhead. 
       Both:     84.17 MB capacity,    81.97 MB ( 97%) used,     1.85 MB (  2%) free+waste,   363.06 KB ( <1%) overhead. 

Virtual space:
  Non-class space:       74.00 MB reserved,      72.75 MB ( 98%) committed 
      Class space:        1.00 GB reserved,      11.57 MB (  1%) committed 
             Both:        1.07 GB reserved,      84.32 MB (  8%) committed 

Chunk freelists:
   Non-Class:  25.00 KB
       Class:  0 bytes
        Both:  25.00 KB

MaxMetaspaceSize: 17179869184.00 GB
CompressedClassSpaceSize: 1.00 GB

CodeHeap 'non-profiled nmethods': size=120000Kb used=4317Kb max_used=4317Kb free=115682Kb
 bounds [0x000001baa8440000, 0x000001baa8880000, 0x000001baaf970000]
CodeHeap 'profiled nmethods': size=120000Kb used=19483Kb max_used=19483Kb free=100517Kb
 bounds [0x000001baa0f10000, 0x000001baa2220000, 0x000001baa8440000]
CodeHeap 'non-nmethods': size=5760Kb used=2284Kb max_used=2317Kb free=3475Kb
 bounds [0x000001baa0970000, 0x000001baa0be0000, 0x000001baa0f10000]
 total_blobs=10299 nmethods=9412 adapters=798
 compilation: enabled
              stopped_count=0, restarted_count=0
 full_count=0

Compilation events (20 events):
Event: 35.924 Thread 0x000001bab83fe800 9703       2       java.util.Vector::<init> (7 bytes)
Event: 35.924 Thread 0x000001bab83fe800 nmethod 9703 0x000001baa220be90 code [0x000001baa220c040, 0x000001baa220c168]
Event: 35.929 Thread 0x000001bab83fe800 9704       2       java.lang.String::getChars (54 bytes)
Event: 35.929 Thread 0x000001bab83fe800 nmethod 9704 0x000001baa220c210 code [0x000001baa220c3e0, 0x000001baa220c618]
Event: 35.933 Thread 0x000001bab83fe800 9705       2       jdk.internal.reflect.Label::add (23 bytes)
Event: 35.934 Thread 0x000001bab83fe800 nmethod 9705 0x000001baa220c790 code [0x000001baa220c940, 0x000001baa220cb28]
Event: 35.934 Thread 0x000001bab83fe800 9706       2       jdk.internal.reflect.Label$PatchInfo::<init> (26 bytes)
Event: 35.934 Thread 0x000001bab83fe800 nmethod 9706 0x000001baa220cc10 code [0x000001baa220cdc0, 0x000001baa220cf18]
Event: 35.935 Thread 0x000001bab83fe800 9707       2       java.io.ObjectStreamField::<init> (64 bytes)
Event: 35.936 Thread 0x000001bab83fe800 nmethod 9707 0x000001baa220cf90 code [0x000001baa220d1a0, 0x000001baa220d5a8]
Event: 35.937 Thread 0x000001bab83fe800 9708       2       jdk.internal.reflect.ClassFileAssembler::decStack (11 bytes)
Event: 35.937 Thread 0x000001bab83fe800 nmethod 9708 0x000001baa220d790 code [0x000001baa220d940, 0x000001baa220da38]
Event: 35.938 Thread 0x000001bab83fe800 9709       2       java.lang.reflect.Constructor::getExceptionTypes (11 bytes)
Event: 35.938 Thread 0x000001bab83fe800 nmethod 9709 0x000001baa220db10 code [0x000001baa220dcc0, 0x000001baa220de08]
Event: 35.942 Thread 0x000001bab83fe800 9710       2       org.gradle.api.internal.provider.AbstractMinimalProvider::getFactoryId (4 bytes)
Event: 35.942 Thread 0x000001bab83fe800 nmethod 9710 0x000001baa220df10 code [0x000001baa220e0c0, 0x000001baa220e1b8]
Event: 35.942 Thread 0x000001bab83fe800 9711       2       java.lang.AbstractStringBuilder::append (55 bytes)
Event: 35.942 Thread 0x000001bab83fe800 nmethod 9711 0x000001baa220e290 code [0x000001baa220e460, 0x000001baa220e658]
Event: 35.984 Thread 0x000001bab83fe800 9712       2       java.util.AbstractCollection::remove (67 bytes)
Event: 35.985 Thread 0x000001bab83fe800 nmethod 9712 0x000001baa220e790 code [0x000001baa220e9c0, 0x000001baa220ed58]

GC Heap History (20 events):
Event: 18.758 GC heap before
{Heap before GC invocations=40 (full 0):
 garbage-first heap   total 78848K, used 62744K [0x0000000080000000, 0x0000000100000000)
  region size 1024K, 14 young (14336K), 2 survivors (2048K)
 Metaspace       used 63170K, capacity 64724K, committed 64972K, reserved 1105920K
  class space    used 8043K, capacity 8627K, committed 8652K, reserved 1048576K
}
Event: 18.763 GC heap after
{Heap after GC invocations=41 (full 0):
 garbage-first heap   total 78848K, used 49822K [0x0000000080000000, 0x0000000100000000)
  region size 1024K, 2 young (2048K), 2 survivors (2048K)
 Metaspace       used 63170K, capacity 64724K, committed 64972K, reserved 1105920K
  class space    used 8043K, capacity 8627K, committed 8652K, reserved 1048576K
}
Event: 18.885 GC heap before
{Heap before GC invocations=41 (full 0):
 garbage-first heap   total 78848K, used 62110K [0x0000000080000000, 0x0000000100000000)
  region size 1024K, 14 young (14336K), 2 survivors (2048K)
 Metaspace       used 63243K, capacity 64829K, committed 65100K, reserved 1105920K
  class space    used 8050K, capacity 8663K, committed 8780K, reserved 1048576K
}
Event: 18.906 GC heap after
{Heap after GC invocations=42 (full 0):
 garbage-first heap   total 117760K, used 51372K [0x0000000080000000, 0x0000000100000000)
  region size 1024K, 2 young (2048K), 2 survivors (2048K)
 Metaspace       used 63243K, capacity 64829K, committed 65100K, reserved 1105920K
  class space    used 8050K, capacity 8663K, committed 8780K, reserved 1048576K
}
Event: 20.549 GC heap before
{Heap before GC invocations=43 (full 0):
 garbage-first heap   total 117760K, used 82092K [0x0000000080000000, 0x0000000100000000)
  region size 1024K, 32 young (32768K), 2 survivors (2048K)
 Metaspace       used 66366K, capacity 68025K, committed 68172K, reserved 1107968K
  class space    used 8549K, capacity 9153K, committed 9292K, reserved 1048576K
}
Event: 20.556 GC heap after
{Heap after GC invocations=44 (full 0):
 garbage-first heap   total 117760K, used 53436K [0x0000000080000000, 0x0000000100000000)
  region size 1024K, 4 young (4096K), 4 survivors (4096K)
 Metaspace       used 66366K, capacity 68025K, committed 68172K, reserved 1107968K
  class space    used 8549K, capacity 9153K, committed 9292K, reserved 1048576K
}
Event: 21.709 GC heap before
{Heap before GC invocations=44 (full 0):
 garbage-first heap   total 117760K, used 84156K [0x0000000080000000, 0x0000000100000000)
  region size 1024K, 34 young (34816K), 4 survivors (4096K)
 Metaspace       used 69568K, capacity 71204K, committed 71372K, reserved 1112064K
  class space    used 9027K, capacity 9621K, committed 9676K, reserved 1048576K
}
Event: 21.732 GC heap after
{Heap after GC invocations=45 (full 0):
 garbage-first heap   total 117760K, used 55789K [0x0000000080000000, 0x0000000100000000)
  region size 1024K, 5 young (5120K), 5 survivors (5120K)
 Metaspace       used 69568K, capacity 71204K, committed 71372K, reserved 1112064K
  class space    used 9027K, capacity 9621K, committed 9676K, reserved 1048576K
}
Event: 22.686 GC heap before
{Heap before GC invocations=45 (full 0):
 garbage-first heap   total 117760K, used 86509K [0x0000000080000000, 0x0000000100000000)
  region size 1024K, 35 young (35840K), 5 survivors (5120K)
 Metaspace       used 72054K, capacity 73730K, committed 74060K, reserved 1114112K
  class space    used 9363K, capacity 9963K, committed 10060K, reserved 1048576K
}
Event: 22.701 GC heap after
{Heap after GC invocations=46 (full 0):
 garbage-first heap   total 117760K, used 57963K [0x0000000080000000, 0x0000000100000000)
  region size 1024K, 5 young (5120K), 5 survivors (5120K)
 Metaspace       used 72054K, capacity 73730K, committed 74060K, reserved 1114112K
  class space    used 9363K, capacity 9963K, committed 10060K, reserved 1048576K
}
Event: 24.425 GC heap before
{Heap before GC invocations=46 (full 0):
 garbage-first heap   total 117760K, used 88683K [0x0000000080000000, 0x0000000100000000)
  region size 1024K, 35 young (35840K), 5 survivors (5120K)
 Metaspace       used 76092K, capacity 77897K, committed 78028K, reserved 1116160K
  class space    used 9917K, capacity 10574K, committed 10700K, reserved 1048576K
}
Event: 24.448 GC heap after
{Heap after GC invocations=47 (full 0):
 garbage-first heap   total 157696K, used 59851K [0x0000000080000000, 0x0000000100000000)
  region size 1024K, 4 young (4096K), 4 survivors (4096K)
 Metaspace       used 76092K, capacity 77897K, committed 78028K, reserved 1116160K
  class space    used 9917K, capacity 10574K, committed 10700K, reserved 1048576K
}
Event: 30.872 GC heap before
{Heap before GC invocations=48 (full 0):
 garbage-first heap   total 157696K, used 104907K [0x0000000080000000, 0x0000000100000000)
  region size 1024K, 48 young (49152K), 4 survivors (4096K)
 Metaspace       used 79011K, capacity 81163K, committed 81356K, reserved 1120256K
  class space    used 10408K, capacity 11198K, committed 11212K, reserved 1048576K
}
Event: 30.973 GC heap after
{Heap after GC invocations=49 (full 0):
 garbage-first heap   total 157696K, used 63046K [0x0000000080000000, 0x0000000100000000)
  region size 1024K, 6 young (6144K), 6 survivors (6144K)
 Metaspace       used 79011K, capacity 81163K, committed 81356K, reserved 1120256K
  class space    used 10408K, capacity 11198K, committed 11212K, reserved 1048576K
}
Event: 32.288 GC heap before
{Heap before GC invocations=49 (full 0):
 garbage-first heap   total 157696K, used 111174K [0x0000000080000000, 0x0000000100000000)
  region size 1024K, 54 young (55296K), 6 survivors (6144K)
 Metaspace       used 79571K, capacity 81713K, committed 81996K, reserved 1120256K
  class space    used 10432K, capacity 11217K, committed 11340K, reserved 1048576K
}
Event: 32.309 GC heap after
{Heap after GC invocations=50 (full 0):
 garbage-first heap   total 157696K, used 66150K [0x0000000080000000, 0x0000000100000000)
  region size 1024K, 7 young (7168K), 7 survivors (7168K)
 Metaspace       used 79571K, capacity 81713K, committed 81996K, reserved 1120256K
  class space    used 10432K, capacity 11217K, committed 11340K, reserved 1048576K
}
Event: 34.222 GC heap before
{Heap before GC invocations=50 (full 0):
 garbage-first heap   total 157696K, used 125542K [0x0000000080000000, 0x0000000100000000)
  region size 1024K, 64 young (65536K), 7 survivors (7168K)
 Metaspace       used 83432K, capacity 85642K, committed 85836K, reserved 1124352K
  class space    used 10873K, capacity 11735K, committed 11852K, reserved 1048576K
}
Event: 34.347 GC heap after
{Heap after GC invocations=51 (full 0):
 garbage-first heap   total 157696K, used 80466K [0x0000000080000000, 0x0000000100000000)
  region size 1024K, 8 young (8192K), 8 survivors (8192K)
 Metaspace       used 83432K, capacity 85642K, committed 85836K, reserved 1124352K
  class space    used 10873K, capacity 11735K, committed 11852K, reserved 1048576K
}
Event: 34.887 GC heap before
{Heap before GC invocations=51 (full 0):
 garbage-first heap   total 157696K, used 87634K [0x0000000080000000, 0x0000000100000000)
  region size 1024K, 16 young (16384K), 8 survivors (8192K)
 Metaspace       used 83454K, capacity 85706K, committed 85836K, reserved 1124352K
  class space    used 10874K, capacity 11735K, committed 11852K, reserved 1048576K
}
Event: 35.068 GC heap after
{Heap after GC invocations=52 (full 0):
 garbage-first heap   total 228352K, used 88474K [0x0000000080000000, 0x0000000100000000)
  region size 1024K, 6 young (6144K), 6 survivors (6144K)
 Metaspace       used 83454K, capacity 85706K, committed 85836K, reserved 1124352K
  class space    used 10874K, capacity 11735K, committed 11852K, reserved 1048576K
}

Deoptimization events (20 events):
Event: 35.486 Thread 0x000001bab9f8e000 DEOPT PACKING pc=0x000001baa21fc6de sp=0x000000128d8f6bb0
Event: 35.488 Thread 0x000001bab9f8e000 DEOPT UNPACKING pc=0x000001baa09976ce sp=0x000000128d8f6048 mode 0
Event: 35.784 Thread 0x000001bab9f8e000 Uncommon trap: trap_request=0xffffff4d fr.pc=0x000001baa8454498 relative=0x0000000000000258
Event: 35.784 Thread 0x000001bab9f8e000 Uncommon trap: reason=unstable_if action=reinterpret pc=0x000001baa8454498 method=java.lang.String.getChars(II[CI)V @ 23 c2
Event: 35.784 Thread 0x000001bab9f8e000 DEOPT PACKING pc=0x000001baa8454498 sp=0x000000128d8f7550
Event: 35.784 Thread 0x000001bab9f8e000 DEOPT UNPACKING pc=0x000001baa09978af sp=0x000000128d8f7510 mode 2
Event: 35.879 Thread 0x000001bab9f8e000 Uncommon trap: trap_request=0xffffff4d fr.pc=0x000001baa850a608 relative=0x00000000000008a8
Event: 35.879 Thread 0x000001bab9f8e000 Uncommon trap: reason=unstable_if action=reinterpret pc=0x000001baa850a608 method=java.lang.Integer.stringSize(I)I @ 19 c2
Event: 35.879 Thread 0x000001bab9f8e000 DEOPT PACKING pc=0x000001baa850a608 sp=0x000000128d8f73e0
Event: 35.879 Thread 0x000001bab9f8e000 DEOPT UNPACKING pc=0x000001baa09978af sp=0x000000128d8f7338 mode 2
Event: 35.902 Thread 0x000001bab9f8e000 Uncommon trap: trap_request=0xffffff6e fr.pc=0x000001baa87f5f3c relative=0x000000000000075c
Event: 35.902 Thread 0x000001bab9f8e000 Uncommon trap: reason=speculate_class_check action=maybe_recompile pc=0x000001baa87f5f3c method=sun.security.provider.DigestBase.implCompressMultiBlock([BII)I @ 11 c2
Event: 35.902 Thread 0x000001bab9f8e000 DEOPT PACKING pc=0x000001baa87f5f3c sp=0x000000128d8f4ba0
Event: 35.902 Thread 0x000001bab9f8e000 DEOPT UNPACKING pc=0x000001baa09978af sp=0x000000128d8f4ad8 mode 2
Event: 35.903 Thread 0x000001bab9f8e000 DEOPT PACKING pc=0x000001baa0f4b13c sp=0x000000128d8f6490
Event: 35.903 Thread 0x000001bab9f8e000 DEOPT UNPACKING pc=0x000001baa09976ce sp=0x000000128d8f58f0 mode 0
Event: 35.939 Thread 0x000001bab9f8e000 Uncommon trap: trap_request=0xffffff6e fr.pc=0x000001baa87f5f3c relative=0x000000000000075c
Event: 35.939 Thread 0x000001bab9f8e000 Uncommon trap: reason=speculate_class_check action=maybe_recompile pc=0x000001baa87f5f3c method=sun.security.provider.DigestBase.implCompressMultiBlock([BII)I @ 11 c2
Event: 35.939 Thread 0x000001bab9f8e000 DEOPT PACKING pc=0x000001baa87f5f3c sp=0x000000128d8f47f0
Event: 35.939 Thread 0x000001bab9f8e000 DEOPT UNPACKING pc=0x000001baa09978af sp=0x000000128d8f4728 mode 2

Classes redefined (0 events):
No events

Internal exceptions (20 events):
Event: 25.613 Thread 0x000001baba423800 Exception <a 'java/lang/NoSuchMethodError'{0x0000000088f1d6a8}: <clinit>> (0x0000000088f1d6a8) thrown at [./src/hotspot/share/prims/jni.cpp, line 1362]
Event: 25.613 Thread 0x000001baba423800 Exception <a 'java/lang/NoSuchMethodError'{0x0000000088f1ee18}: <clinit>> (0x0000000088f1ee18) thrown at [./src/hotspot/share/prims/jni.cpp, line 1362]
Event: 25.889 Thread 0x000001babcea4800 Exception <a 'java/lang/NoSuchMethodError'{0x0000000088dac4f8}: <clinit>> (0x0000000088dac4f8) thrown at [./src/hotspot/share/prims/jni.cpp, line 1362]
Event: 25.970 Thread 0x000001babcea4800 Exception <a 'java/lang/NoSuchMethodError'{0x0000000088dc0c08}: <clinit>> (0x0000000088dc0c08) thrown at [./src/hotspot/share/prims/jni.cpp, line 1362]
Event: 26.018 Thread 0x000001babcea4800 Exception <a 'java/lang/NoSuchMethodError'{0x0000000088dd9e90}: <clinit>> (0x0000000088dd9e90) thrown at [./src/hotspot/share/prims/jni.cpp, line 1362]
Event: 26.600 Thread 0x000001baba423800 Exception <a 'java/lang/NoSuchMethodError'{0x0000000088a37648}: <clinit>> (0x0000000088a37648) thrown at [./src/hotspot/share/prims/jni.cpp, line 1362]
Event: 27.559 Thread 0x000001bab9f8e000 Exception <a 'java/lang/NoSuchMethodError'{0x0000000088bfef18}: 'java.lang.Object java.lang.invoke.Invokers$Holder.linkToTargetMethod(java.lang.Object, java.lang.Object, java.lang.Object, int, java.lang.Object, java.lang.Object)'> (0x0000000088bfef18) thrown at [./src/hotspot/share/interpreter/linkResolver.cpp, line 773]
Event: 29.764 Thread 0x000001bab940a800 Exception <a 'java/lang/NoSuchMethodError'{0x0000000087bd6728}: 'java.lang.Object java.lang.invoke.DirectMethodHandle$Holder.invokeSpecialIFC(java.lang.Object, java.lang.Object, java.lang.Object)'> (0x0000000087bd6728) thrown at [./src/hotspot/share/interpreter/linkResolver.cpp, line 773]
Event: 29.764 Thread 0x000001bab940c000 Exception <a 'java/lang/NoSuchMethodError'{0x0000000087a86090}: 'java.lang.Object java.lang.invoke.DirectMethodHandle$Holder.invokeSpecialIFC(java.lang.Object, java.lang.Object, java.lang.Object)'> (0x0000000087a86090) thrown at [./src/hotspot/share/interpreter/linkResolver.cpp, line 773]
Event: 29.764 Thread 0x000001bab9406800 Exception <a 'java/lang/NoSuchMethodError'{0x0000000087bf8b68}: 'java.lang.Object java.lang.invoke.DirectMethodHandle$Holder.invokeSpecialIFC(java.lang.Object, java.lang.Object, java.lang.Object)'> (0x0000000087bf8b68) thrown at [./src/hotspot/share/interpreter/linkResolver.cpp, line 773]
Event: 29.764 Thread 0x000001bab9409000 Exception <a 'java/lang/NoSuchMethodError'{0x0000000087b78960}: 'java.lang.Object java.lang.invoke.DirectMethodHandle$Holder.invokeSpecialIFC(java.lang.Object, java.lang.Object, java.lang.Object)'> (0x0000000087b78960) thrown at [./src/hotspot/share/interpreter/linkResolver.cpp, line 773]
Event: 29.764 Thread 0x000001bab9f8e000 Exception <a 'java/lang/NoSuchMethodError'{0x0000000087a054a8}: 'java.lang.Object java.lang.invoke.DirectMethodHandle$Holder.invokeSpecialIFC(java.lang.Object, java.lang.Object, java.lang.Object)'> (0x0000000087a054a8) thrown at [./src/hotspot/share/interpreter/linkResolver.cpp, line 773]
Event: 29.764 Thread 0x000001bab9400000 Exception <a 'java/lang/NoSuchMethodError'{0x0000000087a8e630}: 'java.lang.Object java.lang.invoke.DirectMethodHandle$Holder.invokeSpecialIFC(java.lang.Object, java.lang.Object, java.lang.Object)'> (0x0000000087a8e630) thrown at [./src/hotspot/share/interpreter/linkResolver.cpp, line 773]
Event: 29.764 Thread 0x000001bab9409800 Exception <a 'java/lang/NoSuchMethodError'{0x0000000087ba00a0}: 'java.lang.Object java.lang.invoke.DirectMethodHandle$Holder.invokeSpecialIFC(java.lang.Object, java.lang.Object, java.lang.Object)'> (0x0000000087ba00a0) thrown at [./src/hotspot/share/interpreter/linkResolver.cpp, line 773]
Event: 29.768 Thread 0x000001bab940b000 Exception <a 'java/lang/NoSuchMethodError'{0x0000000087bf26a8}: 'java.lang.Object java.lang.invoke.DirectMethodHandle$Holder.invokeSpecialIFC(java.lang.Object, java.lang.Object, java.lang.Object)'> (0x0000000087bf26a8) thrown at [./src/hotspot/share/interpreter/linkResolver.cpp, line 773]
Event: 30.310 Thread 0x000001bab9f8e000 Exception <a 'java/lang/NoSuchMethodError'{0x00000000876224c8}: 'int java.lang.invoke.DirectMethodHandle$Holder.invokeStaticInit(java.lang.Object, java.lang.Object, java.lang.Object, java.lang.Object, java.lang.Object)'> (0x00000000876224c8) thrown at [./src/hotspot/share/interpreter/linkResolver.cpp, line 773]
Event: 31.364 Thread 0x000001bab9409000 Exception <a 'java/lang/NoSuchMethodError'{0x0000000088a2e1e0}: 'void java.lang.invoke.DirectMethodHandle$Holder.invokeVirtual(java.lang.Object, java.lang.Object)'> (0x0000000088a2e1e0) thrown at [./src/hotspot/share/interpreter/linkResolver.cpp, line 773]
Event: 31.913 Thread 0x000001bab9f8e000 Exception <a 'java/lang/IncompatibleClassChangeError'{0x0000000087bddb08}: Found class java.lang.Object, but interface was expected> (0x0000000087bddb08) thrown at [./src/hotspot/share/interpreter/linkResolver.cpp, line 839]
Event: 35.929 Thread 0x000001bab9f8e000 Exception <a 'java/lang/NoSuchMethodError'{0x000000008dbae540}: <clinit>> (0x000000008dbae540) thrown at [./src/hotspot/share/prims/jni.cpp, line 1362]
Event: 35.938 Thread 0x000001bab9f8e000 Exception <a 'java/lang/NoSuchMethodError'{0x000000008dbe7070}: <clinit>> (0x000000008dbe7070) thrown at [./src/hotspot/share/prims/jni.cpp, line 1362]

Events (20 events):
Event: 35.975 loading class com/google/wireless/android/sdk/stats/GradleBuildProfileSpan$1 done
Event: 35.978 loading class com/google/wireless/android/sdk/stats/GradleTaskExecution
Event: 35.978 loading class com/google/wireless/android/sdk/stats/GradleTaskExecution done
Event: 35.983 loading class org/gradle/internal/work/DefaultConditionalExecutionQueue$ExecutionRunner$1
Event: 35.983 loading class org/gradle/internal/work/DefaultConditionalExecutionQueue$ExecutionRunner$1 done
Event: 35.984 loading class java/time/Instant$1
Event: 35.985 loading class org/gradle/workers/internal/NoIsolationWorkerFactory$1
Event: 35.985 loading class org/gradle/workers/internal/NoIsolationWorkerFactory$1 done
Event: 35.985 loading class org/gradle/workers/internal/AbstractWorker
Event: 35.985 loading class org/gradle/workers/internal/AbstractWorker done
Event: 35.988 loading class org/gradle/workers/internal/AbstractWorker$Result
Event: 35.988 loading class org/gradle/workers/internal/AbstractWorker$Result done
Event: 35.988 loading class org/gradle/workers/internal/ExecuteWorkItemBuildOperationType$Result
Event: 35.988 loading class org/gradle/workers/internal/ExecuteWorkItemBuildOperationType$Result done
Event: 35.991 loading class org/gradle/workers/internal/IsolatedParametersActionExecutionSpec
Event: 35.991 loading class org/gradle/workers/internal/IsolatedParametersActionExecutionSpec done
Event: 35.991 loading class org/gradle/workers/WorkerExecutor
Event: 35.991 loading class org/gradle/workers/WorkerExecutor done
Event: 35.992 loading class org/gradle/workers/internal/NoIsolationWorkerFactory$1
Event: 35.992 loading class org/gradle/workers/internal/NoIsolationWorkerFactory$1 done


Dynamic libraries:
0x00007ff7b1250000 - 0x00007ff7b125a000 	C:\Program Files\Android\Android Studio\jre\bin\java.exe
0x00007ff905ab0000 - 0x00007ff905ca5000 	C:\WINDOWS\SYSTEM32\ntdll.dll
0x00007ff905060000 - 0x00007ff90511e000 	C:\WINDOWS\System32\KERNEL32.DLL
0x00007ff903250000 - 0x00007ff903518000 	C:\WINDOWS\System32\KERNELBASE.dll
0x00007ff903960000 - 0x00007ff903a60000 	C:\WINDOWS\System32\ucrtbase.dll
0x00007ff8fe330000 - 0x00007ff8fe347000 	C:\Program Files\Android\Android Studio\jre\bin\VCRUNTIME140.dll
0x00007ff8f4ec0000 - 0x00007ff8f4ed9000 	C:\Program Files\Android\Android Studio\jre\bin\jli.dll
0x00007ff904a60000 - 0x00007ff904c00000 	C:\WINDOWS\System32\USER32.dll
0x00007ff8e9ee0000 - 0x00007ff8ea17a000 	C:\WINDOWS\WinSxS\amd64_microsoft.windows.common-controls_6595b64144ccf1df_6.0.19041.1110_none_60b5254171f9507e\COMCTL32.dll
0x00007ff903770000 - 0x00007ff903792000 	C:\WINDOWS\System32\win32u.dll
0x00007ff904040000 - 0x00007ff9040de000 	C:\WINDOWS\System32\msvcrt.dll
0x00007ff904900000 - 0x00007ff90492b000 	C:\WINDOWS\System32\GDI32.dll
0x00007ff903850000 - 0x00007ff90395d000 	C:\WINDOWS\System32\gdi32full.dll
0x00007ff903a60000 - 0x00007ff903afd000 	C:\WINDOWS\System32\msvcp_win.dll
0x00007ff904d80000 - 0x00007ff904db0000 	C:\WINDOWS\System32\IMM32.DLL
0x00007ff8cfc10000 - 0x00007ff8cfcad000 	C:\Program Files\Android\Android Studio\jre\bin\msvcp140.dll
0x00007ff89e370000 - 0x00007ff89ee3f000 	C:\Program Files\Android\Android Studio\jre\bin\server\jvm.dll
0x00007ff904fb0000 - 0x00007ff90505e000 	C:\WINDOWS\System32\ADVAPI32.dll
0x00007ff9058f0000 - 0x00007ff90598c000 	C:\WINDOWS\System32\sechost.dll
0x00007ff904930000 - 0x00007ff904a55000 	C:\WINDOWS\System32\RPCRT4.dll
0x00007ff905370000 - 0x00007ff905378000 	C:\WINDOWS\System32\PSAPI.DLL
0x00007ff8feff0000 - 0x00007ff8feff9000 	C:\WINDOWS\SYSTEM32\WSOCK32.dll
0x00007ff8fc7a0000 - 0x00007ff8fc7aa000 	C:\WINDOWS\SYSTEM32\VERSION.dll
0x00007ff904d10000 - 0x00007ff904d7b000 	C:\WINDOWS\System32\WS2_32.dll
0x00007ff8e9e60000 - 0x00007ff8e9e87000 	C:\WINDOWS\SYSTEM32\WINMM.dll
0x00007ff901050000 - 0x00007ff901062000 	C:\WINDOWS\SYSTEM32\kernel.appcore.dll
0x00007ff8fb460000 - 0x00007ff8fb471000 	C:\Program Files\Android\Android Studio\jre\bin\verify.dll
0x00007ff8f9f00000 - 0x00007ff8fa0e4000 	C:\WINDOWS\SYSTEM32\DBGHELP.DLL
0x00007ff8ea210000 - 0x00007ff8ea23c000 	C:\WINDOWS\SYSTEM32\dbgcore.DLL
0x00007ff9031c0000 - 0x00007ff903242000 	C:\WINDOWS\System32\bcryptPrimitives.dll
0x00007ff8c7f30000 - 0x00007ff8c7f59000 	C:\Program Files\Android\Android Studio\jre\bin\java.dll
0x00007ff8c7f20000 - 0x00007ff8c7f2b000 	C:\Program Files\Android\Android Studio\jre\bin\jimage.dll
0x00007ff8c7f00000 - 0x00007ff8c7f18000 	C:\Program Files\Android\Android Studio\jre\bin\zip.dll
0x00007ff9041a0000 - 0x00007ff9048e4000 	C:\WINDOWS\System32\SHELL32.dll
0x00007ff901250000 - 0x00007ff9019e4000 	C:\WINDOWS\SYSTEM32\windows.storage.dll
0x00007ff903ce0000 - 0x00007ff904035000 	C:\WINDOWS\System32\combase.dll
0x00007ff902b30000 - 0x00007ff902b5e000 	C:\WINDOWS\SYSTEM32\Wldp.dll
0x00007ff903c30000 - 0x00007ff903cdd000 	C:\WINDOWS\System32\SHCORE.dll
0x00007ff904f50000 - 0x00007ff904fa5000 	C:\WINDOWS\System32\shlwapi.dll
0x00007ff903100000 - 0x00007ff90311f000 	C:\WINDOWS\SYSTEM32\profapi.dll
0x00007ff8c7ee0000 - 0x00007ff8c7efa000 	C:\Program Files\Android\Android Studio\jre\bin\net.dll
0x00007ff8f1100000 - 0x00007ff8f120c000 	C:\WINDOWS\SYSTEM32\WINHTTP.dll
0x00007ff902910000 - 0x00007ff90297a000 	C:\WINDOWS\system32\mswsock.dll
0x00007ff8c7ec0000 - 0x00007ff8c7ed4000 	C:\Program Files\Android\Android Studio\jre\bin\nio.dll
0x00007ff8f4e40000 - 0x00007ff8f4e67000 	C:\Users\ADMIN\.gradle\native\8bec1ad78214c89d9ad589b4d07fe93259594b29d510b10fafb7a158f7737e5d\windows-amd64\native-platform.dll
0x00007ff8a9050000 - 0x00007ff8a918d000 	C:\Users\ADMIN\.gradle\native\53dbd7edfb1c66fb8903c78663c9afc45aea4f116125fa6feffd364cf09443e8\windows-amd64\native-platform-file-events.dll
0x00007ff8c7eb0000 - 0x00007ff8c7eba000 	C:\Program Files\Android\Android Studio\jre\bin\management.dll
0x00007ff8c7ea0000 - 0x00007ff8c7eac000 	C:\Program Files\Android\Android Studio\jre\bin\management_ext.dll
0x00007ff902b70000 - 0x00007ff902b88000 	C:\WINDOWS\SYSTEM32\CRYPTSP.dll
0x00007ff902240000 - 0x00007ff902274000 	C:\WINDOWS\system32\rsaenh.dll
0x00007ff903590000 - 0x00007ff9035b7000 	C:\WINDOWS\System32\bcrypt.dll
0x00007ff9030c0000 - 0x00007ff9030ee000 	C:\WINDOWS\SYSTEM32\USERENV.dll
0x00007ff902aa0000 - 0x00007ff902aac000 	C:\WINDOWS\SYSTEM32\CRYPTBASE.dll
0x00007ff9025d0000 - 0x00007ff90260b000 	C:\WINDOWS\SYSTEM32\IPHLPAPI.DLL
0x00007ff9051b0000 - 0x00007ff9051b8000 	C:\WINDOWS\System32\NSI.dll
0x00007ff8f9b30000 - 0x00007ff8f9b47000 	C:\WINDOWS\SYSTEM32\dhcpcsvc6.DLL
0x00007ff8fa3d0000 - 0x00007ff8fa3ed000 	C:\WINDOWS\SYSTEM32\dhcpcsvc.DLL
0x00007ff902610000 - 0x00007ff9026db000 	C:\WINDOWS\SYSTEM32\DNSAPI.dll

dbghelp: loaded successfully - version: 4.0.5 - missing functions: none
symbol engine: initialized successfully - sym options: 0x614 - pdb path: .;C:\Program Files\Android\Android Studio\jre\bin;C:\WINDOWS\SYSTEM32;C:\WINDOWS\WinSxS\amd64_microsoft.windows.common-controls_6595b64144ccf1df_6.0.19041.1110_none_60b5254171f9507e;C:\Program Files\Android\Android Studio\jre\bin\server;C:\Users\ADMIN\.gradle\native\8bec1ad78214c89d9ad589b4d07fe93259594b29d510b10fafb7a158f7737e5d\windows-amd64;C:\Users\ADMIN\.gradle\native\53dbd7edfb1c66fb8903c78663c9afc45aea4f116125fa6feffd364cf09443e8\windows-amd64

VM Arguments:
jvm_args: --add-opens=java.base/java.util=ALL-UNNAMED --add-opens=java.base/java.lang=ALL-UNNAMED --add-opens=java.base/java.lang.invoke=ALL-UNNAMED --add-opens=java.base/java.util=ALL-UNNAMED --add-opens=java.prefs/java.util.prefs=ALL-UNNAMED --add-opens=java.prefs/java.util.prefs=ALL-UNNAMED --add-opens=java.base/java.nio.charset=ALL-UNNAMED --add-opens=java.base/java.net=ALL-UNNAMED --add-opens=java.base/java.util.concurrent.atomic=ALL-UNNAMED -Xmx2048m -Dfile.encoding=UTF-8 -Duser.country=US -Duser.language=en -Duser.variant 
java_command: org.gradle.launcher.daemon.bootstrap.GradleDaemon 7.0.2
java_class_path (initial): C:\Users\ADMIN\.gradle\wrapper\dists\gradle-7.0.2-bin\857tjihv64xamwrf0h14cai3r\gradle-7.0.2\lib\gradle-launcher-7.0.2.jar
Launcher Type: SUN_STANDARD

[Global flags]
     intx CICompilerCount                          = 4                                         {product} {ergonomic}
     uint ConcGCThreads                            = 2                                         {product} {ergonomic}
     uint G1ConcRefinementThreads                  = 8                                         {product} {ergonomic}
   size_t G1HeapRegionSize                         = 1048576                                   {product} {ergonomic}
    uintx GCDrainStackTargetSize                   = 64                                        {product} {ergonomic}
   size_t InitialHeapSize                          = 67108864                                  {product} {ergonomic}
   size_t MarkStackSize                            = 4194304                                   {product} {ergonomic}
   size_t MaxHeapSize                              = 2147483648                                {product} {command line}
   size_t MaxNewSize                               = 1287651328                                {product} {ergonomic}
   size_t MinHeapDeltaBytes                        = 1048576                                   {product} {ergonomic}
    uintx NonNMethodCodeHeapSize                   = 5836300                                {pd product} {ergonomic}
    uintx NonProfiledCodeHeapSize                  = 122910970                              {pd product} {ergonomic}
    uintx ProfiledCodeHeapSize                     = 122910970                              {pd product} {ergonomic}
    uintx ReservedCodeCacheSize                    = 251658240                              {pd product} {ergonomic}
     bool SegmentedCodeCache                       = true                                      {product} {ergonomic}
     bool UseCompressedClassPointers               = true                                 {lp64_product} {ergonomic}
     bool UseCompressedOops                        = true                                 {lp64_product} {ergonomic}
     bool UseG1GC                                  = true                                      {product} {ergonomic}
     bool UseLargePagesIndividualAllocation        = false                                  {pd product} {ergonomic}

Logging:
Log output configuration:
 #0: stdout all=warning uptime,level,tags
 #1: stderr all=off uptime,level,tags

Environment Variables:
PATH=C:\Program Files (x86)\Common Files\Oracle\Java\javapath;C:\Program Files\Common Files\Oracle\Java\javapath;C:\WINDOWS\system32;C:\WINDOWS;C:\WINDOWS\System32\Wbem;C:\WINDOWS\System32\WindowsPowerShell\v1.0\;C:\WINDOWS\System32\OpenSSH\;C:\Program Files\Microsoft SQL Server\130\Tools\Binn\;C:\Program Files\Microsoft SQL Server\Client SDK\ODBC\170\Tools\Binn\;C:\Program Files (x86)\Microsoft SQL Server\150\DTS\Binn\;C:\Program Files\Azure Data Studio\bin;C:\Program Files (x86)\Microsoft SQL Server\150\Tools\Binn\;C:\Program Files\Microsoft SQL Server\150\Tools\Binn\;C:\Program Files\Microsoft SQL Server\150\DTS\Binn\;C:\Program Files\dotnet\;C:\Program Files\nodejs\;C:\Program Files\PuTTY\;C:\Program Files\Git\cmd;C:\Users\ADMIN\AppData\Local\Microsoft\WindowsApps;C:\Program Files\Azure Data Studio\bin;F:\Visual stadio code\PHP\Microsoft VS Code\bin;C:\Program Files\heroku\bin;C:\Users\ADMIN\AppData\Roaming\npm;C:\Users\ADMIN\AppData\Local\GitHubDesktop\bin;C:\Users\ADMIN\.dotnet\tools;C:\Users\ADMIN\AppData\Local\Programs\Microsoft VS Code\bin
USERNAME=ADMIN
OS=Windows_NT
PROCESSOR_IDENTIFIER=Intel64 Family 6 Model 142 Stepping 10, GenuineIntel



---------------  S Y S T E M  ---------------

OS: Windows 10 , 64 bit Build 19041 (10.0.19041.1503)
OS uptime: 4 days 0:03 hours
Hyper-V role detected

CPU:total 8 (initial active 8) (4 cores per cpu, 2 threads per core) family 6 model 142 stepping 10 microcode 0xb4, cmov, cx8, fxsr, mmx, sse, sse2, sse3, ssse3, sse4.1, sse4.2, popcnt, avx, avx2, aes, clmul, erms, 3dnowpref, lzcnt, ht, tsc, tscinvbit, bmi1, bmi2, adx, fma

Memory: 4k page, system-wide physical 4005M (135M free)
TotalPageFile size 16293M (AvailPageFile size 4M)
current process WorkingSet (physical memory assigned to process): 247M, peak: 267M
current process commit charge ("private bytes"): 484M, peak: 489M

vm_info: OpenJDK 64-Bit Server VM (11.0.10+0-b96-7249189) for windows-amd64 JRE (11.0.10+0-b96-7249189), built on Mar 31 2021 21:44:00 by "builder" with MS VC++ 14.0 (VS2015)

END.
