#
# There is insufficient memory for the Java Runtime Environment to continue.
# Native memory allocation (malloc) failed to allocate 1209136 bytes for Chunk::new
# Possible reasons:
#   The system is out of physical RAM or swap space
#   The process is running with CompressedOops enabled, and the Java Heap may be blocking the growth of the native heap
# Possible solutions:
#   Reduce memory load on the system
#   Increase physical memory or swap space
#   Check if swap backing store is full
#   Decrease Java heap size (-Xmx/-Xms)
#   Decrease number of Java threads
#   Decrease Java thread stack sizes (-Xss)
#   Set larger code cache with -XX:ReservedCodeCacheSize=
#   JVM is running with Unscaled Compressed Oops mode in which the Java heap is
#     placed in the first 4GB address space. The Java Heap base address is the
#     maximum limit for the native heap growth. Please use -XX:HeapBaseMinAddress
#     to set the Java Heap base and to place the Java Heap above 4GB virtual address.
# This output file may be truncated or incomplete.
#
#  Out of Memory Error (./src/hotspot/share/memory/arena.cpp:197), pid=15052, tid=9924
#
# JRE version: OpenJDK Runtime Environment (11.0.10) (build 11.0.10+0-b96-7249189)
# Java VM: OpenJDK 64-Bit Server VM (11.0.10+0-b96-7249189, mixed mode, tiered, compressed oops, g1 gc, windows-amd64)
# No core dump will be written. Minidumps are not enabled by default on client versions of Windows
#

---------------  S U M M A R Y ------------

Command Line: --add-opens=java.base/java.util=ALL-UNNAMED --add-opens=java.base/java.lang=ALL-UNNAMED --add-opens=java.base/java.lang.invoke=ALL-UNNAMED --add-opens=java.base/java.util=ALL-UNNAMED --add-opens=java.prefs/java.util.prefs=ALL-UNNAMED --add-opens=java.prefs/java.util.prefs=ALL-UNNAMED --add-opens=java.base/java.nio.charset=ALL-UNNAMED --add-opens=java.base/java.net=ALL-UNNAMED --add-opens=java.base/java.util.concurrent.atomic=ALL-UNNAMED -Xmx2048m -Dfile.encoding=UTF-8 -Duser.country=US -Duser.language=en -Duser.variant org.gradle.launcher.daemon.bootstrap.GradleDaemon 7.0.2

Host: Intel(R) Core(TM) i5-8250U CPU @ 1.60GHz, 8 cores, 3G,  Windows 10 , 64 bit Build 19041 (10.0.19041.1503)
Time: Wed Mar  2 14:23:39 2022 SE Asia Standard Time elapsed time: 16.085969 seconds (0d 0h 0m 16s)

---------------  T H R E A D  ---------------

Current thread (0x00000196fb14f800):  JavaThread "C2 CompilerThread0" daemon [_thread_in_native, id=9924, stack(0x00000047adf00000,0x00000047ae000000)]


Current CompileTask:
C2:  16086 2024   !   4       java.lang.ClassLoader::loadClass (122 bytes)

Stack: [0x00000047adf00000,0x00000047ae000000]
Native frames: (J=compiled Java code, j=interpreted, Vv=VM code, C=native code)
V  [jvm.dll+0x5ecfaa]
V  [jvm.dll+0x722bd5]
V  [jvm.dll+0x72412d]
V  [jvm.dll+0x7247e3]
V  [jvm.dll+0x242928]
V  [jvm.dll+0xbc4fc]
V  [jvm.dll+0xbca0c]
V  [jvm.dll+0x352d7d]
V  [jvm.dll+0x197e0c]
V  [jvm.dll+0x1fb70e]
V  [jvm.dll+0x1fa7f4]
V  [jvm.dll+0x18354c]
V  [jvm.dll+0x208ee7]
V  [jvm.dll+0x207731]
V  [jvm.dll+0x6eb1cf]
V  [jvm.dll+0x6e3d45]
V  [jvm.dll+0x5ebe96]
C  [ucrtbase.dll+0x21bb2]
C  [KERNEL32.DLL+0x17034]
C  [ntdll.dll+0x52651]


---------------  P R O C E S S  ---------------

Threads class SMR info:
_java_thread_list=0x00000196fcb30ae0, length=23, elements={
0x00000196eeb8b800, 0x00000196fa7b8800, 0x00000196fa7c6000, 0x00000196fb143800,
0x00000196fb144800, 0x00000196fb147000, 0x00000196fb14f800, 0x00000196fa81d800,
0x00000196fa828800, 0x00000196fb2a0000, 0x00000196fcf50800, 0x00000196fc438000,
0x00000196fca68800, 0x00000196fbe38000, 0x00000196fbe27000, 0x00000196fb168000,
0x00000196fbd97000, 0x00000196fbd57800, 0x00000196fb63d000, 0x00000196fb63a800,
0x00000196fb63b800, 0x00000196fb63c800, 0x00000196fbe73000
}

Java Threads: ( => current thread )
  0x00000196eeb8b800 JavaThread "main" [_thread_blocked, id=17240, stack(0x00000047ad300000,0x00000047ad400000)]
  0x00000196fa7b8800 JavaThread "Reference Handler" daemon [_thread_blocked, id=18568, stack(0x00000047ada00000,0x00000047adb00000)]
  0x00000196fa7c6000 JavaThread "Finalizer" daemon [_thread_blocked, id=17128, stack(0x00000047adb00000,0x00000047adc00000)]
  0x00000196fb143800 JavaThread "Signal Dispatcher" daemon [_thread_blocked, id=13120, stack(0x00000047adc00000,0x00000047add00000)]
  0x00000196fb144800 JavaThread "Attach Listener" daemon [_thread_blocked, id=11424, stack(0x00000047add00000,0x00000047ade00000)]
  0x00000196fb147000 JavaThread "Service Thread" daemon [_thread_blocked, id=24316, stack(0x00000047ade00000,0x00000047adf00000)]
=>0x00000196fb14f800 JavaThread "C2 CompilerThread0" daemon [_thread_in_native, id=9924, stack(0x00000047adf00000,0x00000047ae000000)]
  0x00000196fa81d800 JavaThread "C1 CompilerThread0" daemon [_thread_in_native, id=14812, stack(0x00000047ae000000,0x00000047ae100000)]
  0x00000196fa828800 JavaThread "Sweeper thread" daemon [_thread_blocked, id=18608, stack(0x00000047ae100000,0x00000047ae200000)]
  0x00000196fb2a0000 JavaThread "Common-Cleaner" daemon [_thread_blocked, id=21200, stack(0x00000047ae200000,0x00000047ae300000)]
  0x00000196fcf50800 JavaThread "Daemon health stats" [_thread_blocked, id=17796, stack(0x00000047ae500000,0x00000047ae600000)]
  0x00000196fc438000 JavaThread "Incoming local TCP Connector on port 60841" [_thread_in_native, id=25624, stack(0x00000047ae800000,0x00000047ae900000)]
  0x00000196fca68800 JavaThread "Daemon periodic checks" [_thread_blocked, id=24292, stack(0x00000047ae900000,0x00000047aea00000)]
  0x00000196fbe38000 JavaThread "Daemon" [_thread_blocked, id=20596, stack(0x00000047aea00000,0x00000047aeb00000)]
  0x00000196fbe27000 JavaThread "Handler for socket connection from /127.0.0.1:60841 to /127.0.0.1:60845" [_thread_in_native, id=17292, stack(0x00000047aeb00000,0x00000047aec00000)]
  0x00000196fb168000 JavaThread "Cancel handler" [_thread_blocked, id=27080, stack(0x00000047aec00000,0x00000047aed00000)]
  0x00000196fbd97000 JavaThread "Daemon worker" [_thread_in_vm, id=22736, stack(0x00000047aed00000,0x00000047aee00000)]
  0x00000196fbd57800 JavaThread "Asynchronous log dispatcher for DefaultDaemonConnection: socket connection from /127.0.0.1:60841 to /127.0.0.1:60845" [_thread_blocked, id=3496, stack(0x00000047aee00000,0x00000047aef00000)]
  0x00000196fb63d000 JavaThread "Stdin handler" [_thread_blocked, id=15508, stack(0x00000047aef00000,0x00000047af000000)]
  0x00000196fb63a800 JavaThread "Daemon client event forwarder" [_thread_blocked, id=15976, stack(0x00000047af000000,0x00000047af100000)]
  0x00000196fb63b800 JavaThread "Cache worker for file hash cache (C:\Users\ADMIN\.gradle\caches\7.0.2\fileHashes)" [_thread_blocked, id=10584, stack(0x00000047af500000,0x00000047af600000)]
  0x00000196fb63c800 JavaThread "File lock request listener" [_thread_in_native, id=24448, stack(0x00000047af600000,0x00000047af700000)]
  0x00000196fbe73000 JavaThread "Cache worker for journal cache (C:\Users\ADMIN\.gradle\caches\journal-1)" [_thread_blocked, id=24628, stack(0x00000047af800000,0x00000047af900000)]

Other Threads:
  0x00000196fa7b4800 VMThread "VM Thread" [stack: 0x00000047ad900000,0x00000047ada00000] [id=18668]
  0x00000196fb30a000 WatcherThread [stack: 0x00000047ae300000,0x00000047ae400000] [id=21028]
  0x00000196eeba6000 GCTaskThread "GC Thread#0" [stack: 0x00000047ad400000,0x00000047ad500000] [id=25776]
  0x00000196fbe64800 GCTaskThread "GC Thread#1" [stack: 0x00000047ae400000,0x00000047ae500000] [id=8712]
  0x00000196fc696000 GCTaskThread "GC Thread#2" [stack: 0x00000047ae600000,0x00000047ae700000] [id=10908]
  0x00000196fc696800 GCTaskThread "GC Thread#3" [stack: 0x00000047ae700000,0x00000047ae800000] [id=20236]
  0x00000196fb46c800 GCTaskThread "GC Thread#4" [stack: 0x00000047af100000,0x00000047af200000] [id=26048]
  0x00000196fc298000 GCTaskThread "GC Thread#5" [stack: 0x00000047af200000,0x00000047af300000] [id=13096]
  0x00000196fc6fc800 GCTaskThread "GC Thread#6" [stack: 0x00000047af300000,0x00000047af400000] [id=6160]
  0x00000196fc6fd800 GCTaskThread "GC Thread#7" [stack: 0x00000047af400000,0x00000047af500000] [id=23460]
  0x00000196eebd6800 ConcurrentGCThread "G1 Main Marker" [stack: 0x00000047ad500000,0x00000047ad600000] [id=24924]
  0x00000196eebd8800 ConcurrentGCThread "G1 Conc#0" [stack: 0x00000047ad600000,0x00000047ad700000] [id=2528]
  0x00000196fc497000 ConcurrentGCThread "G1 Conc#1" [stack: 0x00000047af700000,0x00000047af800000] [id=10928]
  0x00000196eec44000 ConcurrentGCThread "G1 Refine#0" [stack: 0x00000047ad700000,0x00000047ad800000] [id=16180]
  0x00000196eec45000 ConcurrentGCThread "G1 Young RemSet Sampling" [stack: 0x00000047ad800000,0x00000047ad900000] [id=24128]

Threads with active compile tasks:
C2 CompilerThread0  16205 2024   !   4       java.lang.ClassLoader::loadClass (122 bytes)

VM state:not at safepoint (normal execution)

VM Mutex/Monitor currently owned by a thread: None

Heap address: 0x0000000080000000, size: 2048 MB, Compressed Oops mode: 32-bit
Narrow klass base: 0x0000000000000000, Narrow klass shift: 3
Compressed class space size: 1073741824 Address: 0x0000000100000000

Heap:
 garbage-first heap   total 65536K, used 36471K [0x0000000080000000, 0x0000000100000000)
  region size 1024K, 22 young (22528K), 2 survivors (2048K)
 Metaspace       used 22234K, capacity 22825K, committed 22960K, reserved 1069056K
  class space    used 2823K, capacity 3034K, committed 3072K, reserved 1048576K
Heap Regions: E=young(eden), S=young(survivor), O=old, HS=humongous(starts), HC=humongous(continues), CS=collection set, F=free, A=archive, TAMS=top-at-mark-start (previous, next)
|   0|0x0000000080000000, 0x0000000080100000, 0x0000000080100000|100%| O|  |TAMS 0x0000000080100000, 0x0000000080000000| Untracked 
|   1|0x0000000080100000, 0x0000000080200000, 0x0000000080200000|100%| O|  |TAMS 0x0000000080200000, 0x0000000080100000| Untracked 
|   2|0x0000000080200000, 0x0000000080300000, 0x0000000080300000|100%| O|  |TAMS 0x0000000080300000, 0x0000000080200000| Untracked 
|   3|0x0000000080300000, 0x0000000080400000, 0x0000000080400000|100%|HS|  |TAMS 0x0000000080400000, 0x0000000080300000| Complete 
|   4|0x0000000080400000, 0x0000000080500000, 0x0000000080500000|100%|HC|  |TAMS 0x0000000080500000, 0x0000000080400000| Complete 
|   5|0x0000000080500000, 0x0000000080600000, 0x0000000080600000|100%|HC|  |TAMS 0x0000000080600000, 0x0000000080500000| Complete 
|   6|0x0000000080600000, 0x0000000080700000, 0x0000000080700000|100%| O|  |TAMS 0x0000000080700000, 0x0000000080600000| Untracked 
|   7|0x0000000080700000, 0x0000000080800000, 0x0000000080800000|100%| O|  |TAMS 0x0000000080800000, 0x0000000080700000| Untracked 
|   8|0x0000000080800000, 0x0000000080900000, 0x0000000080900000|100%| O|  |TAMS 0x0000000080900000, 0x0000000080800000| Untracked 
|   9|0x0000000080900000, 0x0000000080a00000, 0x0000000080a00000|100%| O|  |TAMS 0x0000000080a00000, 0x0000000080900000| Untracked 
|  10|0x0000000080a00000, 0x0000000080b00000, 0x0000000080b00000|100%| O|  |TAMS 0x0000000080b00000, 0x0000000080a00000| Untracked 
|  11|0x0000000080b00000, 0x0000000080c00000, 0x0000000080c00000|100%| O|  |TAMS 0x0000000080c00000, 0x0000000080b00000| Untracked 
|  12|0x0000000080c00000, 0x0000000080d00000, 0x0000000080d00000|100%| O|  |TAMS 0x0000000080d00000, 0x0000000080c00000| Untracked 
|  13|0x0000000080d00000, 0x0000000080e00000, 0x0000000080e00000|100%| O|  |TAMS 0x0000000080e00000, 0x0000000080d00000| Untracked 
|  14|0x0000000080e00000, 0x0000000080ebdc00, 0x0000000080f00000| 74%| O|  |TAMS 0x0000000080ebdc00, 0x0000000080e00000| Untracked 
|  15|0x0000000080f00000, 0x0000000080f00000, 0x0000000081000000|  0%| F|  |TAMS 0x0000000080f00000, 0x0000000080f00000| Untracked 
|  16|0x0000000081000000, 0x0000000081000000, 0x0000000081100000|  0%| F|  |TAMS 0x0000000081000000, 0x0000000081000000| Untracked 
|  17|0x0000000081100000, 0x0000000081100000, 0x0000000081200000|  0%| F|  |TAMS 0x0000000081100000, 0x0000000081100000| Untracked 
|  18|0x0000000081200000, 0x0000000081200000, 0x0000000081300000|  0%| F|  |TAMS 0x0000000081200000, 0x0000000081200000| Untracked 
|  19|0x0000000081300000, 0x0000000081300000, 0x0000000081400000|  0%| F|  |TAMS 0x0000000081300000, 0x0000000081300000| Untracked 
|  20|0x0000000081400000, 0x0000000081400000, 0x0000000081500000|  0%| F|  |TAMS 0x0000000081400000, 0x0000000081400000| Untracked 
|  21|0x0000000081500000, 0x0000000081500000, 0x0000000081600000|  0%| F|  |TAMS 0x0000000081500000, 0x0000000081500000| Untracked 
|  22|0x0000000081600000, 0x0000000081600000, 0x0000000081700000|  0%| F|  |TAMS 0x0000000081600000, 0x0000000081600000| Untracked 
|  23|0x0000000081700000, 0x0000000081700000, 0x0000000081800000|  0%| F|  |TAMS 0x0000000081700000, 0x0000000081700000| Untracked 
|  24|0x0000000081800000, 0x0000000081800000, 0x0000000081900000|  0%| F|  |TAMS 0x0000000081800000, 0x0000000081800000| Untracked 
|  25|0x0000000081900000, 0x0000000081900000, 0x0000000081a00000|  0%| F|  |TAMS 0x0000000081900000, 0x0000000081900000| Untracked 
|  26|0x0000000081a00000, 0x0000000081a00000, 0x0000000081b00000|  0%| F|  |TAMS 0x0000000081a00000, 0x0000000081a00000| Untracked 
|  27|0x0000000081b00000, 0x0000000081b00000, 0x0000000081c00000|  0%| F|  |TAMS 0x0000000081b00000, 0x0000000081b00000| Untracked 
|  28|0x0000000081c00000, 0x0000000081c00000, 0x0000000081d00000|  0%| F|  |TAMS 0x0000000081c00000, 0x0000000081c00000| Untracked 
|  29|0x0000000081d00000, 0x0000000081d00000, 0x0000000081e00000|  0%| F|  |TAMS 0x0000000081d00000, 0x0000000081d00000| Untracked 
|  30|0x0000000081e00000, 0x0000000081e00000, 0x0000000081f00000|  0%| F|  |TAMS 0x0000000081e00000, 0x0000000081e00000| Untracked 
|  31|0x0000000081f00000, 0x0000000081f00000, 0x0000000082000000|  0%| F|  |TAMS 0x0000000081f00000, 0x0000000081f00000| Untracked 
|  32|0x0000000082000000, 0x0000000082000000, 0x0000000082100000|  0%| F|  |TAMS 0x0000000082000000, 0x0000000082000000| Untracked 
|  33|0x0000000082100000, 0x0000000082100000, 0x0000000082200000|  0%| F|  |TAMS 0x0000000082100000, 0x0000000082100000| Untracked 
|  34|0x0000000082200000, 0x0000000082200000, 0x0000000082300000|  0%| F|  |TAMS 0x0000000082200000, 0x0000000082200000| Untracked 
|  35|0x0000000082300000, 0x0000000082300000, 0x0000000082400000|  0%| F|  |TAMS 0x0000000082300000, 0x0000000082300000| Untracked 
|  36|0x0000000082400000, 0x0000000082400000, 0x0000000082500000|  0%| F|  |TAMS 0x0000000082400000, 0x0000000082400000| Untracked 
|  37|0x0000000082500000, 0x0000000082500000, 0x0000000082600000|  0%| F|  |TAMS 0x0000000082500000, 0x0000000082500000| Untracked 
|  38|0x0000000082600000, 0x0000000082600000, 0x0000000082700000|  0%| F|  |TAMS 0x0000000082600000, 0x0000000082600000| Untracked 
|  39|0x0000000082700000, 0x0000000082700000, 0x0000000082800000|  0%| F|  |TAMS 0x0000000082700000, 0x0000000082700000| Untracked 
|  40|0x0000000082800000, 0x0000000082800000, 0x0000000082900000|  0%| F|  |TAMS 0x0000000082800000, 0x0000000082800000| Untracked 
|  41|0x0000000082900000, 0x0000000082900000, 0x0000000082a00000|  0%| F|  |TAMS 0x0000000082900000, 0x0000000082900000| Untracked 
|  42|0x0000000082a00000, 0x0000000082ab7f28, 0x0000000082b00000| 71%| E|  |TAMS 0x0000000082a00000, 0x0000000082a00000| Complete 
|  43|0x0000000082b00000, 0x0000000082c00000, 0x0000000082c00000|100%| E|CS|TAMS 0x0000000082b00000, 0x0000000082b00000| Complete 
|  44|0x0000000082c00000, 0x0000000082d00000, 0x0000000082d00000|100%| E|CS|TAMS 0x0000000082c00000, 0x0000000082c00000| Complete 
|  45|0x0000000082d00000, 0x0000000082e00000, 0x0000000082e00000|100%| E|CS|TAMS 0x0000000082d00000, 0x0000000082d00000| Complete 
|  46|0x0000000082e00000, 0x0000000082f00000, 0x0000000082f00000|100%| E|CS|TAMS 0x0000000082e00000, 0x0000000082e00000| Complete 
|  47|0x0000000082f00000, 0x0000000083000000, 0x0000000083000000|100%| E|CS|TAMS 0x0000000082f00000, 0x0000000082f00000| Complete 
|  48|0x0000000083000000, 0x00000000830e01c0, 0x0000000083100000| 87%| S|CS|TAMS 0x0000000083000000, 0x0000000083000000| Complete 
|  49|0x0000000083100000, 0x0000000083200000, 0x0000000083200000|100%| S|CS|TAMS 0x0000000083100000, 0x0000000083100000| Complete 
|  50|0x0000000083200000, 0x0000000083300000, 0x0000000083300000|100%| E|CS|TAMS 0x0000000083200000, 0x0000000083200000| Complete 
|  51|0x0000000083300000, 0x0000000083400000, 0x0000000083400000|100%| E|CS|TAMS 0x0000000083300000, 0x0000000083300000| Complete 
|  52|0x0000000083400000, 0x0000000083500000, 0x0000000083500000|100%| E|CS|TAMS 0x0000000083400000, 0x0000000083400000| Complete 
|  53|0x0000000083500000, 0x0000000083600000, 0x0000000083600000|100%| E|CS|TAMS 0x0000000083500000, 0x0000000083500000| Complete 
|  54|0x0000000083600000, 0x0000000083700000, 0x0000000083700000|100%| E|CS|TAMS 0x0000000083600000, 0x0000000083600000| Complete 
|  55|0x0000000083700000, 0x0000000083800000, 0x0000000083800000|100%| E|CS|TAMS 0x0000000083700000, 0x0000000083700000| Complete 
|  56|0x0000000083800000, 0x0000000083900000, 0x0000000083900000|100%| E|CS|TAMS 0x0000000083800000, 0x0000000083800000| Complete 
|  57|0x0000000083900000, 0x0000000083a00000, 0x0000000083a00000|100%| E|CS|TAMS 0x0000000083900000, 0x0000000083900000| Complete 
|  58|0x0000000083a00000, 0x0000000083b00000, 0x0000000083b00000|100%| E|CS|TAMS 0x0000000083a00000, 0x0000000083a00000| Complete 
|  59|0x0000000083b00000, 0x0000000083c00000, 0x0000000083c00000|100%| E|CS|TAMS 0x0000000083b00000, 0x0000000083b00000| Complete 
|  60|0x0000000083c00000, 0x0000000083d00000, 0x0000000083d00000|100%| E|CS|TAMS 0x0000000083c00000, 0x0000000083c00000| Complete 
|  61|0x0000000083d00000, 0x0000000083e00000, 0x0000000083e00000|100%| E|CS|TAMS 0x0000000083d00000, 0x0000000083d00000| Complete 
|  62|0x0000000083e00000, 0x0000000083f00000, 0x0000000083f00000|100%| E|CS|TAMS 0x0000000083e00000, 0x0000000083e00000| Complete 
|  63|0x0000000083f00000, 0x0000000084000000, 0x0000000084000000|100%| E|CS|TAMS 0x0000000083f00000, 0x0000000083f00000| Complete 

Card table byte_map: [0x00000196f3510000,0x00000196f3910000] _byte_map_base: 0x00000196f3110000

Marking Bits (Prev, Next): (CMBitMap*) 0x00000196eebcd790, (CMBitMap*) 0x00000196eebcd758
 Prev Bits: [0x00000196f5d10000, 0x00000196f7d10000)
 Next Bits: [0x00000196f3d10000, 0x00000196f5d10000)

Polling page: 0x00000196eec70000

Metaspace:

Usage:
  Non-class:     19.33 MB capacity,    18.97 MB ( 98%) used,   328.30 KB (  2%) free+waste,    41.44 KB ( <1%) overhead. 
      Class:      2.96 MB capacity,     2.76 MB ( 93%) used,   186.50 KB (  6%) free+waste,    21.00 KB ( <1%) overhead. 
       Both:     22.29 MB capacity,    21.73 MB ( 97%) used,   514.80 KB (  2%) free+waste,    62.44 KB ( <1%) overhead. 

Virtual space:
  Non-class space:       20.00 MB reserved,      19.42 MB ( 97%) committed 
      Class space:        1.00 GB reserved,       3.00 MB ( <1%) committed 
             Both:        1.02 GB reserved,      22.42 MB (  2%) committed 

Chunk freelists:
   Non-Class:  49.00 KB
       Class:  6.00 KB
        Both:  55.00 KB

MaxMetaspaceSize: 17179869184.00 GB
CompressedClassSpaceSize: 1.00 GB

CodeHeap 'non-profiled nmethods': size=120000Kb used=923Kb max_used=923Kb free=119076Kb
 bounds [0x0000019687ad0000, 0x0000019687d40000, 0x000001968f000000]
CodeHeap 'profiled nmethods': size=120000Kb used=4367Kb max_used=4367Kb free=115632Kb
 bounds [0x00000196805a0000, 0x00000196809f0000, 0x0000019687ad0000]
CodeHeap 'non-nmethods': size=5760Kb used=1143Kb max_used=1163Kb free=4616Kb
 bounds [0x0000019680000000, 0x0000019680270000, 0x00000196805a0000]
 total_blobs=2538 nmethods=2060 adapters=389
 compilation: enabled
              stopped_count=0, restarted_count=0
 full_count=0

Compilation events (20 events):
Event: 15.958 Thread 0x00000196fa81d800 2039       3       org.gradle.initialization.MixInLegacyTypesClassLoader::shouldTransform (42 bytes)
Event: 15.959 Thread 0x00000196fa81d800 nmethod 2039 0x00000196809c7990 code [0x00000196809c7b80, 0x00000196809c7f78]
Event: 15.981 Thread 0x00000196fa81d800 2040       3       java.util.concurrent.locks.AbstractQueuedSynchronizer$Node::compareAndSetWaitStatus (10 bytes)
Event: 15.983 Thread 0x00000196fa81d800 nmethod 2040 0x00000196809c8110 code [0x00000196809c8320, 0x00000196809c8898]
Event: 16.028 Thread 0x00000196fa81d800 2041       3       java.util.LinkedList::unlink (91 bytes)
Event: 16.029 Thread 0x00000196fa81d800 nmethod 2041 0x00000196809c8b10 code [0x00000196809c8ce0, 0x00000196809c90b8]
Event: 16.029 Thread 0x00000196fa81d800 2042       3       org.gradle.internal.service.DefaultServiceMethodFactory::toServiceMethod (11 bytes)
Event: 16.029 Thread 0x00000196fa81d800 nmethod 2042 0x00000196809c9210 code [0x00000196809c93c0, 0x00000196809c9588]
Event: 16.029 Thread 0x00000196fa81d800 2043   !   3       org.gradle.internal.service.MethodHandleBasedServiceMethodFactory::toServiceMethod (51 bytes)
Event: 16.033 Thread 0x00000196fa81d800 nmethod 2043 0x00000196809c9690 code [0x00000196809c9a00, 0x00000196809caf68]
Event: 16.033 Thread 0x00000196fa81d800 2046       3       java.lang.reflect.Method::getGenericReturnType (20 bytes)
Event: 16.035 Thread 0x00000196fa81d800 nmethod 2046 0x00000196809cb690 code [0x00000196809cb940, 0x00000196809cc9f8]
Event: 16.035 Thread 0x00000196fa81d800 2047       3       org.gradle.internal.service.AbstractServiceMethod::<init> (42 bytes)
Event: 16.039 Thread 0x00000196fa81d800 nmethod 2047 0x00000196809ccf10 code [0x00000196809cd280, 0x00000196809ceda8]
Event: 16.039 Thread 0x00000196fa81d800 2044       3       java.lang.reflect.Method::getGenericParameterTypes (5 bytes)
Event: 16.042 Thread 0x00000196fa81d800 nmethod 2044 0x00000196809cf590 code [0x00000196809cf860, 0x00000196809d08b8]
Event: 16.042 Thread 0x00000196fa81d800 2045       3       java.lang.reflect.Method::hasGenericInformation (13 bytes)
Event: 16.042 Thread 0x00000196fa81d800 nmethod 2045 0x00000196809d0d90 code [0x00000196809d0f40, 0x00000196809d10b8]
Event: 16.049 Thread 0x00000196fa81d800 2048       3       java.lang.Package$VersionInfo::<init> (44 bytes)
Event: 16.049 Thread 0x00000196fa81d800 nmethod 2048 0x00000196809d1190 code [0x00000196809d1360, 0x00000196809d1758]

GC Heap History (10 events):
Event: 3.909 GC heap before
{Heap before GC invocations=0 (full 0):
 garbage-first heap   total 65536K, used 29696K [0x0000000080000000, 0x0000000100000000)
  region size 1024K, 24 young (24576K), 0 survivors (0K)
 Metaspace       used 9815K, capacity 9994K, committed 10112K, reserved 1058816K
  class space    used 1022K, capacity 1102K, committed 1152K, reserved 1048576K
}
Event: 3.921 GC heap after
{Heap after GC invocations=1 (full 0):
 garbage-first heap   total 65536K, used 9391K [0x0000000080000000, 0x0000000100000000)
  region size 1024K, 3 young (3072K), 3 survivors (3072K)
 Metaspace       used 9815K, capacity 9994K, committed 10112K, reserved 1058816K
  class space    used 1022K, capacity 1102K, committed 1152K, reserved 1048576K
}
Event: 4.666 GC heap before
{Heap before GC invocations=1 (full 0):
 garbage-first heap   total 65536K, used 38063K [0x0000000080000000, 0x0000000100000000)
  region size 1024K, 30 young (30720K), 3 survivors (3072K)
 Metaspace       used 10763K, capacity 11011K, committed 11264K, reserved 1058816K
  class space    used 1125K, capacity 1206K, committed 1280K, reserved 1048576K
}
Event: 4.672 GC heap after
{Heap after GC invocations=2 (full 0):
 garbage-first heap   total 65536K, used 12031K [0x0000000080000000, 0x0000000100000000)
  region size 1024K, 2 young (2048K), 2 survivors (2048K)
 Metaspace       used 10763K, capacity 11011K, committed 11264K, reserved 1058816K
  class space    used 1125K, capacity 1206K, committed 1280K, reserved 1048576K
}
Event: 6.213 GC heap before
{Heap before GC invocations=2 (full 0):
 garbage-first heap   total 65536K, used 38655K [0x0000000080000000, 0x0000000100000000)
  region size 1024K, 28 young (28672K), 2 survivors (2048K)
 Metaspace       used 13821K, capacity 14165K, committed 14336K, reserved 1062912K
  class space    used 1548K, capacity 1684K, committed 1792K, reserved 1048576K
}
Event: 6.225 GC heap after
{Heap after GC invocations=3 (full 0):
 garbage-first heap   total 65536K, used 15360K [0x0000000080000000, 0x0000000100000000)
  region size 1024K, 4 young (4096K), 4 survivors (4096K)
 Metaspace       used 13821K, capacity 14165K, committed 14336K, reserved 1062912K
  class space    used 1548K, capacity 1684K, committed 1792K, reserved 1048576K
}
Event: 13.362 GC heap before
{Heap before GC invocations=3 (full 0):
 garbage-first heap   total 65536K, used 41984K [0x0000000080000000, 0x0000000100000000)
  region size 1024K, 30 young (30720K), 4 survivors (4096K)
 Metaspace       used 18936K, capacity 19298K, committed 19328K, reserved 1067008K
  class space    used 2276K, capacity 2403K, committed 2432K, reserved 1048576K
}
Event: 13.395 GC heap after
{Heap after GC invocations=4 (full 0):
 garbage-first heap   total 65536K, used 16560K [0x0000000080000000, 0x0000000100000000)
  region size 1024K, 2 young (2048K), 2 survivors (2048K)
 Metaspace       used 18936K, capacity 19298K, committed 19328K, reserved 1067008K
  class space    used 2276K, capacity 2403K, committed 2432K, reserved 1048576K
}
Event: 15.229 GC heap before
{Heap before GC invocations=4 (full 0):
 garbage-first heap   total 65536K, used 29872K [0x0000000080000000, 0x0000000100000000)
  region size 1024K, 16 young (16384K), 2 survivors (2048K)
 Metaspace       used 20631K, capacity 21158K, committed 21296K, reserved 1069056K
  class space    used 2513K, capacity 2688K, committed 2688K, reserved 1048576K
}
Event: 15.240 GC heap after
{Heap after GC invocations=5 (full 0):
 garbage-first heap   total 65536K, used 17015K [0x0000000080000000, 0x0000000100000000)
  region size 1024K, 2 young (2048K), 2 survivors (2048K)
 Metaspace       used 20631K, capacity 21158K, committed 21296K, reserved 1069056K
  class space    used 2513K, capacity 2688K, committed 2688K, reserved 1048576K
}

Deoptimization events (20 events):
Event: 15.629 Thread 0x00000196fbd97000 Uncommon trap: trap_request=0xffffff4d fr.pc=0x0000019687b9e330 relative=0x00000000000003b0
Event: 15.629 Thread 0x00000196fbd97000 Uncommon trap: reason=unstable_if action=reinterpret pc=0x0000019687b9e330 method=jdk.internal.org.objectweb.asm.Type.getArgumentsAndReturnSizes(Ljava/lang/String;)I @ 88 c2
Event: 15.629 Thread 0x00000196fbd97000 DEOPT PACKING pc=0x0000019687b9e330 sp=0x00000047aedfa6b0
Event: 15.629 Thread 0x00000196fbd97000 DEOPT UNPACKING pc=0x00000196800278af sp=0x00000047aedfa638 mode 2
Event: 15.658 Thread 0x00000196fbd97000 Uncommon trap: trap_request=0xffffff4d fr.pc=0x0000019687b318e0 relative=0x00000000000001a0
Event: 15.658 Thread 0x00000196fbd97000 Uncommon trap: reason=unstable_if action=reinterpret pc=0x0000019687b318e0 method=java.util.HashMap.getNode(ILjava/lang/Object;)Ljava/util/HashMap$Node; @ 129 c2
Event: 15.658 Thread 0x00000196fbd97000 DEOPT PACKING pc=0x0000019687b318e0 sp=0x00000047aedfc0f0
Event: 15.659 Thread 0x00000196fbd97000 DEOPT UNPACKING pc=0x00000196800278af sp=0x00000047aedfbff0 mode 2
Event: 15.659 Thread 0x00000196fbd97000 Uncommon trap: trap_request=0xffffffc6 fr.pc=0x0000019687b9b954 relative=0x00000000000007b4
Event: 15.659 Thread 0x00000196fbd97000 Uncommon trap: reason=bimorphic_or_optimized_type_check action=maybe_recompile pc=0x0000019687b9b954 method=java.util.HashMap.putVal(ILjava/lang/Object;Ljava/lang/Object;ZZ)Ljava/lang/Object; @ 203 c2
Event: 15.659 Thread 0x00000196fbd97000 DEOPT PACKING pc=0x0000019687b9b954 sp=0x00000047aedfc0b0
Event: 15.659 Thread 0x00000196fbd97000 DEOPT UNPACKING pc=0x00000196800278af sp=0x00000047aedfbfc0 mode 2
Event: 15.659 Thread 0x00000196fbd97000 Uncommon trap: trap_request=0xffffff4d fr.pc=0x0000019687b05200 relative=0x00000000000003a0
Event: 15.659 Thread 0x00000196fbd97000 Uncommon trap: reason=unstable_if action=reinterpret pc=0x0000019687b05200 method=java.util.HashMap.getNode(ILjava/lang/Object;)Ljava/util/HashMap$Node; @ 129 c2
Event: 15.659 Thread 0x00000196fbd97000 DEOPT PACKING pc=0x0000019687b05200 sp=0x00000047aedfc040
Event: 15.659 Thread 0x00000196fbd97000 DEOPT UNPACKING pc=0x00000196800278af sp=0x00000047aedfbfd8 mode 2
Event: 15.677 Thread 0x00000196fbd97000 Uncommon trap: trap_request=0xffffff4d fr.pc=0x0000019687b3ccf8 relative=0x0000000000000b58
Event: 15.677 Thread 0x00000196fbd97000 Uncommon trap: reason=unstable_if action=reinterpret pc=0x0000019687b3ccf8 method=java.util.Properties$LineReader.readLine()I @ 249 c2
Event: 15.677 Thread 0x00000196fbd97000 DEOPT PACKING pc=0x0000019687b3ccf8 sp=0x00000047aedfc080
Event: 15.677 Thread 0x00000196fbd97000 DEOPT UNPACKING pc=0x00000196800278af sp=0x00000047aedfc010 mode 2

Classes redefined (0 events):
No events

Internal exceptions (20 events):
Event: 11.526 Thread 0x00000196fbe27000 Exception <a 'java/lang/NoSuchMethodError'{0x0000000083897ae8}: <clinit>> (0x0000000083897ae8) thrown at [./src/hotspot/share/prims/jni.cpp, line 1362]
Event: 11.612 Thread 0x00000196fbe27000 Exception <a 'java/lang/NoSuchMethodError'{0x00000000838d3a50}: <clinit>> (0x00000000838d3a50) thrown at [./src/hotspot/share/prims/jni.cpp, line 1362]
Event: 11.660 Thread 0x00000196fbe27000 Exception <a 'java/lang/NoSuchMethodError'{0x0000000083706a90}: <clinit>> (0x0000000083706a90) thrown at [./src/hotspot/share/prims/jni.cpp, line 1362]
Event: 12.052 Thread 0x00000196fbd97000 Exception <a 'java/lang/NoSuchMethodError'{0x00000000835da6a8}: 'void java.lang.invoke.DirectMethodHandle$Holder.invokeVirtual(java.lang.Object, java.lang.Object, java.lang.Object, java.lang.Object)'> (0x00000000835da6a8) thrown at [./src/hotspot/share/interpreter/linkResolver.cpp, line 773]
Event: 12.056 Thread 0x00000196fbd97000 Exception <a 'java/lang/NoSuchMethodError'{0x00000000835e7110}: 'void java.lang.invoke.DelegatingMethodHandle$Holder.reinvoke_L(java.lang.Object, java.lang.Object, java.lang.Object, java.lang.Object)'> (0x00000000835e7110) thrown at [./src/hotspot/share/interpreter/linkResolver.cpp, line 773]
Event: 12.084 Thread 0x00000196fbd97000 Exception <a 'java/lang/NoSuchMethodError'{0x00000000834185a0}: 'long java.lang.invoke.DirectMethodHandle$Holder.invokeInterface(java.lang.Object, java.lang.Object)'> (0x00000000834185a0) thrown at [./src/hotspot/share/interpreter/linkResolver.cpp, line 773]
Event: 12.095 Thread 0x00000196fbd97000 Exception <a 'java/lang/NoSuchMethodError'{0x000000008343b2e8}: 'void java.lang.invoke.DelegatingMethodHandle$Holder.reinvoke_L(java.lang.Object, java.lang.Object, java.lang.Object, java.lang.Object, java.lang.Object, java.lang.Object, java.lang.Object)'> (0x000000008343b2e8) thrown at [./src/hotspot/share/interpreter/linkResolver.cpp, line 773]
Event: 13.440 Thread 0x00000196fbd97000 Exception <a 'java/lang/NoSuchMethodError'{0x0000000083eb9a58}: 'java.lang.Object java.lang.invoke.DirectMethodHandle$Holder.invokeVirtual(java.lang.Object, java.lang.Object, java.lang.Object)'> (0x0000000083eb9a58) thrown at [./src/hotspot/share/interpreter/linkResolver.cpp, line 773]
Event: 13.621 Thread 0x00000196fbd97000 Exception <a 'java/lang/NoSuchMethodError'{0x0000000083a6f9c8}: 'void java.lang.invoke.DirectMethodHandle$Holder.invokeInterface(java.lang.Object, java.lang.Object)'> (0x0000000083a6f9c8) thrown at [./src/hotspot/share/interpreter/linkResolver.cpp, line 773]
Event: 13.622 Thread 0x00000196fbd97000 Exception <a 'java/lang/IncompatibleClassChangeError'{0x0000000083a72b78}: Found class java.lang.Object, but interface was expected> (0x0000000083a72b78) thrown at [./src/hotspot/share/interpreter/linkResolver.cpp, line 839]
Event: 13.698 Thread 0x00000196fbd97000 Exception <a 'java/lang/NoSuchMethodError'{0x00000000839e86b8}: 'void java.lang.invoke.DirectMethodHandle$Holder.invokeStaticInit(java.lang.Object)'> (0x00000000839e86b8) thrown at [./src/hotspot/share/interpreter/linkResolver.cpp, line 773]
Event: 14.160 Thread 0x00000196fbd97000 Exception <a 'java/lang/NoSuchMethodError'{0x0000000083684b00}: 'java.lang.Object java.lang.invoke.DirectMethodHandle$Holder.invokeStatic(java.lang.Object, java.lang.Object, java.lang.Object, int)'> (0x0000000083684b00) thrown at [./src/hotspot/share/interpreter/linkResolver.cpp, line 773]
Event: 14.160 Thread 0x00000196fbd97000 Exception <a 'java/lang/NoSuchMethodError'{0x0000000083688cc8}: 'java.lang.Object java.lang.invoke.DirectMethodHandle$Holder.invokeSpecial(java.lang.Object, java.lang.Object, java.lang.Object, java.lang.Object, int)'> (0x0000000083688cc8) thrown at [./src/hotspot/share/interpreter/linkResolver.cpp, line 773]
Event: 14.161 Thread 0x00000196fbd97000 Exception <a 'java/lang/NoSuchMethodError'{0x000000008368c6b0}: 'java.lang.Object java.lang.invoke.Invokers$Holder.linkToTargetMethod(java.lang.Object, java.lang.Object, int, java.lang.Object)'> (0x000000008368c6b0) thrown at [./src/hotspot/share/interpreter/linkResolver.cpp, line 773]
Event: 15.262 Thread 0x00000196fbd97000 Exception <a 'java/lang/NoSuchMethodError'{0x0000000083f78220}: 'int java.lang.invoke.DirectMethodHandle$Holder.invokeSpecialIFC(java.lang.Object, java.lang.Object, java.lang.Object, java.lang.Object)'> (0x0000000083f78220) thrown at [./src/hotspot/share/interpreter/linkResolver.cpp, line 773]
Event: 15.268 Thread 0x00000196fbd97000 Exception <a 'java/lang/NoSuchMethodError'{0x0000000083f85fe0}: 'java.lang.Object java.lang.invoke.DirectMethodHandle$Holder.invokeInterface(java.lang.Object, java.lang.Object, java.lang.Object)'> (0x0000000083f85fe0) thrown at [./src/hotspot/share/interpreter/linkResolver.cpp, line 773]
Event: 15.268 Thread 0x00000196fbd97000 Exception <a 'java/lang/IncompatibleClassChangeError'{0x0000000083f894b8}: Found class java.lang.Object, but interface was expected> (0x0000000083f894b8) thrown at [./src/hotspot/share/interpreter/linkResolver.cpp, line 839]
Event: 15.338 Thread 0x00000196fbd97000 Exception <a 'java/lang/NoSuchMethodError'{0x0000000083e4b290}: 'void java.lang.invoke.DirectMethodHandle$Holder.invokeStatic(java.lang.Object, java.lang.Object, java.lang.Object, java.lang.Object, java.lang.Object)'> (0x0000000083e4b290) thrown at [./src/hotspot/share/interpreter/linkResolver.cpp, line 773]
Event: 15.756 Thread 0x00000196fbd97000 Exception <a 'java/lang/NoSuchMethodError'{0x0000000083ae3a10}: 'void java.lang.invoke.DirectMethodHandle$Holder.invokeSpecial(java.lang.Object, java.lang.Object)'> (0x0000000083ae3a10) thrown at [./src/hotspot/share/interpreter/linkResolver.cpp, line 773]
Event: 15.885 Thread 0x00000196fbd97000 Exception <a 'java/lang/NoSuchMethodError'{0x000000008371f170}: 'java.lang.Object java.lang.invoke.DirectMethodHandle$Holder.invokeSpecial(java.lang.Object, java.lang.Object, java.lang.Object, java.lang.Object, java.lang.Object, java.lang.Object, java.lang.Object, java.lang.Object, java.lang.Object)'> (0x000000008371f170) thrown at [./src/hotspot/share/interpreter/linkResolver.cpp, line 773]

Events (20 events):
Event: 16.051 loading class org/gradle/internal/authentication/AuthenticationInternal
Event: 16.051 loading class org/gradle/internal/authentication/AuthenticationInternal done
Event: 16.052 loading class org/gradle/authentication/http/DigestAuthentication
Event: 16.052 loading class org/gradle/authentication/http/DigestAuthentication done
Event: 16.053 loading class org/gradle/internal/authentication/DefaultDigestAuthentication
Event: 16.053 loading class org/gradle/internal/authentication/DefaultDigestAuthentication done
Event: 16.053 loading class org/gradle/authentication/http/HttpHeaderAuthentication
Event: 16.053 loading class org/gradle/authentication/http/HttpHeaderAuthentication done
Event: 16.054 loading class org/gradle/internal/authentication/DefaultHttpHeaderAuthentication
Event: 16.054 loading class org/gradle/internal/authentication/DefaultHttpHeaderAuthentication done
Event: 16.055 loading class org/gradle/plugin/internal/PluginUsePluginServiceRegistry$BuildScopeServices
Event: 16.055 loading class org/gradle/plugin/internal/PluginUsePluginServiceRegistry$BuildScopeServices done
Event: 16.056 loading class org/gradle/plugin/management/internal/autoapply/AutoAppliedPluginRegistry
Event: 16.056 loading class org/gradle/plugin/management/internal/autoapply/AutoAppliedPluginRegistry done
Event: 16.057 loading class org/gradle/api/internal/artifacts/DependencyResolutionServices
Event: 16.057 loading class org/gradle/api/internal/artifacts/DependencyResolutionServices done
Event: 16.057 loading class org/gradle/api/internal/artifacts/dsl/dependencies/ProjectFinder
Event: 16.057 loading class org/gradle/api/internal/artifacts/dsl/dependencies/ProjectFinder done
Event: 16.058 loading class org/gradle/plugin/use/resolve/service/internal/ClientInjectedClasspathPluginResolver
Event: 16.058 loading class org/gradle/plugin/use/resolve/service/internal/ClientInjectedClasspathPluginResolver done


Dynamic libraries:
0x00007ff6e5fc0000 - 0x00007ff6e5fca000 	C:\Program Files\Android\Android Studio\jre\bin\java.exe
0x00007ff905ab0000 - 0x00007ff905ca5000 	C:\WINDOWS\SYSTEM32\ntdll.dll
0x00007ff905060000 - 0x00007ff90511e000 	C:\WINDOWS\System32\KERNEL32.DLL
0x00007ff903250000 - 0x00007ff903518000 	C:\WINDOWS\System32\KERNELBASE.dll
0x00007ff903960000 - 0x00007ff903a60000 	C:\WINDOWS\System32\ucrtbase.dll
0x00007ff8e49c0000 - 0x00007ff8e49d7000 	C:\Program Files\Android\Android Studio\jre\bin\VCRUNTIME140.dll
0x00007ff8ea2b0000 - 0x00007ff8ea2c9000 	C:\Program Files\Android\Android Studio\jre\bin\jli.dll
0x00007ff904a60000 - 0x00007ff904c00000 	C:\WINDOWS\System32\USER32.dll
0x00007ff903770000 - 0x00007ff903792000 	C:\WINDOWS\System32\win32u.dll
0x00007ff904900000 - 0x00007ff90492b000 	C:\WINDOWS\System32\GDI32.dll
0x00007ff903850000 - 0x00007ff90395d000 	C:\WINDOWS\System32\gdi32full.dll
0x00007ff8e9ee0000 - 0x00007ff8ea17a000 	C:\WINDOWS\WinSxS\amd64_microsoft.windows.common-controls_6595b64144ccf1df_6.0.19041.1110_none_60b5254171f9507e\COMCTL32.dll
0x00007ff903a60000 - 0x00007ff903afd000 	C:\WINDOWS\System32\msvcp_win.dll
0x00007ff904040000 - 0x00007ff9040de000 	C:\WINDOWS\System32\msvcrt.dll
0x00007ff904d80000 - 0x00007ff904db0000 	C:\WINDOWS\System32\IMM32.DLL
0x00007ff8ca6a0000 - 0x00007ff8ca73d000 	C:\Program Files\Android\Android Studio\jre\bin\msvcp140.dll
0x00007ff89e370000 - 0x00007ff89ee3f000 	C:\Program Files\Android\Android Studio\jre\bin\server\jvm.dll
0x00007ff904fb0000 - 0x00007ff90505e000 	C:\WINDOWS\System32\ADVAPI32.dll
0x00007ff9058f0000 - 0x00007ff90598c000 	C:\WINDOWS\System32\sechost.dll
0x00007ff904930000 - 0x00007ff904a55000 	C:\WINDOWS\System32\RPCRT4.dll
0x00007ff905370000 - 0x00007ff905378000 	C:\WINDOWS\System32\PSAPI.DLL
0x00007ff8fc7a0000 - 0x00007ff8fc7aa000 	C:\WINDOWS\SYSTEM32\VERSION.dll
0x00007ff8feff0000 - 0x00007ff8feff9000 	C:\WINDOWS\SYSTEM32\WSOCK32.dll
0x00007ff904d10000 - 0x00007ff904d7b000 	C:\WINDOWS\System32\WS2_32.dll
0x00007ff8e9e60000 - 0x00007ff8e9e87000 	C:\WINDOWS\SYSTEM32\WINMM.dll
0x00007ff901050000 - 0x00007ff901062000 	C:\WINDOWS\SYSTEM32\kernel.appcore.dll
0x00007ff8fb460000 - 0x00007ff8fb471000 	C:\Program Files\Android\Android Studio\jre\bin\verify.dll
0x00007ff8f9f00000 - 0x00007ff8fa0e4000 	C:\WINDOWS\SYSTEM32\DBGHELP.DLL
0x00007ff8ea210000 - 0x00007ff8ea23c000 	C:\WINDOWS\SYSTEM32\dbgcore.DLL
0x00007ff9031c0000 - 0x00007ff903242000 	C:\WINDOWS\System32\bcryptPrimitives.dll
0x00007ff8c7f30000 - 0x00007ff8c7f59000 	C:\Program Files\Android\Android Studio\jre\bin\java.dll
0x00007ff8c7f20000 - 0x00007ff8c7f2b000 	C:\Program Files\Android\Android Studio\jre\bin\jimage.dll
0x00007ff8c7f00000 - 0x00007ff8c7f18000 	C:\Program Files\Android\Android Studio\jre\bin\zip.dll
0x00007ff9041a0000 - 0x00007ff9048e4000 	C:\WINDOWS\System32\SHELL32.dll
0x00007ff901250000 - 0x00007ff9019e4000 	C:\WINDOWS\SYSTEM32\windows.storage.dll
0x00007ff903ce0000 - 0x00007ff904035000 	C:\WINDOWS\System32\combase.dll
0x00007ff902b30000 - 0x00007ff902b5e000 	C:\WINDOWS\SYSTEM32\Wldp.dll
0x00007ff903c30000 - 0x00007ff903cdd000 	C:\WINDOWS\System32\SHCORE.dll
0x00007ff904f50000 - 0x00007ff904fa5000 	C:\WINDOWS\System32\shlwapi.dll
0x00007ff903100000 - 0x00007ff90311f000 	C:\WINDOWS\SYSTEM32\profapi.dll
0x00007ff8c7ee0000 - 0x00007ff8c7efa000 	C:\Program Files\Android\Android Studio\jre\bin\net.dll
0x00007ff8f1100000 - 0x00007ff8f120c000 	C:\WINDOWS\SYSTEM32\WINHTTP.dll
0x00007ff902910000 - 0x00007ff90297a000 	C:\WINDOWS\system32\mswsock.dll
0x00007ff8c7ec0000 - 0x00007ff8c7ed4000 	C:\Program Files\Android\Android Studio\jre\bin\nio.dll
0x00007ff8f4e40000 - 0x00007ff8f4e67000 	C:\Users\ADMIN\.gradle\native\8bec1ad78214c89d9ad589b4d07fe93259594b29d510b10fafb7a158f7737e5d\windows-amd64\native-platform.dll
0x00007ff8a9050000 - 0x00007ff8a918d000 	C:\Users\ADMIN\.gradle\native\53dbd7edfb1c66fb8903c78663c9afc45aea4f116125fa6feffd364cf09443e8\windows-amd64\native-platform-file-events.dll
0x00007ff8c7eb0000 - 0x00007ff8c7eba000 	C:\Program Files\Android\Android Studio\jre\bin\management.dll
0x00007ff8c7ea0000 - 0x00007ff8c7eac000 	C:\Program Files\Android\Android Studio\jre\bin\management_ext.dll
0x00007ff902b70000 - 0x00007ff902b88000 	C:\WINDOWS\SYSTEM32\CRYPTSP.dll
0x00007ff902240000 - 0x00007ff902274000 	C:\WINDOWS\system32\rsaenh.dll
0x00007ff903590000 - 0x00007ff9035b7000 	C:\WINDOWS\System32\bcrypt.dll
0x00007ff9030c0000 - 0x00007ff9030ee000 	C:\WINDOWS\SYSTEM32\USERENV.dll
0x00007ff902aa0000 - 0x00007ff902aac000 	C:\WINDOWS\SYSTEM32\CRYPTBASE.dll
0x00007ff9025d0000 - 0x00007ff90260b000 	C:\WINDOWS\SYSTEM32\IPHLPAPI.DLL
0x00007ff9051b0000 - 0x00007ff9051b8000 	C:\WINDOWS\System32\NSI.dll
0x00007ff8f9b30000 - 0x00007ff8f9b47000 	C:\WINDOWS\SYSTEM32\dhcpcsvc6.DLL
0x00007ff8fa3d0000 - 0x00007ff8fa3ed000 	C:\WINDOWS\SYSTEM32\dhcpcsvc.DLL
0x00007ff902610000 - 0x00007ff9026db000 	C:\WINDOWS\SYSTEM32\DNSAPI.dll

dbghelp: loaded successfully - version: 4.0.5 - missing functions: none
symbol engine: initialized successfully - sym options: 0x614 - pdb path: .;C:\Program Files\Android\Android Studio\jre\bin;C:\WINDOWS\SYSTEM32;C:\WINDOWS\WinSxS\amd64_microsoft.windows.common-controls_6595b64144ccf1df_6.0.19041.1110_none_60b5254171f9507e;C:\Program Files\Android\Android Studio\jre\bin\server;C:\Users\ADMIN\.gradle\native\8bec1ad78214c89d9ad589b4d07fe93259594b29d510b10fafb7a158f7737e5d\windows-amd64;C:\Users\ADMIN\.gradle\native\53dbd7edfb1c66fb8903c78663c9afc45aea4f116125fa6feffd364cf09443e8\windows-amd64

VM Arguments:
jvm_args: --add-opens=java.base/java.util=ALL-UNNAMED --add-opens=java.base/java.lang=ALL-UNNAMED --add-opens=java.base/java.lang.invoke=ALL-UNNAMED --add-opens=java.base/java.util=ALL-UNNAMED --add-opens=java.prefs/java.util.prefs=ALL-UNNAMED --add-opens=java.prefs/java.util.prefs=ALL-UNNAMED --add-opens=java.base/java.nio.charset=ALL-UNNAMED --add-opens=java.base/java.net=ALL-UNNAMED --add-opens=java.base/java.util.concurrent.atomic=ALL-UNNAMED -Xmx2048m -Dfile.encoding=UTF-8 -Duser.country=US -Duser.language=en -Duser.variant 
java_command: org.gradle.launcher.daemon.bootstrap.GradleDaemon 7.0.2
java_class_path (initial): C:\Users\ADMIN\.gradle\wrapper\dists\gradle-7.0.2-bin\857tjihv64xamwrf0h14cai3r\gradle-7.0.2\lib\gradle-launcher-7.0.2.jar
Launcher Type: SUN_STANDARD

[Global flags]
     intx CICompilerCount                          = 4                                         {product} {ergonomic}
     uint ConcGCThreads                            = 2                                         {product} {ergonomic}
     uint G1ConcRefinementThreads                  = 8                                         {product} {ergonomic}
   size_t G1HeapRegionSize                         = 1048576                                   {product} {ergonomic}
    uintx GCDrainStackTargetSize                   = 64                                        {product} {ergonomic}
   size_t InitialHeapSize                          = 67108864                                  {product} {ergonomic}
   size_t MarkStackSize                            = 4194304                                   {product} {ergonomic}
   size_t MaxHeapSize                              = 2147483648                                {product} {command line}
   size_t MaxNewSize                               = 1287651328                                {product} {ergonomic}
   size_t MinHeapDeltaBytes                        = 1048576                                   {product} {ergonomic}
    uintx NonNMethodCodeHeapSize                   = 5836300                                {pd product} {ergonomic}
    uintx NonProfiledCodeHeapSize                  = 122910970                              {pd product} {ergonomic}
    uintx ProfiledCodeHeapSize                     = 122910970                              {pd product} {ergonomic}
    uintx ReservedCodeCacheSize                    = 251658240                              {pd product} {ergonomic}
     bool SegmentedCodeCache                       = true                                      {product} {ergonomic}
     bool UseCompressedClassPointers               = true                                 {lp64_product} {ergonomic}
     bool UseCompressedOops                        = true                                 {lp64_product} {ergonomic}
     bool UseG1GC                                  = true                                      {product} {ergonomic}
     bool UseLargePagesIndividualAllocation        = false                                  {pd product} {ergonomic}

Logging:
Log output configuration:
 #0: stdout all=warning uptime,level,tags
 #1: stderr all=off uptime,level,tags

Environment Variables:
PATH=C:\Program Files (x86)\Common Files\Oracle\Java\javapath;C:\Program Files\Common Files\Oracle\Java\javapath;C:\WINDOWS\system32;C:\WINDOWS;C:\WINDOWS\System32\Wbem;C:\WINDOWS\System32\WindowsPowerShell\v1.0\;C:\WINDOWS\System32\OpenSSH\;C:\Program Files\Microsoft SQL Server\130\Tools\Binn\;C:\Program Files\Microsoft SQL Server\Client SDK\ODBC\170\Tools\Binn\;C:\Program Files (x86)\Microsoft SQL Server\150\DTS\Binn\;C:\Program Files\Azure Data Studio\bin;C:\Program Files (x86)\Microsoft SQL Server\150\Tools\Binn\;C:\Program Files\Microsoft SQL Server\150\Tools\Binn\;C:\Program Files\Microsoft SQL Server\150\DTS\Binn\;C:\Program Files\dotnet\;C:\Program Files\nodejs\;C:\Program Files\PuTTY\;C:\Program Files\Git\cmd;C:\Users\ADMIN\AppData\Local\Microsoft\WindowsApps;C:\Program Files\Azure Data Studio\bin;F:\Visual stadio code\PHP\Microsoft VS Code\bin;C:\Program Files\heroku\bin;C:\Users\ADMIN\AppData\Roaming\npm;C:\Users\ADMIN\AppData\Local\GitHubDesktop\bin;C:\Users\ADMIN\.dotnet\tools;C:\Users\ADMIN\AppData\Local\Programs\Microsoft VS Code\bin
USERNAME=ADMIN
OS=Windows_NT
PROCESSOR_IDENTIFIER=Intel64 Family 6 Model 142 Stepping 10, GenuineIntel



---------------  S Y S T E M  ---------------

OS: Windows 10 , 64 bit Build 19041 (10.0.19041.1503)
OS uptime: 3 days 23:51 hours
Hyper-V role detected

CPU:total 8 (initial active 8) (4 cores per cpu, 2 threads per core) family 6 model 142 stepping 10 microcode 0xb4, cmov, cx8, fxsr, mmx, sse, sse2, sse3, ssse3, sse4.1, sse4.2, popcnt, avx, avx2, aes, clmul, erms, 3dnowpref, lzcnt, ht, tsc, tscinvbit, bmi1, bmi2, adx, fma

Memory: 4k page, system-wide physical 4005M (298M free)
TotalPageFile size 16293M (AvailPageFile size 6M)
current process WorkingSet (physical memory assigned to process): 107M, peak: 119M
current process commit charge ("private bytes"): 195M, peak: 196M

vm_info: OpenJDK 64-Bit Server VM (11.0.10+0-b96-7249189) for windows-amd64 JRE (11.0.10+0-b96-7249189), built on Mar 31 2021 21:44:00 by "builder" with MS VC++ 14.0 (VS2015)

END.
