#
# There is insufficient memory for the Java Runtime Environment to continue.
# Native memory allocation (malloc) failed to allocate 1051376 bytes for Chunk::new
# Possible reasons:
#   The system is out of physical RAM or swap space
#   The process is running with CompressedOops enabled, and the Java Heap may be blocking the growth of the native heap
# Possible solutions:
#   Reduce memory load on the system
#   Increase physical memory or swap space
#   Check if swap backing store is full
#   Decrease Java heap size (-Xmx/-Xms)
#   Decrease number of Java threads
#   Decrease Java thread stack sizes (-Xss)
#   Set larger code cache with -XX:ReservedCodeCacheSize=
#   JVM is running with Unscaled Compressed Oops mode in which the Java heap is
#     placed in the first 4GB address space. The Java Heap base address is the
#     maximum limit for the native heap growth. Please use -XX:HeapBaseMinAddress
#     to set the Java Heap base and to place the Java Heap above 4GB virtual address.
# This output file may be truncated or incomplete.
#
#  Out of Memory Error (./src/hotspot/share/memory/arena.cpp:197), pid=12236, tid=26184
#
# JRE version: OpenJDK Runtime Environment (11.0.10) (build 11.0.10+0-b96-7249189)
# Java VM: OpenJDK 64-Bit Server VM (11.0.10+0-b96-7249189, mixed mode, tiered, compressed oops, g1 gc, windows-amd64)
# No core dump will be written. Minidumps are not enabled by default on client versions of Windows
#

---------------  S U M M A R Y ------------

Command Line: --add-opens=java.base/java.util=ALL-UNNAMED --add-opens=java.base/java.lang=ALL-UNNAMED --add-opens=java.base/java.lang.invoke=ALL-UNNAMED --add-opens=java.base/java.util=ALL-UNNAMED --add-opens=java.prefs/java.util.prefs=ALL-UNNAMED --add-opens=java.prefs/java.util.prefs=ALL-UNNAMED --add-opens=java.base/java.nio.charset=ALL-UNNAMED --add-opens=java.base/java.net=ALL-UNNAMED --add-opens=java.base/java.util.concurrent.atomic=ALL-UNNAMED -Xmx2048m -Dfile.encoding=UTF-8 -Duser.country=US -Duser.language=en -Duser.variant org.gradle.launcher.daemon.bootstrap.GradleDaemon 7.0.2

Host: Intel(R) Core(TM) i5-8250U CPU @ 1.60GHz, 8 cores, 3G,  Windows 10 , 64 bit Build 19041 (10.0.19041.1503)
Time: Wed Mar  2 14:22:28 2022 SE Asia Standard Time elapsed time: 33.086258 seconds (0d 0h 0m 33s)

---------------  T H R E A D  ---------------

Current thread (0x00000122ff0b3800):  JavaThread "C2 CompilerThread0" daemon [_thread_in_native, id=26184, stack(0x0000000451100000,0x0000000451200000)]


Current CompileTask:
C2:  33086 7004 %     4       org.gradle.internal.instantiation.generator.AbstractClassGenerator::inspectType @ 107 (560 bytes)

Stack: [0x0000000451100000,0x0000000451200000]
Native frames: (J=compiled Java code, j=interpreted, Vv=VM code, C=native code)
V  [jvm.dll+0x5ecfaa]
V  [jvm.dll+0x722bd5]
V  [jvm.dll+0x72412d]
V  [jvm.dll+0x7247e3]
V  [jvm.dll+0x242928]
V  [jvm.dll+0xbc4fc]
V  [jvm.dll+0xbca0c]
V  [jvm.dll+0x2b4fd4]
V  [jvm.dll+0x506028]
V  [jvm.dll+0x1fcbde]
V  [jvm.dll+0x1fa77f]
V  [jvm.dll+0x18354c]
V  [jvm.dll+0x208ee7]
V  [jvm.dll+0x207731]
V  [jvm.dll+0x6eb1cf]
V  [jvm.dll+0x6e3d45]
V  [jvm.dll+0x5ebe96]
C  [ucrtbase.dll+0x21bb2]
C  [KERNEL32.DLL+0x17034]
C  [ntdll.dll+0x52651]


---------------  P R O C E S S  ---------------

Threads class SMR info:
_java_thread_list=0x0000012294d15170, length=50, elements={
0x00000122f346c800, 0x00000122ff08d800, 0x00000122ff09b000, 0x00000122ff0a9000,
0x00000122ff0ab000, 0x00000122ff0ad000, 0x00000122ff0b3800, 0x00000122ff0b4800,
0x00000122ff0ca800, 0x00000122ffb79000, 0x0000012290296000, 0x0000012290b4a800,
0x0000012290a40800, 0x000001228f0b2800, 0x000001228f0b3800, 0x000001228ff3f000,
0x000001228ff40800, 0x0000012290b3e800, 0x0000012290bd5800, 0x0000012290b36000,
0x0000012290b3a000, 0x0000012290b36800, 0x0000012290b37800, 0x0000012290b38800,
0x0000012290b34800, 0x0000012290b39000, 0x0000012290b3b000, 0x0000012290b35000,
0x0000012290e3e800, 0x0000012290e3f800, 0x0000012290e3e000, 0x0000012290e41000,
0x0000012290e3b800, 0x0000012290e47800, 0x0000012290e45000, 0x0000012290e47000,
0x0000012290e42800, 0x0000012290e46000, 0x0000012290e49800, 0x0000012290e43800,
0x0000012290e4a000, 0x0000012290e44800, 0x000001228fba0000, 0x000001228fba4000,
0x000001228fb9e800, 0x000001228fba3800, 0x000001228fba1000, 0x000001228fba5000,
0x000001228fba2800, 0x000001228fb9f800
}

Java Threads: ( => current thread )
  0x00000122f346c800 JavaThread "main" [_thread_blocked, id=19696, stack(0x0000000450500000,0x0000000450600000)]
  0x00000122ff08d800 JavaThread "Reference Handler" daemon [_thread_blocked, id=25584, stack(0x0000000450c00000,0x0000000450d00000)]
  0x00000122ff09b000 JavaThread "Finalizer" daemon [_thread_blocked, id=1748, stack(0x0000000450d00000,0x0000000450e00000)]
  0x00000122ff0a9000 JavaThread "Signal Dispatcher" daemon [_thread_blocked, id=11164, stack(0x0000000450e00000,0x0000000450f00000)]
  0x00000122ff0ab000 JavaThread "Attach Listener" daemon [_thread_blocked, id=20796, stack(0x0000000450f00000,0x0000000451000000)]
  0x00000122ff0ad000 JavaThread "Service Thread" daemon [_thread_blocked, id=612, stack(0x0000000451000000,0x0000000451100000)]
=>0x00000122ff0b3800 JavaThread "C2 CompilerThread0" daemon [_thread_in_native, id=26184, stack(0x0000000451100000,0x0000000451200000)]
  0x00000122ff0b4800 JavaThread "C1 CompilerThread0" daemon [_thread_blocked, id=11868, stack(0x0000000451200000,0x0000000451300000)]
  0x00000122ff0ca800 JavaThread "Sweeper thread" daemon [_thread_blocked, id=20228, stack(0x0000000451300000,0x0000000451400000)]
  0x00000122ffb79000 JavaThread "Common-Cleaner" daemon [_thread_blocked, id=720, stack(0x0000000451400000,0x0000000451500000)]
  0x0000012290296000 JavaThread "Daemon health stats" [_thread_blocked, id=25520, stack(0x0000000451700000,0x0000000451800000)]
  0x0000012290b4a800 JavaThread "Incoming local TCP Connector on port 51465" [_thread_in_native, id=24700, stack(0x0000000451a00000,0x0000000451b00000)]
  0x0000012290a40800 JavaThread "Daemon periodic checks" [_thread_blocked, id=11960, stack(0x0000000451b00000,0x0000000451c00000)]
  0x000001228f0b2800 JavaThread "Daemon" [_thread_blocked, id=20316, stack(0x0000000451c00000,0x0000000451d00000)]
  0x000001228f0b3800 JavaThread "Handler for socket connection from /127.0.0.1:51465 to /127.0.0.1:51466" [_thread_in_native, id=10516, stack(0x0000000451d00000,0x0000000451e00000)]
  0x000001228ff3f000 JavaThread "Cancel handler" [_thread_blocked, id=23084, stack(0x0000000451e00000,0x0000000451f00000)]
  0x000001228ff40800 JavaThread "Daemon worker" [_thread_in_vm, id=26304, stack(0x0000000451f00000,0x0000000452000000)]
  0x0000012290b3e800 JavaThread "Asynchronous log dispatcher for DefaultDaemonConnection: socket connection from /127.0.0.1:51465 to /127.0.0.1:51466" [_thread_blocked, id=6580, stack(0x0000000452000000,0x0000000452100000)]
  0x0000012290bd5800 JavaThread "Stdin handler" [_thread_blocked, id=17264, stack(0x0000000452100000,0x0000000452200000)]
  0x0000012290b36000 JavaThread "Daemon client event forwarder" [_thread_blocked, id=13884, stack(0x0000000452200000,0x0000000452300000)]
  0x0000012290b3a000 JavaThread "Cache worker for file hash cache (C:\Users\ADMIN\.gradle\caches\7.0.2\fileHashes)" [_thread_blocked, id=23492, stack(0x0000000452700000,0x0000000452800000)]
  0x0000012290b36800 JavaThread "File lock request listener" [_thread_in_native, id=12180, stack(0x0000000452800000,0x0000000452900000)]
  0x0000012290b37800 JavaThread "Cache worker for journal cache (C:\Users\ADMIN\.gradle\caches\journal-1)" [_thread_blocked, id=21620, stack(0x0000000452a00000,0x0000000452b00000)]
  0x0000012290b38800 JavaThread "Cache worker for file hash cache (D:\SoftwareSupport\PROJECT_SEM4\project_android_final\android\.gradle\7.0.2\fileHashes)" [_thread_blocked, id=16688, stack(0x0000000452b00000,0x0000000452c00000)]
  0x0000012290b34800 JavaThread "File watcher server" daemon [_thread_in_native, id=24908, stack(0x0000000452c00000,0x0000000452d00000)]
  0x0000012290b39000 JavaThread "File watcher consumer" daemon [_thread_blocked, id=9552, stack(0x0000000452d00000,0x0000000452e00000)]
  0x0000012290b3b000 JavaThread "Cache worker for checksums cache (D:\SoftwareSupport\PROJECT_SEM4\project_android_final\android\.gradle\checksums)" [_thread_blocked, id=11364, stack(0x0000000452e00000,0x0000000452f00000)]
  0x0000012290b35000 JavaThread "Cache worker for cache directory md-supplier (C:\Users\ADMIN\.gradle\caches\7.0.2\md-supplier)" [_thread_blocked, id=15924, stack(0x0000000452f00000,0x0000000453000000)]
  0x0000012290e3e800 JavaThread "Cache worker for cache directory md-rule (C:\Users\ADMIN\.gradle\caches\7.0.2\md-rule)" [_thread_blocked, id=15592, stack(0x0000000453000000,0x0000000453100000)]
  0x0000012290e3f800 JavaThread "Cache worker for execution history cache (C:\Users\ADMIN\.gradle\caches\7.0.2\executionHistory)" [_thread_blocked, id=13508, stack(0x0000000453100000,0x0000000453200000)]
  0x0000012290e3e000 JavaThread "jar transforms" [_thread_blocked, id=14924, stack(0x0000000453200000,0x0000000453300000)]
  0x0000012290e41000 JavaThread "jar transforms Thread 2" [_thread_blocked, id=25588, stack(0x0000000453300000,0x0000000453400000)]
  0x0000012290e3b800 JavaThread "Cache worker for file content cache (C:\Users\ADMIN\.gradle\caches\7.0.2\fileContent)" [_thread_blocked, id=20940, stack(0x0000000453400000,0x0000000453500000)]
  0x0000012290e47800 JavaThread "Cache worker for dependencies-accessors (D:\SoftwareSupport\PROJECT_SEM4\project_android_final\android\.gradle\7.0.2\dependencies-accessors)" [_thread_blocked, id=10168, stack(0x0000000453500000,0x0000000453600000)]
  0x0000012290e45000 JavaThread "jar transforms Thread 3" [_thread_blocked, id=9696, stack(0x0000000453600000,0x0000000453700000)]
  0x0000012290e47000 JavaThread "Cache worker for Build Output Cleanup Cache (D:\SoftwareSupport\PROJECT_SEM4\project_android_final\android\.gradle\buildOutputCleanup)" [_thread_blocked, id=19520, stack(0x0000000453700000,0x0000000453800000)]
  0x0000012290e42800 JavaThread "Build operations" [_thread_blocked, id=23424, stack(0x0000000453800000,0x0000000453900000)]
  0x0000012290e46000 JavaThread "Build operations Thread 2" [_thread_blocked, id=25724, stack(0x0000000453900000,0x0000000453a00000)]
  0x0000012290e49800 JavaThread "Build operations Thread 3" [_thread_blocked, id=23380, stack(0x0000000453a00000,0x0000000453b00000)]
  0x0000012290e43800 JavaThread "Build operations Thread 4" [_thread_blocked, id=8468, stack(0x0000000453b00000,0x0000000453c00000)]
  0x0000012290e4a000 JavaThread "Build operations Thread 5" [_thread_blocked, id=22276, stack(0x0000000453c00000,0x0000000453d00000)]
  0x0000012290e44800 JavaThread "Build operations Thread 6" [_thread_blocked, id=16980, stack(0x0000000453d00000,0x0000000453e00000)]
  0x000001228fba0000 JavaThread "Build operations Thread 7" [_thread_blocked, id=12952, stack(0x0000000453e00000,0x0000000453f00000)]
  0x000001228fba4000 JavaThread "Build operations Thread 8" [_thread_blocked, id=7692, stack(0x0000000453f00000,0x0000000454000000)]
  0x000001228fb9e800 JavaThread "jar transforms Thread 4" [_thread_blocked, id=22132, stack(0x0000000454000000,0x0000000454100000)]
  0x000001228fba3800 JavaThread "jar transforms Thread 5" [_thread_blocked, id=9528, stack(0x0000000454100000,0x0000000454200000)]
  0x000001228fba1000 JavaThread "jar transforms Thread 6" [_thread_blocked, id=19924, stack(0x0000000454200000,0x0000000454300000)]
  0x000001228fba5000 JavaThread "jar transforms Thread 7" [_thread_blocked, id=15944, stack(0x0000000454300000,0x0000000454400000)]
  0x000001228fba2800 JavaThread "jar transforms Thread 8" [_thread_blocked, id=23592, stack(0x0000000454400000,0x0000000454500000)]
  0x000001228fb9f800 JavaThread "Memory manager" [_thread_blocked, id=16436, stack(0x0000000454500000,0x0000000454600000)]

Other Threads:
  0x00000122ff088800 VMThread "VM Thread" [stack: 0x0000000450b00000,0x0000000450c00000] [id=11604]
  0x00000122ffb9b800 WatcherThread [stack: 0x0000000451500000,0x0000000451600000] [id=23716]
  0x00000122f3484800 GCTaskThread "GC Thread#0" [stack: 0x0000000450600000,0x0000000450700000] [id=4868]
  0x000001228f8d6000 GCTaskThread "GC Thread#1" [stack: 0x0000000451600000,0x0000000451700000] [id=11624]
  0x0000012290a06000 GCTaskThread "GC Thread#2" [stack: 0x0000000451800000,0x0000000451900000] [id=23816]
  0x00000122906a5800 GCTaskThread "GC Thread#3" [stack: 0x0000000451900000,0x0000000451a00000] [id=24796]
  0x000001228f7fa800 GCTaskThread "GC Thread#4" [stack: 0x0000000452300000,0x0000000452400000] [id=13728]
  0x00000122ffd84000 GCTaskThread "GC Thread#5" [stack: 0x0000000452400000,0x0000000452500000] [id=4992]
  0x000001228fda8800 GCTaskThread "GC Thread#6" [stack: 0x0000000452500000,0x0000000452600000] [id=18272]
  0x000001228f114000 GCTaskThread "GC Thread#7" [stack: 0x0000000452600000,0x0000000452700000] [id=19432]
  0x00000122f34b9000 ConcurrentGCThread "G1 Main Marker" [stack: 0x0000000450700000,0x0000000450800000] [id=18696]
  0x00000122f34ba000 ConcurrentGCThread "G1 Conc#0" [stack: 0x0000000450800000,0x0000000450900000] [id=23964]
  0x000001228fcb4800 ConcurrentGCThread "G1 Conc#1" [stack: 0x0000000452900000,0x0000000452a00000] [id=2264]
  0x00000122f3523800 ConcurrentGCThread "G1 Refine#0" [stack: 0x0000000450900000,0x0000000450a00000] [id=11300]
  0x00000122f3524800 ConcurrentGCThread "G1 Young RemSet Sampling" [stack: 0x0000000450a00000,0x0000000450b00000] [id=21160]

Threads with active compile tasks:
C2 CompilerThread0  33277 7004 %     4       org.gradle.internal.instantiation.generator.AbstractClassGenerator::inspectType @ 107 (560 bytes)

VM state:not at safepoint (normal execution)

VM Mutex/Monitor currently owned by a thread: None

Heap address: 0x0000000080000000, size: 2048 MB, Compressed Oops mode: 32-bit
Narrow klass base: 0x0000000000000000, Narrow klass shift: 3
Compressed class space size: 1073741824 Address: 0x0000000100000000

Heap:
 garbage-first heap   total 165888K, used 101489K [0x0000000080000000, 0x0000000100000000)
  region size 1024K, 49 young (50176K), 3 survivors (3072K)
 Metaspace       used 74700K, capacity 76426K, committed 76592K, reserved 1116160K
  class space    used 9751K, capacity 10364K, committed 10368K, reserved 1048576K
Heap Regions: E=young(eden), S=young(survivor), O=old, HS=humongous(starts), HC=humongous(continues), CS=collection set, F=free, A=archive, TAMS=top-at-mark-start (previous, next)
|   0|0x0000000080000000, 0x0000000080100000, 0x0000000080100000|100%| O|  |TAMS 0x0000000080100000, 0x0000000080000000| Untracked 
|   1|0x0000000080100000, 0x0000000080200000, 0x0000000080200000|100%| O|  |TAMS 0x0000000080200000, 0x0000000080100000| Untracked 
|   2|0x0000000080200000, 0x0000000080300000, 0x0000000080300000|100%| O|  |TAMS 0x0000000080300000, 0x0000000080200000| Untracked 
|   3|0x0000000080300000, 0x0000000080400000, 0x0000000080400000|100%|HS|  |TAMS 0x0000000080400000, 0x0000000080300000| Complete 
|   4|0x0000000080400000, 0x0000000080500000, 0x0000000080500000|100%|HC|  |TAMS 0x0000000080500000, 0x0000000080400000| Complete 
|   5|0x0000000080500000, 0x0000000080600000, 0x0000000080600000|100%|HC|  |TAMS 0x0000000080600000, 0x0000000080500000| Complete 
|   6|0x0000000080600000, 0x0000000080700000, 0x0000000080700000|100%| O|  |TAMS 0x0000000080700000, 0x0000000080600000| Untracked 
|   7|0x0000000080700000, 0x0000000080800000, 0x0000000080800000|100%| O|  |TAMS 0x0000000080800000, 0x0000000080700000| Untracked 
|   8|0x0000000080800000, 0x0000000080900000, 0x0000000080900000|100%| O|  |TAMS 0x0000000080900000, 0x0000000080800000| Untracked 
|   9|0x0000000080900000, 0x0000000080a00000, 0x0000000080a00000|100%| O|  |TAMS 0x0000000080a00000, 0x0000000080900000| Untracked 
|  10|0x0000000080a00000, 0x0000000080b00000, 0x0000000080b00000|100%| O|  |TAMS 0x0000000080b00000, 0x0000000080a00000| Untracked 
|  11|0x0000000080b00000, 0x0000000080c00000, 0x0000000080c00000|100%| O|  |TAMS 0x0000000080c00000, 0x0000000080b00000| Untracked 
|  12|0x0000000080c00000, 0x0000000080d00000, 0x0000000080d00000|100%| O|  |TAMS 0x0000000080d00000, 0x0000000080c00000| Untracked 
|  13|0x0000000080d00000, 0x0000000080e00000, 0x0000000080e00000|100%| O|  |TAMS 0x0000000080e00000, 0x0000000080d00000| Untracked 
|  14|0x0000000080e00000, 0x0000000080f00000, 0x0000000080f00000|100%| O|  |TAMS 0x0000000080f00000, 0x0000000080e00000| Untracked 
|  15|0x0000000080f00000, 0x0000000081000000, 0x0000000081000000|100%| O|  |TAMS 0x0000000081000000, 0x0000000080f00000| Untracked 
|  16|0x0000000081000000, 0x0000000081100000, 0x0000000081100000|100%| O|  |TAMS 0x0000000081100000, 0x0000000081000000| Untracked 
|  17|0x0000000081100000, 0x0000000081200000, 0x0000000081200000|100%| O|  |TAMS 0x0000000081200000, 0x0000000081100000| Untracked 
|  18|0x0000000081200000, 0x0000000081300000, 0x0000000081300000|100%| O|  |TAMS 0x0000000081300000, 0x0000000081200000| Untracked 
|  19|0x0000000081300000, 0x0000000081400000, 0x0000000081400000|100%| O|  |TAMS 0x0000000081400000, 0x0000000081300000| Untracked 
|  20|0x0000000081400000, 0x0000000081500000, 0x0000000081500000|100%| O|  |TAMS 0x0000000081500000, 0x0000000081400000| Untracked 
|  21|0x0000000081500000, 0x0000000081600000, 0x0000000081600000|100%| O|  |TAMS 0x0000000081600000, 0x0000000081500000| Untracked 
|  22|0x0000000081600000, 0x0000000081700000, 0x0000000081700000|100%| O|  |TAMS 0x0000000081700000, 0x0000000081600000| Untracked 
|  23|0x0000000081700000, 0x0000000081800000, 0x0000000081800000|100%| O|  |TAMS 0x0000000081800000, 0x0000000081700000| Untracked 
|  24|0x0000000081800000, 0x0000000081900000, 0x0000000081900000|100%| O|  |TAMS 0x0000000081900000, 0x0000000081800000| Untracked 
|  25|0x0000000081900000, 0x0000000081a00000, 0x0000000081a00000|100%| O|  |TAMS 0x0000000081a00000, 0x0000000081900000| Untracked 
|  26|0x0000000081a00000, 0x0000000081b00000, 0x0000000081b00000|100%| O|  |TAMS 0x0000000081b00000, 0x0000000081a00000| Untracked 
|  27|0x0000000081b00000, 0x0000000081c00000, 0x0000000081c00000|100%| O|  |TAMS 0x0000000081c00000, 0x0000000081b00000| Untracked 
|  28|0x0000000081c00000, 0x0000000081d00000, 0x0000000081d00000|100%|HS|  |TAMS 0x0000000081d00000, 0x0000000081c00000| Complete 
|  29|0x0000000081d00000, 0x0000000081e00000, 0x0000000081e00000|100%| O|  |TAMS 0x0000000081e00000, 0x0000000081d00000| Untracked 
|  30|0x0000000081e00000, 0x0000000081f00000, 0x0000000081f00000|100%| O|  |TAMS 0x0000000081f00000, 0x0000000081e00000| Untracked 
|  31|0x0000000081f00000, 0x0000000082000000, 0x0000000082000000|100%|HS|  |TAMS 0x0000000082000000, 0x0000000081f00000| Complete 
|  32|0x0000000082000000, 0x0000000082100000, 0x0000000082100000|100%| O|  |TAMS 0x0000000082100000, 0x0000000082000000| Untracked 
|  33|0x0000000082100000, 0x0000000082200000, 0x0000000082200000|100%| O|  |TAMS 0x0000000082200000, 0x0000000082100000| Untracked 
|  34|0x0000000082200000, 0x0000000082300000, 0x0000000082300000|100%| O|  |TAMS 0x0000000082300000, 0x0000000082200000| Untracked 
|  35|0x0000000082300000, 0x0000000082400000, 0x0000000082400000|100%|HS|  |TAMS 0x0000000082400000, 0x0000000082300000| Complete 
|  36|0x0000000082400000, 0x0000000082500000, 0x0000000082500000|100%|HC|  |TAMS 0x0000000082500000, 0x0000000082400000| Complete 
|  37|0x0000000082500000, 0x0000000082600000, 0x0000000082600000|100%| O|  |TAMS 0x0000000082600000, 0x0000000082500000| Untracked 
|  38|0x0000000082600000, 0x0000000082700000, 0x0000000082700000|100%| O|  |TAMS 0x0000000082700000, 0x0000000082600000| Untracked 
|  39|0x0000000082700000, 0x0000000082800000, 0x0000000082800000|100%| O|  |TAMS 0x0000000082800000, 0x0000000082700000| Untracked 
|  40|0x0000000082800000, 0x0000000082900000, 0x0000000082900000|100%| O|  |TAMS 0x0000000082900000, 0x0000000082800000| Untracked 
|  41|0x0000000082900000, 0x0000000082a00000, 0x0000000082a00000|100%| O|  |TAMS 0x0000000082a00000, 0x0000000082900000| Untracked 
|  42|0x0000000082a00000, 0x0000000082b00000, 0x0000000082b00000|100%| O|  |TAMS 0x0000000082b00000, 0x0000000082a00000| Untracked 
|  43|0x0000000082b00000, 0x0000000082c00000, 0x0000000082c00000|100%| O|  |TAMS 0x0000000082c00000, 0x0000000082b00000| Untracked 
|  44|0x0000000082c00000, 0x0000000082d00000, 0x0000000082d00000|100%| O|  |TAMS 0x0000000082d00000, 0x0000000082c00000| Untracked 
|  45|0x0000000082d00000, 0x0000000082e00000, 0x0000000082e00000|100%| O|  |TAMS 0x0000000082e00000, 0x0000000082d00000| Untracked 
|  46|0x0000000082e00000, 0x0000000082f00000, 0x0000000082f00000|100%| O|  |TAMS 0x0000000082f00000, 0x0000000082e00000| Untracked 
|  47|0x0000000082f00000, 0x0000000083000000, 0x0000000083000000|100%| O|  |TAMS 0x0000000083000000, 0x0000000082f00000| Untracked 
|  48|0x0000000083000000, 0x0000000083100000, 0x0000000083100000|100%| O|  |TAMS 0x0000000083100000, 0x0000000083000000| Untracked 
|  49|0x0000000083100000, 0x0000000083200000, 0x0000000083200000|100%| O|  |TAMS 0x0000000083200000, 0x0000000083100000| Untracked 
|  50|0x0000000083200000, 0x0000000083300000, 0x0000000083300000|100%| O|  |TAMS 0x0000000083300000, 0x0000000083200000| Untracked 
|  51|0x0000000083300000, 0x0000000083385400, 0x0000000083400000| 52%| O|  |TAMS 0x0000000083385400, 0x0000000083300000| Untracked 
|  52|0x0000000083400000, 0x0000000083400000, 0x0000000083500000|  0%| F|  |TAMS 0x0000000083400000, 0x0000000083400000| Untracked 
|  53|0x0000000083500000, 0x0000000083500000, 0x0000000083600000|  0%| F|  |TAMS 0x0000000083500000, 0x0000000083500000| Untracked 
|  54|0x0000000083600000, 0x0000000083600000, 0x0000000083700000|  0%| F|  |TAMS 0x0000000083600000, 0x0000000083600000| Untracked 
|  55|0x0000000083700000, 0x0000000083700000, 0x0000000083800000|  0%| F|  |TAMS 0x0000000083700000, 0x0000000083700000| Untracked 
|  56|0x0000000083800000, 0x0000000083800000, 0x0000000083900000|  0%| F|  |TAMS 0x0000000083800000, 0x0000000083800000| Untracked 
|  57|0x0000000083900000, 0x0000000083900000, 0x0000000083a00000|  0%| F|  |TAMS 0x0000000083900000, 0x0000000083900000| Untracked 
|  58|0x0000000083a00000, 0x0000000083a00000, 0x0000000083b00000|  0%| F|  |TAMS 0x0000000083a00000, 0x0000000083a00000| Untracked 
|  59|0x0000000083b00000, 0x0000000083b00000, 0x0000000083c00000|  0%| F|  |TAMS 0x0000000083b00000, 0x0000000083b00000| Untracked 
|  60|0x0000000083c00000, 0x0000000083c00000, 0x0000000083d00000|  0%| F|  |TAMS 0x0000000083c00000, 0x0000000083c00000| Untracked 
|  61|0x0000000083d00000, 0x0000000083d00000, 0x0000000083e00000|  0%| F|  |TAMS 0x0000000083d00000, 0x0000000083d00000| Untracked 
|  62|0x0000000083e00000, 0x0000000083e00000, 0x0000000083f00000|  0%| F|  |TAMS 0x0000000083e00000, 0x0000000083e00000| Untracked 
|  63|0x0000000083f00000, 0x0000000083f00000, 0x0000000084000000|  0%| F|  |TAMS 0x0000000083f00000, 0x0000000083f00000| Untracked 
|  64|0x0000000084000000, 0x0000000084000000, 0x0000000084100000|  0%| F|  |TAMS 0x0000000084000000, 0x0000000084000000| Untracked 
|  65|0x0000000084100000, 0x0000000084100000, 0x0000000084200000|  0%| F|  |TAMS 0x0000000084100000, 0x0000000084100000| Untracked 
|  66|0x0000000084200000, 0x0000000084200000, 0x0000000084300000|  0%| F|  |TAMS 0x0000000084200000, 0x0000000084200000| Untracked 
|  67|0x0000000084300000, 0x0000000084300000, 0x0000000084400000|  0%| F|  |TAMS 0x0000000084300000, 0x0000000084300000| Untracked 
|  68|0x0000000084400000, 0x0000000084497178, 0x0000000084500000| 59%| S|CS|TAMS 0x0000000084400000, 0x0000000084400000| Complete 
|  69|0x0000000084500000, 0x0000000084500000, 0x0000000084600000|  0%| F|  |TAMS 0x0000000084500000, 0x0000000084500000| Untracked 
|  70|0x0000000084600000, 0x0000000084600000, 0x0000000084700000|  0%| F|  |TAMS 0x0000000084600000, 0x0000000084600000| Untracked 
|  71|0x0000000084700000, 0x0000000084800000, 0x0000000084800000|100%| S|CS|TAMS 0x0000000084700000, 0x0000000084700000| Complete 
|  72|0x0000000084800000, 0x0000000084900000, 0x0000000084900000|100%| S|CS|TAMS 0x0000000084800000, 0x0000000084800000| Complete 
|  73|0x0000000084900000, 0x0000000084900000, 0x0000000084a00000|  0%| F|  |TAMS 0x0000000084900000, 0x0000000084900000| Untracked 
|  74|0x0000000084a00000, 0x0000000084a00000, 0x0000000084b00000|  0%| F|  |TAMS 0x0000000084a00000, 0x0000000084a00000| Untracked 
|  75|0x0000000084b00000, 0x0000000084b00000, 0x0000000084c00000|  0%| F|  |TAMS 0x0000000084b00000, 0x0000000084b00000| Untracked 
|  76|0x0000000084c00000, 0x0000000084c00000, 0x0000000084d00000|  0%| F|  |TAMS 0x0000000084c00000, 0x0000000084c00000| Untracked 
|  77|0x0000000084d00000, 0x0000000084d00000, 0x0000000084e00000|  0%| F|  |TAMS 0x0000000084d00000, 0x0000000084d00000| Untracked 
|  78|0x0000000084e00000, 0x0000000084e00000, 0x0000000084f00000|  0%| F|  |TAMS 0x0000000084e00000, 0x0000000084e00000| Untracked 
|  79|0x0000000084f00000, 0x0000000084f00000, 0x0000000085000000|  0%| F|  |TAMS 0x0000000084f00000, 0x0000000084f00000| Untracked 
|  80|0x0000000085000000, 0x0000000085000000, 0x0000000085100000|  0%| F|  |TAMS 0x0000000085000000, 0x0000000085000000| Untracked 
|  81|0x0000000085100000, 0x0000000085100000, 0x0000000085200000|  0%| F|  |TAMS 0x0000000085100000, 0x0000000085100000| Untracked 
|  82|0x0000000085200000, 0x0000000085200000, 0x0000000085300000|  0%| F|  |TAMS 0x0000000085200000, 0x0000000085200000| Untracked 
|  83|0x0000000085300000, 0x0000000085300000, 0x0000000085400000|  0%| F|  |TAMS 0x0000000085300000, 0x0000000085300000| Untracked 
|  84|0x0000000085400000, 0x0000000085400000, 0x0000000085500000|  0%| F|  |TAMS 0x0000000085400000, 0x0000000085400000| Untracked 
|  85|0x0000000085500000, 0x0000000085500000, 0x0000000085600000|  0%| F|  |TAMS 0x0000000085500000, 0x0000000085500000| Untracked 
|  86|0x0000000085600000, 0x0000000085600000, 0x0000000085700000|  0%| F|  |TAMS 0x0000000085600000, 0x0000000085600000| Untracked 
|  87|0x0000000085700000, 0x0000000085700000, 0x0000000085800000|  0%| F|  |TAMS 0x0000000085700000, 0x0000000085700000| Untracked 
|  88|0x0000000085800000, 0x0000000085800000, 0x0000000085900000|  0%| F|  |TAMS 0x0000000085800000, 0x0000000085800000| Untracked 
|  89|0x0000000085900000, 0x0000000085900000, 0x0000000085a00000|  0%| F|  |TAMS 0x0000000085900000, 0x0000000085900000| Untracked 
|  90|0x0000000085a00000, 0x0000000085a00000, 0x0000000085b00000|  0%| F|  |TAMS 0x0000000085a00000, 0x0000000085a00000| Untracked 
|  91|0x0000000085b00000, 0x0000000085b00000, 0x0000000085c00000|  0%| F|  |TAMS 0x0000000085b00000, 0x0000000085b00000| Untracked 
|  92|0x0000000085c00000, 0x0000000085c00000, 0x0000000085d00000|  0%| F|  |TAMS 0x0000000085c00000, 0x0000000085c00000| Untracked 
|  93|0x0000000085d00000, 0x0000000085d00000, 0x0000000085e00000|  0%| F|  |TAMS 0x0000000085d00000, 0x0000000085d00000| Untracked 
|  94|0x0000000085e00000, 0x0000000085e00000, 0x0000000085f00000|  0%| F|  |TAMS 0x0000000085e00000, 0x0000000085e00000| Untracked 
|  95|0x0000000085f00000, 0x0000000085f00000, 0x0000000086000000|  0%| F|  |TAMS 0x0000000085f00000, 0x0000000085f00000| Untracked 
|  96|0x0000000086000000, 0x0000000086000000, 0x0000000086100000|  0%| F|  |TAMS 0x0000000086000000, 0x0000000086000000| Untracked 
|  97|0x0000000086100000, 0x0000000086100000, 0x0000000086200000|  0%| F|  |TAMS 0x0000000086100000, 0x0000000086100000| Untracked 
|  98|0x0000000086200000, 0x0000000086200000, 0x0000000086300000|  0%| F|  |TAMS 0x0000000086200000, 0x0000000086200000| Untracked 
|  99|0x0000000086300000, 0x0000000086300000, 0x0000000086400000|  0%| F|  |TAMS 0x0000000086300000, 0x0000000086300000| Untracked 
| 100|0x0000000086400000, 0x0000000086400000, 0x0000000086500000|  0%| F|  |TAMS 0x0000000086400000, 0x0000000086400000| Untracked 
| 101|0x0000000086500000, 0x0000000086500000, 0x0000000086600000|  0%| F|  |TAMS 0x0000000086500000, 0x0000000086500000| Untracked 
| 102|0x0000000086600000, 0x0000000086600000, 0x0000000086700000|  0%| F|  |TAMS 0x0000000086600000, 0x0000000086600000| Untracked 
| 103|0x0000000086700000, 0x0000000086700000, 0x0000000086800000|  0%| F|  |TAMS 0x0000000086700000, 0x0000000086700000| Untracked 
| 104|0x0000000086800000, 0x0000000086800000, 0x0000000086900000|  0%| F|  |TAMS 0x0000000086800000, 0x0000000086800000| Untracked 
| 105|0x0000000086900000, 0x0000000086900000, 0x0000000086a00000|  0%| F|  |TAMS 0x0000000086900000, 0x0000000086900000| Untracked 
| 106|0x0000000086a00000, 0x0000000086a00000, 0x0000000086b00000|  0%| F|  |TAMS 0x0000000086a00000, 0x0000000086a00000| Untracked 
| 107|0x0000000086b00000, 0x0000000086b00000, 0x0000000086c00000|  0%| F|  |TAMS 0x0000000086b00000, 0x0000000086b00000| Untracked 
| 108|0x0000000086c00000, 0x0000000086c00000, 0x0000000086d00000|  0%| F|  |TAMS 0x0000000086c00000, 0x0000000086c00000| Untracked 
| 109|0x0000000086d00000, 0x0000000086d00000, 0x0000000086e00000|  0%| F|  |TAMS 0x0000000086d00000, 0x0000000086d00000| Untracked 
| 110|0x0000000086e00000, 0x0000000086e00000, 0x0000000086f00000|  0%| F|  |TAMS 0x0000000086e00000, 0x0000000086e00000| Untracked 
| 111|0x0000000086f00000, 0x0000000086f00000, 0x0000000087000000|  0%| F|  |TAMS 0x0000000086f00000, 0x0000000086f00000| Untracked 
| 112|0x0000000087000000, 0x0000000087000000, 0x0000000087100000|  0%| F|  |TAMS 0x0000000087000000, 0x0000000087000000| Untracked 
| 113|0x0000000087100000, 0x0000000087100000, 0x0000000087200000|  0%| F|  |TAMS 0x0000000087100000, 0x0000000087100000| Untracked 
| 114|0x0000000087200000, 0x0000000087200000, 0x0000000087300000|  0%| F|  |TAMS 0x0000000087200000, 0x0000000087200000| Untracked 
| 115|0x0000000087300000, 0x0000000087300000, 0x0000000087400000|  0%| F|  |TAMS 0x0000000087300000, 0x0000000087300000| Untracked 
| 116|0x0000000087400000, 0x0000000087500000, 0x0000000087500000|100%| E|  |TAMS 0x0000000087400000, 0x0000000087400000| Complete 
| 117|0x0000000087500000, 0x0000000087600000, 0x0000000087600000|100%| E|CS|TAMS 0x0000000087500000, 0x0000000087500000| Complete 
| 118|0x0000000087600000, 0x0000000087700000, 0x0000000087700000|100%| E|CS|TAMS 0x0000000087600000, 0x0000000087600000| Complete 
| 119|0x0000000087700000, 0x0000000087800000, 0x0000000087800000|100%| E|CS|TAMS 0x0000000087700000, 0x0000000087700000| Complete 
| 120|0x0000000087800000, 0x0000000087900000, 0x0000000087900000|100%| E|CS|TAMS 0x0000000087800000, 0x0000000087800000| Complete 
| 121|0x0000000087900000, 0x0000000087a00000, 0x0000000087a00000|100%| E|CS|TAMS 0x0000000087900000, 0x0000000087900000| Complete 
| 122|0x0000000087a00000, 0x0000000087b00000, 0x0000000087b00000|100%| E|CS|TAMS 0x0000000087a00000, 0x0000000087a00000| Complete 
| 123|0x0000000087b00000, 0x0000000087c00000, 0x0000000087c00000|100%| E|CS|TAMS 0x0000000087b00000, 0x0000000087b00000| Complete 
| 124|0x0000000087c00000, 0x0000000087d00000, 0x0000000087d00000|100%| E|CS|TAMS 0x0000000087c00000, 0x0000000087c00000| Complete 
| 125|0x0000000087d00000, 0x0000000087e00000, 0x0000000087e00000|100%| E|CS|TAMS 0x0000000087d00000, 0x0000000087d00000| Complete 
| 126|0x0000000087e00000, 0x0000000087f00000, 0x0000000087f00000|100%| E|CS|TAMS 0x0000000087e00000, 0x0000000087e00000| Complete 
| 127|0x0000000087f00000, 0x0000000088000000, 0x0000000088000000|100%| E|CS|TAMS 0x0000000087f00000, 0x0000000087f00000| Complete 
| 128|0x0000000088000000, 0x0000000088100000, 0x0000000088100000|100%| E|CS|TAMS 0x0000000088000000, 0x0000000088000000| Complete 
| 129|0x0000000088100000, 0x0000000088200000, 0x0000000088200000|100%| E|CS|TAMS 0x0000000088100000, 0x0000000088100000| Complete 
| 130|0x0000000088200000, 0x0000000088300000, 0x0000000088300000|100%| E|CS|TAMS 0x0000000088200000, 0x0000000088200000| Complete 
| 131|0x0000000088300000, 0x0000000088400000, 0x0000000088400000|100%| E|CS|TAMS 0x0000000088300000, 0x0000000088300000| Complete 
| 132|0x0000000088400000, 0x0000000088500000, 0x0000000088500000|100%| E|CS|TAMS 0x0000000088400000, 0x0000000088400000| Complete 
| 133|0x0000000088500000, 0x0000000088600000, 0x0000000088600000|100%| E|CS|TAMS 0x0000000088500000, 0x0000000088500000| Complete 
| 134|0x0000000088600000, 0x0000000088700000, 0x0000000088700000|100%| E|CS|TAMS 0x0000000088600000, 0x0000000088600000| Complete 
| 135|0x0000000088700000, 0x0000000088800000, 0x0000000088800000|100%| E|CS|TAMS 0x0000000088700000, 0x0000000088700000| Complete 
| 136|0x0000000088800000, 0x0000000088900000, 0x0000000088900000|100%| E|CS|TAMS 0x0000000088800000, 0x0000000088800000| Complete 
| 137|0x0000000088900000, 0x0000000088a00000, 0x0000000088a00000|100%| E|CS|TAMS 0x0000000088900000, 0x0000000088900000| Complete 
| 138|0x0000000088a00000, 0x0000000088b00000, 0x0000000088b00000|100%| E|CS|TAMS 0x0000000088a00000, 0x0000000088a00000| Complete 
| 139|0x0000000088b00000, 0x0000000088c00000, 0x0000000088c00000|100%| E|CS|TAMS 0x0000000088b00000, 0x0000000088b00000| Complete 
| 140|0x0000000088c00000, 0x0000000088d00000, 0x0000000088d00000|100%| E|CS|TAMS 0x0000000088c00000, 0x0000000088c00000| Complete 
| 141|0x0000000088d00000, 0x0000000088e00000, 0x0000000088e00000|100%| E|CS|TAMS 0x0000000088d00000, 0x0000000088d00000| Complete 
| 142|0x0000000088e00000, 0x0000000088f00000, 0x0000000088f00000|100%| E|CS|TAMS 0x0000000088e00000, 0x0000000088e00000| Complete 
| 143|0x0000000088f00000, 0x0000000089000000, 0x0000000089000000|100%| E|CS|TAMS 0x0000000088f00000, 0x0000000088f00000| Complete 
| 144|0x0000000089000000, 0x0000000089100000, 0x0000000089100000|100%| E|CS|TAMS 0x0000000089000000, 0x0000000089000000| Complete 
| 145|0x0000000089100000, 0x0000000089200000, 0x0000000089200000|100%| E|CS|TAMS 0x0000000089100000, 0x0000000089100000| Complete 
| 146|0x0000000089200000, 0x0000000089300000, 0x0000000089300000|100%| E|CS|TAMS 0x0000000089200000, 0x0000000089200000| Complete 
| 147|0x0000000089300000, 0x0000000089400000, 0x0000000089400000|100%| E|CS|TAMS 0x0000000089300000, 0x0000000089300000| Complete 
| 148|0x0000000089400000, 0x0000000089500000, 0x0000000089500000|100%| E|CS|TAMS 0x0000000089400000, 0x0000000089400000| Complete 
| 149|0x0000000089500000, 0x0000000089600000, 0x0000000089600000|100%| E|CS|TAMS 0x0000000089500000, 0x0000000089500000| Complete 
| 150|0x0000000089600000, 0x0000000089700000, 0x0000000089700000|100%| E|CS|TAMS 0x0000000089600000, 0x0000000089600000| Complete 
| 151|0x0000000089700000, 0x0000000089800000, 0x0000000089800000|100%| E|CS|TAMS 0x0000000089700000, 0x0000000089700000| Complete 
| 152|0x0000000089800000, 0x0000000089900000, 0x0000000089900000|100%| E|CS|TAMS 0x0000000089800000, 0x0000000089800000| Complete 
| 153|0x0000000089900000, 0x0000000089a00000, 0x0000000089a00000|100%| E|CS|TAMS 0x0000000089900000, 0x0000000089900000| Complete 
| 154|0x0000000089a00000, 0x0000000089b00000, 0x0000000089b00000|100%| E|CS|TAMS 0x0000000089a00000, 0x0000000089a00000| Complete 
| 155|0x0000000089b00000, 0x0000000089c00000, 0x0000000089c00000|100%| E|CS|TAMS 0x0000000089b00000, 0x0000000089b00000| Complete 
| 156|0x0000000089c00000, 0x0000000089d00000, 0x0000000089d00000|100%| E|CS|TAMS 0x0000000089c00000, 0x0000000089c00000| Complete 
| 157|0x0000000089d00000, 0x0000000089e00000, 0x0000000089e00000|100%| E|CS|TAMS 0x0000000089d00000, 0x0000000089d00000| Complete 
| 158|0x0000000089e00000, 0x0000000089f00000, 0x0000000089f00000|100%| E|CS|TAMS 0x0000000089e00000, 0x0000000089e00000| Complete 
| 159|0x0000000089f00000, 0x000000008a000000, 0x000000008a000000|100%| E|CS|TAMS 0x0000000089f00000, 0x0000000089f00000| Complete 
| 160|0x000000008a000000, 0x000000008a100000, 0x000000008a100000|100%| E|CS|TAMS 0x000000008a000000, 0x000000008a000000| Complete 
| 161|0x000000008a100000, 0x000000008a200000, 0x000000008a200000|100%| E|CS|TAMS 0x000000008a100000, 0x000000008a100000| Complete 

Card table byte_map: [0x00000122f7df0000,0x00000122f81f0000] _byte_map_base: 0x00000122f79f0000

Marking Bits (Prev, Next): (CMBitMap*) 0x00000122f34b03d0, (CMBitMap*) 0x00000122f34b0398
 Prev Bits: [0x00000122fa5f0000, 0x00000122fc5f0000)
 Next Bits: [0x00000122f85f0000, 0x00000122fa5f0000)

Polling page: 0x00000122f1a90000

Metaspace:

Usage:
  Non-class:     64.58 MB capacity,    63.46 MB ( 98%) used,   956.27 KB (  1%) free+waste,   185.25 KB ( <1%) overhead. 
      Class:     10.12 MB capacity,     9.52 MB ( 94%) used,   525.44 KB (  5%) free+waste,    86.13 KB ( <1%) overhead. 
       Both:     74.70 MB capacity,    72.99 MB ( 98%) used,     1.45 MB (  2%) free+waste,   271.38 KB ( <1%) overhead. 

Virtual space:
  Non-class space:       66.00 MB reserved,      64.67 MB ( 98%) committed 
      Class space:        1.00 GB reserved,      10.13 MB ( <1%) committed 
             Both:        1.06 GB reserved,      74.80 MB (  7%) committed 

Chunk freelists:
   Non-Class:  34.00 KB
       Class:  4.00 KB
        Both:  38.00 KB

MaxMetaspaceSize: 17179869184.00 GB
CompressedClassSpaceSize: 1.00 GB

CodeHeap 'non-profiled nmethods': size=120000Kb used=3461Kb max_used=3461Kb free=116538Kb
 bounds [0x0000012287ad0000, 0x0000012287e40000, 0x000001228f000000]
CodeHeap 'profiled nmethods': size=120000Kb used=14763Kb max_used=14763Kb free=105236Kb
 bounds [0x00000122805a0000, 0x0000012281410000, 0x0000012287ad0000]
CodeHeap 'non-nmethods': size=5760Kb used=2269Kb max_used=2308Kb free=3490Kb
 bounds [0x0000012280000000, 0x0000012280270000, 0x00000122805a0000]
 total_blobs=7732 nmethods=6867 adapters=776
 compilation: enabled
              stopped_count=0, restarted_count=0
 full_count=0

Compilation events (20 events):
Event: 32.932 Thread 0x00000122ff0b4800 7024       3       org.gradle.internal.instantiation.generator.AsmBackedClassGenerator$ClassBuilderImpl::addPropertySetterOverloads (132 bytes)
Event: 32.935 Thread 0x00000122ff0b4800 nmethod 7024 0x00000122813fb990 code [0x00000122813fbce0, 0x00000122813fcd58]
Event: 32.952 Thread 0x00000122ff0b4800 7025   !   3       sun.management.Util::newObjectName (15 bytes)
Event: 32.953 Thread 0x00000122ff0b4800 nmethod 7025 0x00000122813fd390 code [0x00000122813fd580, 0x00000122813fd8f8]
Event: 32.956 Thread 0x00000122ff0b4800 7026       3       java.util.HashMap::put (13 bytes)
Event: 32.957 Thread 0x00000122ff0b4800 nmethod 7026 0x00000122813fda90 code [0x00000122813fdc60, 0x00000122813fdf58]
Event: 32.957 Thread 0x00000122ff0b4800 7027       3       java.util.HashMap::putVal (300 bytes)
Event: 32.960 Thread 0x00000122ff0b4800 nmethod 7027 0x00000122813fe090 code [0x00000122813fe360, 0x00000122813ff498]
Event: 32.960 Thread 0x00000122ff0b4800 7028       3       org.gradle.internal.reflect.MethodSet::add (50 bytes)
Event: 32.961 Thread 0x00000122ff0b4800 nmethod 7028 0x00000122813ff990 code [0x00000122813ffbc0, 0x0000012281400438]
Event: 32.966 Thread 0x00000122ff0b4800 7030   !   3       com.sun.proxy.$Proxy1::value (29 bytes)
Event: 32.967 Thread 0x00000122ff0b4800 nmethod 7030 0x0000012281400710 code [0x0000012281400900, 0x0000012281400cd8]
Event: 32.968 Thread 0x00000122ff0b4800 7031       3       org.gradle.util.CollectionUtils::collectArray (49 bytes)
Event: 32.968 Thread 0x00000122ff0b4800 nmethod 7031 0x0000012281400e90 code [0x0000012281401080, 0x00000122814014a8]
Event: 32.968 Thread 0x00000122ff0b4800 7032       1       org.gradle.internal.instantiation.generator.AbstractClassGenerator$ExtensibleTypePropertyHandler::access$1400 (5 bytes)
Event: 32.969 Thread 0x00000122ff0b4800 nmethod 7032 0x0000012287e30e10 code [0x0000012287e30fc0, 0x0000012287e31058]
Event: 32.987 Thread 0x00000122ff0b4800 7033       3       java.util.HashMap::comparableClassFor (115 bytes)
Event: 32.989 Thread 0x00000122ff0b4800 nmethod 7033 0x0000012281401690 code [0x0000012281401920, 0x0000012281402698]
Event: 33.009 Thread 0x00000122ff0b4800 7034       3       org.gradle.internal.instantiation.generator.AbstractClassGenerator$DslMixInPropertyType::addSetMethods (180 bytes)
Event: 33.013 Thread 0x00000122ff0b4800 nmethod 7034 0x0000012281402a10 code [0x0000012281402d80, 0x0000012281404548]

GC Heap History (20 events):
Event: 22.583 GC heap before
{Heap before GC invocations=30 (full 0):
 garbage-first heap   total 78848K, used 57466K [0x0000000080000000, 0x0000000100000000)
  region size 1024K, 16 young (16384K), 2 survivors (2048K)
 Metaspace       used 53472K, capacity 54829K, committed 54960K, reserved 1097728K
  class space    used 6818K, capacity 7329K, committed 7424K, reserved 1048576K
}
Event: 22.597 GC heap after
{Heap after GC invocations=31 (full 0):
 garbage-first heap   total 78848K, used 43573K [0x0000000080000000, 0x0000000100000000)
  region size 1024K, 2 young (2048K), 2 survivors (2048K)
 Metaspace       used 53472K, capacity 54829K, committed 54960K, reserved 1097728K
  class space    used 6818K, capacity 7329K, committed 7424K, reserved 1048576K
}
Event: 23.178 GC heap before
{Heap before GC invocations=31 (full 0):
 garbage-first heap   total 78848K, used 58933K [0x0000000080000000, 0x0000000100000000)
  region size 1024K, 17 young (17408K), 2 survivors (2048K)
 Metaspace       used 55973K, capacity 57410K, committed 57520K, reserved 1099776K
  class space    used 7099K, capacity 7609K, committed 7680K, reserved 1048576K
}
Event: 23.182 GC heap after
{Heap after GC invocations=32 (full 0):
 garbage-first heap   total 78848K, used 44031K [0x0000000080000000, 0x0000000100000000)
  region size 1024K, 2 young (2048K), 2 survivors (2048K)
 Metaspace       used 55973K, capacity 57410K, committed 57520K, reserved 1099776K
  class space    used 7099K, capacity 7609K, committed 7680K, reserved 1048576K
}
Event: 23.742 GC heap before
{Heap before GC invocations=33 (full 0):
 garbage-first heap   total 78848K, used 59391K [0x0000000080000000, 0x0000000100000000)
  region size 1024K, 17 young (17408K), 2 survivors (2048K)
 Metaspace       used 58691K, capacity 60152K, committed 60464K, reserved 1101824K
  class space    used 7451K, capacity 7992K, committed 8064K, reserved 1048576K
}
Event: 23.750 GC heap after
{Heap after GC invocations=34 (full 0):
 garbage-first heap   total 78848K, used 45509K [0x0000000080000000, 0x0000000100000000)
  region size 1024K, 3 young (3072K), 3 survivors (3072K)
 Metaspace       used 58691K, capacity 60152K, committed 60464K, reserved 1101824K
  class space    used 7451K, capacity 7992K, committed 8064K, reserved 1048576K
}
Event: 24.516 GC heap before
{Heap before GC invocations=34 (full 0):
 garbage-first heap   total 78848K, used 59845K [0x0000000080000000, 0x0000000100000000)
  region size 1024K, 18 young (18432K), 3 survivors (3072K)
 Metaspace       used 59651K, capacity 61086K, committed 61360K, reserved 1101824K
  class space    used 7559K, capacity 8089K, committed 8192K, reserved 1048576K
}
Event: 24.523 GC heap after
{Heap after GC invocations=35 (full 0):
 garbage-first heap   total 78848K, used 47093K [0x0000000080000000, 0x0000000100000000)
  region size 1024K, 3 young (3072K), 3 survivors (3072K)
 Metaspace       used 59651K, capacity 61086K, committed 61360K, reserved 1101824K
  class space    used 7559K, capacity 8089K, committed 8192K, reserved 1048576K
}
Event: 25.017 GC heap before
{Heap before GC invocations=36 (full 0):
 garbage-first heap   total 78848K, used 62453K [0x0000000080000000, 0x0000000100000000)
  region size 1024K, 18 young (18432K), 3 survivors (3072K)
 Metaspace       used 61281K, capacity 62758K, committed 62768K, reserved 1103872K
  class space    used 7770K, capacity 8320K, committed 8320K, reserved 1048576K
}
Event: 25.027 GC heap after
{Heap after GC invocations=37 (full 0):
 garbage-first heap   total 95232K, used 48461K [0x0000000080000000, 0x0000000100000000)
  region size 1024K, 2 young (2048K), 2 survivors (2048K)
 Metaspace       used 61281K, capacity 62758K, committed 62768K, reserved 1103872K
  class space    used 7770K, capacity 8320K, committed 8320K, reserved 1048576K
}
Event: 25.416 GC heap before
{Heap before GC invocations=37 (full 0):
 garbage-first heap   total 95232K, used 59725K [0x0000000080000000, 0x0000000100000000)
  region size 1024K, 14 young (14336K), 2 survivors (2048K)
 Metaspace       used 62418K, capacity 63815K, committed 64048K, reserved 1105920K
  class space    used 7918K, capacity 8458K, committed 8576K, reserved 1048576K
}
Event: 25.422 GC heap after
{Heap after GC invocations=38 (full 0):
 garbage-first heap   total 95232K, used 49279K [0x0000000080000000, 0x0000000100000000)
  region size 1024K, 3 young (3072K), 3 survivors (3072K)
 Metaspace       used 62418K, capacity 63815K, committed 64048K, reserved 1105920K
  class space    used 7918K, capacity 8458K, committed 8576K, reserved 1048576K
}
Event: 26.144 GC heap before
{Heap before GC invocations=39 (full 0):
 garbage-first heap   total 95232K, used 69759K [0x0000000080000000, 0x0000000100000000)
  region size 1024K, 22 young (22528K), 3 survivors (3072K)
 Metaspace       used 63257K, capacity 64829K, committed 64944K, reserved 1105920K
  class space    used 8046K, capacity 8599K, committed 8704K, reserved 1048576K
}
Event: 26.158 GC heap after
{Heap after GC invocations=40 (full 0):
 garbage-first heap   total 95232K, used 50933K [0x0000000080000000, 0x0000000100000000)
  region size 1024K, 3 young (3072K), 3 survivors (3072K)
 Metaspace       used 63257K, capacity 64829K, committed 64944K, reserved 1105920K
  class space    used 8046K, capacity 8599K, committed 8704K, reserved 1048576K
}
Event: 26.697 GC heap before
{Heap before GC invocations=40 (full 0):
 garbage-first heap   total 95232K, used 71413K [0x0000000080000000, 0x0000000100000000)
  region size 1024K, 23 young (23552K), 3 survivors (3072K)
 Metaspace       used 64302K, capacity 65859K, committed 66096K, reserved 1105920K
  class space    used 8181K, capacity 8729K, committed 8832K, reserved 1048576K
}
Event: 26.826 GC heap after
{Heap after GC invocations=41 (full 0):
 garbage-first heap   total 95232K, used 53093K [0x0000000080000000, 0x0000000100000000)
  region size 1024K, 3 young (3072K), 3 survivors (3072K)
 Metaspace       used 64302K, capacity 65859K, committed 66096K, reserved 1105920K
  class space    used 8181K, capacity 8729K, committed 8832K, reserved 1048576K
}
Event: 27.749 GC heap before
{Heap before GC invocations=42 (full 0):
 garbage-first heap   total 95232K, used 73573K [0x0000000080000000, 0x0000000100000000)
  region size 1024K, 23 young (23552K), 3 survivors (3072K)
 Metaspace       used 67183K, capacity 68787K, committed 68912K, reserved 1110016K
  class space    used 8700K, capacity 9318K, committed 9344K, reserved 1048576K
}
Event: 27.761 GC heap after
{Heap after GC invocations=43 (full 0):
 garbage-first heap   total 95232K, used 54080K [0x0000000080000000, 0x0000000100000000)
  region size 1024K, 2 young (2048K), 2 survivors (2048K)
 Metaspace       used 67183K, capacity 68787K, committed 68912K, reserved 1110016K
  class space    used 8700K, capacity 9318K, committed 9344K, reserved 1048576K
}
Event: 28.620 GC heap before
{Heap before GC invocations=43 (full 0):
 garbage-first heap   total 95232K, used 74560K [0x0000000080000000, 0x0000000100000000)
  region size 1024K, 22 young (22528K), 2 survivors (2048K)
 Metaspace       used 69157K, capacity 70757K, committed 70960K, reserved 1110016K
  class space    used 8959K, capacity 9539K, committed 9600K, reserved 1048576K
}
Event: 28.631 GC heap after
{Heap after GC invocations=44 (full 0):
 garbage-first heap   total 165888K, used 55409K [0x0000000080000000, 0x0000000100000000)
  region size 1024K, 3 young (3072K), 3 survivors (3072K)
 Metaspace       used 69157K, capacity 70757K, committed 70960K, reserved 1110016K
  class space    used 8959K, capacity 9539K, committed 9600K, reserved 1048576K
}

Deoptimization events (20 events):
Event: 32.904 Thread 0x000001228ff40800 DEOPT PACKING pc=0x0000012281110a4d sp=0x0000000451ff88b0
Event: 32.904 Thread 0x000001228ff40800 DEOPT UNPACKING pc=0x00000122800276ce sp=0x0000000451ff7e78 mode 0
Event: 32.920 Thread 0x000001228ff40800 DEOPT PACKING pc=0x0000012280d00dc4 sp=0x0000000451ff8390
Event: 32.920 Thread 0x000001228ff40800 DEOPT UNPACKING pc=0x00000122800276ce sp=0x0000000451ff77c8 mode 0
Event: 32.920 Thread 0x000001228ff40800 DEOPT PACKING pc=0x0000012280d00ecc sp=0x0000000451ff8400
Event: 32.920 Thread 0x000001228ff40800 DEOPT UNPACKING pc=0x00000122800276ce sp=0x0000000451ff78a0 mode 0
Event: 32.920 Thread 0x000001228ff40800 DEOPT PACKING pc=0x0000012280d7d77c sp=0x0000000451ff8470
Event: 32.920 Thread 0x000001228ff40800 DEOPT UNPACKING pc=0x00000122800276ce sp=0x0000000451ff7870 mode 0
Event: 32.955 Thread 0x000001228ff40800 Uncommon trap: trap_request=0xffffff4d fr.pc=0x0000012287e02ef0 relative=0x0000000000002990
Event: 32.955 Thread 0x000001228ff40800 Uncommon trap: reason=unstable_if action=reinterpret pc=0x0000012287e02ef0 method=java.util.HashMap.getNode(ILjava/lang/Object;)Ljava/util/HashMap$Node; @ 84 c2
Event: 32.955 Thread 0x000001228ff40800 DEOPT PACKING pc=0x0000012287e02ef0 sp=0x0000000451ff86a0
Event: 32.955 Thread 0x000001228ff40800 DEOPT UNPACKING pc=0x00000122800278af sp=0x0000000451ff8598 mode 2
Event: 32.955 Thread 0x000001228ff40800 Uncommon trap: trap_request=0xffffff4d fr.pc=0x0000012287cc2278 relative=0x00000000000006f8
Event: 32.955 Thread 0x000001228ff40800 Uncommon trap: reason=unstable_if action=reinterpret pc=0x0000012287cc2278 method=java.util.HashMap.putVal(ILjava/lang/Object;Ljava/lang/Object;ZZ)Ljava/lang/Object; @ 109 c2
Event: 32.955 Thread 0x000001228ff40800 DEOPT PACKING pc=0x0000012287cc2278 sp=0x0000000451ff8630
Event: 32.955 Thread 0x000001228ff40800 DEOPT UNPACKING pc=0x00000122800278af sp=0x0000000451ff8560 mode 2
Event: 32.956 Thread 0x000001228ff40800 Uncommon trap: trap_request=0xffffff4d fr.pc=0x0000012287c15064 relative=0x0000000000000664
Event: 32.956 Thread 0x000001228ff40800 Uncommon trap: reason=unstable_if action=reinterpret pc=0x0000012287c15064 method=java.util.HashMap.putVal(ILjava/lang/Object;Ljava/lang/Object;ZZ)Ljava/lang/Object; @ 109 c2
Event: 32.956 Thread 0x000001228ff40800 DEOPT PACKING pc=0x0000012287c15064 sp=0x0000000451ff85a0
Event: 32.956 Thread 0x000001228ff40800 DEOPT UNPACKING pc=0x00000122800278af sp=0x0000000451ff8558 mode 2

Classes redefined (0 events):
No events

Internal exceptions (20 events):
Event: 26.347 Thread 0x000001228ff40800 Exception <a 'java/lang/ClassNotFoundException'{0x00000000852c3960}: com/android/build/gradle/internal/dsl/ApplicationBuildFeaturesImplCustomizer> (0x00000000852c3960) thrown at [./src/hotspot/share/classfile/systemDictionary.cpp, line 231]
Event: 26.349 Thread 0x000001228ff40800 Exception <a 'java/lang/ClassNotFoundException'{0x00000000852e5438}: com/android/build/gradle/internal/dsl/ApplicationBuildFeaturesImpl_DecoratedCustomizer> (0x00000000852e5438) thrown at [./src/hotspot/share/classfile/systemDictionary.cpp, line 231]
Event: 28.169 Thread 0x000001228ff40800 Exception <a 'java/lang/ClassNotFoundException'{0x00000000850f0a90}: com/android/build/gradle/internal/api/ApkVariantOutputImpl_DecoratedBeanInfo> (0x00000000850f0a90) thrown at [./src/hotspot/share/classfile/systemDictionary.cpp, line 231]
Event: 28.169 Thread 0x000001228ff40800 Exception <a 'java/lang/ClassNotFoundException'{0x0000000084f0a960}: com/android/build/gradle/internal/api/ApkVariantOutputImplBeanInfo> (0x0000000084f0a960) thrown at [./src/hotspot/share/classfile/systemDictionary.cpp, line 231]
Event: 28.169 Thread 0x000001228ff40800 Exception <a 'java/lang/ClassNotFoundException'{0x0000000084f24b30}: com/android/build/gradle/internal/api/BaseVariantOutputImplBeanInfo> (0x0000000084f24b30) thrown at [./src/hotspot/share/classfile/systemDictionary.cpp, line 231]
Event: 28.170 Thread 0x000001228ff40800 Exception <a 'java/lang/ClassNotFoundException'{0x0000000084f3ed68}: com/android/build/gradle/internal/api/BaseVariantOutputImplCustomizer> (0x0000000084f3ed68) thrown at [./src/hotspot/share/classfile/systemDictionary.cpp, line 231]
Event: 28.172 Thread 0x000001228ff40800 Exception <a 'java/lang/ClassNotFoundException'{0x0000000084f6f6e0}: com/android/build/gradle/internal/api/ApkVariantOutputImplCustomizer> (0x0000000084f6f6e0) thrown at [./src/hotspot/share/classfile/systemDictionary.cpp, line 231]
Event: 28.173 Thread 0x000001228ff40800 Exception <a 'java/lang/ClassNotFoundException'{0x0000000084f983b8}: com/android/build/gradle/internal/api/ApkVariantOutputImpl_DecoratedCustomizer> (0x0000000084f983b8) thrown at [./src/hotspot/share/classfile/systemDictionary.cpp, line 231]
Event: 28.203 Thread 0x000001228ff40800 Exception <a 'java/lang/NoClassDefFoundError'{0x0000000084d5c2a0}: org/jetbrains/kotlin/gradle/plugin/KotlinBasePluginWrapper> (0x0000000084d5c2a0) thrown at [./src/hotspot/share/classfile/systemDictionary.cpp, line 220]
Event: 28.206 Thread 0x000001228ff40800 Exception <a 'java/lang/NoClassDefFoundError'{0x0000000084d67798}: org/jetbrains/kotlin/gradle/plugin/KotlinBasePluginWrapper> (0x0000000084d67798) thrown at [./src/hotspot/share/oops/constantPool.cpp, line 775]
Event: 29.135 Thread 0x000001228ff40800 Exception <a 'java/lang/NoSuchMethodError'{0x00000000898140f0}: 'java.lang.Object java.lang.invoke.Invokers$Holder.linkToTargetMethod(java.lang.Object, int, int, java.lang.Object)'> (0x00000000898140f0) thrown at [./src/hotspot/share/interpreter/linkResolver.cpp, line 773]
Event: 29.303 Thread 0x000001228ff40800 Exception <a 'sun/nio/fs/WindowsException'{0x0000000089602758}> (0x0000000089602758) thrown at [./src/hotspot/share/prims/jni.cpp, line 615]
Event: 29.304 Thread 0x000001228ff40800 Exception <a 'sun/nio/fs/WindowsException'{0x0000000089602d20}> (0x0000000089602d20) thrown at [./src/hotspot/share/prims/jni.cpp, line 615]
Event: 29.953 Thread 0x000001228ff40800 Exception <a 'java/lang/NullPointerException'{0x0000000088e985e8}> (0x0000000088e985e8) thrown at [./src/hotspot/share/interpreter/linkResolver.cpp, line 1440]
Event: 32.200 Thread 0x000001228ff40800 Exception <a 'java/lang/NoSuchMethodError'{0x0000000087f2d668}: 'int java.lang.invoke.DirectMethodHandle$Holder.invokeStatic(java.lang.Object, java.lang.Object, int, java.lang.Object)'> (0x0000000087f2d668) thrown at [./src/hotspot/share/interpreter/linkResolver.cpp, line 773]
Event: 32.203 Thread 0x000001228ff40800 Exception <a 'java/lang/NoSuchMethodError'{0x0000000087f34510}: 'java.lang.Object java.lang.invoke.Invokers$Holder.linkToTargetMethod(java.lang.Object, int, java.lang.Object)'> (0x0000000087f34510) thrown at [./src/hotspot/share/interpreter/linkResolver.cpp, line 773]
Event: 32.533 Thread 0x000001228ff40800 Exception <a 'sun/nio/fs/WindowsException'{0x0000000087e60388}> (0x0000000087e60388) thrown at [./src/hotspot/share/prims/jni.cpp, line 615]
Event: 32.534 Thread 0x000001228ff40800 Exception <a 'sun/nio/fs/WindowsException'{0x0000000087e61470}> (0x0000000087e61470) thrown at [./src/hotspot/share/prims/jni.cpp, line 615]
Event: 32.535 Thread 0x000001228ff40800 Exception <a 'sun/nio/fs/WindowsException'{0x0000000087e62590}> (0x0000000087e62590) thrown at [./src/hotspot/share/prims/jni.cpp, line 615]
Event: 32.535 Thread 0x000001228ff40800 Exception <a 'sun/nio/fs/WindowsException'{0x0000000087e636b0}> (0x0000000087e636b0) thrown at [./src/hotspot/share/prims/jni.cpp, line 615]

Events (20 events):
Event: 33.020 loading class org/gradle/api/tasks/AbstractCopyTask
Event: 33.020 loading class org/gradle/api/tasks/AbstractCopyTask done
Event: 33.024 loading class org/gradle/api/Task
Event: 33.024 loading class org/gradle/api/Task done
Event: 33.025 loading class org/gradle/api/Task
Event: 33.025 loading class org/gradle/api/Task done
Event: 33.025 loading class org/gradle/api/tasks/AbstractCopyTask
Event: 33.025 loading class org/gradle/api/tasks/AbstractCopyTask done
Event: 33.027 loading class org/gradle/api/internal/file/copy/SingleParentCopySpec
Event: 33.027 loading class org/gradle/api/internal/file/copy/SingleParentCopySpec done
Event: 33.030 loading class org/gradle/api/internal/file/copy/DefaultCopySpec$DefaultCopySpecResolver
Event: 33.030 loading class org/gradle/api/internal/file/copy/DefaultCopySpec$DefaultCopySpecResolver done
Event: 33.037 loading class org/gradle/api/internal/file/copy/CopySpecInternal$CopySpecAddress
Event: 33.037 loading class org/gradle/api/internal/file/copy/CopySpecInternal$CopySpecAddress done
Event: 33.037 loading class org/gradle/api/internal/file/copy/CopySpecInternal$CopySpecAddress
Event: 33.037 loading class org/gradle/api/internal/file/copy/CopySpecInternal$CopySpecAddress done
Event: 33.038 loading class org/gradle/api/internal/file/copy/DefaultCopySpec
Event: 33.038 loading class org/gradle/api/internal/file/copy/DefaultCopySpec done
Event: 33.044 loading class org/gradle/api/internal/file/copy/DefaultCopySpec$DefaultCopySpecAddress
Event: 33.044 loading class org/gradle/api/internal/file/copy/DefaultCopySpec$DefaultCopySpecAddress done


Dynamic libraries:
0x00007ff6c7c30000 - 0x00007ff6c7c3a000 	C:\Program Files\Android\Android Studio\jre\bin\java.exe
0x00007ff905ab0000 - 0x00007ff905ca5000 	C:\WINDOWS\SYSTEM32\ntdll.dll
0x00007ff905060000 - 0x00007ff90511e000 	C:\WINDOWS\System32\KERNEL32.DLL
0x00007ff903250000 - 0x00007ff903518000 	C:\WINDOWS\System32\KERNELBASE.dll
0x00007ff903960000 - 0x00007ff903a60000 	C:\WINDOWS\System32\ucrtbase.dll
0x00007ff8fe190000 - 0x00007ff8fe1a7000 	C:\Program Files\Android\Android Studio\jre\bin\VCRUNTIME140.dll
0x00007ff8fe170000 - 0x00007ff8fe189000 	C:\Program Files\Android\Android Studio\jre\bin\jli.dll
0x00007ff904a60000 - 0x00007ff904c00000 	C:\WINDOWS\System32\USER32.dll
0x00007ff903770000 - 0x00007ff903792000 	C:\WINDOWS\System32\win32u.dll
0x00007ff904900000 - 0x00007ff90492b000 	C:\WINDOWS\System32\GDI32.dll
0x00007ff903850000 - 0x00007ff90395d000 	C:\WINDOWS\System32\gdi32full.dll
0x00007ff903a60000 - 0x00007ff903afd000 	C:\WINDOWS\System32\msvcp_win.dll
0x00007ff8e9ee0000 - 0x00007ff8ea17a000 	C:\WINDOWS\WinSxS\amd64_microsoft.windows.common-controls_6595b64144ccf1df_6.0.19041.1110_none_60b5254171f9507e\COMCTL32.dll
0x00007ff904040000 - 0x00007ff9040de000 	C:\WINDOWS\System32\msvcrt.dll
0x00007ff904d80000 - 0x00007ff904db0000 	C:\WINDOWS\System32\IMM32.DLL
0x00007ff8d0850000 - 0x00007ff8d08ed000 	C:\Program Files\Android\Android Studio\jre\bin\msvcp140.dll
0x00007ff89e370000 - 0x00007ff89ee3f000 	C:\Program Files\Android\Android Studio\jre\bin\server\jvm.dll
0x00007ff904fb0000 - 0x00007ff90505e000 	C:\WINDOWS\System32\ADVAPI32.dll
0x00007ff9058f0000 - 0x00007ff90598c000 	C:\WINDOWS\System32\sechost.dll
0x00007ff904930000 - 0x00007ff904a55000 	C:\WINDOWS\System32\RPCRT4.dll
0x00007ff8e9e60000 - 0x00007ff8e9e87000 	C:\WINDOWS\SYSTEM32\WINMM.dll
0x00007ff905370000 - 0x00007ff905378000 	C:\WINDOWS\System32\PSAPI.DLL
0x00007ff8fc7a0000 - 0x00007ff8fc7aa000 	C:\WINDOWS\SYSTEM32\VERSION.dll
0x00007ff8feff0000 - 0x00007ff8feff9000 	C:\WINDOWS\SYSTEM32\WSOCK32.dll
0x00007ff904d10000 - 0x00007ff904d7b000 	C:\WINDOWS\System32\ws2_32.DLL
0x00007ff901050000 - 0x00007ff901062000 	C:\WINDOWS\SYSTEM32\kernel.appcore.dll
0x00007ff8fb460000 - 0x00007ff8fb471000 	C:\Program Files\Android\Android Studio\jre\bin\verify.dll
0x00007ff8f9f00000 - 0x00007ff8fa0e4000 	C:\WINDOWS\SYSTEM32\DBGHELP.DLL
0x00007ff8ea210000 - 0x00007ff8ea23c000 	C:\WINDOWS\SYSTEM32\dbgcore.DLL
0x00007ff9031c0000 - 0x00007ff903242000 	C:\WINDOWS\System32\bcryptPrimitives.dll
0x00007ff8c7f30000 - 0x00007ff8c7f59000 	C:\Program Files\Android\Android Studio\jre\bin\java.dll
0x00007ff8c7f20000 - 0x00007ff8c7f2b000 	C:\Program Files\Android\Android Studio\jre\bin\jimage.dll
0x00007ff8c7f00000 - 0x00007ff8c7f18000 	C:\Program Files\Android\Android Studio\jre\bin\zip.dll
0x00007ff9041a0000 - 0x00007ff9048e4000 	C:\WINDOWS\System32\SHELL32.dll
0x00007ff901250000 - 0x00007ff9019e4000 	C:\WINDOWS\SYSTEM32\windows.storage.dll
0x00007ff903ce0000 - 0x00007ff904035000 	C:\WINDOWS\System32\combase.dll
0x00007ff902b30000 - 0x00007ff902b5e000 	C:\WINDOWS\SYSTEM32\Wldp.dll
0x00007ff903c30000 - 0x00007ff903cdd000 	C:\WINDOWS\System32\SHCORE.dll
0x00007ff904f50000 - 0x00007ff904fa5000 	C:\WINDOWS\System32\shlwapi.dll
0x00007ff903100000 - 0x00007ff90311f000 	C:\WINDOWS\SYSTEM32\profapi.dll
0x00007ff8c7ee0000 - 0x00007ff8c7efa000 	C:\Program Files\Android\Android Studio\jre\bin\net.dll
0x00007ff8f1100000 - 0x00007ff8f120c000 	C:\WINDOWS\SYSTEM32\WINHTTP.dll
0x00007ff902910000 - 0x00007ff90297a000 	C:\WINDOWS\system32\mswsock.dll
0x00007ff8c7ec0000 - 0x00007ff8c7ed4000 	C:\Program Files\Android\Android Studio\jre\bin\nio.dll
0x00007ff8f4e40000 - 0x00007ff8f4e67000 	C:\Users\ADMIN\.gradle\native\8bec1ad78214c89d9ad589b4d07fe93259594b29d510b10fafb7a158f7737e5d\windows-amd64\native-platform.dll
0x00007ff8a9050000 - 0x00007ff8a918d000 	C:\Users\ADMIN\.gradle\native\53dbd7edfb1c66fb8903c78663c9afc45aea4f116125fa6feffd364cf09443e8\windows-amd64\native-platform-file-events.dll
0x00007ff8c7eb0000 - 0x00007ff8c7eba000 	C:\Program Files\Android\Android Studio\jre\bin\management.dll
0x00007ff8c7ea0000 - 0x00007ff8c7eac000 	C:\Program Files\Android\Android Studio\jre\bin\management_ext.dll
0x00007ff902b70000 - 0x00007ff902b88000 	C:\WINDOWS\SYSTEM32\CRYPTSP.dll
0x00007ff902240000 - 0x00007ff902274000 	C:\WINDOWS\system32\rsaenh.dll
0x00007ff903590000 - 0x00007ff9035b7000 	C:\WINDOWS\System32\bcrypt.dll
0x00007ff9030c0000 - 0x00007ff9030ee000 	C:\WINDOWS\SYSTEM32\USERENV.dll
0x00007ff902aa0000 - 0x00007ff902aac000 	C:\WINDOWS\SYSTEM32\CRYPTBASE.dll
0x00007ff9025d0000 - 0x00007ff90260b000 	C:\WINDOWS\SYSTEM32\IPHLPAPI.DLL
0x00007ff9051b0000 - 0x00007ff9051b8000 	C:\WINDOWS\System32\NSI.dll
0x00007ff8f9b30000 - 0x00007ff8f9b47000 	C:\WINDOWS\SYSTEM32\dhcpcsvc6.DLL
0x00007ff8fa3d0000 - 0x00007ff8fa3ed000 	C:\WINDOWS\SYSTEM32\dhcpcsvc.DLL
0x00007ff902610000 - 0x00007ff9026db000 	C:\WINDOWS\SYSTEM32\DNSAPI.dll

dbghelp: loaded successfully - version: 4.0.5 - missing functions: none
symbol engine: initialized successfully - sym options: 0x614 - pdb path: .;C:\Program Files\Android\Android Studio\jre\bin;C:\WINDOWS\SYSTEM32;C:\WINDOWS\WinSxS\amd64_microsoft.windows.common-controls_6595b64144ccf1df_6.0.19041.1110_none_60b5254171f9507e;C:\Program Files\Android\Android Studio\jre\bin\server;C:\Users\ADMIN\.gradle\native\8bec1ad78214c89d9ad589b4d07fe93259594b29d510b10fafb7a158f7737e5d\windows-amd64;C:\Users\ADMIN\.gradle\native\53dbd7edfb1c66fb8903c78663c9afc45aea4f116125fa6feffd364cf09443e8\windows-amd64

VM Arguments:
jvm_args: --add-opens=java.base/java.util=ALL-UNNAMED --add-opens=java.base/java.lang=ALL-UNNAMED --add-opens=java.base/java.lang.invoke=ALL-UNNAMED --add-opens=java.base/java.util=ALL-UNNAMED --add-opens=java.prefs/java.util.prefs=ALL-UNNAMED --add-opens=java.prefs/java.util.prefs=ALL-UNNAMED --add-opens=java.base/java.nio.charset=ALL-UNNAMED --add-opens=java.base/java.net=ALL-UNNAMED --add-opens=java.base/java.util.concurrent.atomic=ALL-UNNAMED -Xmx2048m -Dfile.encoding=UTF-8 -Duser.country=US -Duser.language=en -Duser.variant 
java_command: org.gradle.launcher.daemon.bootstrap.GradleDaemon 7.0.2
java_class_path (initial): C:\Users\ADMIN\.gradle\wrapper\dists\gradle-7.0.2-bin\857tjihv64xamwrf0h14cai3r\gradle-7.0.2\lib\gradle-launcher-7.0.2.jar
Launcher Type: SUN_STANDARD

[Global flags]
     intx CICompilerCount                          = 4                                         {product} {ergonomic}
     uint ConcGCThreads                            = 2                                         {product} {ergonomic}
     uint G1ConcRefinementThreads                  = 8                                         {product} {ergonomic}
   size_t G1HeapRegionSize                         = 1048576                                   {product} {ergonomic}
    uintx GCDrainStackTargetSize                   = 64                                        {product} {ergonomic}
   size_t InitialHeapSize                          = 67108864                                  {product} {ergonomic}
   size_t MarkStackSize                            = 4194304                                   {product} {ergonomic}
   size_t MaxHeapSize                              = 2147483648                                {product} {command line}
   size_t MaxNewSize                               = 1287651328                                {product} {ergonomic}
   size_t MinHeapDeltaBytes                        = 1048576                                   {product} {ergonomic}
    uintx NonNMethodCodeHeapSize                   = 5836300                                {pd product} {ergonomic}
    uintx NonProfiledCodeHeapSize                  = 122910970                              {pd product} {ergonomic}
    uintx ProfiledCodeHeapSize                     = 122910970                              {pd product} {ergonomic}
    uintx ReservedCodeCacheSize                    = 251658240                              {pd product} {ergonomic}
     bool SegmentedCodeCache                       = true                                      {product} {ergonomic}
     bool UseCompressedClassPointers               = true                                 {lp64_product} {ergonomic}
     bool UseCompressedOops                        = true                                 {lp64_product} {ergonomic}
     bool UseG1GC                                  = true                                      {product} {ergonomic}
     bool UseLargePagesIndividualAllocation        = false                                  {pd product} {ergonomic}

Logging:
Log output configuration:
 #0: stdout all=warning uptime,level,tags
 #1: stderr all=off uptime,level,tags

Environment Variables:
PATH=C:\Program Files (x86)\Common Files\Oracle\Java\javapath;C:\Program Files\Common Files\Oracle\Java\javapath;C:\WINDOWS\system32;C:\WINDOWS;C:\WINDOWS\System32\Wbem;C:\WINDOWS\System32\WindowsPowerShell\v1.0\;C:\WINDOWS\System32\OpenSSH\;C:\Program Files\Microsoft SQL Server\130\Tools\Binn\;C:\Program Files\Microsoft SQL Server\Client SDK\ODBC\170\Tools\Binn\;C:\Program Files (x86)\Microsoft SQL Server\150\DTS\Binn\;C:\Program Files\Azure Data Studio\bin;C:\Program Files (x86)\Microsoft SQL Server\150\Tools\Binn\;C:\Program Files\Microsoft SQL Server\150\Tools\Binn\;C:\Program Files\Microsoft SQL Server\150\DTS\Binn\;C:\Program Files\dotnet\;C:\Program Files\nodejs\;C:\Program Files\PuTTY\;C:\Program Files\Git\cmd;C:\Users\ADMIN\AppData\Local\Microsoft\WindowsApps;C:\Program Files\Azure Data Studio\bin;F:\Visual stadio code\PHP\Microsoft VS Code\bin;C:\Program Files\heroku\bin;C:\Users\ADMIN\AppData\Roaming\npm;C:\Users\ADMIN\AppData\Local\GitHubDesktop\bin;C:\Users\ADMIN\.dotnet\tools;C:\Users\ADMIN\AppData\Local\Programs\Microsoft VS Code\bin
USERNAME=ADMIN
OS=Windows_NT
PROCESSOR_IDENTIFIER=Intel64 Family 6 Model 142 Stepping 10, GenuineIntel



---------------  S Y S T E M  ---------------

OS: Windows 10 , 64 bit Build 19041 (10.0.19041.1503)
OS uptime: 3 days 23:50 hours
Hyper-V role detected

CPU:total 8 (initial active 8) (4 cores per cpu, 2 threads per core) family 6 model 142 stepping 10 microcode 0xb4, cmov, cx8, fxsr, mmx, sse, sse2, sse3, ssse3, sse4.1, sse4.2, popcnt, avx, avx2, aes, clmul, erms, 3dnowpref, lzcnt, ht, tsc, tscinvbit, bmi1, bmi2, adx, fma

Memory: 4k page, system-wide physical 4005M (296M free)
TotalPageFile size 16293M (AvailPageFile size 3M)
current process WorkingSet (physical memory assigned to process): 233M, peak: 242M
current process commit charge ("private bytes"): 397M, peak: 400M

vm_info: OpenJDK 64-Bit Server VM (11.0.10+0-b96-7249189) for windows-amd64 JRE (11.0.10+0-b96-7249189), built on Mar 31 2021 21:44:00 by "builder" with MS VC++ 14.0 (VS2015)

END.
