#
# There is insufficient memory for the Java Runtime Environment to continue.
# Native memory allocation (malloc) failed to allocate 1393616 bytes for Chunk::new
# Possible reasons:
#   The system is out of physical RAM or swap space
#   The process is running with CompressedOops enabled, and the Java Heap may be blocking the growth of the native heap
# Possible solutions:
#   Reduce memory load on the system
#   Increase physical memory or swap space
#   Check if swap backing store is full
#   Decrease Java heap size (-Xmx/-Xms)
#   Decrease number of Java threads
#   Decrease Java thread stack sizes (-Xss)
#   Set larger code cache with -XX:ReservedCodeCacheSize=
#   JVM is running with Unscaled Compressed Oops mode in which the Java heap is
#     placed in the first 4GB address space. The Java Heap base address is the
#     maximum limit for the native heap growth. Please use -XX:HeapBaseMinAddress
#     to set the Java Heap base and to place the Java Heap above 4GB virtual address.
# This output file may be truncated or incomplete.
#
#  Out of Memory Error (./src/hotspot/share/memory/arena.cpp:197), pid=22168, tid=25032
#
# JRE version: OpenJDK Runtime Environment (11.0.10) (build 11.0.10+0-b96-7249189)
# Java VM: OpenJDK 64-Bit Server VM (11.0.10+0-b96-7249189, mixed mode, tiered, compressed oops, g1 gc, windows-amd64)
# No core dump will be written. Minidumps are not enabled by default on client versions of Windows
#

---------------  S U M M A R Y ------------

Command Line: --add-opens=java.base/java.util=ALL-UNNAMED --add-opens=java.base/java.lang=ALL-UNNAMED --add-opens=java.base/java.lang.invoke=ALL-UNNAMED --add-opens=java.base/java.util=ALL-UNNAMED --add-opens=java.prefs/java.util.prefs=ALL-UNNAMED --add-opens=java.prefs/java.util.prefs=ALL-UNNAMED --add-opens=java.base/java.nio.charset=ALL-UNNAMED --add-opens=java.base/java.net=ALL-UNNAMED --add-opens=java.base/java.util.concurrent.atomic=ALL-UNNAMED -Xmx2048m -Dfile.encoding=UTF-8 -Duser.country=US -Duser.language=en -Duser.variant org.gradle.launcher.daemon.bootstrap.GradleDaemon 7.0.2

Host: Intel(R) Core(TM) i5-8250U CPU @ 1.60GHz, 8 cores, 3G,  Windows 10 , 64 bit Build 19041 (10.0.19041.1503)
Time: Fri Mar  4 03:33:49 2022 SE Asia Standard Time elapsed time: 65.881340 seconds (0d 0h 1m 5s)

---------------  T H R E A D  ---------------

Current thread (0x00000202aefaa000):  JavaThread "C2 CompilerThread0" daemon [_thread_in_native, id=25032, stack(0x00000096b0600000,0x00000096b0700000)]


Current CompileTask:
C2:  65881 12181   !   4       com.sun.tools.javac.jvm.ClassReader::classSigToType (498 bytes)

Stack: [0x00000096b0600000,0x00000096b0700000]
Native frames: (J=compiled Java code, j=interpreted, Vv=VM code, C=native code)
V  [jvm.dll+0x5ecfaa]
V  [jvm.dll+0x722bd5]
V  [jvm.dll+0x72412d]
V  [jvm.dll+0x7247e3]
V  [jvm.dll+0x242928]
V  [jvm.dll+0xbc4fc]
V  [jvm.dll+0xbca0c]
V  [jvm.dll+0x352d7d]
V  [jvm.dll+0x19800c]
V  [jvm.dll+0x1fb70e]
V  [jvm.dll+0x1fa7f4]
V  [jvm.dll+0x18354c]
V  [jvm.dll+0x208ee7]
V  [jvm.dll+0x207731]
V  [jvm.dll+0x6eb1cf]
V  [jvm.dll+0x6e3d45]
V  [jvm.dll+0x5ebe96]
C  [ucrtbase.dll+0x21bb2]
C  [KERNEL32.DLL+0x17034]
C  [ntdll.dll+0x52651]


---------------  P R O C E S S  ---------------

Threads class SMR info:
_java_thread_list=0x00000202b1a76c40, length=61, elements={
0x00000202939dd800, 0x00000202ae619800, 0x00000202ae627000, 0x00000202aefa3800,
0x00000202aefa5000, 0x00000202aefa7000, 0x00000202aefaa000, 0x00000202aefae800,
0x00000202aefaf800, 0x00000202af0fc800, 0x00000202b0b67000, 0x00000202b0d85000,
0x00000202b03a5800, 0x00000202afb5b800, 0x00000202afd06000, 0x00000202b007a800,
0x00000202af246000, 0x00000202afd85000, 0x00000202afd81800, 0x00000202afd84000,
0x00000202afd85800, 0x00000202afd80000, 0x00000202afd86800, 0x00000202afd83000,
0x00000202afd80800, 0x00000202afd82800, 0x00000202b1ac0800, 0x00000202b1abe000,
0x00000202b1ac0000, 0x00000202b1abf000, 0x00000202b1abb000, 0x00000202b1ac1800,
0x00000202b1abc800, 0x00000202b0f82000, 0x00000202b0f80000, 0x00000202b0f84000,
0x00000202b0f7e000, 0x00000202b0f84800, 0x00000202b0f85800, 0x00000202b0f86800,
0x00000202b0f80800, 0x00000202b0f87000, 0x00000202b0f81800, 0x00000202b0f88000,
0x00000202b0f88800, 0x00000202b0f83000, 0x00000202b0f89800, 0x00000202b0f8c000,
0x00000202b0f8a800, 0x00000202b0f8b000, 0x00000202b4db4800, 0x00000202b4db8000,
0x00000202b4db7000, 0x00000202b4db2000, 0x00000202b4db9000, 0x00000202b4db4000,
0x00000202b4db6800, 0x00000202b1ca0800, 0x00000202b1ca3800, 0x00000202b1ca4800,
0x00000202b1c9f000
}

Java Threads: ( => current thread )
  0x00000202939dd800 JavaThread "main" [_thread_blocked, id=11192, stack(0x00000096afa00000,0x00000096afb00000)]
  0x00000202ae619800 JavaThread "Reference Handler" daemon [_thread_blocked, id=19876, stack(0x00000096b0100000,0x00000096b0200000)]
  0x00000202ae627000 JavaThread "Finalizer" daemon [_thread_blocked, id=17652, stack(0x00000096b0200000,0x00000096b0300000)]
  0x00000202aefa3800 JavaThread "Signal Dispatcher" daemon [_thread_blocked, id=26748, stack(0x00000096b0300000,0x00000096b0400000)]
  0x00000202aefa5000 JavaThread "Attach Listener" daemon [_thread_blocked, id=6548, stack(0x00000096b0400000,0x00000096b0500000)]
  0x00000202aefa7000 JavaThread "Service Thread" daemon [_thread_blocked, id=17056, stack(0x00000096b0500000,0x00000096b0600000)]
=>0x00000202aefaa000 JavaThread "C2 CompilerThread0" daemon [_thread_in_native, id=25032, stack(0x00000096b0600000,0x00000096b0700000)]
  0x00000202aefae800 JavaThread "C1 CompilerThread0" daemon [_thread_blocked, id=26316, stack(0x00000096b0700000,0x00000096b0800000)]
  0x00000202aefaf800 JavaThread "Sweeper thread" daemon [_thread_blocked, id=25860, stack(0x00000096b0800000,0x00000096b0900000)]
  0x00000202af0fc800 JavaThread "Common-Cleaner" daemon [_thread_blocked, id=17804, stack(0x00000096b0900000,0x00000096b0a00000)]
  0x00000202b0b67000 JavaThread "Daemon health stats" [_thread_blocked, id=11224, stack(0x00000096b0c00000,0x00000096b0d00000)]
  0x00000202b0d85000 JavaThread "Incoming local TCP Connector on port 62529" [_thread_in_native, id=21168, stack(0x00000096b0f00000,0x00000096b1000000)]
  0x00000202b03a5800 JavaThread "Daemon periodic checks" [_thread_blocked, id=11468, stack(0x00000096b1000000,0x00000096b1100000)]
  0x00000202afb5b800 JavaThread "Daemon" [_thread_blocked, id=5016, stack(0x00000096b1100000,0x00000096b1200000)]
  0x00000202afd06000 JavaThread "Handler for socket connection from /127.0.0.1:62529 to /127.0.0.1:62533" [_thread_in_native, id=18796, stack(0x00000096b1200000,0x00000096b1300000)]
  0x00000202b007a800 JavaThread "Cancel handler" [_thread_blocked, id=27848, stack(0x00000096b1300000,0x00000096b1400000)]
  0x00000202af246000 JavaThread "Daemon worker" [_thread_blocked, id=26964, stack(0x00000096b1400000,0x00000096b1500000)]
  0x00000202afd85000 JavaThread "Asynchronous log dispatcher for DefaultDaemonConnection: socket connection from /127.0.0.1:62529 to /127.0.0.1:62533" [_thread_blocked, id=13792, stack(0x00000096b1500000,0x00000096b1600000)]
  0x00000202afd81800 JavaThread "Stdin handler" [_thread_blocked, id=19920, stack(0x00000096b1600000,0x00000096b1700000)]
  0x00000202afd84000 JavaThread "Daemon client event forwarder" [_thread_blocked, id=26980, stack(0x00000096b1700000,0x00000096b1800000)]
  0x00000202afd85800 JavaThread "Cache worker for file hash cache (C:\Users\ADMIN\.gradle\caches\7.0.2\fileHashes)" [_thread_blocked, id=22160, stack(0x00000096b1c00000,0x00000096b1d00000)]
  0x00000202afd80000 JavaThread "File lock request listener" [_thread_in_native, id=5864, stack(0x00000096b1d00000,0x00000096b1e00000)]
  0x00000202afd86800 JavaThread "Cache worker for journal cache (C:\Users\ADMIN\.gradle\caches\journal-1)" [_thread_blocked, id=1492, stack(0x00000096b1f00000,0x00000096b2000000)]
  0x00000202afd83000 JavaThread "Cache worker for file hash cache (D:\SoftwareSupport\PROJECT_SEM4\project_android_final\android\.gradle\7.0.2\fileHashes)" [_thread_blocked, id=9228, stack(0x00000096b2000000,0x00000096b2100000)]
  0x00000202afd80800 JavaThread "File watcher server" daemon [_thread_in_native, id=3288, stack(0x00000096b2100000,0x00000096b2200000)]
  0x00000202afd82800 JavaThread "File watcher consumer" daemon [_thread_blocked, id=27556, stack(0x00000096b2200000,0x00000096b2300000)]
  0x00000202b1ac0800 JavaThread "Cache worker for checksums cache (D:\SoftwareSupport\PROJECT_SEM4\project_android_final\android\.gradle\checksums)" [_thread_blocked, id=19024, stack(0x00000096b2300000,0x00000096b2400000)]
  0x00000202b1abe000 JavaThread "Cache worker for cache directory md-supplier (C:\Users\ADMIN\.gradle\caches\7.0.2\md-supplier)" [_thread_blocked, id=17892, stack(0x00000096b2400000,0x00000096b2500000)]
  0x00000202b1ac0000 JavaThread "Cache worker for cache directory md-rule (C:\Users\ADMIN\.gradle\caches\7.0.2\md-rule)" [_thread_blocked, id=20064, stack(0x00000096b2500000,0x00000096b2600000)]
  0x00000202b1abf000 JavaThread "Cache worker for execution history cache (C:\Users\ADMIN\.gradle\caches\7.0.2\executionHistory)" [_thread_blocked, id=25932, stack(0x00000096b2600000,0x00000096b2700000)]
  0x00000202b1abb000 JavaThread "jar transforms" [_thread_blocked, id=28484, stack(0x00000096b2700000,0x00000096b2800000)]
  0x00000202b1ac1800 JavaThread "jar transforms Thread 2" [_thread_blocked, id=17536, stack(0x00000096b2800000,0x00000096b2900000)]
  0x00000202b1abc800 JavaThread "Cache worker for file content cache (C:\Users\ADMIN\.gradle\caches\7.0.2\fileContent)" [_thread_blocked, id=17880, stack(0x00000096b2900000,0x00000096b2a00000)]
  0x00000202b0f82000 JavaThread "Cache worker for dependencies-accessors (D:\SoftwareSupport\PROJECT_SEM4\project_android_final\android\.gradle\7.0.2\dependencies-accessors)" [_thread_blocked, id=24244, stack(0x00000096b2a00000,0x00000096b2b00000)]
  0x00000202b0f80000 JavaThread "jar transforms Thread 3" [_thread_blocked, id=22080, stack(0x00000096b2b00000,0x00000096b2c00000)]
  0x00000202b0f84000 JavaThread "Cache worker for Build Output Cleanup Cache (D:\SoftwareSupport\PROJECT_SEM4\project_android_final\android\.gradle\buildOutputCleanup)" [_thread_blocked, id=13236, stack(0x00000096b2c00000,0x00000096b2d00000)]
  0x00000202b0f7e000 JavaThread "Build operations" [_thread_blocked, id=17640, stack(0x00000096b2d00000,0x00000096b2e00000)]
  0x00000202b0f84800 JavaThread "Build operations Thread 2" [_thread_blocked, id=18688, stack(0x00000096b2e00000,0x00000096b2f00000)]
  0x00000202b0f85800 JavaThread "Build operations Thread 3" [_thread_blocked, id=16704, stack(0x00000096b2f00000,0x00000096b3000000)]
  0x00000202b0f86800 JavaThread "Build operations Thread 4" [_thread_blocked, id=25864, stack(0x00000096b3000000,0x00000096b3100000)]
  0x00000202b0f80800 JavaThread "Build operations Thread 5" [_thread_blocked, id=22004, stack(0x00000096b3100000,0x00000096b3200000)]
  0x00000202b0f87000 JavaThread "Build operations Thread 6" [_thread_blocked, id=24012, stack(0x00000096b3200000,0x00000096b3300000)]
  0x00000202b0f81800 JavaThread "Build operations Thread 7" [_thread_blocked, id=6192, stack(0x00000096b3300000,0x00000096b3400000)]
  0x00000202b0f88000 JavaThread "Build operations Thread 8" [_thread_blocked, id=23648, stack(0x00000096b3400000,0x00000096b3500000)]
  0x00000202b0f88800 JavaThread "jar transforms Thread 4" [_thread_blocked, id=20552, stack(0x00000096b3500000,0x00000096b3600000)]
  0x00000202b0f83000 JavaThread "jar transforms Thread 5" [_thread_blocked, id=21460, stack(0x00000096b3600000,0x00000096b3700000)]
  0x00000202b0f89800 JavaThread "jar transforms Thread 6" [_thread_blocked, id=4192, stack(0x00000096b3700000,0x00000096b3800000)]
  0x00000202b0f8c000 JavaThread "jar transforms Thread 7" [_thread_blocked, id=20128, stack(0x00000096b3800000,0x00000096b3900000)]
  0x00000202b0f8a800 JavaThread "jar transforms Thread 8" [_thread_blocked, id=2124, stack(0x00000096b3900000,0x00000096b3a00000)]
  0x00000202b0f8b000 JavaThread "Memory manager" [_thread_blocked, id=23748, stack(0x00000096b3c00000,0x00000096b3d00000)]
  0x00000202b4db4800 JavaThread "build event listener" [_thread_blocked, id=26024, stack(0x00000096b3d00000,0x00000096b3e00000)]
  0x00000202b4db8000 JavaThread "Execution worker for ':'" [_thread_in_vm, id=23312, stack(0x00000096b3e00000,0x00000096b3f00000)]
  0x00000202b4db7000 JavaThread "Execution worker for ':' Thread 2" [_thread_blocked, id=18136, stack(0x00000096b3f00000,0x00000096b4000000)]
  0x00000202b4db2000 JavaThread "Execution worker for ':' Thread 3" [_thread_blocked, id=23920, stack(0x00000096b4000000,0x00000096b4100000)]
  0x00000202b4db9000 JavaThread "Execution worker for ':' Thread 4" [_thread_blocked, id=21608, stack(0x00000096b4100000,0x00000096b4200000)]
  0x00000202b4db4000 JavaThread "Execution worker for ':' Thread 5" [_thread_blocked, id=23136, stack(0x00000096b4200000,0x00000096b4300000)]
  0x00000202b4db6800 JavaThread "Execution worker for ':' Thread 6" [_thread_blocked, id=2988, stack(0x00000096b4300000,0x00000096b4400000)]
  0x00000202b1ca0800 JavaThread "Execution worker for ':' Thread 7" [_thread_blocked, id=19600, stack(0x00000096b4400000,0x00000096b4500000)]
  0x00000202b1ca3800 JavaThread "Cache worker for execution history cache (D:\SoftwareSupport\PROJECT_SEM4\project_android_final\android\.gradle\7.0.2\executionHistory)" [_thread_blocked, id=17124, stack(0x00000096b4500000,0x00000096b4600000)]
  0x00000202b1ca4800 JavaThread "Cache worker for Java compile cache (C:\Users\ADMIN\.gradle\caches\7.0.2\javaCompile)" [_thread_blocked, id=16468, stack(0x00000096b4600000,0x00000096b4700000)]
  0x00000202b1c9f000 JavaThread "Cache worker for Java compile cache (D:\SoftwareSupport\PROJECT_SEM4\project_android_final\android\.gradle\7.0.2\javaCompile)" [_thread_blocked, id=24972, stack(0x00000096b4700000,0x00000096b4800000)]

Other Threads:
  0x00000202ae615000 VMThread "VM Thread" [stack: 0x00000096b0000000,0x00000096b0100000] [id=6932]
  0x00000202af117800 WatcherThread [stack: 0x00000096b0a00000,0x00000096b0b00000] [id=10400]
  0x00000202939f5000 GCTaskThread "GC Thread#0" [stack: 0x00000096afb00000,0x00000096afc00000] [id=27824]
  0x00000202afc30000 GCTaskThread "GC Thread#1" [stack: 0x00000096b0b00000,0x00000096b0c00000] [id=13192]
  0x00000202b04a9800 GCTaskThread "GC Thread#2" [stack: 0x00000096b0d00000,0x00000096b0e00000] [id=21980]
  0x00000202b028e800 GCTaskThread "GC Thread#3" [stack: 0x00000096b0e00000,0x00000096b0f00000] [id=21340]
  0x00000202b078c000 GCTaskThread "GC Thread#4" [stack: 0x00000096b1800000,0x00000096b1900000] [id=24432]
  0x00000202af4f7800 GCTaskThread "GC Thread#5" [stack: 0x00000096b1900000,0x00000096b1a00000] [id=21080]
  0x00000202af037000 GCTaskThread "GC Thread#6" [stack: 0x00000096b1a00000,0x00000096b1b00000] [id=24128]
  0x00000202b12de800 GCTaskThread "GC Thread#7" [stack: 0x00000096b1b00000,0x00000096b1c00000] [id=16976]
  0x0000020293a28800 ConcurrentGCThread "G1 Main Marker" [stack: 0x00000096afc00000,0x00000096afd00000] [id=25192]
  0x0000020293a29800 ConcurrentGCThread "G1 Conc#0" [stack: 0x00000096afd00000,0x00000096afe00000] [id=18612]
  0x00000202af46f800 ConcurrentGCThread "G1 Conc#1" [stack: 0x00000096b1e00000,0x00000096b1f00000] [id=25644]
  0x0000020293a96000 ConcurrentGCThread "G1 Refine#0" [stack: 0x00000096afe00000,0x00000096aff00000] [id=7228]
  0x00000202b8672800 ConcurrentGCThread "G1 Refine#1" [stack: 0x00000096af700000,0x00000096af800000] [id=16228]
  0x00000202b3cb9000 ConcurrentGCThread "G1 Refine#2" [stack: 0x00000096af800000,0x00000096af900000] [id=28640]
  0x00000202b83bb800 ConcurrentGCThread "G1 Refine#3" [stack: 0x00000096af900000,0x00000096afa00000] [id=18168]
  0x00000202b8120000 ConcurrentGCThread "G1 Refine#4" [stack: 0x00000096b4800000,0x00000096b4900000] [id=16848]
  0x0000020293a97000 ConcurrentGCThread "G1 Young RemSet Sampling" [stack: 0x00000096aff00000,0x00000096b0000000] [id=20020]

Threads with active compile tasks:
C2 CompilerThread0  66012 12181   !   4       com.sun.tools.javac.jvm.ClassReader::classSigToType (498 bytes)

VM state:not at safepoint (normal execution)

VM Mutex/Monitor currently owned by a thread: None

Heap address: 0x0000000080000000, size: 2048 MB, Compressed Oops mode: 32-bit
Narrow klass base: 0x0000000000000000, Narrow klass shift: 3
Compressed class space size: 1073741824 Address: 0x0000000100000000

Heap:
 garbage-first heap   total 339968K, used 207091K [0x0000000080000000, 0x0000000100000000)
  region size 1024K, 54 young (55296K), 7 survivors (7168K)
 Metaspace       used 100330K, capacity 102734K, committed 103040K, reserved 1138688K
  class space    used 12668K, capacity 13533K, committed 13696K, reserved 1048576K
Heap Regions: E=young(eden), S=young(survivor), O=old, HS=humongous(starts), HC=humongous(continues), CS=collection set, F=free, A=archive, TAMS=top-at-mark-start (previous, next)
|   0|0x0000000080000000, 0x0000000080100000, 0x0000000080100000|100%| O|  |TAMS 0x0000000080100000, 0x0000000080000000| Untracked 
|   1|0x0000000080100000, 0x0000000080200000, 0x0000000080200000|100%| O|  |TAMS 0x0000000080200000, 0x0000000080100000| Untracked 
|   2|0x0000000080200000, 0x0000000080300000, 0x0000000080300000|100%| O|  |TAMS 0x0000000080300000, 0x0000000080200000| Untracked 
|   3|0x0000000080300000, 0x0000000080400000, 0x0000000080400000|100%|HS|  |TAMS 0x0000000080400000, 0x0000000080300000| Complete 
|   4|0x0000000080400000, 0x0000000080500000, 0x0000000080500000|100%|HC|  |TAMS 0x0000000080500000, 0x0000000080400000| Complete 
|   5|0x0000000080500000, 0x0000000080600000, 0x0000000080600000|100%|HC|  |TAMS 0x0000000080600000, 0x0000000080500000| Complete 
|   6|0x0000000080600000, 0x0000000080700000, 0x0000000080700000|100%| O|  |TAMS 0x0000000080700000, 0x0000000080600000| Untracked 
|   7|0x0000000080700000, 0x0000000080800000, 0x0000000080800000|100%| O|  |TAMS 0x0000000080800000, 0x0000000080700000| Untracked 
|   8|0x0000000080800000, 0x0000000080900000, 0x0000000080900000|100%| O|  |TAMS 0x0000000080900000, 0x0000000080800000| Untracked 
|   9|0x0000000080900000, 0x0000000080a00000, 0x0000000080a00000|100%| O|  |TAMS 0x0000000080a00000, 0x0000000080900000| Untracked 
|  10|0x0000000080a00000, 0x0000000080b00000, 0x0000000080b00000|100%| O|  |TAMS 0x0000000080b00000, 0x0000000080a00000| Untracked 
|  11|0x0000000080b00000, 0x0000000080c00000, 0x0000000080c00000|100%| O|  |TAMS 0x0000000080c00000, 0x0000000080b00000| Untracked 
|  12|0x0000000080c00000, 0x0000000080d00000, 0x0000000080d00000|100%| O|  |TAMS 0x0000000080d00000, 0x0000000080c00000| Untracked 
|  13|0x0000000080d00000, 0x0000000080e00000, 0x0000000080e00000|100%| O|  |TAMS 0x0000000080e00000, 0x0000000080d00000| Untracked 
|  14|0x0000000080e00000, 0x0000000080f00000, 0x0000000080f00000|100%| O|  |TAMS 0x0000000080f00000, 0x0000000080e00000| Untracked 
|  15|0x0000000080f00000, 0x0000000081000000, 0x0000000081000000|100%| O|  |TAMS 0x0000000081000000, 0x0000000080f00000| Untracked 
|  16|0x0000000081000000, 0x0000000081100000, 0x0000000081100000|100%| O|  |TAMS 0x0000000081100000, 0x0000000081000000| Untracked 
|  17|0x0000000081100000, 0x0000000081200000, 0x0000000081200000|100%| O|  |TAMS 0x0000000081200000, 0x0000000081100000| Untracked 
|  18|0x0000000081200000, 0x0000000081300000, 0x0000000081300000|100%| O|  |TAMS 0x0000000081300000, 0x0000000081200000| Untracked 
|  19|0x0000000081300000, 0x0000000081400000, 0x0000000081400000|100%| O|  |TAMS 0x0000000081400000, 0x0000000081300000| Untracked 
|  20|0x0000000081400000, 0x0000000081500000, 0x0000000081500000|100%| O|  |TAMS 0x0000000081500000, 0x0000000081400000| Untracked 
|  21|0x0000000081500000, 0x0000000081600000, 0x0000000081600000|100%| O|  |TAMS 0x0000000081600000, 0x0000000081500000| Untracked 
|  22|0x0000000081600000, 0x0000000081700000, 0x0000000081700000|100%| O|  |TAMS 0x0000000081700000, 0x0000000081600000| Untracked 
|  23|0x0000000081700000, 0x0000000081800000, 0x0000000081800000|100%| O|  |TAMS 0x0000000081800000, 0x0000000081700000| Untracked 
|  24|0x0000000081800000, 0x0000000081900000, 0x0000000081900000|100%| O|  |TAMS 0x0000000081900000, 0x0000000081800000| Untracked 
|  25|0x0000000081900000, 0x0000000081a00000, 0x0000000081a00000|100%| O|  |TAMS 0x0000000081a00000, 0x0000000081900000| Untracked 
|  26|0x0000000081a00000, 0x0000000081b00000, 0x0000000081b00000|100%| O|  |TAMS 0x0000000081b00000, 0x0000000081a00000| Untracked 
|  27|0x0000000081b00000, 0x0000000081c00000, 0x0000000081c00000|100%| O|  |TAMS 0x0000000081c00000, 0x0000000081b00000| Untracked 
|  28|0x0000000081c00000, 0x0000000081d00000, 0x0000000081d00000|100%|HS|  |TAMS 0x0000000081d00000, 0x0000000081c00000| Complete 
|  29|0x0000000081d00000, 0x0000000081e00000, 0x0000000081e00000|100%| O|  |TAMS 0x0000000081e00000, 0x0000000081d00000| Untracked 
|  30|0x0000000081e00000, 0x0000000081f00000, 0x0000000081f00000|100%| O|  |TAMS 0x0000000081f00000, 0x0000000081e00000| Untracked 
|  31|0x0000000081f00000, 0x0000000082000000, 0x0000000082000000|100%|HS|  |TAMS 0x0000000082000000, 0x0000000081f00000| Complete 
|  32|0x0000000082000000, 0x0000000082100000, 0x0000000082100000|100%| O|  |TAMS 0x0000000082100000, 0x0000000082000000| Untracked 
|  33|0x0000000082100000, 0x0000000082200000, 0x0000000082200000|100%| O|  |TAMS 0x0000000082200000, 0x0000000082100000| Untracked 
|  34|0x0000000082200000, 0x0000000082300000, 0x0000000082300000|100%| O|  |TAMS 0x0000000082300000, 0x0000000082200000| Untracked 
|  35|0x0000000082300000, 0x0000000082400000, 0x0000000082400000|100%|HS|  |TAMS 0x0000000082400000, 0x0000000082300000| Complete 
|  36|0x0000000082400000, 0x0000000082500000, 0x0000000082500000|100%|HC|  |TAMS 0x0000000082500000, 0x0000000082400000| Complete 
|  37|0x0000000082500000, 0x0000000082600000, 0x0000000082600000|100%| O|  |TAMS 0x0000000082600000, 0x0000000082500000| Untracked 
|  38|0x0000000082600000, 0x0000000082700000, 0x0000000082700000|100%| O|  |TAMS 0x0000000082700000, 0x0000000082600000| Untracked 
|  39|0x0000000082700000, 0x0000000082800000, 0x0000000082800000|100%| O|  |TAMS 0x0000000082800000, 0x0000000082700000| Untracked 
|  40|0x0000000082800000, 0x0000000082900000, 0x0000000082900000|100%| O|  |TAMS 0x0000000082900000, 0x0000000082800000| Untracked 
|  41|0x0000000082900000, 0x0000000082a00000, 0x0000000082a00000|100%| O|  |TAMS 0x0000000082a00000, 0x0000000082900000| Untracked 
|  42|0x0000000082a00000, 0x0000000082b00000, 0x0000000082b00000|100%| O|  |TAMS 0x0000000082b00000, 0x0000000082a00000| Untracked 
|  43|0x0000000082b00000, 0x0000000082c00000, 0x0000000082c00000|100%| O|  |TAMS 0x0000000082c00000, 0x0000000082b00000| Untracked 
|  44|0x0000000082c00000, 0x0000000082d00000, 0x0000000082d00000|100%| O|  |TAMS 0x0000000082d00000, 0x0000000082c00000| Untracked 
|  45|0x0000000082d00000, 0x0000000082e00000, 0x0000000082e00000|100%| O|  |TAMS 0x0000000082e00000, 0x0000000082d00000| Untracked 
|  46|0x0000000082e00000, 0x0000000082f00000, 0x0000000082f00000|100%| O|  |TAMS 0x0000000082f00000, 0x0000000082e00000| Untracked 
|  47|0x0000000082f00000, 0x0000000083000000, 0x0000000083000000|100%| O|  |TAMS 0x0000000083000000, 0x0000000082f00000| Untracked 
|  48|0x0000000083000000, 0x0000000083100000, 0x0000000083100000|100%| O|  |TAMS 0x0000000083100000, 0x0000000083000000| Untracked 
|  49|0x0000000083100000, 0x0000000083200000, 0x0000000083200000|100%| O|  |TAMS 0x0000000083200000, 0x0000000083100000| Untracked 
|  50|0x0000000083200000, 0x0000000083300000, 0x0000000083300000|100%| O|  |TAMS 0x0000000083300000, 0x0000000083200000| Untracked 
|  51|0x0000000083300000, 0x0000000083400000, 0x0000000083400000|100%| O|  |TAMS 0x0000000083400000, 0x0000000083300000| Untracked 
|  52|0x0000000083400000, 0x0000000083500000, 0x0000000083500000|100%| O|  |TAMS 0x0000000083500000, 0x0000000083400000| Untracked 
|  53|0x0000000083500000, 0x0000000083600000, 0x0000000083600000|100%| O|  |TAMS 0x0000000083600000, 0x0000000083500000| Untracked 
|  54|0x0000000083600000, 0x0000000083700000, 0x0000000083700000|100%| O|  |TAMS 0x0000000083700000, 0x0000000083600000| Untracked 
|  55|0x0000000083700000, 0x0000000083800000, 0x0000000083800000|100%| O|  |TAMS 0x0000000083800000, 0x0000000083700000| Untracked 
|  56|0x0000000083800000, 0x0000000083900000, 0x0000000083900000|100%| O|  |TAMS 0x0000000083900000, 0x0000000083800000| Untracked 
|  57|0x0000000083900000, 0x0000000083a00000, 0x0000000083a00000|100%| O|  |TAMS 0x0000000083a00000, 0x0000000083900000| Untracked 
|  58|0x0000000083a00000, 0x0000000083b00000, 0x0000000083b00000|100%| O|  |TAMS 0x0000000083b00000, 0x0000000083a00000| Untracked 
|  59|0x0000000083b00000, 0x0000000083c00000, 0x0000000083c00000|100%| O|  |TAMS 0x0000000083c00000, 0x0000000083b00000| Untracked 
|  60|0x0000000083c00000, 0x0000000083d00000, 0x0000000083d00000|100%| O|  |TAMS 0x0000000083d00000, 0x0000000083c00000| Untracked 
|  61|0x0000000083d00000, 0x0000000083e00000, 0x0000000083e00000|100%| O|  |TAMS 0x0000000083e00000, 0x0000000083d00000| Untracked 
|  62|0x0000000083e00000, 0x0000000083f00000, 0x0000000083f00000|100%| O|  |TAMS 0x0000000083f00000, 0x0000000083e00000| Untracked 
|  63|0x0000000083f00000, 0x0000000084000000, 0x0000000084000000|100%| O|  |TAMS 0x0000000084000000, 0x0000000083f00000| Untracked 
|  64|0x0000000084000000, 0x0000000084100000, 0x0000000084100000|100%| O|  |TAMS 0x0000000084100000, 0x0000000084000000| Untracked 
|  65|0x0000000084100000, 0x0000000084200000, 0x0000000084200000|100%|HS|  |TAMS 0x0000000084200000, 0x0000000084100000| Complete 
|  66|0x0000000084200000, 0x0000000084300000, 0x0000000084300000|100%|HC|  |TAMS 0x0000000084300000, 0x0000000084200000| Complete 
|  67|0x0000000084300000, 0x0000000084400000, 0x0000000084400000|100%| O|  |TAMS 0x0000000084400000, 0x0000000084300000| Untracked 
|  68|0x0000000084400000, 0x0000000084500000, 0x0000000084500000|100%| O|  |TAMS 0x0000000084500000, 0x0000000084400000| Untracked 
|  69|0x0000000084500000, 0x0000000084600000, 0x0000000084600000|100%| O|  |TAMS 0x0000000084600000, 0x0000000084500000| Untracked 
|  70|0x0000000084600000, 0x0000000084700000, 0x0000000084700000|100%| O|  |TAMS 0x0000000084700000, 0x0000000084600000| Untracked 
|  71|0x0000000084700000, 0x0000000084800000, 0x0000000084800000|100%| O|  |TAMS 0x0000000084800000, 0x0000000084700000| Untracked 
|  72|0x0000000084800000, 0x0000000084900000, 0x0000000084900000|100%| O|  |TAMS 0x0000000084900000, 0x0000000084800000| Untracked 
|  73|0x0000000084900000, 0x0000000084a00000, 0x0000000084a00000|100%| O|  |TAMS 0x0000000084a00000, 0x0000000084900000| Untracked 
|  74|0x0000000084a00000, 0x0000000084b00000, 0x0000000084b00000|100%| O|  |TAMS 0x0000000084b00000, 0x0000000084a00000| Untracked 
|  75|0x0000000084b00000, 0x0000000084c00000, 0x0000000084c00000|100%| O|  |TAMS 0x0000000084c00000, 0x0000000084b00000| Untracked 
|  76|0x0000000084c00000, 0x0000000084d00000, 0x0000000084d00000|100%| O|  |TAMS 0x0000000084d00000, 0x0000000084c00000| Untracked 
|  77|0x0000000084d00000, 0x0000000084e00000, 0x0000000084e00000|100%| O|  |TAMS 0x0000000084e00000, 0x0000000084d00000| Untracked 
|  78|0x0000000084e00000, 0x0000000084f00000, 0x0000000084f00000|100%| O|  |TAMS 0x0000000084f00000, 0x0000000084e00000| Untracked 
|  79|0x0000000084f00000, 0x0000000085000000, 0x0000000085000000|100%| O|  |TAMS 0x0000000085000000, 0x0000000084f00000| Untracked 
|  80|0x0000000085000000, 0x0000000085100000, 0x0000000085100000|100%| O|  |TAMS 0x0000000085100000, 0x0000000085000000| Untracked 
|  81|0x0000000085100000, 0x0000000085200000, 0x0000000085200000|100%| O|  |TAMS 0x0000000085200000, 0x0000000085100000| Untracked 
|  82|0x0000000085200000, 0x0000000085300000, 0x0000000085300000|100%| O|  |TAMS 0x0000000085300000, 0x0000000085200000| Untracked 
|  83|0x0000000085300000, 0x0000000085400000, 0x0000000085400000|100%| O|  |TAMS 0x0000000085400000, 0x0000000085300000| Untracked 
|  84|0x0000000085400000, 0x0000000085500000, 0x0000000085500000|100%| O|  |TAMS 0x0000000085500000, 0x0000000085400000| Untracked 
|  85|0x0000000085500000, 0x0000000085600000, 0x0000000085600000|100%| O|  |TAMS 0x0000000085600000, 0x0000000085500000| Untracked 
|  86|0x0000000085600000, 0x0000000085700000, 0x0000000085700000|100%| O|  |TAMS 0x0000000085700000, 0x0000000085600000| Untracked 
|  87|0x0000000085700000, 0x0000000085800000, 0x0000000085800000|100%| O|  |TAMS 0x0000000085800000, 0x0000000085700000| Untracked 
|  88|0x0000000085800000, 0x0000000085900000, 0x0000000085900000|100%| O|  |TAMS 0x0000000085900000, 0x0000000085800000| Untracked 
|  89|0x0000000085900000, 0x0000000085a00000, 0x0000000085a00000|100%| O|  |TAMS 0x0000000085a00000, 0x0000000085900000| Untracked 
|  90|0x0000000085a00000, 0x0000000085b00000, 0x0000000085b00000|100%| O|  |TAMS 0x0000000085b00000, 0x0000000085a00000| Untracked 
|  91|0x0000000085b00000, 0x0000000085c00000, 0x0000000085c00000|100%| O|  |TAMS 0x0000000085c00000, 0x0000000085b00000| Untracked 
|  92|0x0000000085c00000, 0x0000000085d00000, 0x0000000085d00000|100%| O|  |TAMS 0x0000000085d00000, 0x0000000085c00000| Untracked 
|  93|0x0000000085d00000, 0x0000000085e00000, 0x0000000085e00000|100%| O|  |TAMS 0x0000000085e00000, 0x0000000085d00000| Untracked 
|  94|0x0000000085e00000, 0x0000000085f00000, 0x0000000085f00000|100%| O|  |TAMS 0x0000000085f00000, 0x0000000085e00000| Untracked 
|  95|0x0000000085f00000, 0x0000000086000000, 0x0000000086000000|100%| O|  |TAMS 0x0000000086000000, 0x0000000085f00000| Untracked 
|  96|0x0000000086000000, 0x0000000086100000, 0x0000000086100000|100%| O|  |TAMS 0x0000000086100000, 0x0000000086000000| Untracked 
|  97|0x0000000086100000, 0x0000000086200000, 0x0000000086200000|100%| O|  |TAMS 0x0000000086200000, 0x0000000086100000| Untracked 
|  98|0x0000000086200000, 0x0000000086300000, 0x0000000086300000|100%| O|  |TAMS 0x0000000086300000, 0x0000000086200000| Untracked 
|  99|0x0000000086300000, 0x0000000086400000, 0x0000000086400000|100%| O|  |TAMS 0x0000000086400000, 0x0000000086300000| Untracked 
| 100|0x0000000086400000, 0x0000000086500000, 0x0000000086500000|100%| O|  |TAMS 0x0000000086500000, 0x0000000086400000| Untracked 
| 101|0x0000000086500000, 0x0000000086600000, 0x0000000086600000|100%| O|  |TAMS 0x0000000086600000, 0x0000000086500000| Untracked 
| 102|0x0000000086600000, 0x0000000086700000, 0x0000000086700000|100%| O|  |TAMS 0x0000000086700000, 0x0000000086600000| Untracked 
| 103|0x0000000086700000, 0x0000000086800000, 0x0000000086800000|100%| O|  |TAMS 0x0000000086800000, 0x0000000086700000| Untracked 
| 104|0x0000000086800000, 0x0000000086900000, 0x0000000086900000|100%| O|  |TAMS 0x0000000086900000, 0x0000000086800000| Untracked 
| 105|0x0000000086900000, 0x0000000086a00000, 0x0000000086a00000|100%| O|  |TAMS 0x0000000086a00000, 0x0000000086900000| Untracked 
| 106|0x0000000086a00000, 0x0000000086b00000, 0x0000000086b00000|100%| O|  |TAMS 0x0000000086b00000, 0x0000000086a00000| Untracked 
| 107|0x0000000086b00000, 0x0000000086c00000, 0x0000000086c00000|100%| O|  |TAMS 0x0000000086c00000, 0x0000000086b00000| Untracked 
| 108|0x0000000086c00000, 0x0000000086d00000, 0x0000000086d00000|100%| O|  |TAMS 0x0000000086d00000, 0x0000000086c00000| Untracked 
| 109|0x0000000086d00000, 0x0000000086e00000, 0x0000000086e00000|100%| O|  |TAMS 0x0000000086e00000, 0x0000000086d00000| Untracked 
| 110|0x0000000086e00000, 0x0000000086f00000, 0x0000000086f00000|100%| O|  |TAMS 0x0000000086f00000, 0x0000000086e00000| Untracked 
| 111|0x0000000086f00000, 0x0000000087000000, 0x0000000087000000|100%| O|  |TAMS 0x0000000087000000, 0x0000000086f00000| Untracked 
| 112|0x0000000087000000, 0x0000000087100000, 0x0000000087100000|100%| O|  |TAMS 0x0000000087100000, 0x0000000087000000| Untracked 
| 113|0x0000000087100000, 0x0000000087200000, 0x0000000087200000|100%| O|  |TAMS 0x0000000087200000, 0x0000000087100000| Untracked 
| 114|0x0000000087200000, 0x0000000087300000, 0x0000000087300000|100%| O|  |TAMS 0x0000000087300000, 0x0000000087200000| Untracked 
| 115|0x0000000087300000, 0x0000000087400000, 0x0000000087400000|100%| O|  |TAMS 0x0000000087300000, 0x0000000087300000| Untracked 
| 116|0x0000000087400000, 0x0000000087500000, 0x0000000087500000|100%| O|  |TAMS 0x0000000087400000, 0x0000000087400000| Untracked 
| 117|0x0000000087500000, 0x0000000087600000, 0x0000000087600000|100%| O|  |TAMS 0x0000000087500000, 0x0000000087500000| Untracked 
| 118|0x0000000087600000, 0x0000000087700000, 0x0000000087700000|100%| O|  |TAMS 0x0000000087600000, 0x0000000087600000| Untracked 
| 119|0x0000000087700000, 0x0000000087800000, 0x0000000087800000|100%| O|  |TAMS 0x0000000087700000, 0x0000000087700000| Untracked 
| 120|0x0000000087800000, 0x0000000087900000, 0x0000000087900000|100%| O|  |TAMS 0x0000000087800000, 0x0000000087800000| Untracked 
| 121|0x0000000087900000, 0x0000000087a00000, 0x0000000087a00000|100%| O|  |TAMS 0x0000000087900000, 0x0000000087900000| Untracked 
| 122|0x0000000087a00000, 0x0000000087b00000, 0x0000000087b00000|100%| O|  |TAMS 0x0000000087a00000, 0x0000000087a00000| Untracked 
| 123|0x0000000087b00000, 0x0000000087c00000, 0x0000000087c00000|100%| O|  |TAMS 0x0000000087b00000, 0x0000000087b00000| Untracked 
| 124|0x0000000087c00000, 0x0000000087d00000, 0x0000000087d00000|100%| O|  |TAMS 0x0000000087c00000, 0x0000000087c00000| Untracked 
| 125|0x0000000087d00000, 0x0000000087e00000, 0x0000000087e00000|100%| O|  |TAMS 0x0000000087d00000, 0x0000000087d00000| Untracked 
| 126|0x0000000087e00000, 0x0000000087f00000, 0x0000000087f00000|100%| O|  |TAMS 0x0000000087e00000, 0x0000000087e00000| Untracked 
| 127|0x0000000087f00000, 0x0000000088000000, 0x0000000088000000|100%| O|  |TAMS 0x0000000087f00000, 0x0000000087f00000| Untracked 
| 128|0x0000000088000000, 0x0000000088100000, 0x0000000088100000|100%| O|  |TAMS 0x0000000088000000, 0x0000000088000000| Untracked 
| 129|0x0000000088100000, 0x0000000088200000, 0x0000000088200000|100%| O|  |TAMS 0x0000000088100000, 0x0000000088100000| Untracked 
| 130|0x0000000088200000, 0x0000000088300000, 0x0000000088300000|100%| O|  |TAMS 0x0000000088200000, 0x0000000088200000| Untracked 
| 131|0x0000000088300000, 0x0000000088400000, 0x0000000088400000|100%| O|  |TAMS 0x0000000088300000, 0x0000000088300000| Untracked 
| 132|0x0000000088400000, 0x0000000088500000, 0x0000000088500000|100%| O|  |TAMS 0x0000000088400000, 0x0000000088400000| Untracked 
| 133|0x0000000088500000, 0x0000000088600000, 0x0000000088600000|100%| O|  |TAMS 0x0000000088500000, 0x0000000088500000| Untracked 
| 134|0x0000000088600000, 0x0000000088700000, 0x0000000088700000|100%| O|  |TAMS 0x0000000088600000, 0x0000000088600000| Untracked 
| 135|0x0000000088700000, 0x0000000088800000, 0x0000000088800000|100%| O|  |TAMS 0x0000000088700000, 0x0000000088700000| Untracked 
| 136|0x0000000088800000, 0x0000000088900000, 0x0000000088900000|100%| O|  |TAMS 0x0000000088800000, 0x0000000088800000| Untracked 
| 137|0x0000000088900000, 0x0000000088a00000, 0x0000000088a00000|100%| O|  |TAMS 0x0000000088900000, 0x0000000088900000| Untracked 
| 138|0x0000000088a00000, 0x0000000088b00000, 0x0000000088b00000|100%| O|  |TAMS 0x0000000088a00000, 0x0000000088a00000| Untracked 
| 139|0x0000000088b00000, 0x0000000088c00000, 0x0000000088c00000|100%| O|  |TAMS 0x0000000088b00000, 0x0000000088b00000| Untracked 
| 140|0x0000000088c00000, 0x0000000088d00000, 0x0000000088d00000|100%| O|  |TAMS 0x0000000088c00000, 0x0000000088c00000| Untracked 
| 141|0x0000000088d00000, 0x0000000088e00000, 0x0000000088e00000|100%| O|  |TAMS 0x0000000088d00000, 0x0000000088d00000| Untracked 
| 142|0x0000000088e00000, 0x0000000088f00000, 0x0000000088f00000|100%| O|  |TAMS 0x0000000088e00000, 0x0000000088e00000| Untracked 
| 143|0x0000000088f00000, 0x0000000089000000, 0x0000000089000000|100%| O|  |TAMS 0x0000000088f00000, 0x0000000088f00000| Untracked 
| 144|0x0000000089000000, 0x0000000089100000, 0x0000000089100000|100%| O|  |TAMS 0x0000000089000000, 0x0000000089000000| Untracked 
| 145|0x0000000089100000, 0x0000000089200000, 0x0000000089200000|100%| O|  |TAMS 0x0000000089100000, 0x0000000089100000| Untracked 
| 146|0x0000000089200000, 0x0000000089300000, 0x0000000089300000|100%| O|  |TAMS 0x0000000089200000, 0x0000000089200000| Untracked 
| 147|0x0000000089300000, 0x0000000089400000, 0x0000000089400000|100%| O|  |TAMS 0x0000000089300000, 0x0000000089300000| Untracked 
| 148|0x0000000089400000, 0x0000000089500000, 0x0000000089500000|100%| O|  |TAMS 0x0000000089400000, 0x0000000089400000| Untracked 
| 149|0x0000000089500000, 0x000000008957ae00, 0x0000000089600000| 47%| O|  |TAMS 0x0000000089500000, 0x0000000089500000| Untracked 
| 150|0x0000000089600000, 0x0000000089600000, 0x0000000089700000|  0%| F|  |TAMS 0x0000000089600000, 0x0000000089600000| Untracked 
| 151|0x0000000089700000, 0x0000000089700000, 0x0000000089800000|  0%| F|  |TAMS 0x0000000089700000, 0x0000000089700000| Untracked 
| 152|0x0000000089800000, 0x0000000089800000, 0x0000000089900000|  0%| F|  |TAMS 0x0000000089800000, 0x0000000089800000| Untracked 
| 153|0x0000000089900000, 0x0000000089900000, 0x0000000089a00000|  0%| F|  |TAMS 0x0000000089900000, 0x0000000089900000| Untracked 
| 154|0x0000000089a00000, 0x0000000089a00000, 0x0000000089b00000|  0%| F|  |TAMS 0x0000000089a00000, 0x0000000089a00000| Untracked 
| 155|0x0000000089b00000, 0x0000000089b00000, 0x0000000089c00000|  0%| F|  |TAMS 0x0000000089b00000, 0x0000000089b00000| Untracked 
| 156|0x0000000089c00000, 0x0000000089c00000, 0x0000000089d00000|  0%| F|  |TAMS 0x0000000089c00000, 0x0000000089c00000| Untracked 
| 157|0x0000000089d00000, 0x0000000089d00000, 0x0000000089e00000|  0%| F|  |TAMS 0x0000000089d00000, 0x0000000089d00000| Untracked 
| 158|0x0000000089e00000, 0x0000000089e00000, 0x0000000089f00000|  0%| F|  |TAMS 0x0000000089e00000, 0x0000000089e00000| Untracked 
| 159|0x0000000089f00000, 0x0000000089f00000, 0x000000008a000000|  0%| F|  |TAMS 0x0000000089f00000, 0x0000000089f00000| Untracked 
| 160|0x000000008a000000, 0x000000008a000000, 0x000000008a100000|  0%| F|  |TAMS 0x000000008a000000, 0x000000008a000000| Untracked 
| 161|0x000000008a100000, 0x000000008a100000, 0x000000008a200000|  0%| F|  |TAMS 0x000000008a100000, 0x000000008a100000| Untracked 
| 162|0x000000008a200000, 0x000000008a200000, 0x000000008a300000|  0%| F|  |TAMS 0x000000008a200000, 0x000000008a200000| Untracked 
| 163|0x000000008a300000, 0x000000008a300000, 0x000000008a400000|  0%| F|  |TAMS 0x000000008a300000, 0x000000008a300000| Untracked 
| 164|0x000000008a400000, 0x000000008a400000, 0x000000008a500000|  0%| F|  |TAMS 0x000000008a400000, 0x000000008a400000| Untracked 
| 165|0x000000008a500000, 0x000000008a500000, 0x000000008a600000|  0%| F|  |TAMS 0x000000008a500000, 0x000000008a500000| Untracked 
| 166|0x000000008a600000, 0x000000008a600000, 0x000000008a700000|  0%| F|  |TAMS 0x000000008a600000, 0x000000008a600000| Untracked 
| 167|0x000000008a700000, 0x000000008a700000, 0x000000008a800000|  0%| F|  |TAMS 0x000000008a700000, 0x000000008a700000| Untracked 
| 168|0x000000008a800000, 0x000000008a800000, 0x000000008a900000|  0%| F|  |TAMS 0x000000008a800000, 0x000000008a800000| Untracked 
| 169|0x000000008a900000, 0x000000008a900000, 0x000000008aa00000|  0%| F|  |TAMS 0x000000008a900000, 0x000000008a900000| Untracked 
| 170|0x000000008aa00000, 0x000000008aa00000, 0x000000008ab00000|  0%| F|  |TAMS 0x000000008aa00000, 0x000000008aa00000| Untracked 
| 171|0x000000008ab00000, 0x000000008ab00000, 0x000000008ac00000|  0%| F|  |TAMS 0x000000008ab00000, 0x000000008ab00000| Untracked 
| 172|0x000000008ac00000, 0x000000008ac00000, 0x000000008ad00000|  0%| F|  |TAMS 0x000000008ac00000, 0x000000008ac00000| Untracked 
| 173|0x000000008ad00000, 0x000000008ad00000, 0x000000008ae00000|  0%| F|  |TAMS 0x000000008ad00000, 0x000000008ad00000| Untracked 
| 174|0x000000008ae00000, 0x000000008ae00000, 0x000000008af00000|  0%| F|  |TAMS 0x000000008ae00000, 0x000000008ae00000| Untracked 
| 175|0x000000008af00000, 0x000000008af00000, 0x000000008b000000|  0%| F|  |TAMS 0x000000008af00000, 0x000000008af00000| Untracked 
| 176|0x000000008b000000, 0x000000008b000000, 0x000000008b100000|  0%| F|  |TAMS 0x000000008b000000, 0x000000008b000000| Untracked 
| 177|0x000000008b100000, 0x000000008b100000, 0x000000008b200000|  0%| F|  |TAMS 0x000000008b100000, 0x000000008b100000| Untracked 
| 178|0x000000008b200000, 0x000000008b200000, 0x000000008b300000|  0%| F|  |TAMS 0x000000008b200000, 0x000000008b200000| Untracked 
| 179|0x000000008b300000, 0x000000008b300000, 0x000000008b400000|  0%| F|  |TAMS 0x000000008b300000, 0x000000008b300000| Untracked 
| 180|0x000000008b400000, 0x000000008b400000, 0x000000008b500000|  0%| F|  |TAMS 0x000000008b400000, 0x000000008b400000| Untracked 
| 181|0x000000008b500000, 0x000000008b500000, 0x000000008b600000|  0%| F|  |TAMS 0x000000008b500000, 0x000000008b500000| Untracked 
| 182|0x000000008b600000, 0x000000008b600000, 0x000000008b700000|  0%| F|  |TAMS 0x000000008b600000, 0x000000008b600000| Untracked 
| 183|0x000000008b700000, 0x000000008b700000, 0x000000008b800000|  0%| F|  |TAMS 0x000000008b700000, 0x000000008b700000| Untracked 
| 184|0x000000008b800000, 0x000000008b800000, 0x000000008b900000|  0%| F|  |TAMS 0x000000008b800000, 0x000000008b800000| Untracked 
| 185|0x000000008b900000, 0x000000008b900000, 0x000000008ba00000|  0%| F|  |TAMS 0x000000008b900000, 0x000000008b900000| Untracked 
| 186|0x000000008ba00000, 0x000000008ba00000, 0x000000008bb00000|  0%| F|  |TAMS 0x000000008ba00000, 0x000000008ba00000| Untracked 
| 187|0x000000008bb00000, 0x000000008bb00000, 0x000000008bc00000|  0%| F|  |TAMS 0x000000008bb00000, 0x000000008bb00000| Untracked 
| 188|0x000000008bc00000, 0x000000008bc00000, 0x000000008bd00000|  0%| F|  |TAMS 0x000000008bc00000, 0x000000008bc00000| Untracked 
| 189|0x000000008bd00000, 0x000000008bd00000, 0x000000008be00000|  0%| F|  |TAMS 0x000000008bd00000, 0x000000008bd00000| Untracked 
| 190|0x000000008be00000, 0x000000008be00000, 0x000000008bf00000|  0%| F|  |TAMS 0x000000008be00000, 0x000000008be00000| Untracked 
| 191|0x000000008bf00000, 0x000000008bf00000, 0x000000008c000000|  0%| F|  |TAMS 0x000000008bf00000, 0x000000008bf00000| Untracked 
| 192|0x000000008c000000, 0x000000008c000000, 0x000000008c100000|  0%| F|  |TAMS 0x000000008c000000, 0x000000008c000000| Untracked 
| 193|0x000000008c100000, 0x000000008c100000, 0x000000008c200000|  0%| F|  |TAMS 0x000000008c100000, 0x000000008c100000| Untracked 
| 194|0x000000008c200000, 0x000000008c200000, 0x000000008c300000|  0%| F|  |TAMS 0x000000008c200000, 0x000000008c200000| Untracked 
| 195|0x000000008c300000, 0x000000008c300000, 0x000000008c400000|  0%| F|  |TAMS 0x000000008c300000, 0x000000008c300000| Untracked 
| 196|0x000000008c400000, 0x000000008c400000, 0x000000008c500000|  0%| F|  |TAMS 0x000000008c400000, 0x000000008c400000| Untracked 
| 197|0x000000008c500000, 0x000000008c500000, 0x000000008c600000|  0%| F|  |TAMS 0x000000008c500000, 0x000000008c500000| Untracked 
| 198|0x000000008c600000, 0x000000008c600000, 0x000000008c700000|  0%| F|  |TAMS 0x000000008c600000, 0x000000008c600000| Untracked 
| 199|0x000000008c700000, 0x000000008c700000, 0x000000008c800000|  0%| F|  |TAMS 0x000000008c700000, 0x000000008c700000| Untracked 
| 200|0x000000008c800000, 0x000000008c800000, 0x000000008c900000|  0%| F|  |TAMS 0x000000008c800000, 0x000000008c800000| Untracked 
| 201|0x000000008c900000, 0x000000008c900000, 0x000000008ca00000|  0%| F|  |TAMS 0x000000008c900000, 0x000000008c900000| Untracked 
| 202|0x000000008ca00000, 0x000000008ca00000, 0x000000008cb00000|  0%| F|  |TAMS 0x000000008ca00000, 0x000000008ca00000| Untracked 
| 203|0x000000008cb00000, 0x000000008cb00000, 0x000000008cc00000|  0%| F|  |TAMS 0x000000008cb00000, 0x000000008cb00000| Untracked 
| 204|0x000000008cc00000, 0x000000008cc00000, 0x000000008cd00000|  0%| F|  |TAMS 0x000000008cc00000, 0x000000008cc00000| Untracked 
| 205|0x000000008cd00000, 0x000000008cd00000, 0x000000008ce00000|  0%| F|  |TAMS 0x000000008cd00000, 0x000000008cd00000| Untracked 
| 206|0x000000008ce00000, 0x000000008ce00000, 0x000000008cf00000|  0%| F|  |TAMS 0x000000008ce00000, 0x000000008ce00000| Untracked 
| 207|0x000000008cf00000, 0x000000008cf00000, 0x000000008d000000|  0%| F|  |TAMS 0x000000008cf00000, 0x000000008cf00000| Untracked 
| 208|0x000000008d000000, 0x000000008d000000, 0x000000008d100000|  0%| F|  |TAMS 0x000000008d000000, 0x000000008d000000| Untracked 
| 209|0x000000008d100000, 0x000000008d100000, 0x000000008d200000|  0%| F|  |TAMS 0x000000008d100000, 0x000000008d100000| Untracked 
| 210|0x000000008d200000, 0x000000008d200000, 0x000000008d300000|  0%| F|  |TAMS 0x000000008d200000, 0x000000008d200000| Untracked 
| 211|0x000000008d300000, 0x000000008d300000, 0x000000008d400000|  0%| F|  |TAMS 0x000000008d300000, 0x000000008d300000| Untracked 
| 212|0x000000008d400000, 0x000000008d400000, 0x000000008d500000|  0%| F|  |TAMS 0x000000008d400000, 0x000000008d400000| Untracked 
| 213|0x000000008d500000, 0x000000008d500000, 0x000000008d600000|  0%| F|  |TAMS 0x000000008d500000, 0x000000008d500000| Untracked 
| 214|0x000000008d600000, 0x000000008d600000, 0x000000008d700000|  0%| F|  |TAMS 0x000000008d600000, 0x000000008d600000| Untracked 
| 215|0x000000008d700000, 0x000000008d700000, 0x000000008d800000|  0%| F|  |TAMS 0x000000008d700000, 0x000000008d700000| Untracked 
| 216|0x000000008d800000, 0x000000008d800000, 0x000000008d900000|  0%| F|  |TAMS 0x000000008d800000, 0x000000008d800000| Untracked 
| 217|0x000000008d900000, 0x000000008d900000, 0x000000008da00000|  0%| F|  |TAMS 0x000000008d900000, 0x000000008d900000| Untracked 
| 218|0x000000008da00000, 0x000000008da00000, 0x000000008db00000|  0%| F|  |TAMS 0x000000008da00000, 0x000000008da00000| Untracked 
| 219|0x000000008db00000, 0x000000008db00000, 0x000000008dc00000|  0%| F|  |TAMS 0x000000008db00000, 0x000000008db00000| Untracked 
| 220|0x000000008dc00000, 0x000000008dc00000, 0x000000008dd00000|  0%| F|  |TAMS 0x000000008dc00000, 0x000000008dc00000| Untracked 
| 221|0x000000008dd00000, 0x000000008dd00000, 0x000000008de00000|  0%| F|  |TAMS 0x000000008dd00000, 0x000000008dd00000| Untracked 
| 222|0x000000008de00000, 0x000000008de00000, 0x000000008df00000|  0%| F|  |TAMS 0x000000008de00000, 0x000000008de00000| Untracked 
| 223|0x000000008df00000, 0x000000008df00000, 0x000000008e000000|  0%| F|  |TAMS 0x000000008df00000, 0x000000008df00000| Untracked 
| 224|0x000000008e000000, 0x000000008e000000, 0x000000008e100000|  0%| F|  |TAMS 0x000000008e000000, 0x000000008e000000| Untracked 
| 225|0x000000008e100000, 0x000000008e100000, 0x000000008e200000|  0%| F|  |TAMS 0x000000008e100000, 0x000000008e100000| Untracked 
| 226|0x000000008e200000, 0x000000008e200000, 0x000000008e300000|  0%| F|  |TAMS 0x000000008e200000, 0x000000008e200000| Untracked 
| 227|0x000000008e300000, 0x000000008e300000, 0x000000008e400000|  0%| F|  |TAMS 0x000000008e300000, 0x000000008e300000| Untracked 
| 228|0x000000008e400000, 0x000000008e400000, 0x000000008e500000|  0%| F|  |TAMS 0x000000008e400000, 0x000000008e400000| Untracked 
| 229|0x000000008e500000, 0x000000008e500000, 0x000000008e600000|  0%| F|  |TAMS 0x000000008e500000, 0x000000008e500000| Untracked 
| 230|0x000000008e600000, 0x000000008e600000, 0x000000008e700000|  0%| F|  |TAMS 0x000000008e600000, 0x000000008e600000| Untracked 
| 231|0x000000008e700000, 0x000000008e700000, 0x000000008e800000|  0%| F|  |TAMS 0x000000008e700000, 0x000000008e700000| Untracked 
| 232|0x000000008e800000, 0x000000008e800000, 0x000000008e900000|  0%| F|  |TAMS 0x000000008e800000, 0x000000008e800000| Untracked 
| 233|0x000000008e900000, 0x000000008e900000, 0x000000008ea00000|  0%| F|  |TAMS 0x000000008e900000, 0x000000008e900000| Untracked 
| 234|0x000000008ea00000, 0x000000008ea00000, 0x000000008eb00000|  0%| F|  |TAMS 0x000000008ea00000, 0x000000008ea00000| Untracked 
| 235|0x000000008eb00000, 0x000000008eb00000, 0x000000008ec00000|  0%| F|  |TAMS 0x000000008eb00000, 0x000000008eb00000| Untracked 
| 236|0x000000008ec00000, 0x000000008ec00000, 0x000000008ed00000|  0%| F|  |TAMS 0x000000008ec00000, 0x000000008ec00000| Untracked 
| 237|0x000000008ed00000, 0x000000008ed00000, 0x000000008ee00000|  0%| F|  |TAMS 0x000000008ed00000, 0x000000008ed00000| Untracked 
| 238|0x000000008ee00000, 0x000000008ee00000, 0x000000008ef00000|  0%| F|  |TAMS 0x000000008ee00000, 0x000000008ee00000| Untracked 
| 239|0x000000008ef00000, 0x000000008ef00000, 0x000000008f000000|  0%| F|  |TAMS 0x000000008ef00000, 0x000000008ef00000| Untracked 
| 240|0x000000008f000000, 0x000000008f000000, 0x000000008f100000|  0%| F|  |TAMS 0x000000008f000000, 0x000000008f000000| Untracked 
| 241|0x000000008f100000, 0x000000008f100000, 0x000000008f200000|  0%| F|  |TAMS 0x000000008f100000, 0x000000008f100000| Untracked 
| 242|0x000000008f200000, 0x000000008f200000, 0x000000008f300000|  0%| F|  |TAMS 0x000000008f200000, 0x000000008f200000| Untracked 
| 243|0x000000008f300000, 0x000000008f300000, 0x000000008f400000|  0%| F|  |TAMS 0x000000008f300000, 0x000000008f300000| Untracked 
| 244|0x000000008f400000, 0x000000008f400000, 0x000000008f500000|  0%| F|  |TAMS 0x000000008f400000, 0x000000008f400000| Untracked 
| 245|0x000000008f500000, 0x000000008f500000, 0x000000008f600000|  0%| F|  |TAMS 0x000000008f500000, 0x000000008f500000| Untracked 
| 246|0x000000008f600000, 0x000000008f600000, 0x000000008f700000|  0%| F|  |TAMS 0x000000008f600000, 0x000000008f600000| Untracked 
| 247|0x000000008f700000, 0x000000008f700000, 0x000000008f800000|  0%| F|  |TAMS 0x000000008f700000, 0x000000008f700000| Untracked 
| 248|0x000000008f800000, 0x000000008f800000, 0x000000008f900000|  0%| F|  |TAMS 0x000000008f800000, 0x000000008f800000| Untracked 
| 249|0x000000008f900000, 0x000000008f900000, 0x000000008fa00000|  0%| F|  |TAMS 0x000000008f900000, 0x000000008f900000| Untracked 
| 250|0x000000008fa00000, 0x000000008fa00000, 0x000000008fb00000|  0%| F|  |TAMS 0x000000008fa00000, 0x000000008fa00000| Untracked 
| 251|0x000000008fb00000, 0x000000008fb00000, 0x000000008fc00000|  0%| F|  |TAMS 0x000000008fb00000, 0x000000008fb00000| Untracked 
| 252|0x000000008fc00000, 0x000000008fc00000, 0x000000008fd00000|  0%| F|  |TAMS 0x000000008fc00000, 0x000000008fc00000| Untracked 
| 253|0x000000008fd00000, 0x000000008fd00000, 0x000000008fe00000|  0%| F|  |TAMS 0x000000008fd00000, 0x000000008fd00000| Untracked 
| 254|0x000000008fe00000, 0x000000008fe00000, 0x000000008ff00000|  0%| F|  |TAMS 0x000000008fe00000, 0x000000008fe00000| Untracked 
| 255|0x000000008ff00000, 0x000000008ffc2190, 0x0000000090000000| 75%| S|CS|TAMS 0x000000008ff00000, 0x000000008ff00000| Complete 
| 256|0x0000000090000000, 0x0000000090100000, 0x0000000090100000|100%| S|CS|TAMS 0x0000000090000000, 0x0000000090000000| Complete 
| 257|0x0000000090100000, 0x0000000090200000, 0x0000000090200000|100%| S|CS|TAMS 0x0000000090100000, 0x0000000090100000| Complete 
| 258|0x0000000090200000, 0x0000000090300000, 0x0000000090300000|100%| S|CS|TAMS 0x0000000090200000, 0x0000000090200000| Complete 
| 259|0x0000000090300000, 0x0000000090400000, 0x0000000090400000|100%| S|CS|TAMS 0x0000000090300000, 0x0000000090300000| Complete 
| 260|0x0000000090400000, 0x0000000090500000, 0x0000000090500000|100%| S|CS|TAMS 0x0000000090400000, 0x0000000090400000| Complete 
| 261|0x0000000090500000, 0x0000000090600000, 0x0000000090600000|100%| S|CS|TAMS 0x0000000090500000, 0x0000000090500000| Complete 
| 262|0x0000000090600000, 0x0000000090600000, 0x0000000090700000|  0%| F|  |TAMS 0x0000000090600000, 0x0000000090600000| Untracked 
| 263|0x0000000090700000, 0x0000000090700000, 0x0000000090800000|  0%| F|  |TAMS 0x0000000090700000, 0x0000000090700000| Untracked 
| 264|0x0000000090800000, 0x0000000090800000, 0x0000000090900000|  0%| F|  |TAMS 0x0000000090800000, 0x0000000090800000| Untracked 
| 265|0x0000000090900000, 0x0000000090900000, 0x0000000090a00000|  0%| F|  |TAMS 0x0000000090900000, 0x0000000090900000| Untracked 
| 266|0x0000000090a00000, 0x0000000090a00000, 0x0000000090b00000|  0%| F|  |TAMS 0x0000000090a00000, 0x0000000090a00000| Untracked 
| 267|0x0000000090b00000, 0x0000000090b00000, 0x0000000090c00000|  0%| F|  |TAMS 0x0000000090b00000, 0x0000000090b00000| Untracked 
| 268|0x0000000090c00000, 0x0000000090c00000, 0x0000000090d00000|  0%| F|  |TAMS 0x0000000090c00000, 0x0000000090c00000| Untracked 
| 269|0x0000000090d00000, 0x0000000090d00000, 0x0000000090e00000|  0%| F|  |TAMS 0x0000000090d00000, 0x0000000090d00000| Untracked 
| 270|0x0000000090e00000, 0x0000000090e00000, 0x0000000090f00000|  0%| F|  |TAMS 0x0000000090e00000, 0x0000000090e00000| Untracked 
| 271|0x0000000090f00000, 0x0000000090f00000, 0x0000000091000000|  0%| F|  |TAMS 0x0000000090f00000, 0x0000000090f00000| Untracked 
| 272|0x0000000091000000, 0x0000000091000000, 0x0000000091100000|  0%| F|  |TAMS 0x0000000091000000, 0x0000000091000000| Untracked 
| 273|0x0000000091100000, 0x0000000091100000, 0x0000000091200000|  0%| F|  |TAMS 0x0000000091100000, 0x0000000091100000| Untracked 
| 274|0x0000000091200000, 0x0000000091200000, 0x0000000091300000|  0%| F|  |TAMS 0x0000000091200000, 0x0000000091200000| Untracked 
| 275|0x0000000091300000, 0x0000000091300000, 0x0000000091400000|  0%| F|  |TAMS 0x0000000091300000, 0x0000000091300000| Untracked 
| 276|0x0000000091400000, 0x0000000091400000, 0x0000000091500000|  0%| F|  |TAMS 0x0000000091400000, 0x0000000091400000| Untracked 
| 277|0x0000000091500000, 0x0000000091500000, 0x0000000091600000|  0%| F|  |TAMS 0x0000000091500000, 0x0000000091500000| Untracked 
| 278|0x0000000091600000, 0x0000000091600000, 0x0000000091700000|  0%| F|  |TAMS 0x0000000091600000, 0x0000000091600000| Untracked 
| 279|0x0000000091700000, 0x0000000091700000, 0x0000000091800000|  0%| F|  |TAMS 0x0000000091700000, 0x0000000091700000| Untracked 
| 280|0x0000000091800000, 0x0000000091800000, 0x0000000091900000|  0%| F|  |TAMS 0x0000000091800000, 0x0000000091800000| Untracked 
| 281|0x0000000091900000, 0x0000000091900000, 0x0000000091a00000|  0%| F|  |TAMS 0x0000000091900000, 0x0000000091900000| Untracked 
| 282|0x0000000091a00000, 0x0000000091a00000, 0x0000000091b00000|  0%| F|  |TAMS 0x0000000091a00000, 0x0000000091a00000| Untracked 
| 283|0x0000000091b00000, 0x0000000091b00000, 0x0000000091c00000|  0%| F|  |TAMS 0x0000000091b00000, 0x0000000091b00000| Untracked 
| 284|0x0000000091c00000, 0x0000000091c00000, 0x0000000091d00000|  0%| F|  |TAMS 0x0000000091c00000, 0x0000000091c00000| Untracked 
| 285|0x0000000091d00000, 0x0000000091d81260, 0x0000000091e00000| 50%| E|  |TAMS 0x0000000091d00000, 0x0000000091d00000| Complete 
| 286|0x0000000091e00000, 0x0000000091f00000, 0x0000000091f00000|100%| E|CS|TAMS 0x0000000091e00000, 0x0000000091e00000| Complete 
| 287|0x0000000091f00000, 0x0000000092000000, 0x0000000092000000|100%| E|CS|TAMS 0x0000000091f00000, 0x0000000091f00000| Complete 
| 288|0x0000000092000000, 0x0000000092100000, 0x0000000092100000|100%| E|CS|TAMS 0x0000000092000000, 0x0000000092000000| Complete 
| 289|0x0000000092100000, 0x0000000092200000, 0x0000000092200000|100%| E|CS|TAMS 0x0000000092100000, 0x0000000092100000| Complete 
| 290|0x0000000092200000, 0x0000000092300000, 0x0000000092300000|100%| E|CS|TAMS 0x0000000092200000, 0x0000000092200000| Complete 
| 291|0x0000000092300000, 0x0000000092400000, 0x0000000092400000|100%| E|CS|TAMS 0x0000000092300000, 0x0000000092300000| Complete 
| 292|0x0000000092400000, 0x0000000092500000, 0x0000000092500000|100%| E|CS|TAMS 0x0000000092400000, 0x0000000092400000| Complete 
| 293|0x0000000092500000, 0x0000000092600000, 0x0000000092600000|100%| E|CS|TAMS 0x0000000092500000, 0x0000000092500000| Complete 
| 294|0x0000000092600000, 0x0000000092700000, 0x0000000092700000|100%| E|CS|TAMS 0x0000000092600000, 0x0000000092600000| Complete 
| 295|0x0000000092700000, 0x0000000092800000, 0x0000000092800000|100%| E|CS|TAMS 0x0000000092700000, 0x0000000092700000| Complete 
| 296|0x0000000092800000, 0x0000000092900000, 0x0000000092900000|100%| E|CS|TAMS 0x0000000092800000, 0x0000000092800000| Complete 
| 297|0x0000000092900000, 0x0000000092a00000, 0x0000000092a00000|100%| E|CS|TAMS 0x0000000092900000, 0x0000000092900000| Complete 
| 298|0x0000000092a00000, 0x0000000092b00000, 0x0000000092b00000|100%| E|CS|TAMS 0x0000000092a00000, 0x0000000092a00000| Complete 
| 299|0x0000000092b00000, 0x0000000092c00000, 0x0000000092c00000|100%| E|CS|TAMS 0x0000000092b00000, 0x0000000092b00000| Complete 
| 300|0x0000000092c00000, 0x0000000092d00000, 0x0000000092d00000|100%| E|CS|TAMS 0x0000000092c00000, 0x0000000092c00000| Complete 
| 301|0x0000000092d00000, 0x0000000092e00000, 0x0000000092e00000|100%| E|CS|TAMS 0x0000000092d00000, 0x0000000092d00000| Complete 
| 302|0x0000000092e00000, 0x0000000092f00000, 0x0000000092f00000|100%| E|CS|TAMS 0x0000000092e00000, 0x0000000092e00000| Complete 
| 303|0x0000000092f00000, 0x0000000093000000, 0x0000000093000000|100%| E|CS|TAMS 0x0000000092f00000, 0x0000000092f00000| Complete 
| 304|0x0000000093000000, 0x0000000093100000, 0x0000000093100000|100%| E|CS|TAMS 0x0000000093000000, 0x0000000093000000| Complete 
| 305|0x0000000093100000, 0x0000000093200000, 0x0000000093200000|100%| E|CS|TAMS 0x0000000093100000, 0x0000000093100000| Complete 
| 306|0x0000000093200000, 0x0000000093300000, 0x0000000093300000|100%| E|CS|TAMS 0x0000000093200000, 0x0000000093200000| Complete 
| 307|0x0000000093300000, 0x0000000093400000, 0x0000000093400000|100%| E|CS|TAMS 0x0000000093300000, 0x0000000093300000| Complete 
| 308|0x0000000093400000, 0x0000000093500000, 0x0000000093500000|100%| E|CS|TAMS 0x0000000093400000, 0x0000000093400000| Complete 
| 309|0x0000000093500000, 0x0000000093600000, 0x0000000093600000|100%| E|CS|TAMS 0x0000000093500000, 0x0000000093500000| Complete 
| 310|0x0000000093600000, 0x0000000093700000, 0x0000000093700000|100%| E|CS|TAMS 0x0000000093600000, 0x0000000093600000| Complete 
| 311|0x0000000093700000, 0x0000000093800000, 0x0000000093800000|100%| E|CS|TAMS 0x0000000093700000, 0x0000000093700000| Complete 
| 312|0x0000000093800000, 0x0000000093900000, 0x0000000093900000|100%| E|CS|TAMS 0x0000000093800000, 0x0000000093800000| Complete 
| 313|0x0000000093900000, 0x0000000093a00000, 0x0000000093a00000|100%| E|CS|TAMS 0x0000000093900000, 0x0000000093900000| Complete 
| 314|0x0000000093a00000, 0x0000000093b00000, 0x0000000093b00000|100%| E|CS|TAMS 0x0000000093a00000, 0x0000000093a00000| Complete 
| 315|0x0000000093b00000, 0x0000000093c00000, 0x0000000093c00000|100%| E|CS|TAMS 0x0000000093b00000, 0x0000000093b00000| Complete 
| 316|0x0000000093c00000, 0x0000000093d00000, 0x0000000093d00000|100%| E|CS|TAMS 0x0000000093c00000, 0x0000000093c00000| Complete 
| 317|0x0000000093d00000, 0x0000000093e00000, 0x0000000093e00000|100%| E|CS|TAMS 0x0000000093d00000, 0x0000000093d00000| Complete 
| 318|0x0000000093e00000, 0x0000000093f00000, 0x0000000093f00000|100%| E|CS|TAMS 0x0000000093e00000, 0x0000000093e00000| Complete 
| 319|0x0000000093f00000, 0x0000000094000000, 0x0000000094000000|100%| E|CS|TAMS 0x0000000093f00000, 0x0000000093f00000| Complete 
| 320|0x0000000094000000, 0x0000000094100000, 0x0000000094100000|100%| E|CS|TAMS 0x0000000094000000, 0x0000000094000000| Complete 
| 321|0x0000000094100000, 0x0000000094200000, 0x0000000094200000|100%| E|CS|TAMS 0x0000000094100000, 0x0000000094100000| Complete 
| 322|0x0000000094200000, 0x0000000094300000, 0x0000000094300000|100%| E|CS|TAMS 0x0000000094200000, 0x0000000094200000| Complete 
| 323|0x0000000094300000, 0x0000000094400000, 0x0000000094400000|100%| E|CS|TAMS 0x0000000094300000, 0x0000000094300000| Complete 
| 324|0x0000000094400000, 0x0000000094500000, 0x0000000094500000|100%| E|CS|TAMS 0x0000000094400000, 0x0000000094400000| Complete 
| 325|0x0000000094500000, 0x0000000094600000, 0x0000000094600000|100%| E|CS|TAMS 0x0000000094500000, 0x0000000094500000| Complete 
| 326|0x0000000094600000, 0x0000000094700000, 0x0000000094700000|100%| E|CS|TAMS 0x0000000094600000, 0x0000000094600000| Complete 
| 327|0x0000000094700000, 0x0000000094800000, 0x0000000094800000|100%| E|CS|TAMS 0x0000000094700000, 0x0000000094700000| Complete 
| 328|0x0000000094800000, 0x0000000094900000, 0x0000000094900000|100%| E|CS|TAMS 0x0000000094800000, 0x0000000094800000| Complete 
| 329|0x0000000094900000, 0x0000000094a00000, 0x0000000094a00000|100%| E|CS|TAMS 0x0000000094900000, 0x0000000094900000| Complete 
| 330|0x0000000094a00000, 0x0000000094b00000, 0x0000000094b00000|100%| E|CS|TAMS 0x0000000094a00000, 0x0000000094a00000| Complete 
| 331|0x0000000094b00000, 0x0000000094c00000, 0x0000000094c00000|100%| E|CS|TAMS 0x0000000094b00000, 0x0000000094b00000| Complete 

Card table byte_map: [0x00000202a7370000,0x00000202a7770000] _byte_map_base: 0x00000202a6f70000

Marking Bits (Prev, Next): (CMBitMap*) 0x0000020293a1fbc0, (CMBitMap*) 0x0000020293a1fb88
 Prev Bits: [0x00000202a9b70000, 0x00000202abb70000)
 Next Bits: [0x00000202a7b70000, 0x00000202a9b70000)

Polling page: 0x0000020293ac0000

Metaspace:

Usage:
  Non-class:     87.11 MB capacity,    85.62 MB ( 98%) used,     1.21 MB (  1%) free+waste,   278.94 KB ( <1%) overhead. 
      Class:     13.22 MB capacity,    12.37 MB ( 94%) used,   739.82 KB (  5%) free+waste,   123.06 KB ( <1%) overhead. 
       Both:    100.33 MB capacity,    98.00 MB ( 98%) used,     1.94 MB (  2%) free+waste,   402.00 KB ( <1%) overhead. 

Virtual space:
  Non-class space:       88.00 MB reserved,      87.25 MB (>99%) committed 
      Class space:        1.00 GB reserved,      13.38 MB (  1%) committed 
             Both:        1.09 GB reserved,     100.63 MB (  9%) committed 

Chunk freelists:
   Non-Class:  143.00 KB
       Class:  99.00 KB
        Both:  242.00 KB

MaxMetaspaceSize: 17179869184.00 GB
CompressedClassSpaceSize: 1.00 GB

CodeHeap 'non-profiled nmethods': size=120000Kb used=5673Kb max_used=5673Kb free=114326Kb
 bounds [0x000002029efc0000, 0x000002029f550000, 0x00000202a64f0000]
CodeHeap 'profiled nmethods': size=120000Kb used=26461Kb max_used=26461Kb free=93538Kb
 bounds [0x0000020297a90000, 0x0000020299470000, 0x000002029efc0000]
CodeHeap 'non-nmethods': size=5760Kb used=2291Kb max_used=2334Kb free=3468Kb
 bounds [0x00000202974f0000, 0x0000020297760000, 0x0000020297a90000]
 total_blobs=13049 nmethods=12153 adapters=807
 compilation: enabled
              stopped_count=0, restarted_count=0
 full_count=0

Compilation events (20 events):
Event: 65.829 Thread 0x00000202aefae800 12505       1       org.gradle.api.internal.changedetection.state.ZipEntryContext::getEntry (5 bytes)
Event: 65.830 Thread 0x00000202aefae800 nmethod 12505 0x000002029f549890 code [0x000002029f549a40, 0x000002029f549af8]
Event: 65.851 Thread 0x00000202aefae800 12506       2       java.util.StringTokenizer::setMaxDelimCodePoint (156 bytes)
Event: 65.853 Thread 0x00000202aefae800 nmethod 12506 0x000002029945dc10 code [0x000002029945de20, 0x000002029945e478]
Event: 65.855 Thread 0x00000202aefae800 12507       2       org.gradle.internal.hash.Hashing$MessageDigestHasher::putBytes (11 bytes)
Event: 65.856 Thread 0x00000202aefae800 nmethod 12507 0x000002029945e810 code [0x000002029945e9e0, 0x000002029945ebd8]
Event: 65.856 Thread 0x00000202aefae800 12509       2       java.util.StringTokenizer::<init> (52 bytes)
Event: 65.857 Thread 0x00000202aefae800 nmethod 12509 0x000002029945ed10 code [0x000002029945eee0, 0x000002029945f0e8]
Event: 65.857 Thread 0x00000202aefae800 12510       2       java.util.StringTokenizer::<init> (8 bytes)
Event: 65.857 Thread 0x00000202aefae800 nmethod 12510 0x000002029945f210 code [0x000002029945f3c0, 0x000002029945f4c8]
Event: 65.857 Thread 0x00000202aefae800 12508       2       com.google.common.io.ByteStreams$1::write (6 bytes)
Event: 65.857 Thread 0x00000202aefae800 nmethod 12508 0x000002029945f590 code [0x000002029945f740, 0x000002029945f8e8]
Event: 65.857 Thread 0x00000202aefae800 12511       2       org.gradle.api.internal.changedetection.state.ZipEntryContext::getRelativePathSegments (12 bytes)
Event: 65.858 Thread 0x00000202aefae800 nmethod 12511 0x000002029945fa10 code [0x000002029945fbc0, 0x000002029945fd58]
Event: 65.858 Thread 0x00000202aefae800 12512       2       org.gradle.api.internal.changedetection.state.ZipEntryContext$ZipEntryRelativePath::<init> (10 bytes)
Event: 65.858 Thread 0x00000202aefae800 nmethod 12512 0x000002029945fe10 code [0x000002029945ffc0, 0x00000202994600f8]
Event: 65.858 Thread 0x00000202aefae800 12513       1       org.gradle.api.internal.file.archive.impl.FileZipInput::access$100 (5 bytes)
Event: 65.858 Thread 0x00000202aefae800 nmethod 12513 0x000002029f549b90 code [0x000002029f549d40, 0x000002029f549dd8]
Event: 65.858 Thread 0x00000202aefae800 12514       1       org.gradle.api.internal.changedetection.state.ZipEntryContext::getFullName (5 bytes)
Event: 65.859 Thread 0x00000202aefae800 nmethod 12514 0x000002029f549e90 code [0x000002029f54a040, 0x000002029f54a0f8]

GC Heap History (20 events):
Event: 51.699 GC heap before
{Heap before GC invocations=58 (full 0):
 garbage-first heap   total 156672K, used 112791K [0x0000000080000000, 0x0000000100000000)
  region size 1024K, 51 young (52224K), 5 survivors (5120K)
 Metaspace       used 80336K, capacity 82577K, committed 82816K, reserved 1120256K
  class space    used 10497K, capacity 11300K, committed 11392K, reserved 1048576K
}
Event: 51.723 GC heap after
{Heap after GC invocations=59 (full 0):
 garbage-first heap   total 156672K, used 69608K [0x0000000080000000, 0x0000000100000000)
  region size 1024K, 6 young (6144K), 6 survivors (6144K)
 Metaspace       used 80336K, capacity 82577K, committed 82816K, reserved 1120256K
  class space    used 10497K, capacity 11300K, committed 11392K, reserved 1048576K
}
Event: 54.525 GC heap before
{Heap before GC invocations=59 (full 0):
 garbage-first heap   total 156672K, used 117736K [0x0000000080000000, 0x0000000100000000)
  region size 1024K, 54 young (55296K), 6 survivors (6144K)
 Metaspace       used 86158K, capacity 88550K, committed 88704K, reserved 1126400K
  class space    used 11239K, capacity 12118K, committed 12160K, reserved 1048576K
}
Event: 54.567 GC heap after
{Heap after GC invocations=60 (full 0):
 garbage-first heap   total 156672K, used 72946K [0x0000000080000000, 0x0000000100000000)
  region size 1024K, 7 young (7168K), 7 survivors (7168K)
 Metaspace       used 86158K, capacity 88550K, committed 88704K, reserved 1126400K
  class space    used 11239K, capacity 12118K, committed 12160K, reserved 1048576K
}
Event: 56.868 GC heap before
{Heap before GC invocations=60 (full 0):
 garbage-first heap   total 156672K, used 124146K [0x0000000080000000, 0x0000000100000000)
  region size 1024K, 56 young (57344K), 7 survivors (7168K)
 Metaspace       used 89377K, capacity 91836K, committed 91904K, reserved 1128448K
  class space    used 11548K, capacity 12527K, committed 12544K, reserved 1048576K
}
Event: 56.917 GC heap after
{Heap after GC invocations=61 (full 0):
 garbage-first heap   total 156672K, used 84936K [0x0000000080000000, 0x0000000100000000)
  region size 1024K, 7 young (7168K), 7 survivors (7168K)
 Metaspace       used 89377K, capacity 91836K, committed 91904K, reserved 1128448K
  class space    used 11548K, capacity 12527K, committed 12544K, reserved 1048576K
}
Event: 57.938 GC heap before
{Heap before GC invocations=61 (full 0):
 garbage-first heap   total 156672K, used 123848K [0x0000000080000000, 0x0000000100000000)
  region size 1024K, 46 young (47104K), 7 survivors (7168K)
 Metaspace       used 92723K, capacity 95191K, committed 95360K, reserved 1132544K
  class space    used 11911K, capacity 12856K, committed 12928K, reserved 1048576K
}
Event: 58.036 GC heap after
{Heap after GC invocations=62 (full 0):
 garbage-first heap   total 191488K, used 100871K [0x0000000080000000, 0x0000000100000000)
  region size 1024K, 6 young (6144K), 6 survivors (6144K)
 Metaspace       used 92723K, capacity 95191K, committed 95360K, reserved 1132544K
  class space    used 11911K, capacity 12856K, committed 12928K, reserved 1048576K
}
Event: 60.464 GC heap before
{Heap before GC invocations=62 (full 0):
 garbage-first heap   total 191488K, used 143879K [0x0000000080000000, 0x0000000100000000)
  region size 1024K, 47 young (48128K), 6 survivors (6144K)
 Metaspace       used 96140K, capacity 98333K, committed 99072K, reserved 1134592K
  class space    used 12244K, capacity 13105K, committed 13312K, reserved 1048576K
}
Event: 60.669 GC heap after
{Heap after GC invocations=63 (full 0):
 garbage-first heap   total 191488K, used 116736K [0x0000000080000000, 0x0000000100000000)
  region size 1024K, 6 young (6144K), 6 survivors (6144K)
 Metaspace       used 96140K, capacity 98333K, committed 99072K, reserved 1134592K
  class space    used 12244K, capacity 13105K, committed 13312K, reserved 1048576K
}
Event: 62.236 GC heap before
{Heap before GC invocations=64 (full 0):
 garbage-first heap   total 191488K, used 120832K [0x0000000080000000, 0x0000000100000000)
  region size 1024K, 11 young (11264K), 6 survivors (6144K)
 Metaspace       used 96715K, capacity 98929K, committed 99712K, reserved 1136640K
  class space    used 12323K, capacity 13176K, committed 13440K, reserved 1048576K
}
Event: 62.307 GC heap after
{Heap after GC invocations=65 (full 0):
 garbage-first heap   total 191488K, used 119224K [0x0000000080000000, 0x0000000100000000)
  region size 1024K, 2 young (2048K), 2 survivors (2048K)
 Metaspace       used 96715K, capacity 98929K, committed 99712K, reserved 1136640K
  class space    used 12323K, capacity 13176K, committed 13440K, reserved 1048576K
}
Event: 63.118 GC heap before
{Heap before GC invocations=65 (full 0):
 garbage-first heap   total 191488K, used 142776K [0x0000000080000000, 0x0000000100000000)
  region size 1024K, 24 young (24576K), 2 survivors (2048K)
 Metaspace       used 97964K, capacity 100136K, committed 100864K, reserved 1136640K
  class space    used 12443K, capacity 13278K, committed 13568K, reserved 1048576K
}
Event: 63.195 GC heap after
{Heap after GC invocations=66 (full 0):
 garbage-first heap   total 191488K, used 128398K [0x0000000080000000, 0x0000000100000000)
  region size 1024K, 3 young (3072K), 3 survivors (3072K)
 Metaspace       used 97964K, capacity 100136K, committed 100864K, reserved 1136640K
  class space    used 12443K, capacity 13278K, committed 13568K, reserved 1048576K
}
Event: 63.530 GC heap before
{Heap before GC invocations=66 (full 0):
 garbage-first heap   total 191488K, used 146830K [0x0000000080000000, 0x0000000100000000)
  region size 1024K, 21 young (21504K), 3 survivors (3072K)
 Metaspace       used 97964K, capacity 100136K, committed 100864K, reserved 1136640K
  class space    used 12443K, capacity 13278K, committed 13568K, reserved 1048576K
}
Event: 63.590 GC heap after
{Heap after GC invocations=67 (full 0):
 garbage-first heap   total 339968K, used 143716K [0x0000000080000000, 0x0000000100000000)
  region size 1024K, 3 young (3072K), 3 survivors (3072K)
 Metaspace       used 97964K, capacity 100136K, committed 100864K, reserved 1136640K
  class space    used 12443K, capacity 13278K, committed 13568K, reserved 1048576K
}
Event: 64.371 GC heap before
{Heap before GC invocations=68 (full 0):
 garbage-first heap   total 339968K, used 205156K [0x0000000080000000, 0x0000000100000000)
  region size 1024K, 63 young (64512K), 3 survivors (3072K)
 Metaspace       used 98776K, capacity 101014K, committed 101632K, reserved 1136640K
  class space    used 12527K, capacity 13375K, committed 13568K, reserved 1048576K
}
Event: 64.388 GC heap after
{Heap after GC invocations=69 (full 0):
 garbage-first heap   total 339968K, used 152495K [0x0000000080000000, 0x0000000100000000)
  region size 1024K, 8 young (8192K), 8 survivors (8192K)
 Metaspace       used 98776K, capacity 101014K, committed 101632K, reserved 1136640K
  class space    used 12527K, capacity 13375K, committed 13568K, reserved 1048576K
}
Event: 65.374 GC heap before
{Heap before GC invocations=69 (full 0):
 garbage-first heap   total 339968K, used 214959K [0x0000000080000000, 0x0000000100000000)
  region size 1024K, 70 young (71680K), 8 survivors (8192K)
 Metaspace       used 100187K, capacity 102650K, committed 103040K, reserved 1138688K
  class space    used 12654K, capacity 13529K, committed 13696K, reserved 1048576K
}
Event: 65.401 GC heap after
{Heap after GC invocations=70 (full 0):
 garbage-first heap   total 339968K, used 159987K [0x0000000080000000, 0x0000000100000000)
  region size 1024K, 7 young (7168K), 7 survivors (7168K)
 Metaspace       used 100187K, capacity 102650K, committed 103040K, reserved 1138688K
  class space    used 12654K, capacity 13529K, committed 13696K, reserved 1048576K
}

Deoptimization events (20 events):
Event: 65.448 Thread 0x00000202b4db8000 Uncommon trap: trap_request=0xffffffc6 fr.pc=0x000002029f3f72a0 relative=0x0000000000003ec0
Event: 65.448 Thread 0x00000202b4db8000 Uncommon trap: reason=bimorphic_or_optimized_type_check action=maybe_recompile pc=0x000002029f3f72a0 method=org.gradle.internal.snapshot.FileSystemLeafSnapshot.accept(Lorg/gradle/internal/snapshot/RelativePathTracker;Lorg/gradle/internal/snapshot/Relative
Event: 65.449 Thread 0x00000202b4db8000 DEOPT PACKING pc=0x000002029f3f72a0 sp=0x00000096b3efb770
Event: 65.449 Thread 0x00000202b4db8000 DEOPT UNPACKING pc=0x00000202975178af sp=0x00000096b3efb790 mode 2
Event: 65.449 Thread 0x00000202b4db8000 Uncommon trap: trap_request=0xffffffc6 fr.pc=0x000002029f3f72a0 relative=0x0000000000003ec0
Event: 65.449 Thread 0x00000202b4db8000 Uncommon trap: reason=bimorphic_or_optimized_type_check action=maybe_recompile pc=0x000002029f3f72a0 method=org.gradle.internal.snapshot.FileSystemLeafSnapshot.accept(Lorg/gradle/internal/snapshot/RelativePathTracker;Lorg/gradle/internal/snapshot/Relative
Event: 65.450 Thread 0x00000202b4db8000 DEOPT PACKING pc=0x000002029f3f72a0 sp=0x00000096b3efb550
Event: 65.450 Thread 0x00000202b4db8000 DEOPT UNPACKING pc=0x00000202975178af sp=0x00000096b3efb558 mode 2
Event: 65.450 Thread 0x00000202b4db8000 Uncommon trap: trap_request=0xffffffc6 fr.pc=0x000002029f3f72a0 relative=0x0000000000003ec0
Event: 65.450 Thread 0x00000202b4db8000 Uncommon trap: reason=bimorphic_or_optimized_type_check action=maybe_recompile pc=0x000002029f3f72a0 method=org.gradle.internal.snapshot.FileSystemLeafSnapshot.accept(Lorg/gradle/internal/snapshot/RelativePathTracker;Lorg/gradle/internal/snapshot/Relative
Event: 65.450 Thread 0x00000202b4db8000 DEOPT PACKING pc=0x000002029f3f72a0 sp=0x00000096b3efb550
Event: 65.450 Thread 0x00000202b4db8000 DEOPT UNPACKING pc=0x00000202975178af sp=0x00000096b3efb558 mode 2
Event: 65.450 Thread 0x00000202b4db8000 Uncommon trap: trap_request=0xffffffc6 fr.pc=0x000002029f3f72a0 relative=0x0000000000003ec0
Event: 65.450 Thread 0x00000202b4db8000 Uncommon trap: reason=bimorphic_or_optimized_type_check action=maybe_recompile pc=0x000002029f3f72a0 method=org.gradle.internal.snapshot.FileSystemLeafSnapshot.accept(Lorg/gradle/internal/snapshot/RelativePathTracker;Lorg/gradle/internal/snapshot/Relative
Event: 65.450 Thread 0x00000202b4db8000 DEOPT PACKING pc=0x000002029f3f72a0 sp=0x00000096b3efb3b0
Event: 65.450 Thread 0x00000202b4db8000 DEOPT UNPACKING pc=0x00000202975178af sp=0x00000096b3efb3b8 mode 2
Event: 65.456 Thread 0x00000202b4db8000 DEOPT PACKING pc=0x0000020298d0ed55 sp=0x00000096b3efc130
Event: 65.456 Thread 0x00000202b4db8000 DEOPT UNPACKING pc=0x00000202975176ce sp=0x00000096b3efb650 mode 0
Event: 65.545 Thread 0x00000202b0f80800 DEOPT PACKING pc=0x0000020298d0ed55 sp=0x00000096b31fdd70
Event: 65.545 Thread 0x00000202b0f80800 DEOPT UNPACKING pc=0x00000202975176ce sp=0x00000096b31fd2a8 mode 0

Classes redefined (0 events):
No events

Internal exceptions (20 events):
Event: 64.946 Thread 0x00000202b4db8000 Exception <a 'sun/nio/fs/WindowsException'{0x0000000092d03bb8}> (0x0000000092d03bb8) thrown at [./src/hotspot/share/prims/jni.cpp, line 615]
Event: 64.946 Thread 0x00000202b4db8000 Exception <a 'sun/nio/fs/WindowsException'{0x0000000092d04df8}> (0x0000000092d04df8) thrown at [./src/hotspot/share/prims/jni.cpp, line 615]
Event: 64.946 Thread 0x00000202b4db8000 Exception <a 'sun/nio/fs/WindowsException'{0x0000000092d04f70}> (0x0000000092d04f70) thrown at [./src/hotspot/share/prims/jni.cpp, line 615]
Event: 64.946 Thread 0x00000202b4db8000 Exception <a 'sun/nio/fs/WindowsException'{0x0000000092d071b8}> (0x0000000092d071b8) thrown at [./src/hotspot/share/prims/jni.cpp, line 615]
Event: 64.954 Thread 0x00000202b4db8000 Exception <a 'sun/nio/fs/WindowsException'{0x0000000092d66548}> (0x0000000092d66548) thrown at [./src/hotspot/share/prims/jni.cpp, line 615]
Event: 64.958 Thread 0x00000202b4db8000 Exception <a 'sun/nio/fs/WindowsException'{0x0000000092d73d18}> (0x0000000092d73d18) thrown at [./src/hotspot/share/prims/jni.cpp, line 615]
Event: 64.958 Thread 0x00000202b4db8000 Exception <a 'sun/nio/fs/WindowsException'{0x0000000092d74fc0}> (0x0000000092d74fc0) thrown at [./src/hotspot/share/prims/jni.cpp, line 615]
Event: 64.958 Thread 0x00000202b4db8000 Exception <a 'sun/nio/fs/WindowsException'{0x0000000092d76020}> (0x0000000092d76020) thrown at [./src/hotspot/share/prims/jni.cpp, line 615]
Event: 64.958 Thread 0x00000202b4db8000 Exception <a 'sun/nio/fs/WindowsException'{0x0000000092d77298}> (0x0000000092d77298) thrown at [./src/hotspot/share/prims/jni.cpp, line 615]
Event: 64.958 Thread 0x00000202b4db8000 Exception <a 'sun/nio/fs/WindowsException'{0x0000000092d77438}> (0x0000000092d77438) thrown at [./src/hotspot/share/prims/jni.cpp, line 615]
Event: 64.958 Thread 0x00000202b4db8000 Exception <a 'sun/nio/fs/WindowsException'{0x0000000092d796b8}> (0x0000000092d796b8) thrown at [./src/hotspot/share/prims/jni.cpp, line 615]
Event: 64.961 Thread 0x00000202b4db8000 Exception <a 'sun/nio/fs/WindowsException'{0x0000000092d82f80}> (0x0000000092d82f80) thrown at [./src/hotspot/share/prims/jni.cpp, line 615]
Event: 64.975 Thread 0x00000202b4db8000 Exception <a 'sun/nio/fs/WindowsException'{0x0000000092c3a658}> (0x0000000092c3a658) thrown at [./src/hotspot/share/prims/jni.cpp, line 615]
Event: 64.977 Thread 0x00000202b4db8000 Exception <a 'sun/nio/fs/WindowsException'{0x0000000092c402e8}> (0x0000000092c402e8) thrown at [./src/hotspot/share/prims/jni.cpp, line 615]
Event: 64.984 Thread 0x00000202b4db8000 Exception <a 'sun/nio/fs/WindowsException'{0x0000000092c84150}> (0x0000000092c84150) thrown at [./src/hotspot/share/prims/jni.cpp, line 615]
Event: 64.987 Thread 0x00000202b4db8000 Exception <a 'sun/nio/fs/WindowsException'{0x0000000092c99680}> (0x0000000092c99680) thrown at [./src/hotspot/share/prims/jni.cpp, line 615]
Event: 65.210 Thread 0x00000202b4db8000 Exception <a 'java/lang/NoSuchMethodError'{0x0000000091d2da08}: 'void java.lang.invoke.DirectMethodHandle$Holder.invokeStatic(java.lang.Object, java.lang.Object, java.lang.Object, java.lang.Object, java.lang.Object, java.lang.Object, java.lang.Object)'> (0x0000000091d2da08) thrown at [./src/hotspot/share/interpreter/linkResolver.cpp, line 773]
Event: 65.231 Thread 0x00000202afd84000 Exception <a 'java/lang/NoSuchMethodError'{0x0000000091c34b20}: <clinit>> (0x0000000091c34b20) thrown at [./src/hotspot/share/prims/jni.cpp, line 1362]
Event: 65.236 Thread 0x00000202afd84000 Exception <a 'java/lang/NoSuchMethodError'{0x0000000091c60600}: <clinit>> (0x0000000091c60600) thrown at [./src/hotspot/share/prims/jni.cpp, line 1362]
Event: 65.237 Thread 0x00000202afd84000 Exception <a 'java/lang/NoSuchMethodError'{0x0000000091c6d828}: <clinit>> (0x0000000091c6d828) thrown at [./src/hotspot/share/prims/jni.cpp, line 1362]

Events (20 events):
Event: 65.781 loading class org/gradle/api/internal/file/archive/impl/FileZipInput
Event: 65.781 loading class org/gradle/api/internal/file/archive/impl/FileZipInput done
Event: 65.783 loading class org/gradle/api/internal/file/archive/impl/FileZipInput$1
Event: 65.783 loading class org/gradle/api/internal/file/archive/impl/FileZipInput$1 done
Event: 65.784 loading class org/gradle/api/internal/file/archive/ZipEntry
Event: 65.784 loading class org/gradle/api/internal/file/archive/ZipEntry done
Event: 65.785 loading class org/gradle/api/internal/file/archive/impl/JdkZipEntry
Event: 65.785 loading class org/gradle/api/internal/file/archive/impl/JdkZipEntry done
Event: 65.785 loading class org/gradle/api/internal/file/archive/ZipEntry$InputStreamAction
Event: 65.785 loading class org/gradle/api/internal/file/archive/ZipEntry$InputStreamAction done
Event: 65.785 loading class org/gradle/api/internal/file/archive/impl/FileZipInput$1$1
Event: 65.785 loading class org/gradle/api/internal/file/archive/impl/FileZipInput$1$1 done
Event: 65.786 loading class org/gradle/api/internal/changedetection/state/ZipEntryContext
Event: 65.786 loading class org/gradle/api/internal/changedetection/state/ZipEntryContext done
Event: 65.788 loading class org/gradle/api/internal/changedetection/state/ZipEntryContext$ZipEntryRelativePath
Event: 65.788 loading class org/gradle/api/internal/changedetection/state/ZipEntryContext$ZipEntryRelativePath done
Event: 65.790 loading class org/gradle/internal/hash/HashingOutputStream
Event: 65.790 loading class org/gradle/internal/hash/HashingOutputStream done
Event: 65.790 loading class org/gradle/internal/hash/HashingOutputStream
Event: 65.790 loading class org/gradle/internal/hash/HashingOutputStream done


Dynamic libraries:
0x00007ff721050000 - 0x00007ff72105a000 	C:\Program Files\Android\Android Studio\jre\bin\java.exe
0x00007fff2b770000 - 0x00007fff2b965000 	C:\WINDOWS\SYSTEM32\ntdll.dll
0x00007fff2ac00000 - 0x00007fff2acbe000 	C:\WINDOWS\System32\KERNEL32.DLL
0x00007fff28f70000 - 0x00007fff29238000 	C:\WINDOWS\System32\KERNELBASE.dll
0x00007fff292e0000 - 0x00007fff293e0000 	C:\WINDOWS\System32\ucrtbase.dll
0x00007fff23060000 - 0x00007fff23079000 	C:\Program Files\Android\Android Studio\jre\bin\jli.dll
0x00007fff22fb0000 - 0x00007fff22fc7000 	C:\Program Files\Android\Android Studio\jre\bin\VCRUNTIME140.dll
0x00007fff2b590000 - 0x00007fff2b730000 	C:\WINDOWS\System32\USER32.dll
0x00007fff295d0000 - 0x00007fff295f2000 	C:\WINDOWS\System32\win32u.dll
0x00007fff120c0000 - 0x00007fff1235a000 	C:\WINDOWS\WinSxS\amd64_microsoft.windows.common-controls_6595b64144ccf1df_6.0.19041.1110_none_60b5254171f9507e\COMCTL32.dll
0x00007fff2a0c0000 - 0x00007fff2a0eb000 	C:\WINDOWS\System32\GDI32.dll
0x00007fff29d20000 - 0x00007fff29dbe000 	C:\WINDOWS\System32\msvcrt.dll
0x00007fff29600000 - 0x00007fff2970d000 	C:\WINDOWS\System32\gdi32full.dll
0x00007fff29240000 - 0x00007fff292dd000 	C:\WINDOWS\System32\msvcp_win.dll
0x00007fff29dc0000 - 0x00007fff29df0000 	C:\WINDOWS\System32\IMM32.DLL
0x00007ffef1eb0000 - 0x00007ffef1f4d000 	C:\Program Files\Android\Android Studio\jre\bin\msvcp140.dll
0x00007ffec7460000 - 0x00007ffec7f2f000 	C:\Program Files\Android\Android Studio\jre\bin\server\jvm.dll
0x00007fff29910000 - 0x00007fff299be000 	C:\WINDOWS\System32\ADVAPI32.dll
0x00007fff297c0000 - 0x00007fff2985c000 	C:\WINDOWS\System32\sechost.dll
0x00007fff29e60000 - 0x00007fff29f85000 	C:\WINDOWS\System32\RPCRT4.dll
0x00007fff29d00000 - 0x00007fff29d08000 	C:\WINDOWS\System32\PSAPI.DLL
0x00007fff22d40000 - 0x00007fff22d4a000 	C:\WINDOWS\SYSTEM32\VERSION.dll
0x00007fff141b0000 - 0x00007fff141d7000 	C:\WINDOWS\SYSTEM32\WINMM.dll
0x00007fff20ad0000 - 0x00007fff20ad9000 	C:\WINDOWS\SYSTEM32\WSOCK32.dll
0x00007fff29df0000 - 0x00007fff29e5b000 	C:\WINDOWS\System32\WS2_32.dll
0x00007fff26d10000 - 0x00007fff26d22000 	C:\WINDOWS\SYSTEM32\kernel.appcore.dll
0x00007ffecf7f0000 - 0x00007ffecf801000 	C:\Program Files\Android\Android Studio\jre\bin\verify.dll
0x00007fff1fda0000 - 0x00007fff1ff84000 	C:\WINDOWS\SYSTEM32\DBGHELP.DLL
0x00007fff14720000 - 0x00007fff1474c000 	C:\WINDOWS\SYSTEM32\dbgcore.DLL
0x00007fff293e0000 - 0x00007fff29462000 	C:\WINDOWS\System32\bcryptPrimitives.dll
0x00007ffecd600000 - 0x00007ffecd629000 	C:\Program Files\Android\Android Studio\jre\bin\java.dll
0x00007ffed0630000 - 0x00007ffed063b000 	C:\Program Files\Android\Android Studio\jre\bin\jimage.dll
0x00007ffece990000 - 0x00007ffece9a8000 	C:\Program Files\Android\Android Studio\jre\bin\zip.dll
0x00007fff2ad70000 - 0x00007fff2b4b4000 	C:\WINDOWS\System32\SHELL32.dll
0x00007fff26f10000 - 0x00007fff276a4000 	C:\WINDOWS\SYSTEM32\windows.storage.dll
0x00007fff2a0f0000 - 0x00007fff2a445000 	C:\WINDOWS\System32\combase.dll
0x00007fff287f0000 - 0x00007fff2881e000 	C:\WINDOWS\SYSTEM32\Wldp.dll
0x00007fff29a20000 - 0x00007fff29acd000 	C:\WINDOWS\System32\SHCORE.dll
0x00007fff29ca0000 - 0x00007fff29cf5000 	C:\WINDOWS\System32\shlwapi.dll
0x00007fff28dc0000 - 0x00007fff28ddf000 	C:\WINDOWS\SYSTEM32\profapi.dll
0x00007ffece860000 - 0x00007ffece87a000 	C:\Program Files\Android\Android Studio\jre\bin\net.dll
0x00007fff1b770000 - 0x00007fff1b87c000 	C:\WINDOWS\SYSTEM32\WINHTTP.dll
0x00007fff285d0000 - 0x00007fff2863a000 	C:\WINDOWS\system32\mswsock.dll
0x00007ffecd5e0000 - 0x00007ffecd5f4000 	C:\Program Files\Android\Android Studio\jre\bin\nio.dll
0x00007fff249f0000 - 0x00007fff24a17000 	C:\Users\ADMIN\.gradle\native\8bec1ad78214c89d9ad589b4d07fe93259594b29d510b10fafb7a158f7737e5d\windows-amd64\native-platform.dll
0x00007fff231a0000 - 0x00007fff232dd000 	C:\Users\ADMIN\.gradle\native\53dbd7edfb1c66fb8903c78663c9afc45aea4f116125fa6feffd364cf09443e8\windows-amd64\native-platform-file-events.dll
0x00007ffecf820000 - 0x00007ffecf82a000 	C:\Program Files\Android\Android Studio\jre\bin\management.dll
0x00007ffecf810000 - 0x00007ffecf81c000 	C:\Program Files\Android\Android Studio\jre\bin\management_ext.dll
0x00007fff28830000 - 0x00007fff28848000 	C:\WINDOWS\SYSTEM32\CRYPTSP.dll
0x00007fff27f00000 - 0x00007fff27f34000 	C:\WINDOWS\system32\rsaenh.dll
0x00007fff28f40000 - 0x00007fff28f67000 	C:\WINDOWS\System32\bcrypt.dll
0x00007fff28d80000 - 0x00007fff28dae000 	C:\WINDOWS\SYSTEM32\USERENV.dll
0x00007fff28760000 - 0x00007fff2876c000 	C:\WINDOWS\SYSTEM32\CRYPTBASE.dll
0x00007fff28290000 - 0x00007fff282cb000 	C:\WINDOWS\SYSTEM32\IPHLPAPI.DLL
0x00007fff29c10000 - 0x00007fff29c18000 	C:\WINDOWS\System32\NSI.dll
0x00007fff208c0000 - 0x00007fff208d7000 	C:\WINDOWS\SYSTEM32\dhcpcsvc6.DLL
0x00007fff21480000 - 0x00007fff2149d000 	C:\WINDOWS\SYSTEM32\dhcpcsvc.DLL
0x00007fff282d0000 - 0x00007fff2839b000 	C:\WINDOWS\SYSTEM32\DNSAPI.dll

dbghelp: loaded successfully - version: 4.0.5 - missing functions: none
symbol engine: initialized successfully - sym options: 0x614 - pdb path: .;C:\Program Files\Android\Android Studio\jre\bin;C:\WINDOWS\SYSTEM32;C:\WINDOWS\WinSxS\amd64_microsoft.windows.common-controls_6595b64144ccf1df_6.0.19041.1110_none_60b5254171f9507e;C:\Program Files\Android\Android Studio\jre\bin\server;C:\Users\ADMIN\.gradle\native\8bec1ad78214c89d9ad589b4d07fe93259594b29d510b10fafb7a158f7737e5d\windows-amd64;C:\Users\ADMIN\.gradle\native\53dbd7edfb1c66fb8903c78663c9afc45aea4f116125fa6feffd364cf09443e8\windows-amd64

VM Arguments:
jvm_args: --add-opens=java.base/java.util=ALL-UNNAMED --add-opens=java.base/java.lang=ALL-UNNAMED --add-opens=java.base/java.lang.invoke=ALL-UNNAMED --add-opens=java.base/java.util=ALL-UNNAMED --add-opens=java.prefs/java.util.prefs=ALL-UNNAMED --add-opens=java.prefs/java.util.prefs=ALL-UNNAMED --add-opens=java.base/java.nio.charset=ALL-UNNAMED --add-opens=java.base/java.net=ALL-UNNAMED --add-opens=java.base/java.util.concurrent.atomic=ALL-UNNAMED -Xmx2048m -Dfile.encoding=UTF-8 -Duser.country=US -Duser.language=en -Duser.variant 
java_command: org.gradle.launcher.daemon.bootstrap.GradleDaemon 7.0.2
java_class_path (initial): C:\Users\ADMIN\.gradle\wrapper\dists\gradle-7.0.2-bin\857tjihv64xamwrf0h14cai3r\gradle-7.0.2\lib\gradle-launcher-7.0.2.jar
Launcher Type: SUN_STANDARD

[Global flags]
     intx CICompilerCount                          = 4                                         {product} {ergonomic}
     uint ConcGCThreads                            = 2                                         {product} {ergonomic}
     uint G1ConcRefinementThreads                  = 8                                         {product} {ergonomic}
   size_t G1HeapRegionSize                         = 1048576                                   {product} {ergonomic}
    uintx GCDrainStackTargetSize                   = 64                                        {product} {ergonomic}
   size_t InitialHeapSize                          = 67108864                                  {product} {ergonomic}
   size_t MarkStackSize                            = 4194304                                   {product} {ergonomic}
   size_t MaxHeapSize                              = 2147483648                                {product} {command line}
   size_t MaxNewSize                               = 1287651328                                {product} {ergonomic}
   size_t MinHeapDeltaBytes                        = 1048576                                   {product} {ergonomic}
    uintx NonNMethodCodeHeapSize                   = 5836300                                {pd product} {ergonomic}
    uintx NonProfiledCodeHeapSize                  = 122910970                              {pd product} {ergonomic}
    uintx ProfiledCodeHeapSize                     = 122910970                              {pd product} {ergonomic}
    uintx ReservedCodeCacheSize                    = 251658240                              {pd product} {ergonomic}
     bool SegmentedCodeCache                       = true                                      {product} {ergonomic}
     bool UseCompressedClassPointers               = true                                 {lp64_product} {ergonomic}
     bool UseCompressedOops                        = true                                 {lp64_product} {ergonomic}
     bool UseG1GC                                  = true                                      {product} {ergonomic}
     bool UseLargePagesIndividualAllocation        = false                                  {pd product} {ergonomic}

Logging:
Log output configuration:
 #0: stdout all=warning uptime,level,tags
 #1: stderr all=off uptime,level,tags

Environment Variables:
PATH=C:\Program Files (x86)\Common Files\Oracle\Java\javapath;C:\Program Files\Common Files\Oracle\Java\javapath;C:\WINDOWS\system32;C:\WINDOWS;C:\WINDOWS\System32\Wbem;C:\WINDOWS\System32\WindowsPowerShell\v1.0\;C:\WINDOWS\System32\OpenSSH\;C:\Program Files\Microsoft SQL Server\130\Tools\Binn\;C:\Program Files\Microsoft SQL Server\Client SDK\ODBC\170\Tools\Binn\;C:\Program Files (x86)\Microsoft SQL Server\150\DTS\Binn\;C:\Program Files\Azure Data Studio\bin;C:\Program Files (x86)\Microsoft SQL Server\150\Tools\Binn\;C:\Program Files\Microsoft SQL Server\150\Tools\Binn\;C:\Program Files\Microsoft SQL Server\150\DTS\Binn\;C:\Program Files\dotnet\;C:\Program Files\nodejs\;C:\Program Files\PuTTY\;C:\Program Files\Git\cmd;C:\Users\ADMIN\AppData\Local\Microsoft\WindowsApps;C:\Program Files\Azure Data Studio\bin;F:\Visual stadio code\PHP\Microsoft VS Code\bin;C:\Program Files\heroku\bin;C:\Users\ADMIN\AppData\Roaming\npm;C:\Users\ADMIN\AppData\Local\GitHubDesktop\bin;C:\Users\ADMIN\.dotnet\tools;C:\Users\ADMIN\AppData\Local\Programs\Microsoft VS Code\bin
USERNAME=ADMIN
OS=Windows_NT
PROCESSOR_IDENTIFIER=Intel64 Family 6 Model 142 Stepping 10, GenuineIntel



---------------  S Y S T E M  ---------------

OS: Windows 10 , 64 bit Build 19041 (10.0.19041.1503)
OS uptime: 1 days 12:49 hours
Hyper-V role detected

CPU:total 8 (initial active 8) (4 cores per cpu, 2 threads per core) family 6 model 142 stepping 10 microcode 0xb4, cmov, cx8, fxsr, mmx, sse, sse2, sse3, ssse3, sse4.1, sse4.2, popcnt, avx, avx2, aes, clmul, erms, 3dnowpref, lzcnt, ht, tsc, tscinvbit, bmi1, bmi2, adx, fma

Memory: 4k page, system-wide physical 4005M (87M free)
TotalPageFile size 16293M (AvailPageFile size 7M)
current process WorkingSet (physical memory assigned to process): 382M, peak: 389M
current process commit charge ("private bytes"): 637M, peak: 639M

vm_info: OpenJDK 64-Bit Server VM (11.0.10+0-b96-7249189) for windows-amd64 JRE (11.0.10+0-b96-7249189), built on Mar 31 2021 21:44:00 by "builder" with MS VC++ 14.0 (VS2015)

END.
