#
# There is insufficient memory for the Java Runtime Environment to continue.
# Native memory allocation (mmap) failed to map 118489088 bytes for Failed to commit area from 0x000000008cf00000 to 0x0000000094000000 of length 118489088.
# Possible reasons:
#   The system is out of physical RAM or swap space
#   The process is running with CompressedOops enabled, and the Java Heap may be blocking the growth of the native heap
# Possible solutions:
#   Reduce memory load on the system
#   Increase physical memory or swap space
#   Check if swap backing store is full
#   Decrease Java heap size (-Xmx/-Xms)
#   Decrease number of Java threads
#   Decrease Java thread stack sizes (-Xss)
#   Set larger code cache with -XX:ReservedCodeCacheSize=
#   JVM is running with Unscaled Compressed Oops mode in which the Java heap is
#     placed in the first 4GB address space. The Java Heap base address is the
#     maximum limit for the native heap growth. Please use -XX:HeapBaseMinAddress
#     to set the Java Heap base and to place the Java Heap above 4GB virtual address.
# This output file may be truncated or incomplete.
#
#  Out of Memory Error (./src/hotspot/os/windows/os_windows.cpp:3301), pid=11340, tid=6120
#
# JRE version: OpenJDK Runtime Environment (11.0.10) (build 11.0.10+0-b96-7249189)
# Java VM: OpenJDK 64-Bit Server VM (11.0.10+0-b96-7249189, mixed mode, tiered, compressed oops, g1 gc, windows-amd64)
# No core dump will be written. Minidumps are not enabled by default on client versions of Windows
#

---------------  S U M M A R Y ------------

Command Line: --add-opens=java.base/java.util=ALL-UNNAMED --add-opens=java.base/java.lang=ALL-UNNAMED --add-opens=java.base/java.lang.invoke=ALL-UNNAMED --add-opens=java.base/java.util=ALL-UNNAMED --add-opens=java.prefs/java.util.prefs=ALL-UNNAMED --add-opens=java.prefs/java.util.prefs=ALL-UNNAMED --add-opens=java.base/java.nio.charset=ALL-UNNAMED --add-opens=java.base/java.net=ALL-UNNAMED --add-opens=java.base/java.util.concurrent.atomic=ALL-UNNAMED -Xmx2048m -Dfile.encoding=UTF-8 -Duser.country=US -Duser.language=en -Duser.variant org.gradle.launcher.daemon.bootstrap.GradleDaemon 7.0.2

Host: Intel(R) Core(TM) i5-8250U CPU @ 1.60GHz, 8 cores, 3G,  Windows 10 , 64 bit Build 19041 (10.0.19041.1503)
Time: Wed Mar  2 14:37:41 2022 SE Asia Standard Time elapsed time: 34.770238 seconds (0d 0h 0m 34s)

---------------  T H R E A D  ---------------

Current thread (0x000001f8a5937800):  VMThread "VM Thread" [stack: 0x0000001e5b600000,0x0000001e5b700000] [id=6120]

Stack: [0x0000001e5b600000,0x0000001e5b700000]
[error occurred during error reporting (printing stack bounds), id 0xc0000005, EXCEPTION_ACCESS_VIOLATION (0xc0000005) at pc=0x000001f88e830f2d]

Native frames: (J=compiled Java code, j=interpreted, Vv=VM code, C=native code)
V  [jvm.dll+0x5ecfaa]
V  [jvm.dll+0x722bd5]
V  [jvm.dll+0x72412d]
V  [jvm.dll+0x724745]
V  [jvm.dll+0x7246fb]
V  [jvm.dll+0x5ec348]
V  [jvm.dll+0x5ecad8]
C  [ntdll.dll+0xa20cf]
C  [ntdll.dll+0x51454]
C  [ntdll.dll+0xa0bfe]
C  0x000001f88e830f2d

VM_Operation (0x0000001e600f9da0): G1CollectForAllocation, mode: safepoint, requested by thread 0x000001f8aac07000


---------------  P R O C E S S  ---------------

Threads class SMR info:
_java_thread_list=0x000001f8acab5f50, length=67, elements={
0x000001f88ad1d000, 0x000001f8a593b000, 0x000001f8a5948800, 0x000001f8a5958000,
0x000001f8a5959000, 0x000001f8a595b000, 0x000001f8a595e000, 0x000001f8a5962000,
0x000001f8a596f800, 0x000001f8a641f000, 0x000001f8a76d2800, 0x000001f8a80d0000,
0x000001f8a864e000, 0x000001f8a703c800, 0x000001f8a778c800, 0x000001f8a77fb800,
0x000001f8a80c6000, 0x000001f8a6d1a000, 0x000001f8a8107800, 0x000001f8a7c8e000,
0x000001f8a7c93000, 0x000001f8a7c92800, 0x000001f8a7c94000, 0x000001f8a7c95000,
0x000001f8a7c8f000, 0x000001f8a7c90000, 0x000001f8a7c90800, 0x000001f8a7c91800,
0x000001f8aa568800, 0x000001f8aa56a000, 0x000001f8aa567800, 0x000001f8aa566000,
0x000001f8aa569800, 0x000001f8aa565000, 0x000001f8aa570000, 0x000001f8aa56e000,
0x000001f8aa56f000, 0x000001f8aa56d800, 0x000001f8aa570800, 0x000001f8aa571800,
0x000001f8aa56c000, 0x000001f8aa572800, 0x000001f8aa56c800, 0x000001f8aa573000,
0x000001f8aa574000, 0x000001f8aae98000, 0x000001f8aae97800, 0x000001f8aae9b800,
0x000001f8aae9e000, 0x000001f8aae99000, 0x000001f8aae9a800, 0x000001f8aae9c000,
0x000001f8aae9d000, 0x000001f8aae9e800, 0x000001f8aae9f800, 0x000001f8aae99800,
0x000001f8aaea5000, 0x000001f8aaea2800, 0x000001f8aaea6000, 0x000001f8aaea0000,
0x000001f8aaea3800, 0x000001f8aaea1000, 0x000001f8aaea2000, 0x000001f8aaea4800,
0x000001f8aac07000, 0x000001f8aac0a000, 0x000001f8aac07800
}

Java Threads: ( => current thread )
  0x000001f88ad1d000 JavaThread "main" [_thread_blocked, id=23660, stack(0x0000001e5b000000,0x0000001e5b100000)]
  0x000001f8a593b000 JavaThread "Reference Handler" daemon [_thread_blocked, id=24608, stack(0x0000001e5b700000,0x0000001e5b800000)]
  0x000001f8a5948800 JavaThread "Finalizer" daemon [_thread_blocked, id=24580, stack(0x0000001e5b800000,0x0000001e5b900000)]
  0x000001f8a5958000 JavaThread "Signal Dispatcher" daemon [_thread_blocked, id=5460, stack(0x0000001e5b900000,0x0000001e5ba00000)]
  0x000001f8a5959000 JavaThread "Attach Listener" daemon [_thread_blocked, id=20896, stack(0x0000001e5ba00000,0x0000001e5bb00000)]
  0x000001f8a595b000 JavaThread "Service Thread" daemon [_thread_blocked, id=2428, stack(0x0000001e5bb00000,0x0000001e5bc00000)]
  0x000001f8a595e000 JavaThread "C2 CompilerThread0" daemon [_thread_blocked, id=11468, stack(0x0000001e5bc00000,0x0000001e5bd00000)]
  0x000001f8a5962000 JavaThread "C1 CompilerThread0" daemon [_thread_blocked, id=25164, stack(0x0000001e5bd00000,0x0000001e5be00000)]
  0x000001f8a596f800 JavaThread "Sweeper thread" daemon [_thread_blocked, id=2376, stack(0x0000001e5be00000,0x0000001e5bf00000)]
  0x000001f8a641f000 JavaThread "Common-Cleaner" daemon [_thread_blocked, id=17436, stack(0x0000001e5bf00000,0x0000001e5c000000)]
  0x000001f8a76d2800 JavaThread "Daemon health stats" [_thread_blocked, id=24068, stack(0x0000001e5c200000,0x0000001e5c300000)]
  0x000001f8a80d0000 JavaThread "Incoming local TCP Connector on port 57321" [_thread_in_native, id=22876, stack(0x0000001e5c500000,0x0000001e5c600000)]
  0x000001f8a864e000 JavaThread "Daemon periodic checks" [_thread_blocked, id=22584, stack(0x0000001e5c600000,0x0000001e5c700000)]
  0x000001f8a703c800 JavaThread "Daemon" [_thread_blocked, id=4380, stack(0x0000001e5c700000,0x0000001e5c800000)]
  0x000001f8a778c800 JavaThread "Handler for socket connection from /127.0.0.1:57321 to /127.0.0.1:57322" [_thread_in_native, id=23868, stack(0x0000001e5c800000,0x0000001e5c900000)]
  0x000001f8a77fb800 JavaThread "Cancel handler" [_thread_blocked, id=9280, stack(0x0000001e5c900000,0x0000001e5ca00000)]
  0x000001f8a80c6000 JavaThread "Daemon worker" [_thread_blocked, id=6668, stack(0x0000001e5ca00000,0x0000001e5cb00000)]
  0x000001f8a6d1a000 JavaThread "Asynchronous log dispatcher for DefaultDaemonConnection: socket connection from /127.0.0.1:57321 to /127.0.0.1:57322" [_thread_blocked, id=10772, stack(0x0000001e5cb00000,0x0000001e5cc00000)]
  0x000001f8a8107800 JavaThread "Stdin handler" [_thread_blocked, id=12528, stack(0x0000001e5cc00000,0x0000001e5cd00000)]
  0x000001f8a7c8e000 JavaThread "Daemon client event forwarder" [_thread_blocked, id=20456, stack(0x0000001e5cd00000,0x0000001e5ce00000)]
  0x000001f8a7c93000 JavaThread "Cache worker for file hash cache (C:\Users\ADMIN\.gradle\caches\7.0.2\fileHashes)" [_thread_blocked, id=8972, stack(0x0000001e5d200000,0x0000001e5d300000)]
  0x000001f8a7c92800 JavaThread "File lock request listener" [_thread_in_native, id=25048, stack(0x0000001e5d300000,0x0000001e5d400000)]
  0x000001f8a7c94000 JavaThread "Cache worker for journal cache (C:\Users\ADMIN\.gradle\caches\journal-1)" [_thread_blocked, id=18924, stack(0x0000001e5d500000,0x0000001e5d600000)]
  0x000001f8a7c95000 JavaThread "Cache worker for file hash cache (D:\SoftwareSupport\PROJECT_SEM4\project_android_final\android\.gradle\7.0.2\fileHashes)" [_thread_blocked, id=20396, stack(0x0000001e5d600000,0x0000001e5d700000)]
  0x000001f8a7c8f000 JavaThread "File watcher server" daemon [_thread_blocked, id=25948, stack(0x0000001e5d700000,0x0000001e5d800000)]
  0x000001f8a7c90000 JavaThread "File watcher consumer" daemon [_thread_blocked, id=4568, stack(0x0000001e5d800000,0x0000001e5d900000)]
  0x000001f8a7c90800 JavaThread "Cache worker for checksums cache (D:\SoftwareSupport\PROJECT_SEM4\project_android_final\android\.gradle\checksums)" [_thread_blocked, id=26608, stack(0x0000001e5d900000,0x0000001e5da00000)]
  0x000001f8a7c91800 JavaThread "Cache worker for cache directory md-supplier (C:\Users\ADMIN\.gradle\caches\7.0.2\md-supplier)" [_thread_blocked, id=9408, stack(0x0000001e5da00000,0x0000001e5db00000)]
  0x000001f8aa568800 JavaThread "Cache worker for cache directory md-rule (C:\Users\ADMIN\.gradle\caches\7.0.2\md-rule)" [_thread_blocked, id=3516, stack(0x0000001e5db00000,0x0000001e5dc00000)]
  0x000001f8aa56a000 JavaThread "Cache worker for execution history cache (C:\Users\ADMIN\.gradle\caches\7.0.2\executionHistory)" [_thread_blocked, id=13340, stack(0x0000001e5dc00000,0x0000001e5dd00000)]
  0x000001f8aa567800 JavaThread "jar transforms" [_thread_blocked, id=16320, stack(0x0000001e5dd00000,0x0000001e5de00000)]
  0x000001f8aa566000 JavaThread "jar transforms Thread 2" [_thread_blocked, id=11428, stack(0x0000001e5de00000,0x0000001e5df00000)]
  0x000001f8aa569800 JavaThread "Cache worker for file content cache (C:\Users\ADMIN\.gradle\caches\7.0.2\fileContent)" [_thread_blocked, id=3956, stack(0x0000001e5df00000,0x0000001e5e000000)]
  0x000001f8aa565000 JavaThread "Cache worker for dependencies-accessors (D:\SoftwareSupport\PROJECT_SEM4\project_android_final\android\.gradle\7.0.2\dependencies-accessors)" [_thread_blocked, id=20916, stack(0x0000001e5e000000,0x0000001e5e100000)]
  0x000001f8aa570000 JavaThread "jar transforms Thread 3" [_thread_blocked, id=19308, stack(0x0000001e5e100000,0x0000001e5e200000)]
  0x000001f8aa56e000 JavaThread "Cache worker for Build Output Cleanup Cache (D:\SoftwareSupport\PROJECT_SEM4\project_android_final\android\.gradle\buildOutputCleanup)" [_thread_blocked, id=6864, stack(0x0000001e5e200000,0x0000001e5e300000)]
  0x000001f8aa56f000 JavaThread "Build operations" [_thread_blocked, id=20044, stack(0x0000001e5e300000,0x0000001e5e400000)]
  0x000001f8aa56d800 JavaThread "Build operations Thread 2" [_thread_blocked, id=21132, stack(0x0000001e5e400000,0x0000001e5e500000)]
  0x000001f8aa570800 JavaThread "Build operations Thread 3" [_thread_blocked, id=12540, stack(0x0000001e5e500000,0x0000001e5e600000)]
  0x000001f8aa571800 JavaThread "Build operations Thread 4" [_thread_blocked, id=8820, stack(0x0000001e5e600000,0x0000001e5e700000)]
  0x000001f8aa56c000 JavaThread "Build operations Thread 5" [_thread_blocked, id=17300, stack(0x0000001e5e700000,0x0000001e5e800000)]
  0x000001f8aa572800 JavaThread "Build operations Thread 6" [_thread_blocked, id=15032, stack(0x0000001e5e800000,0x0000001e5e900000)]
  0x000001f8aa56c800 JavaThread "Build operations Thread 7" [_thread_blocked, id=24556, stack(0x0000001e5e900000,0x0000001e5ea00000)]
  0x000001f8aa573000 JavaThread "Build operations Thread 8" [_thread_blocked, id=21392, stack(0x0000001e5ea00000,0x0000001e5eb00000)]
  0x000001f8aa574000 JavaThread "jar transforms Thread 4" [_thread_blocked, id=23520, stack(0x0000001e5eb00000,0x0000001e5ec00000)]
  0x000001f8aae98000 JavaThread "jar transforms Thread 5" [_thread_blocked, id=22752, stack(0x0000001e5ec00000,0x0000001e5ed00000)]
  0x000001f8aae97800 JavaThread "jar transforms Thread 6" [_thread_blocked, id=23620, stack(0x0000001e5ed00000,0x0000001e5ee00000)]
  0x000001f8aae9b800 JavaThread "jar transforms Thread 7" [_thread_blocked, id=18524, stack(0x0000001e5ee00000,0x0000001e5ef00000)]
  0x000001f8aae9e000 JavaThread "jar transforms Thread 8" [_thread_blocked, id=18448, stack(0x0000001e5ef00000,0x0000001e5f000000)]
  0x000001f8aae99000 JavaThread "Memory manager" [_thread_blocked, id=1852, stack(0x0000001e5f000000,0x0000001e5f100000)]
  0x000001f8aae9a800 JavaThread "build event listener" [_thread_blocked, id=9936, stack(0x0000001e5f100000,0x0000001e5f200000)]
  0x000001f8aae9c000 JavaThread "Execution worker for ':'" [_thread_blocked, id=11956, stack(0x0000001e5f200000,0x0000001e5f300000)]
  0x000001f8aae9d000 JavaThread "Execution worker for ':' Thread 2" [_thread_blocked, id=7784, stack(0x0000001e5f300000,0x0000001e5f400000)]
  0x000001f8aae9e800 JavaThread "Execution worker for ':' Thread 3" [_thread_blocked, id=24748, stack(0x0000001e5f400000,0x0000001e5f500000)]
  0x000001f8aae9f800 JavaThread "Execution worker for ':' Thread 4" [_thread_blocked, id=1216, stack(0x0000001e5f500000,0x0000001e5f600000)]
  0x000001f8aae99800 JavaThread "Execution worker for ':' Thread 5" [_thread_blocked, id=16792, stack(0x0000001e5f600000,0x0000001e5f700000)]
  0x000001f8aaea5000 JavaThread "Execution worker for ':' Thread 6" [_thread_blocked, id=21540, stack(0x0000001e5f700000,0x0000001e5f800000)]
  0x000001f8aaea2800 JavaThread "Execution worker for ':' Thread 7" [_thread_blocked, id=10448, stack(0x0000001e5f800000,0x0000001e5f900000)]
  0x000001f8aaea6000 JavaThread "Cache worker for execution history cache (D:\SoftwareSupport\PROJECT_SEM4\project_android_final\android\.gradle\7.0.2\executionHistory)" [_thread_blocked, id=14960, stack(0x0000001e5f900000,0x0000001e5fa00000)]
  0x000001f8aaea0000 JavaThread "WorkerExecutor Queue" [_thread_blocked, id=12856, stack(0x0000001e5fa00000,0x0000001e5fb00000)]
  0x000001f8aaea3800 JavaThread "WorkerExecutor Queue Thread 2" [_thread_blocked, id=18916, stack(0x0000001e5fc00000,0x0000001e5fd00000)]
  0x000001f8aaea1000 JavaThread "WorkerExecutor Queue Thread 3" [_thread_blocked, id=12588, stack(0x0000001e5fd00000,0x0000001e5fe00000)]
  0x000001f8aaea2000 JavaThread "WorkerExecutor Queue Thread 4" [_thread_blocked, id=20500, stack(0x0000001e5fe00000,0x0000001e5ff00000)]
  0x000001f8aaea4800 JavaThread "WorkerExecutor Queue Thread 5" [_thread_blocked, id=10464, stack(0x0000001e5ff00000,0x0000001e60000000)]
  0x000001f8aac07000 JavaThread "WorkerExecutor Queue Thread 6" [_thread_blocked, id=5284, stack(0x0000001e60000000,0x0000001e60100000)]
  0x000001f8aac0a000 JavaThread "WorkerExecutor Queue Thread 7" [_thread_blocked, id=14404, stack(0x0000001e60100000,0x0000001e60200000)]
  0x000001f8aac07800 JavaThread "WorkerExecutor Queue Thread 8" [_thread_blocked, id=9704, stack(0x0000001e60200000,0x0000001e60300000)]

Other Threads:
=>0x000001f8a5937800 VMThread "VM Thread" [stack: 0x0000001e5b600000,0x0000001e5b700000] [id=6120]
  0x000001f8a6451800 WatcherThread [stack: 0x0000001e5c000000,0x0000001e5c100000] [id=1344]
  0x000001f88ad35800 GCTaskThread "GC Thread#0" [stack: 0x0000001e5b100000,0x0000001e5b200000] [id=1356]
  0x000001f8a6fdd800 GCTaskThread "GC Thread#1" [stack: 0x0000001e5c100000,0x0000001e5c200000] [id=27404]
  0x000001f8a767b800 GCTaskThread "GC Thread#2" [stack: 0x0000001e5c300000,0x0000001e5c400000] [id=13832]
  0x000001f8a767c000 GCTaskThread "GC Thread#3" [stack: 0x0000001e5c400000,0x0000001e5c500000] [id=5344]
  0x000001f8a83d9800 GCTaskThread "GC Thread#4" [stack: 0x0000001e5ce00000,0x0000001e5cf00000] [id=2916]
  0x000001f8a758b800 GCTaskThread "GC Thread#5" [stack: 0x0000001e5cf00000,0x0000001e5d000000] [id=7600]
  0x000001f8a8160800 GCTaskThread "GC Thread#6" [stack: 0x0000001e5d000000,0x0000001e5d100000] [id=14844]
  0x000001f8a80b2000 GCTaskThread "GC Thread#7" [stack: 0x0000001e5d100000,0x0000001e5d200000] [id=15304]
  0x000001f88ad69000 ConcurrentGCThread "G1 Main Marker" [stack: 0x0000001e5b200000,0x0000001e5b300000] [id=23336]
  0x000001f88ad6a000 ConcurrentGCThread "G1 Conc#0" [stack: 0x0000001e5b300000,0x0000001e5b400000] [id=25712]
  0x000001f8a5991800 ConcurrentGCThread "G1 Conc#1" [stack: 0x0000001e5d400000,0x0000001e5d500000] [id=22480]
  0x000001f88add3000 ConcurrentGCThread "G1 Refine#0" [stack: 0x0000001e5b400000,0x0000001e5b500000] [id=23968]
  0x000001f8aaaa3800 ConcurrentGCThread "G1 Refine#1" [stack: 0x0000001e5fb00000,0x0000001e5fc00000] [id=22840]
  0x000001f88add4000 ConcurrentGCThread "G1 Young RemSet Sampling" [stack: 0x0000001e5b500000,0x0000001e5b600000] [id=7132]

Threads with active compile tasks:
C2 CompilerThread0  34829 10323       4       org.apache.xerces.dom.ElementImpl::getAttributes (36 bytes)

VM state:at safepoint (normal execution)

VM Mutex/Monitor currently owned by a thread:  ([mutex/lock_event])
[0x000001f88ad19600] Threads_lock - owner thread: 0x000001f8a5937800
[0x000001f88ad19450] Heap_lock - owner thread: 0x000001f8aac07000

Heap address: 0x0000000080000000, size: 2048 MB, Compressed Oops mode: 32-bit
Narrow klass base: 0x0000000000000000, Narrow klass shift: 3
Compressed class space size: 1073741824 Address: 0x0000000100000000

Heap:
 garbage-first heap   total 327680K, used 85220K [0x0000000080000000, 0x0000000100000000)
  region size 1024K, 2 young (2048K), 2 survivors (2048K)
 Metaspace       used 91179K, capacity 93396K, committed 93772K, reserved 1130496K
  class space    used 11394K, capacity 12211K, committed 12364K, reserved 1048576K
Heap Regions: E=young(eden), S=young(survivor), O=old, HS=humongous(starts), HC=humongous(continues), CS=collection set, F=free, A=archive, TAMS=top-at-mark-start (previous, next)
|   0|0x0000000080000000, 0x0000000080100000, 0x0000000080100000|100%| O|  |TAMS 0x0000000080100000, 0x0000000080000000| Untracked 
|   1|0x0000000080100000, 0x0000000080200000, 0x0000000080200000|100%| O|  |TAMS 0x0000000080200000, 0x0000000080100000| Complete 
|   2|0x0000000080200000, 0x0000000080300000, 0x0000000080300000|100%| O|  |TAMS 0x0000000080300000, 0x0000000080200000| Untracked 
|   3|0x0000000080300000, 0x0000000080400000, 0x0000000080400000|100%|HS|  |TAMS 0x0000000080400000, 0x0000000080300000| Complete 
|   4|0x0000000080400000, 0x0000000080500000, 0x0000000080500000|100%|HC|  |TAMS 0x0000000080500000, 0x0000000080400000| Complete 
|   5|0x0000000080500000, 0x0000000080600000, 0x0000000080600000|100%|HC|  |TAMS 0x0000000080600000, 0x0000000080500000| Complete 
|   6|0x0000000080600000, 0x0000000080700000, 0x0000000080700000|100%| O|  |TAMS 0x0000000080700000, 0x0000000080600000| Untracked 
|   7|0x0000000080700000, 0x0000000080800000, 0x0000000080800000|100%| O|  |TAMS 0x0000000080800000, 0x0000000080700000| Untracked 
|   8|0x0000000080800000, 0x0000000080900000, 0x0000000080900000|100%| O|  |TAMS 0x0000000080900000, 0x0000000080800000| Untracked 
|   9|0x0000000080900000, 0x0000000080a00000, 0x0000000080a00000|100%| O|  |TAMS 0x0000000080a00000, 0x0000000080900000| Untracked 
|  10|0x0000000080a00000, 0x0000000080b00000, 0x0000000080b00000|100%| O|  |TAMS 0x0000000080b00000, 0x0000000080a00000| Untracked 
|  11|0x0000000080b00000, 0x0000000080c00000, 0x0000000080c00000|100%| O|  |TAMS 0x0000000080c00000, 0x0000000080b00000| Untracked 
|  12|0x0000000080c00000, 0x0000000080d00000, 0x0000000080d00000|100%| O|  |TAMS 0x0000000080d00000, 0x0000000080c00000| Untracked 
|  13|0x0000000080d00000, 0x0000000080e00000, 0x0000000080e00000|100%| O|  |TAMS 0x0000000080e00000, 0x0000000080d00000| Untracked 
|  14|0x0000000080e00000, 0x0000000080f00000, 0x0000000080f00000|100%| O|  |TAMS 0x0000000080f00000, 0x0000000080e00000| Complete 
|  15|0x0000000080f00000, 0x0000000081000000, 0x0000000081000000|100%| O|  |TAMS 0x0000000081000000, 0x0000000080f00000| Untracked 
|  16|0x0000000081000000, 0x0000000081100000, 0x0000000081100000|100%| O|  |TAMS 0x0000000081100000, 0x0000000081000000| Complete 
|  17|0x0000000081100000, 0x0000000081200000, 0x0000000081200000|100%| O|  |TAMS 0x0000000081200000, 0x0000000081100000| Untracked 
|  18|0x0000000081200000, 0x0000000081300000, 0x0000000081300000|100%| O|  |TAMS 0x0000000081300000, 0x0000000081200000| Untracked 
|  19|0x0000000081300000, 0x0000000081400000, 0x0000000081400000|100%| O|  |TAMS 0x0000000081400000, 0x0000000081300000| Untracked 
|  20|0x0000000081400000, 0x0000000081500000, 0x0000000081500000|100%| O|  |TAMS 0x0000000081500000, 0x0000000081400000| Untracked 
|  21|0x0000000081500000, 0x0000000081600000, 0x0000000081600000|100%| O|  |TAMS 0x0000000081600000, 0x0000000081500000| Complete 
|  22|0x0000000081600000, 0x0000000081700000, 0x0000000081700000|100%| O|  |TAMS 0x0000000081700000, 0x0000000081600000| Untracked 
|  23|0x0000000081700000, 0x0000000081800000, 0x0000000081800000|100%| O|  |TAMS 0x0000000081800000, 0x0000000081700000| Untracked 
|  24|0x0000000081800000, 0x0000000081900000, 0x0000000081900000|100%| O|  |TAMS 0x0000000081900000, 0x0000000081800000| Untracked 
|  25|0x0000000081900000, 0x0000000081a00000, 0x0000000081a00000|100%| O|  |TAMS 0x0000000081a00000, 0x0000000081900000| Untracked 
|  26|0x0000000081a00000, 0x0000000081b00000, 0x0000000081b00000|100%| O|  |TAMS 0x0000000081b00000, 0x0000000081a00000| Untracked 
|  27|0x0000000081b00000, 0x0000000081c00000, 0x0000000081c00000|100%|HS|  |TAMS 0x0000000081c00000, 0x0000000081b00000| Complete 
|  28|0x0000000081c00000, 0x0000000081d00000, 0x0000000081d00000|100%|HS|  |TAMS 0x0000000081d00000, 0x0000000081c00000| Complete 
|  29|0x0000000081d00000, 0x0000000081e00000, 0x0000000081e00000|100%|HS|  |TAMS 0x0000000081e00000, 0x0000000081d00000| Complete 
|  30|0x0000000081e00000, 0x0000000081f00000, 0x0000000081f00000|100%|HC|  |TAMS 0x0000000081f00000, 0x0000000081e00000| Complete 
|  31|0x0000000081f00000, 0x0000000082000000, 0x0000000082000000|100%| O|  |TAMS 0x0000000082000000, 0x0000000081f00000| Untracked 
|  32|0x0000000082000000, 0x0000000082100000, 0x0000000082100000|100%| O|  |TAMS 0x0000000082100000, 0x0000000082000000| Untracked 
|  33|0x0000000082100000, 0x0000000082200000, 0x0000000082200000|100%| O|  |TAMS 0x0000000082200000, 0x0000000082100000| Untracked 
|  34|0x0000000082200000, 0x0000000082300000, 0x0000000082300000|100%| O|  |TAMS 0x0000000082300000, 0x0000000082200000| Untracked 
|  35|0x0000000082300000, 0x0000000082400000, 0x0000000082400000|100%| O|  |TAMS 0x0000000082400000, 0x0000000082300000| Untracked 
|  36|0x0000000082400000, 0x0000000082500000, 0x0000000082500000|100%| O|  |TAMS 0x0000000082500000, 0x0000000082400000| Untracked 
|  37|0x0000000082500000, 0x0000000082600000, 0x0000000082600000|100%| O|  |TAMS 0x0000000082600000, 0x0000000082500000| Untracked 
|  38|0x0000000082600000, 0x0000000082700000, 0x0000000082700000|100%| O|  |TAMS 0x0000000082700000, 0x0000000082600000| Untracked 
|  39|0x0000000082700000, 0x0000000082800000, 0x0000000082800000|100%| O|  |TAMS 0x0000000082800000, 0x0000000082700000| Untracked 
|  40|0x0000000082800000, 0x0000000082900000, 0x0000000082900000|100%| O|  |TAMS 0x0000000082900000, 0x0000000082800000| Untracked 
|  41|0x0000000082900000, 0x0000000082a00000, 0x0000000082a00000|100%| O|  |TAMS 0x0000000082a00000, 0x0000000082900000| Untracked 
|  42|0x0000000082a00000, 0x0000000082b00000, 0x0000000082b00000|100%| O|  |TAMS 0x0000000082b00000, 0x0000000082a00000| Untracked 
|  43|0x0000000082b00000, 0x0000000082c00000, 0x0000000082c00000|100%| O|  |TAMS 0x0000000082c00000, 0x0000000082b00000| Untracked 
|  44|0x0000000082c00000, 0x0000000082d00000, 0x0000000082d00000|100%| O|  |TAMS 0x0000000082d00000, 0x0000000082c00000| Untracked 
|  45|0x0000000082d00000, 0x0000000082e00000, 0x0000000082e00000|100%| O|  |TAMS 0x0000000082e00000, 0x0000000082d00000| Untracked 
|  46|0x0000000082e00000, 0x0000000082f00000, 0x0000000082f00000|100%| O|  |TAMS 0x0000000082f00000, 0x0000000082e00000| Untracked 
|  47|0x0000000082f00000, 0x0000000083000000, 0x0000000083000000|100%| O|  |TAMS 0x0000000083000000, 0x0000000082f00000| Untracked 
|  48|0x0000000083000000, 0x0000000083100000, 0x0000000083100000|100%| O|  |TAMS 0x0000000083100000, 0x0000000083000000| Untracked 
|  49|0x0000000083100000, 0x0000000083200000, 0x0000000083200000|100%| O|  |TAMS 0x0000000083200000, 0x0000000083100000| Untracked 
|  50|0x0000000083200000, 0x0000000083300000, 0x0000000083300000|100%| O|  |TAMS 0x0000000083300000, 0x0000000083200000| Untracked 
|  51|0x0000000083300000, 0x0000000083400000, 0x0000000083400000|100%| O|  |TAMS 0x0000000083400000, 0x0000000083300000| Untracked 
|  52|0x0000000083400000, 0x0000000083500000, 0x0000000083500000|100%| O|  |TAMS 0x0000000083500000, 0x0000000083400000| Untracked 
|  53|0x0000000083500000, 0x0000000083600000, 0x0000000083600000|100%| O|  |TAMS 0x0000000083600000, 0x0000000083500000| Untracked 
|  54|0x0000000083600000, 0x0000000083700000, 0x0000000083700000|100%| O|  |TAMS 0x0000000083700000, 0x0000000083600000| Complete 
|  55|0x0000000083700000, 0x0000000083800000, 0x0000000083800000|100%| O|  |TAMS 0x0000000083800000, 0x0000000083700000| Untracked 
|  56|0x0000000083800000, 0x0000000083900000, 0x0000000083900000|100%| O|  |TAMS 0x0000000083900000, 0x0000000083800000| Untracked 
|  57|0x0000000083900000, 0x0000000083a00000, 0x0000000083a00000|100%| O|  |TAMS 0x0000000083a00000, 0x0000000083900000| Complete 
|  58|0x0000000083a00000, 0x0000000083b00000, 0x0000000083b00000|100%| O|  |TAMS 0x0000000083b00000, 0x0000000083a00000| Untracked 
|  59|0x0000000083b00000, 0x0000000083c00000, 0x0000000083c00000|100%| O|  |TAMS 0x0000000083c00000, 0x0000000083b00000| Untracked 
|  60|0x0000000083c00000, 0x0000000083d00000, 0x0000000083d00000|100%| O|  |TAMS 0x0000000083d00000, 0x0000000083c00000| Complete 
|  61|0x0000000083d00000, 0x0000000083d00000, 0x0000000083e00000|  0%| F|  |TAMS 0x0000000083d00000, 0x0000000083d00000| Untracked 
|  62|0x0000000083e00000, 0x0000000083f00000, 0x0000000083f00000|100%| O|  |TAMS 0x0000000083e00000, 0x0000000083e00000| Untracked 
|  63|0x0000000083f00000, 0x0000000084000000, 0x0000000084000000|100%| O|  |TAMS 0x0000000084000000, 0x0000000083f00000| Complete 
|  64|0x0000000084000000, 0x0000000084100000, 0x0000000084100000|100%| O|  |TAMS 0x0000000084100000, 0x0000000084000000| Complete 
|  65|0x0000000084100000, 0x0000000084100000, 0x0000000084200000|  0%| F|  |TAMS 0x0000000084100000, 0x0000000084100000| Untracked 
|  66|0x0000000084200000, 0x0000000084200000, 0x0000000084300000|  0%| F|  |TAMS 0x0000000084200000, 0x0000000084200000| Untracked 
|  67|0x0000000084300000, 0x0000000084400000, 0x0000000084400000|100%| O|  |TAMS 0x0000000084400000, 0x0000000084300000| Complete 
|  68|0x0000000084400000, 0x0000000084500000, 0x0000000084500000|100%| O|  |TAMS 0x0000000084500000, 0x0000000084400000| Untracked 
|  69|0x0000000084500000, 0x0000000084600000, 0x0000000084600000|100%| O|  |TAMS 0x0000000084600000, 0x0000000084500000| Untracked 
|  70|0x0000000084600000, 0x0000000084700000, 0x0000000084700000|100%| O|  |TAMS 0x0000000084700000, 0x0000000084600000| Complete 
|  71|0x0000000084700000, 0x0000000084800000, 0x0000000084800000|100%| O|  |TAMS 0x0000000084800000, 0x0000000084700000| Complete 
|  72|0x0000000084800000, 0x0000000084800000, 0x0000000084900000|  0%| F|  |TAMS 0x0000000084800000, 0x0000000084800000| Untracked 
|  73|0x0000000084900000, 0x0000000084a00000, 0x0000000084a00000|100%| O|  |TAMS 0x0000000084900000, 0x0000000084900000| Untracked 
|  74|0x0000000084a00000, 0x0000000084b00000, 0x0000000084b00000|100%| O|  |TAMS 0x0000000084a00000, 0x0000000084a00000| Untracked 
|  75|0x0000000084b00000, 0x0000000084c00000, 0x0000000084c00000|100%| O|  |TAMS 0x0000000084b00000, 0x0000000084b00000| Untracked 
|  76|0x0000000084c00000, 0x0000000084d00000, 0x0000000084d00000|100%| O|  |TAMS 0x0000000084c00000, 0x0000000084c00000| Untracked 
|  77|0x0000000084d00000, 0x0000000084e00000, 0x0000000084e00000|100%| O|  |TAMS 0x0000000084d00000, 0x0000000084d00000| Untracked 
|  78|0x0000000084e00000, 0x0000000084e12000, 0x0000000084f00000|  7%| O|  |TAMS 0x0000000084e00000, 0x0000000084e00000| Untracked 
|  79|0x0000000084f00000, 0x0000000084f00000, 0x0000000085000000|  0%| F|  |TAMS 0x0000000084f00000, 0x0000000084f00000| Untracked 
|  80|0x0000000085000000, 0x0000000085000000, 0x0000000085100000|  0%| F|  |TAMS 0x0000000085000000, 0x0000000085000000| Untracked 
|  81|0x0000000085100000, 0x0000000085100000, 0x0000000085200000|  0%| F|  |TAMS 0x0000000085100000, 0x0000000085100000| Untracked 
|  82|0x0000000085200000, 0x0000000085200000, 0x0000000085300000|  0%| F|  |TAMS 0x0000000085200000, 0x0000000085200000| Untracked 
|  83|0x0000000085300000, 0x0000000085300000, 0x0000000085400000|  0%| F|  |TAMS 0x0000000085300000, 0x0000000085300000| Untracked 
|  84|0x0000000085400000, 0x0000000085500000, 0x0000000085500000|100%| O|  |TAMS 0x0000000085500000, 0x0000000085400000| Complete 
|  85|0x0000000085500000, 0x0000000085500000, 0x0000000085600000|  0%| F|  |TAMS 0x0000000085500000, 0x0000000085500000| Untracked 
|  86|0x0000000085600000, 0x0000000085700000, 0x0000000085700000|100%| O|  |TAMS 0x0000000085700000, 0x0000000085600000| Complete 
|  87|0x0000000085700000, 0x0000000085800000, 0x0000000085800000|100%| O|  |TAMS 0x0000000085800000, 0x0000000085700000| Complete 
|  88|0x0000000085800000, 0x0000000085800000, 0x0000000085900000|  0%| F|  |TAMS 0x0000000085800000, 0x0000000085800000| Untracked 
|  89|0x0000000085900000, 0x0000000085900000, 0x0000000085a00000|  0%| F|  |TAMS 0x0000000085900000, 0x0000000085900000| Untracked 
|  90|0x0000000085a00000, 0x0000000085b00000, 0x0000000085b00000|100%| O|  |TAMS 0x0000000085b00000, 0x0000000085a00000| Complete 
|  91|0x0000000085b00000, 0x0000000085c00000, 0x0000000085c00000|100%| O|  |TAMS 0x0000000085c00000, 0x0000000085b00000| Complete 
|  92|0x0000000085c00000, 0x0000000085d00000, 0x0000000085d00000|100%| O|  |TAMS 0x0000000085d00000, 0x0000000085c00000| Complete 
|  93|0x0000000085d00000, 0x0000000085e00000, 0x0000000085e00000|100%| O|  |TAMS 0x0000000085e00000, 0x0000000085d00000| Untracked 
|  94|0x0000000085e00000, 0x0000000085f00000, 0x0000000085f00000|100%| O|  |TAMS 0x0000000085e0e600, 0x0000000085e00000| Untracked 
|  95|0x0000000085f00000, 0x0000000085f00000, 0x0000000086000000|  0%| F|  |TAMS 0x0000000085f00000, 0x0000000085f00000| Untracked 
|  96|0x0000000086000000, 0x0000000086000000, 0x0000000086100000|  0%| F|  |TAMS 0x0000000086000000, 0x0000000086000000| Untracked 
|  97|0x0000000086100000, 0x0000000086100000, 0x0000000086200000|  0%| F|  |TAMS 0x0000000086100000, 0x0000000086100000| Untracked 
|  98|0x0000000086200000, 0x0000000086200000, 0x0000000086300000|  0%| F|  |TAMS 0x0000000086200000, 0x0000000086200000| Untracked 
|  99|0x0000000086300000, 0x0000000086300000, 0x0000000086400000|  0%| F|  |TAMS 0x0000000086300000, 0x0000000086300000| Untracked 
| 100|0x0000000086400000, 0x0000000086400000, 0x0000000086500000|  0%| F|  |TAMS 0x0000000086400000, 0x0000000086400000| Untracked 
| 101|0x0000000086500000, 0x0000000086500000, 0x0000000086600000|  0%| F|  |TAMS 0x0000000086500000, 0x0000000086500000| Untracked 
| 102|0x0000000086600000, 0x0000000086600000, 0x0000000086700000|  0%| F|  |TAMS 0x0000000086600000, 0x0000000086600000| Untracked 
| 103|0x0000000086700000, 0x0000000086700000, 0x0000000086800000|  0%| F|  |TAMS 0x0000000086700000, 0x0000000086700000| Untracked 
| 104|0x0000000086800000, 0x0000000086800000, 0x0000000086900000|  0%| F|  |TAMS 0x0000000086800000, 0x0000000086800000| Untracked 
| 105|0x0000000086900000, 0x0000000086900000, 0x0000000086a00000|  0%| F|  |TAMS 0x0000000086900000, 0x0000000086900000| Untracked 
| 106|0x0000000086a00000, 0x0000000086a00000, 0x0000000086b00000|  0%| F|  |TAMS 0x0000000086a00000, 0x0000000086a00000| Untracked 
| 107|0x0000000086b00000, 0x0000000086b00000, 0x0000000086c00000|  0%| F|  |TAMS 0x0000000086b00000, 0x0000000086b00000| Untracked 
| 108|0x0000000086c00000, 0x0000000086c00000, 0x0000000086d00000|  0%| F|  |TAMS 0x0000000086c00000, 0x0000000086c00000| Untracked 
| 109|0x0000000086d00000, 0x0000000086d00000, 0x0000000086e00000|  0%| F|  |TAMS 0x0000000086d00000, 0x0000000086d00000| Untracked 
| 110|0x0000000086e00000, 0x0000000086e00000, 0x0000000086f00000|  0%| F|  |TAMS 0x0000000086e00000, 0x0000000086e00000| Untracked 
| 111|0x0000000086f00000, 0x0000000086f00000, 0x0000000087000000|  0%| F|  |TAMS 0x0000000086f00000, 0x0000000086f00000| Untracked 
| 112|0x0000000087000000, 0x0000000087000000, 0x0000000087100000|  0%| F|  |TAMS 0x0000000087000000, 0x0000000087000000| Untracked 
| 113|0x0000000087100000, 0x0000000087100000, 0x0000000087200000|  0%| F|  |TAMS 0x0000000087100000, 0x0000000087100000| Untracked 
| 114|0x0000000087200000, 0x0000000087200000, 0x0000000087300000|  0%| F|  |TAMS 0x0000000087200000, 0x0000000087200000| Untracked 
| 115|0x0000000087300000, 0x0000000087300000, 0x0000000087400000|  0%| F|  |TAMS 0x0000000087300000, 0x0000000087300000| Untracked 
| 116|0x0000000087400000, 0x0000000087400000, 0x0000000087500000|  0%| F|  |TAMS 0x0000000087400000, 0x0000000087400000| Untracked 
| 117|0x0000000087500000, 0x0000000087500000, 0x0000000087600000|  0%| F|  |TAMS 0x0000000087500000, 0x0000000087500000| Untracked 
| 118|0x0000000087600000, 0x0000000087600000, 0x0000000087700000|  0%| F|  |TAMS 0x0000000087600000, 0x0000000087600000| Untracked 
| 119|0x0000000087700000, 0x0000000087700000, 0x0000000087800000|  0%| F|  |TAMS 0x0000000087700000, 0x0000000087700000| Untracked 
| 120|0x0000000087800000, 0x0000000087800000, 0x0000000087900000|  0%| F|  |TAMS 0x0000000087800000, 0x0000000087800000| Untracked 
| 121|0x0000000087900000, 0x0000000087900000, 0x0000000087a00000|  0%| F|  |TAMS 0x0000000087900000, 0x0000000087900000| Untracked 
| 122|0x0000000087a00000, 0x0000000087a00000, 0x0000000087b00000|  0%| F|  |TAMS 0x0000000087a00000, 0x0000000087a00000| Untracked 
| 123|0x0000000087b00000, 0x0000000087b00000, 0x0000000087c00000|  0%| F|  |TAMS 0x0000000087b00000, 0x0000000087b00000| Untracked 
| 124|0x0000000087c00000, 0x0000000087c00000, 0x0000000087d00000|  0%| F|  |TAMS 0x0000000087c00000, 0x0000000087c00000| Untracked 
| 125|0x0000000087d00000, 0x0000000087d00000, 0x0000000087e00000|  0%| F|  |TAMS 0x0000000087d00000, 0x0000000087d00000| Untracked 
| 126|0x0000000087e00000, 0x0000000087e00000, 0x0000000087f00000|  0%| F|  |TAMS 0x0000000087e00000, 0x0000000087e00000| Untracked 
| 127|0x0000000087f00000, 0x0000000087f00000, 0x0000000088000000|  0%| F|  |TAMS 0x0000000087f00000, 0x0000000087f00000| Untracked 
| 128|0x0000000088000000, 0x0000000088000000, 0x0000000088100000|  0%| F|  |TAMS 0x0000000088000000, 0x0000000088000000| Untracked 
| 129|0x0000000088100000, 0x0000000088100000, 0x0000000088200000|  0%| F|  |TAMS 0x0000000088100000, 0x0000000088100000| Untracked 
| 130|0x0000000088200000, 0x0000000088200000, 0x0000000088300000|  0%| F|  |TAMS 0x0000000088200000, 0x0000000088200000| Untracked 
| 131|0x0000000088300000, 0x0000000088300000, 0x0000000088400000|  0%| F|  |TAMS 0x0000000088300000, 0x0000000088300000| Untracked 
| 132|0x0000000088400000, 0x0000000088400000, 0x0000000088500000|  0%| F|  |TAMS 0x0000000088400000, 0x0000000088400000| Untracked 
| 133|0x0000000088500000, 0x0000000088500000, 0x0000000088600000|  0%| F|  |TAMS 0x0000000088500000, 0x0000000088500000| Untracked 
| 134|0x0000000088600000, 0x0000000088600000, 0x0000000088700000|  0%| F|  |TAMS 0x0000000088600000, 0x0000000088600000| Untracked 
| 135|0x0000000088700000, 0x0000000088700000, 0x0000000088800000|  0%| F|  |TAMS 0x0000000088700000, 0x0000000088700000| Untracked 
| 136|0x0000000088800000, 0x0000000088800000, 0x0000000088900000|  0%| F|  |TAMS 0x0000000088800000, 0x0000000088800000| Untracked 
| 137|0x0000000088900000, 0x0000000088900000, 0x0000000088a00000|  0%| F|  |TAMS 0x0000000088900000, 0x0000000088900000| Untracked 
| 138|0x0000000088a00000, 0x0000000088a00000, 0x0000000088b00000|  0%| F|  |TAMS 0x0000000088a00000, 0x0000000088a00000| Untracked 
| 139|0x0000000088b00000, 0x0000000088b00000, 0x0000000088c00000|  0%| F|  |TAMS 0x0000000088b00000, 0x0000000088b00000| Untracked 
| 140|0x0000000088c00000, 0x0000000088c00000, 0x0000000088d00000|  0%| F|  |TAMS 0x0000000088c00000, 0x0000000088c00000| Untracked 
| 141|0x0000000088d00000, 0x0000000088d00000, 0x0000000088e00000|  0%| F|  |TAMS 0x0000000088d00000, 0x0000000088d00000| Untracked 
| 142|0x0000000088e00000, 0x0000000088e00000, 0x0000000088f00000|  0%| F|  |TAMS 0x0000000088e00000, 0x0000000088e00000| Untracked 
| 143|0x0000000088f00000, 0x0000000088f00000, 0x0000000089000000|  0%| F|  |TAMS 0x0000000088f00000, 0x0000000088f00000| Untracked 
| 144|0x0000000089000000, 0x0000000089000000, 0x0000000089100000|  0%| F|  |TAMS 0x0000000089000000, 0x0000000089000000| Untracked 
| 145|0x0000000089100000, 0x0000000089100000, 0x0000000089200000|  0%| F|  |TAMS 0x0000000089100000, 0x0000000089100000| Untracked 
| 146|0x0000000089200000, 0x0000000089200000, 0x0000000089300000|  0%| F|  |TAMS 0x0000000089200000, 0x0000000089200000| Untracked 
| 147|0x0000000089300000, 0x0000000089300000, 0x0000000089400000|  0%| F|  |TAMS 0x0000000089300000, 0x0000000089300000| Untracked 
| 148|0x0000000089400000, 0x0000000089400000, 0x0000000089500000|  0%| F|  |TAMS 0x0000000089400000, 0x0000000089400000| Untracked 
| 149|0x0000000089500000, 0x0000000089500000, 0x0000000089600000|  0%| F|  |TAMS 0x0000000089500000, 0x0000000089500000| Untracked 
| 150|0x0000000089600000, 0x0000000089600000, 0x0000000089700000|  0%| F|  |TAMS 0x0000000089600000, 0x0000000089600000| Untracked 
| 151|0x0000000089700000, 0x0000000089700000, 0x0000000089800000|  0%| F|  |TAMS 0x0000000089700000, 0x0000000089700000| Untracked 
| 152|0x0000000089800000, 0x0000000089800000, 0x0000000089900000|  0%| F|  |TAMS 0x0000000089800000, 0x0000000089800000| Untracked 
| 153|0x0000000089900000, 0x0000000089900000, 0x0000000089a00000|  0%| F|  |TAMS 0x0000000089900000, 0x0000000089900000| Untracked 
| 154|0x0000000089a00000, 0x0000000089a00000, 0x0000000089b00000|  0%| F|  |TAMS 0x0000000089a00000, 0x0000000089a00000| Untracked 
| 155|0x0000000089b00000, 0x0000000089b00000, 0x0000000089c00000|  0%| F|  |TAMS 0x0000000089b00000, 0x0000000089b00000| Untracked 
| 156|0x0000000089c00000, 0x0000000089c00000, 0x0000000089d00000|  0%| F|  |TAMS 0x0000000089c00000, 0x0000000089c00000| Untracked 
| 157|0x0000000089d00000, 0x0000000089d00000, 0x0000000089e00000|  0%| F|  |TAMS 0x0000000089d00000, 0x0000000089d00000| Untracked 
| 158|0x0000000089e00000, 0x0000000089e00000, 0x0000000089f00000|  0%| F|  |TAMS 0x0000000089e00000, 0x0000000089e00000| Untracked 
| 159|0x0000000089f00000, 0x0000000089f00000, 0x000000008a000000|  0%| F|  |TAMS 0x0000000089f00000, 0x0000000089f00000| Untracked 
| 160|0x000000008a000000, 0x000000008a000000, 0x000000008a100000|  0%| F|  |TAMS 0x000000008a000000, 0x000000008a000000| Untracked 
| 161|0x000000008a100000, 0x000000008a100000, 0x000000008a200000|  0%| F|  |TAMS 0x000000008a100000, 0x000000008a100000| Untracked 
| 162|0x000000008a200000, 0x000000008a200000, 0x000000008a300000|  0%| F|  |TAMS 0x000000008a200000, 0x000000008a200000| Untracked 
| 163|0x000000008a300000, 0x000000008a300000, 0x000000008a400000|  0%| F|  |TAMS 0x000000008a300000, 0x000000008a300000| Untracked 
| 164|0x000000008a400000, 0x000000008a400000, 0x000000008a500000|  0%| F|  |TAMS 0x000000008a400000, 0x000000008a400000| Untracked 
| 165|0x000000008a500000, 0x000000008a500000, 0x000000008a600000|  0%| F|  |TAMS 0x000000008a500000, 0x000000008a500000| Untracked 
| 166|0x000000008a600000, 0x000000008a600000, 0x000000008a700000|  0%| F|  |TAMS 0x000000008a600000, 0x000000008a600000| Untracked 
| 167|0x000000008a700000, 0x000000008a700000, 0x000000008a800000|  0%| F|  |TAMS 0x000000008a700000, 0x000000008a700000| Untracked 
| 168|0x000000008a800000, 0x000000008a800000, 0x000000008a900000|  0%| F|  |TAMS 0x000000008a800000, 0x000000008a800000| Untracked 
| 169|0x000000008a900000, 0x000000008a900000, 0x000000008aa00000|  0%| F|  |TAMS 0x000000008a900000, 0x000000008a900000| Untracked 
| 170|0x000000008aa00000, 0x000000008aa00000, 0x000000008ab00000|  0%| F|  |TAMS 0x000000008aa00000, 0x000000008aa00000| Untracked 
| 171|0x000000008ab00000, 0x000000008ab00000, 0x000000008ac00000|  0%| F|  |TAMS 0x000000008ab00000, 0x000000008ab00000| Untracked 
| 172|0x000000008ac00000, 0x000000008ac00000, 0x000000008ad00000|  0%| F|  |TAMS 0x000000008ac00000, 0x000000008ac00000| Untracked 
| 173|0x000000008ad00000, 0x000000008ad00000, 0x000000008ae00000|  0%| F|  |TAMS 0x000000008ad00000, 0x000000008ad00000| Untracked 
| 174|0x000000008ae00000, 0x000000008ae00000, 0x000000008af00000|  0%| F|  |TAMS 0x000000008ae00000, 0x000000008ae00000| Untracked 
| 175|0x000000008af00000, 0x000000008af00000, 0x000000008b000000|  0%| F|  |TAMS 0x000000008af00000, 0x000000008af00000| Untracked 
| 176|0x000000008b000000, 0x000000008b000000, 0x000000008b100000|  0%| F|  |TAMS 0x000000008b000000, 0x000000008b000000| Untracked 
| 177|0x000000008b100000, 0x000000008b100000, 0x000000008b200000|  0%| F|  |TAMS 0x000000008b100000, 0x000000008b100000| Untracked 
| 178|0x000000008b200000, 0x000000008b200000, 0x000000008b300000|  0%| F|  |TAMS 0x000000008b200000, 0x000000008b200000| Untracked 
| 179|0x000000008b300000, 0x000000008b300000, 0x000000008b400000|  0%| F|  |TAMS 0x000000008b300000, 0x000000008b300000| Untracked 
| 180|0x000000008b400000, 0x000000008b400000, 0x000000008b500000|  0%| F|  |TAMS 0x000000008b400000, 0x000000008b400000| Untracked 
| 181|0x000000008b500000, 0x000000008b500000, 0x000000008b600000|  0%| F|  |TAMS 0x000000008b500000, 0x000000008b500000| Untracked 
| 182|0x000000008b600000, 0x000000008b600000, 0x000000008b700000|  0%| F|  |TAMS 0x000000008b600000, 0x000000008b600000| Untracked 
| 183|0x000000008b700000, 0x000000008b700000, 0x000000008b800000|  0%| F|  |TAMS 0x000000008b700000, 0x000000008b700000| Untracked 
| 184|0x000000008b800000, 0x000000008b800000, 0x000000008b900000|  0%| F|  |TAMS 0x000000008b800000, 0x000000008b800000| Untracked 
| 185|0x000000008b900000, 0x000000008b900000, 0x000000008ba00000|  0%| F|  |TAMS 0x000000008b900000, 0x000000008b900000| Untracked 
| 186|0x000000008ba00000, 0x000000008ba00000, 0x000000008bb00000|  0%| F|  |TAMS 0x000000008ba00000, 0x000000008ba00000| Untracked 
| 187|0x000000008bb00000, 0x000000008bb00000, 0x000000008bc00000|  0%| F|  |TAMS 0x000000008bb00000, 0x000000008bb00000| Untracked 
| 188|0x000000008bc00000, 0x000000008bc00000, 0x000000008bd00000|  0%| F|  |TAMS 0x000000008bc00000, 0x000000008bc00000| Untracked 
| 189|0x000000008bd00000, 0x000000008bd00000, 0x000000008be00000|  0%| F|  |TAMS 0x000000008bd00000, 0x000000008bd00000| Untracked 
| 190|0x000000008be00000, 0x000000008be00000, 0x000000008bf00000|  0%| F|  |TAMS 0x000000008be00000, 0x000000008be00000| Untracked 
| 191|0x000000008bf00000, 0x000000008bf00000, 0x000000008c000000|  0%| F|  |TAMS 0x000000008bf00000, 0x000000008bf00000| Untracked 
| 192|0x000000008c000000, 0x000000008c000000, 0x000000008c100000|  0%| F|  |TAMS 0x000000008c000000, 0x000000008c000000| Untracked 
| 193|0x000000008c100000, 0x000000008c100000, 0x000000008c200000|  0%| F|  |TAMS 0x000000008c100000, 0x000000008c100000| Untracked 
| 194|0x000000008c200000, 0x000000008c200000, 0x000000008c300000|  0%| F|  |TAMS 0x000000008c200000, 0x000000008c200000| Untracked 
| 195|0x000000008c300000, 0x000000008c300000, 0x000000008c400000|  0%| F|  |TAMS 0x000000008c300000, 0x000000008c300000| Untracked 
| 196|0x000000008c400000, 0x000000008c400000, 0x000000008c500000|  0%| F|  |TAMS 0x000000008c400000, 0x000000008c400000| Untracked 
| 197|0x000000008c500000, 0x000000008c500000, 0x000000008c600000|  0%| F|  |TAMS 0x000000008c500000, 0x000000008c500000| Untracked 
| 198|0x000000008c600000, 0x000000008c600000, 0x000000008c700000|  0%| F|  |TAMS 0x000000008c600000, 0x000000008c600000| Untracked 
| 199|0x000000008c700000, 0x000000008c700000, 0x000000008c800000|  0%| F|  |TAMS 0x000000008c700000, 0x000000008c700000| Untracked 
| 200|0x000000008c800000, 0x000000008c800000, 0x000000008c900000|  0%| F|  |TAMS 0x000000008c800000, 0x000000008c800000| Untracked 
| 201|0x000000008c900000, 0x000000008c900000, 0x000000008ca00000|  0%| F|  |TAMS 0x000000008c900000, 0x000000008c900000| Untracked 
| 202|0x000000008ca00000, 0x000000008ca00000, 0x000000008cb00000|  0%| F|  |TAMS 0x000000008ca00000, 0x000000008ca00000| Untracked 
| 203|0x000000008cb00000, 0x000000008cb27220, 0x000000008cc00000| 15%| S|CS|TAMS 0x000000008cb00000, 0x000000008cb00000| Complete 
| 204|0x000000008cc00000, 0x000000008cd00000, 0x000000008cd00000|100%| S|CS|TAMS 0x000000008cc00000, 0x000000008cc00000| Complete 
| 205|0x000000008cd00000, 0x000000008cd00000, 0x000000008ce00000|  0%| F|  |TAMS 0x000000008cd00000, 0x000000008cd00000| Untracked 
| 206|0x000000008ce00000, 0x000000008ce00000, 0x000000008cf00000|  0%| F|  |TAMS 0x000000008ce00000, 0x000000008ce00000| Untracked 

Card table byte_map: [0x000001f89e6a0000,0x000001f89eaa0000] _byte_map_base: 0x000001f89e2a0000

Marking Bits (Prev, Next): (CMBitMap*) 0x000001f88ad60420, (CMBitMap*) 0x000001f88ad603e8
 Prev Bits: [0x000001f8a0ea0000, 0x000001f8a2ea0000)
 Next Bits: [0x000001f89eea0000, 0x000001f8a0ea0000)

Polling page: 0x000001f88e810000

Metaspace:

Usage:
  Non-class:     79.28 MB capacity,    77.92 MB ( 98%) used,     1.12 MB (  1%) free+waste,   250.13 KB ( <1%) overhead. 
      Class:     11.92 MB capacity,    11.13 MB ( 93%) used,   706.39 KB (  6%) free+waste,   110.50 KB ( <1%) overhead. 
       Both:     91.21 MB capacity,    89.04 MB ( 98%) used,     1.81 MB (  2%) free+waste,   360.63 KB ( <1%) overhead. 

Virtual space:
  Non-class space:       80.00 MB reserved,      79.50 MB (>99%) committed 
      Class space:        1.00 GB reserved,      12.07 MB (  1%) committed 
             Both:        1.08 GB reserved,      91.57 MB (  8%) committed 

Chunk freelists:
   Non-Class:  31.00 KB
       Class:  141.00 KB
        Both:  172.00 KB

MaxMetaspaceSize: 17179869184.00 GB
CompressedClassSpaceSize: 1.00 GB

CodeHeap 'non-profiled nmethods': size=120000Kb used=4903Kb max_used=4903Kb free=115096Kb
 bounds [0x000001f896300000, 0x000001f8967d0000, 0x000001f89d830000]
CodeHeap 'profiled nmethods': size=120000Kb used=23032Kb max_used=23032Kb free=96967Kb
 bounds [0x000001f88edd0000, 0x000001f890450000, 0x000001f896300000]
CodeHeap 'non-nmethods': size=5760Kb used=2292Kb max_used=2335Kb free=3467Kb
 bounds [0x000001f88e830000, 0x000001f88eaa0000, 0x000001f88edd0000]
 total_blobs=12773 nmethods=11878 adapters=804
 compilation: enabled
              stopped_count=0, restarted_count=0
 full_count=0

Compilation events (20 events):
Event: 34.622 Thread 0x000001f8a5962000 12453       2       com.google.common.collect.RegularImmutableBiMap::get (21 bytes)
Event: 34.623 Thread 0x000001f8a5962000 nmethod 12453 0x000001f89044d490 code [0x000001f89044d640, 0x000001f89044d768]
Event: 34.623 Thread 0x000001f8a5962000 12454       2       org.gradle.api.internal.artifacts.transform.CacheableInvocation$$Lambda$1081/0x0000000100af9c40::apply (9 bytes)
Event: 34.623 Thread 0x000001f8a5962000 nmethod 12454 0x000001f89044d810 code [0x000001f89044d9e0, 0x000001f89044db78]
Event: 34.625 Thread 0x000001f8a5962000 12455       1       com.google.gson.reflect.TypeToken::getType (5 bytes)
Event: 34.625 Thread 0x000001f8a5962000 nmethod 12455 0x000001f8967c7910 code [0x000001f8967c7ac0, 0x000001f8967c7b78]
Event: 34.630 Thread 0x000001f8a595e000 nmethod 10290 0x000001f8967c7c10 code [0x000001f8967c7dc0, 0x000001f8967c80d8]
Event: 34.630 Thread 0x000001f8a595e000 12456 %     4       com.esotericsoftware.kryo.io.Output::writeString @ 65 (125 bytes)
Event: 34.662 Thread 0x000001f8a5962000 12458       2       com.google.common.collect.AbstractIterator::next (34 bytes)
Event: 34.663 Thread 0x000001f8a5962000 nmethod 12458 0x000001f89044dc90 code [0x000001f89044de60, 0x000001f89044e0d8]
Event: 34.665 Thread 0x000001f8a595e000 nmethod 12456% 0x000001f8967c8490 code [0x000001f8967c8640, 0x000001f8967c8c38]
Event: 34.665 Thread 0x000001f8a595e000 10842       4       java.lang.StringLatin1::newString (17 bytes)
Event: 34.675 Thread 0x000001f8a595e000 nmethod 10842 0x000001f8967c8f10 code [0x000001f8967c90c0, 0x000001f8967c9478]
Event: 34.675 Thread 0x000001f8a595e000 12457       4       java.util.ArrayDeque::pollLast (36 bytes)
Event: 34.679 Thread 0x000001f8a595e000 nmethod 12457 0x000001f8967c9610 code [0x000001f8967c97a0, 0x000001f8967c9898]
Event: 34.679 Thread 0x000001f8a595e000 10422       4       java.io.ObjectStreamClass::requireInitialized (18 bytes)
Event: 34.680 Thread 0x000001f8a595e000 nmethod 10422 0x000001f8967c9990 code [0x000001f8967c9b20, 0x000001f8967c9b98]
Event: 34.680 Thread 0x000001f8a595e000 10467       4       java.io.ObjectInputStream$BlockDataInputStream::setBlockDataMode (74 bytes)
Event: 34.682 Thread 0x000001f8a595e000 nmethod 10467 0x000001f8967c9c10 code [0x000001f8967c9da0, 0x000001f8967c9e58]
Event: 34.682 Thread 0x000001f8a595e000 10323       4       org.apache.xerces.dom.ElementImpl::getAttributes (36 bytes)

GC Heap History (20 events):
Event: 26.334 GC heap after
{Heap after GC invocations=33 (full 0):
 garbage-first heap   total 144384K, used 71981K [0x0000000080000000, 0x0000000100000000)
  region size 1024K, 7 young (7168K), 7 survivors (7168K)
 Metaspace       used 81612K, capacity 83981K, committed 84044K, reserved 1122304K
  class space    used 10648K, capacity 11546K, committed 11596K, reserved 1048576K
}
Event: 26.458 GC heap before
{Heap before GC invocations=33 (full 0):
 garbage-first heap   total 144384K, used 77101K [0x0000000080000000, 0x0000000100000000)
  region size 1024K, 13 young (13312K), 7 survivors (7168K)
 Metaspace       used 81634K, capacity 83981K, committed 84044K, reserved 1122304K
  class space    used 10648K, capacity 11546K, committed 11596K, reserved 1048576K
}
Event: 26.539 GC heap after
{Heap after GC invocations=34 (full 0):
 garbage-first heap   total 144384K, used 75287K [0x0000000080000000, 0x0000000100000000)
  region size 1024K, 3 young (3072K), 3 survivors (3072K)
 Metaspace       used 81634K, capacity 83981K, committed 84044K, reserved 1122304K
  class space    used 10648K, capacity 11546K, committed 11596K, reserved 1048576K
}
Event: 27.270 GC heap before
{Heap before GC invocations=35 (full 0):
 garbage-first heap   total 144384K, used 101911K [0x0000000080000000, 0x0000000100000000)
  region size 1024K, 27 young (27648K), 3 survivors (3072K)
 Metaspace       used 81284K, capacity 83365K, committed 84300K, reserved 1122304K
  class space    used 10516K, capacity 11312K, committed 11596K, reserved 1048576K
}
Event: 27.451 GC heap after
{Heap after GC invocations=36 (full 0):
 garbage-first heap   total 211968K, used 86016K [0x0000000080000000, 0x0000000100000000)
  region size 1024K, 4 young (4096K), 4 survivors (4096K)
 Metaspace       used 81284K, capacity 83365K, committed 84300K, reserved 1122304K
  class space    used 10516K, capacity 11312K, committed 11596K, reserved 1048576K
}
Event: 29.121 GC heap before
{Heap before GC invocations=36 (full 0):
 garbage-first heap   total 211968K, used 143360K [0x0000000080000000, 0x0000000100000000)
  region size 1024K, 52 young (53248K), 4 survivors (4096K)
 Metaspace       used 82465K, capacity 84556K, committed 85196K, reserved 1122304K
  class space    used 10635K, capacity 11407K, committed 11724K, reserved 1048576K
}
Event: 29.152 GC heap after
{Heap after GC invocations=37 (full 0):
 garbage-first heap   total 211968K, used 91875K [0x0000000080000000, 0x0000000100000000)
  region size 1024K, 7 young (7168K), 7 survivors (7168K)
 Metaspace       used 82465K, capacity 84556K, committed 85196K, reserved 1122304K
  class space    used 10635K, capacity 11407K, committed 11724K, reserved 1048576K
}
Event: 30.298 GC heap before
{Heap before GC invocations=37 (full 0):
 garbage-first heap   total 211968K, used 140003K [0x0000000080000000, 0x0000000100000000)
  region size 1024K, 54 young (55296K), 7 survivors (7168K)
 Metaspace       used 85071K, capacity 87187K, committed 87756K, reserved 1124352K
  class space    used 10919K, capacity 11705K, committed 11980K, reserved 1048576K
}
Event: 30.314 GC heap after
{Heap after GC invocations=38 (full 0):
 garbage-first heap   total 211968K, used 93685K [0x0000000080000000, 0x0000000100000000)
  region size 1024K, 2 young (2048K), 2 survivors (2048K)
 Metaspace       used 85071K, capacity 87187K, committed 87756K, reserved 1124352K
  class space    used 10919K, capacity 11705K, committed 11980K, reserved 1048576K
}
Event: 30.780 GC heap before
{Heap before GC invocations=38 (full 0):
 garbage-first heap   total 211968K, used 139765K [0x0000000080000000, 0x0000000100000000)
  region size 1024K, 46 young (47104K), 2 survivors (2048K)
 Metaspace       used 85159K, capacity 87257K, committed 88012K, reserved 1126400K
  class space    used 10926K, capacity 11707K, committed 11980K, reserved 1048576K
}
Event: 30.798 GC heap after
{Heap after GC invocations=39 (full 0):
 garbage-first heap   total 211968K, used 99292K [0x0000000080000000, 0x0000000100000000)
  region size 1024K, 5 young (5120K), 5 survivors (5120K)
 Metaspace       used 85159K, capacity 87257K, committed 88012K, reserved 1126400K
  class space    used 10926K, capacity 11707K, committed 11980K, reserved 1048576K
}
Event: 32.193 GC heap before
{Heap before GC invocations=40 (full 0):
 garbage-first heap   total 211968K, used 162780K [0x0000000080000000, 0x0000000100000000)
  region size 1024K, 56 young (57344K), 5 survivors (5120K)
 Metaspace       used 88919K, capacity 91108K, committed 91596K, reserved 1128448K
  class space    used 11226K, capacity 12006K, committed 12236K, reserved 1048576K
}
Event: 32.209 GC heap after
{Heap after GC invocations=41 (full 0):
 garbage-first heap   total 211968K, used 99085K [0x0000000080000000, 0x0000000100000000)
  region size 1024K, 7 young (7168K), 7 survivors (7168K)
 Metaspace       used 88919K, capacity 91108K, committed 91596K, reserved 1128448K
  class space    used 11226K, capacity 12006K, committed 12236K, reserved 1048576K
}
Event: 32.785 GC heap before
{Heap before GC invocations=41 (full 0):
 garbage-first heap   total 211968K, used 156429K [0x0000000080000000, 0x0000000100000000)
  region size 1024K, 64 young (65536K), 7 survivors (7168K)
 Metaspace       used 89705K, capacity 91796K, committed 92364K, reserved 1130496K
  class space    used 11272K, capacity 12042K, committed 12236K, reserved 1048576K
}
Event: 32.793 GC heap after
{Heap after GC invocations=42 (full 0):
 garbage-first heap   total 211968K, used 98743K [0x0000000080000000, 0x0000000100000000)
  region size 1024K, 3 young (3072K), 3 survivors (3072K)
 Metaspace       used 89705K, capacity 91796K, committed 92364K, reserved 1130496K
  class space    used 11272K, capacity 12042K, committed 12236K, reserved 1048576K
}
Event: 33.531 GC heap before
{Heap before GC invocations=42 (full 0):
 garbage-first heap   total 211968K, used 161207K [0x0000000080000000, 0x0000000100000000)
  region size 1024K, 65 young (66560K), 3 survivors (3072K)
 Metaspace       used 90478K, capacity 92643K, committed 93260K, reserved 1130496K
  class space    used 11318K, capacity 12116K, committed 12364K, reserved 1048576K
}
Event: 33.543 GC heap after
{Heap after GC invocations=43 (full 0):
 garbage-first heap   total 211968K, used 100954K [0x0000000080000000, 0x0000000100000000)
  region size 1024K, 5 young (5120K), 5 survivors (5120K)
 Metaspace       used 90478K, capacity 92643K, committed 93260K, reserved 1130496K
  class space    used 11318K, capacity 12116K, committed 12364K, reserved 1048576K
}
Event: 34.687 GC heap before
{Heap before GC invocations=44 (full 0):
 garbage-first heap   total 211968K, used 152154K [0x0000000080000000, 0x0000000100000000)
  region size 1024K, 67 young (68608K), 5 survivors (5120K)
 Metaspace       used 91149K, capacity 93396K, committed 93772K, reserved 1130496K
  class space    used 11388K, capacity 12211K, committed 12364K, reserved 1048576K
}
Event: 34.718 GC heap after
{Heap after GC invocations=45 (full 0):
 garbage-first heap   total 211968K, used 92610K [0x0000000080000000, 0x0000000100000000)
  region size 1024K, 8 young (8192K), 8 survivors (8192K)
 Metaspace       used 91149K, capacity 93396K, committed 93772K, reserved 1130496K
  class space    used 11388K, capacity 12211K, committed 12364K, reserved 1048576K
}
Event: 34.735 GC heap before
{Heap before GC invocations=45 (full 0):
 garbage-first heap   total 211968K, used 93634K [0x0000000080000000, 0x0000000100000000)
  region size 1024K, 10 young (10240K), 8 survivors (8192K)
 Metaspace       used 91179K, capacity 93396K, committed 93772K, reserved 1130496K
  class space    used 11394K, capacity 12211K, committed 12364K, reserved 1048576K
}

Deoptimization events (20 events):
Event: 34.085 Thread 0x000001f8aaea6000 DEOPT PACKING pc=0x000001f8964d62ac sp=0x0000001e5f9fe100
Event: 34.085 Thread 0x000001f8aaea6000 DEOPT UNPACKING pc=0x000001f88e8578af sp=0x0000001e5f9fe080 mode 2
Event: 34.089 Thread 0x000001f8aaea6000 DEOPT PACKING pc=0x000001f8903ffce9 sp=0x0000001e5f9fe0e0
Event: 34.089 Thread 0x000001f8aaea6000 DEOPT UNPACKING pc=0x000001f88e8576ce sp=0x0000001e5f9fd580 mode 0
Event: 34.090 Thread 0x000001f8aaea6000 DEOPT PACKING pc=0x000001f8903ffce9 sp=0x0000001e5f9fe0e0
Event: 34.090 Thread 0x000001f8aaea6000 DEOPT UNPACKING pc=0x000001f88e8576ce sp=0x0000001e5f9fd580 mode 0
Event: 34.108 Thread 0x000001f8aae9e800 DEOPT PACKING pc=0x000001f890118fb1 sp=0x0000001e5f4fbda0
Event: 34.108 Thread 0x000001f8aae9e800 DEOPT UNPACKING pc=0x000001f88e8576ce sp=0x0000001e5f4fb270 mode 0
Event: 34.503 Thread 0x000001f8aae9e800 Uncommon trap: trap_request=0xffffffde fr.pc=0x000001f8965b23f4 relative=0x0000000000000394
Event: 34.503 Thread 0x000001f8aae9e800 Uncommon trap: reason=class_check action=maybe_recompile pc=0x000001f8965b23f4 method=java.util.Spliterators$IteratorSpliterator.tryAdvance(Ljava/util/function/Consumer;)Z @ 68 c2
Event: 34.503 Thread 0x000001f8aae9e800 DEOPT PACKING pc=0x000001f8965b23f4 sp=0x0000001e5f4fc140
Event: 34.503 Thread 0x000001f8aae9e800 DEOPT UNPACKING pc=0x000001f88e8578af sp=0x0000001e5f4fc0d8 mode 2
Event: 34.503 Thread 0x000001f8aae9e800 Uncommon trap: trap_request=0xffffffde fr.pc=0x000001f8965b23f4 relative=0x0000000000000394
Event: 34.503 Thread 0x000001f8aae9e800 Uncommon trap: reason=class_check action=maybe_recompile pc=0x000001f8965b23f4 method=java.util.Spliterators$IteratorSpliterator.tryAdvance(Ljava/util/function/Consumer;)Z @ 68 c2
Event: 34.503 Thread 0x000001f8aae9e800 DEOPT PACKING pc=0x000001f8965b23f4 sp=0x0000001e5f4fc140
Event: 34.503 Thread 0x000001f8aae9e800 DEOPT UNPACKING pc=0x000001f88e8578af sp=0x0000001e5f4fc0d8 mode 2
Event: 34.569 Thread 0x000001f8aac07000 DEOPT PACKING pc=0x000001f88fa75a28 sp=0x0000001e600fcfd0
Event: 34.569 Thread 0x000001f8aac07000 DEOPT UNPACKING pc=0x000001f88e8576ce sp=0x0000001e600fc4e8 mode 0
Event: 34.587 Thread 0x000001f8aaea6000 DEOPT PACKING pc=0x000001f88f9bf19c sp=0x0000001e5f9fde30
Event: 34.587 Thread 0x000001f8aaea6000 DEOPT UNPACKING pc=0x000001f88e8576ce sp=0x0000001e5f9fd268 mode 0

Classes redefined (0 events):
No events

Internal exceptions (20 events):
Event: 28.204 Thread 0x000001f8a80c6000 Exception <a 'java/lang/NoSuchMethodError'{0x000000008bea5150}: <clinit>> (0x000000008bea5150) thrown at [./src/hotspot/share/prims/jni.cpp, line 1362]
Event: 28.210 Thread 0x000001f8a80c6000 Exception <a 'java/lang/NoSuchMethodError'{0x000000008bed1b28}: <clinit>> (0x000000008bed1b28) thrown at [./src/hotspot/share/prims/jni.cpp, line 1362]
Event: 28.214 Thread 0x000001f8a80c6000 Exception <a 'java/lang/NoSuchMethodError'{0x000000008bd01b58}: <clinit>> (0x000000008bd01b58) thrown at [./src/hotspot/share/prims/jni.cpp, line 1362]
Event: 28.216 Thread 0x000001f8a80c6000 Exception <a 'java/lang/NoSuchMethodError'{0x000000008bd1b680}: <clinit>> (0x000000008bd1b680) thrown at [./src/hotspot/share/prims/jni.cpp, line 1362]
Event: 30.825 Thread 0x000001f8a80c6000 Implicit null exception at 0x000001f8967165e3 to 0x000001f896718614
Event: 30.971 Thread 0x000001f8a80c6000 Exception <a 'java/lang/NoSuchMethodError'{0x000000008cb79058}: <clinit>> (0x000000008cb79058) thrown at [./src/hotspot/share/prims/jni.cpp, line 1362]
Event: 31.009 Thread 0x000001f8a80c6000 Exception <a 'java/lang/NoSuchMethodError'{0x000000008c9397a0}: <clinit>> (0x000000008c9397a0) thrown at [./src/hotspot/share/prims/jni.cpp, line 1362]
Event: 32.652 Thread 0x000001f8aaea0000 Implicit null exception at 0x000001f89678c26e to 0x000001f89678c7c4
Event: 32.652 Thread 0x000001f8aaea0000 Implicit null exception at 0x000001f89678c26e to 0x000001f89678c7c4
Event: 32.653 Thread 0x000001f8aaea0000 Implicit null exception at 0x000001f89678c26e to 0x000001f89678c7c4
Event: 32.653 Thread 0x000001f8aaea0000 Implicit null exception at 0x000001f89678c26e to 0x000001f89678c7c4
Event: 34.074 Thread 0x000001f8a80c6000 Exception <a 'java/lang/NoSuchMethodError'{0x000000008bb45a98}: 'void java.lang.invoke.DirectMethodHandle$Holder.invokeStatic(java.lang.Object, java.lang.Object, java.lang.Object, java.lang.Object, java.lang.Object, java.lang.Object, java.lang.Object)'> (0x000000008bb45a98) thrown at [./src/hotspot/share/interpreter/linkResolver.cpp, line 773]
Event: 34.473 Thread 0x000001f8aae9e800 Exception <a 'java/lang/NoSuchMethodError'{0x0000000089bbc8d0}: <clinit>> (0x0000000089bbc8d0) thrown at [./src/hotspot/share/prims/jni.cpp, line 1362]
Event: 34.473 Thread 0x000001f8aae9e800 Exception <a 'java/lang/NoSuchMethodError'{0x0000000089bbdbf0}: <clinit>> (0x0000000089bbdbf0) thrown at [./src/hotspot/share/prims/jni.cpp, line 1362]
Event: 34.474 Thread 0x000001f8aae9e800 Exception <a 'java/lang/NoSuchMethodError'{0x0000000089bc0350}: <clinit>> (0x0000000089bc0350) thrown at [./src/hotspot/share/prims/jni.cpp, line 1362]
Event: 34.477 Thread 0x000001f8aae9e800 Exception <a 'java/lang/NoSuchMethodError'{0x0000000089bdeca0}: <clinit>> (0x0000000089bdeca0) thrown at [./src/hotspot/share/prims/jni.cpp, line 1362]
Event: 34.477 Thread 0x000001f8aae9e800 Exception <a 'java/lang/NoSuchMethodError'{0x0000000089be0180}: <clinit>> (0x0000000089be0180) thrown at [./src/hotspot/share/prims/jni.cpp, line 1362]
Event: 34.549 Thread 0x000001f8aae9e800 Exception <a 'java/lang/NoSuchMethodError'{0x000000008980cbc8}: <clinit>> (0x000000008980cbc8) thrown at [./src/hotspot/share/prims/jni.cpp, line 1362]
Event: 34.556 Thread 0x000001f8aae9e800 Exception <a 'java/lang/NoSuchMethodError'{0x00000000898410b8}: <clinit>> (0x00000000898410b8) thrown at [./src/hotspot/share/prims/jni.cpp, line 1362]
Event: 34.558 Thread 0x000001f8aae9e800 Exception <a 'java/lang/NoSuchMethodError'{0x0000000089853e50}: <clinit>> (0x0000000089853e50) thrown at [./src/hotspot/share/prims/jni.cpp, line 1362]

Events (20 events):
Event: 34.718 Executing VM operation: G1CollectForAllocation done
Event: 34.719 loading class kotlin/reflect/jvm/internal/KClassImpl$Data$objectInstance$2
Event: 34.719 loading class kotlin/reflect/jvm/internal/KClassImpl$Data$objectInstance$2 done
Event: 34.720 loading class kotlin/reflect/jvm/internal/KClassImpl$Data$typeParameters$2
Event: 34.720 loading class kotlin/reflect/jvm/internal/KClassImpl$Data$typeParameters$2 done
Event: 34.725 loading class kotlin/reflect/jvm/internal/KClassImpl$Data$supertypes$2
Event: 34.725 loading class kotlin/reflect/jvm/internal/KClassImpl$Data$supertypes$2 done
Event: 34.726 loading class kotlin/reflect/jvm/internal/KClassImpl$Data$sealedSubclasses$2
Event: 34.726 loading class kotlin/reflect/jvm/internal/KClassImpl$Data$sealedSubclasses$2 done
Event: 34.728 loading class kotlin/reflect/jvm/internal/KClassImpl$Data$declaredNonStaticMembers$2
Event: 34.728 loading class kotlin/reflect/jvm/internal/KClassImpl$Data$declaredNonStaticMembers$2 done
Event: 34.730 loading class kotlin/reflect/jvm/internal/KClassImpl$Data$declaredStaticMembers$2
Event: 34.730 loading class kotlin/reflect/jvm/internal/KClassImpl$Data$declaredStaticMembers$2 done
Event: 34.732 loading class kotlin/reflect/jvm/internal/KClassImpl$Data$inheritedNonStaticMembers$2
Event: 34.732 loading class kotlin/reflect/jvm/internal/KClassImpl$Data$inheritedNonStaticMembers$2 done
Event: 34.733 loading class kotlin/reflect/jvm/internal/KClassImpl$Data$inheritedStaticMembers$2
Event: 34.733 loading class kotlin/reflect/jvm/internal/KClassImpl$Data$inheritedStaticMembers$2 done
Event: 34.734 loading class kotlin/reflect/jvm/internal/KClassImpl$Data$allNonStaticMembers$2
Event: 34.734 loading class kotlin/reflect/jvm/internal/KClassImpl$Data$allNonStaticMembers$2 done
Event: 34.734 Executing VM operation: G1CollectForAllocation


Dynamic libraries:
0x00007ff702e60000 - 0x00007ff702e6a000 	C:\Program Files\Android\Android Studio\jre\bin\java.exe
0x00007ff905ab0000 - 0x00007ff905ca5000 	C:\WINDOWS\SYSTEM32\ntdll.dll
0x00007ff905060000 - 0x00007ff90511e000 	C:\WINDOWS\System32\KERNEL32.DLL
0x00007ff903250000 - 0x00007ff903518000 	C:\WINDOWS\System32\KERNELBASE.dll
0x00007ff903960000 - 0x00007ff903a60000 	C:\WINDOWS\System32\ucrtbase.dll
0x00007ff8fe330000 - 0x00007ff8fe347000 	C:\Program Files\Android\Android Studio\jre\bin\VCRUNTIME140.dll
0x00007ff8f4ec0000 - 0x00007ff8f4ed9000 	C:\Program Files\Android\Android Studio\jre\bin\jli.dll
0x00007ff904a60000 - 0x00007ff904c00000 	C:\WINDOWS\System32\USER32.dll
0x00007ff903770000 - 0x00007ff903792000 	C:\WINDOWS\System32\win32u.dll
0x00007ff904900000 - 0x00007ff90492b000 	C:\WINDOWS\System32\GDI32.dll
0x00007ff903850000 - 0x00007ff90395d000 	C:\WINDOWS\System32\gdi32full.dll
0x00007ff8e9ee0000 - 0x00007ff8ea17a000 	C:\WINDOWS\WinSxS\amd64_microsoft.windows.common-controls_6595b64144ccf1df_6.0.19041.1110_none_60b5254171f9507e\COMCTL32.dll
0x00007ff903a60000 - 0x00007ff903afd000 	C:\WINDOWS\System32\msvcp_win.dll
0x00007ff904040000 - 0x00007ff9040de000 	C:\WINDOWS\System32\msvcrt.dll
0x00007ff904d80000 - 0x00007ff904db0000 	C:\WINDOWS\System32\IMM32.DLL
0x00007ff8cfc10000 - 0x00007ff8cfcad000 	C:\Program Files\Android\Android Studio\jre\bin\msvcp140.dll
0x00007ff89e370000 - 0x00007ff89ee3f000 	C:\Program Files\Android\Android Studio\jre\bin\server\jvm.dll
0x00007ff904fb0000 - 0x00007ff90505e000 	C:\WINDOWS\System32\ADVAPI32.dll
0x00007ff9058f0000 - 0x00007ff90598c000 	C:\WINDOWS\System32\sechost.dll
0x00007ff904930000 - 0x00007ff904a55000 	C:\WINDOWS\System32\RPCRT4.dll
0x00007ff905370000 - 0x00007ff905378000 	C:\WINDOWS\System32\PSAPI.DLL
0x00007ff8fc7a0000 - 0x00007ff8fc7aa000 	C:\WINDOWS\SYSTEM32\VERSION.dll
0x00007ff8feff0000 - 0x00007ff8feff9000 	C:\WINDOWS\SYSTEM32\WSOCK32.dll
0x00007ff8e9e60000 - 0x00007ff8e9e87000 	C:\WINDOWS\SYSTEM32\WINMM.dll
0x00007ff904d10000 - 0x00007ff904d7b000 	C:\WINDOWS\System32\WS2_32.dll
0x00007ff901050000 - 0x00007ff901062000 	C:\WINDOWS\SYSTEM32\kernel.appcore.dll
0x00007ff8fb460000 - 0x00007ff8fb471000 	C:\Program Files\Android\Android Studio\jre\bin\verify.dll
0x00007ff8f9f00000 - 0x00007ff8fa0e4000 	C:\WINDOWS\SYSTEM32\DBGHELP.DLL
0x00007ff8ea210000 - 0x00007ff8ea23c000 	C:\WINDOWS\SYSTEM32\dbgcore.DLL
0x00007ff9031c0000 - 0x00007ff903242000 	C:\WINDOWS\System32\bcryptPrimitives.dll
0x00007ff8c7f30000 - 0x00007ff8c7f59000 	C:\Program Files\Android\Android Studio\jre\bin\java.dll
0x00007ff8c7f20000 - 0x00007ff8c7f2b000 	C:\Program Files\Android\Android Studio\jre\bin\jimage.dll
0x00007ff8c7f00000 - 0x00007ff8c7f18000 	C:\Program Files\Android\Android Studio\jre\bin\zip.dll
0x00007ff9041a0000 - 0x00007ff9048e4000 	C:\WINDOWS\System32\SHELL32.dll
0x00007ff901250000 - 0x00007ff9019e4000 	C:\WINDOWS\SYSTEM32\windows.storage.dll
0x00007ff903ce0000 - 0x00007ff904035000 	C:\WINDOWS\System32\combase.dll
0x00007ff902b30000 - 0x00007ff902b5e000 	C:\WINDOWS\SYSTEM32\Wldp.dll
0x00007ff903c30000 - 0x00007ff903cdd000 	C:\WINDOWS\System32\SHCORE.dll
0x00007ff904f50000 - 0x00007ff904fa5000 	C:\WINDOWS\System32\shlwapi.dll
0x00007ff903100000 - 0x00007ff90311f000 	C:\WINDOWS\SYSTEM32\profapi.dll
0x00007ff8c7ee0000 - 0x00007ff8c7efa000 	C:\Program Files\Android\Android Studio\jre\bin\net.dll
0x00007ff8f1100000 - 0x00007ff8f120c000 	C:\WINDOWS\SYSTEM32\WINHTTP.dll
0x00007ff902910000 - 0x00007ff90297a000 	C:\WINDOWS\system32\mswsock.dll
0x00007ff8c7ec0000 - 0x00007ff8c7ed4000 	C:\Program Files\Android\Android Studio\jre\bin\nio.dll
0x00007ff8f4e40000 - 0x00007ff8f4e67000 	C:\Users\ADMIN\.gradle\native\8bec1ad78214c89d9ad589b4d07fe93259594b29d510b10fafb7a158f7737e5d\windows-amd64\native-platform.dll
0x00007ff8a9050000 - 0x00007ff8a918d000 	C:\Users\ADMIN\.gradle\native\53dbd7edfb1c66fb8903c78663c9afc45aea4f116125fa6feffd364cf09443e8\windows-amd64\native-platform-file-events.dll
0x00007ff8c7eb0000 - 0x00007ff8c7eba000 	C:\Program Files\Android\Android Studio\jre\bin\management.dll
0x00007ff8c7ea0000 - 0x00007ff8c7eac000 	C:\Program Files\Android\Android Studio\jre\bin\management_ext.dll
0x00007ff902b70000 - 0x00007ff902b88000 	C:\WINDOWS\SYSTEM32\CRYPTSP.dll
0x00007ff902240000 - 0x00007ff902274000 	C:\WINDOWS\system32\rsaenh.dll
0x00007ff903590000 - 0x00007ff9035b7000 	C:\WINDOWS\System32\bcrypt.dll
0x00007ff9030c0000 - 0x00007ff9030ee000 	C:\WINDOWS\SYSTEM32\USERENV.dll
0x00007ff902aa0000 - 0x00007ff902aac000 	C:\WINDOWS\SYSTEM32\CRYPTBASE.dll
0x00007ff9025d0000 - 0x00007ff90260b000 	C:\WINDOWS\SYSTEM32\IPHLPAPI.DLL
0x00007ff9051b0000 - 0x00007ff9051b8000 	C:\WINDOWS\System32\NSI.dll
0x00007ff8f9b30000 - 0x00007ff8f9b47000 	C:\WINDOWS\SYSTEM32\dhcpcsvc6.DLL
0x00007ff8fa3d0000 - 0x00007ff8fa3ed000 	C:\WINDOWS\SYSTEM32\dhcpcsvc.DLL
0x00007ff902610000 - 0x00007ff9026db000 	C:\WINDOWS\SYSTEM32\DNSAPI.dll

dbghelp: loaded successfully - version: 4.0.5 - missing functions: none
symbol engine: initialized successfully - sym options: 0x614 - pdb path: .;C:\Program Files\Android\Android Studio\jre\bin;C:\WINDOWS\SYSTEM32;C:\WINDOWS\WinSxS\amd64_microsoft.windows.common-controls_6595b64144ccf1df_6.0.19041.1110_none_60b5254171f9507e;C:\Program Files\Android\Android Studio\jre\bin\server;C:\Users\ADMIN\.gradle\native\8bec1ad78214c89d9ad589b4d07fe93259594b29d510b10fafb7a158f7737e5d\windows-amd64;C:\Users\ADMIN\.gradle\native\53dbd7edfb1c66fb8903c78663c9afc45aea4f116125fa6feffd364cf09443e8\windows-amd64

VM Arguments:
jvm_args: --add-opens=java.base/java.util=ALL-UNNAMED --add-opens=java.base/java.lang=ALL-UNNAMED --add-opens=java.base/java.lang.invoke=ALL-UNNAMED --add-opens=java.base/java.util=ALL-UNNAMED --add-opens=java.prefs/java.util.prefs=ALL-UNNAMED --add-opens=java.prefs/java.util.prefs=ALL-UNNAMED --add-opens=java.base/java.nio.charset=ALL-UNNAMED --add-opens=java.base/java.net=ALL-UNNAMED --add-opens=java.base/java.util.concurrent.atomic=ALL-UNNAMED -Xmx2048m -Dfile.encoding=UTF-8 -Duser.country=US -Duser.language=en -Duser.variant 
java_command: org.gradle.launcher.daemon.bootstrap.GradleDaemon 7.0.2
java_class_path (initial): C:\Users\ADMIN\.gradle\wrapper\dists\gradle-7.0.2-bin\857tjihv64xamwrf0h14cai3r\gradle-7.0.2\lib\gradle-launcher-7.0.2.jar
Launcher Type: SUN_STANDARD

[Global flags]
     intx CICompilerCount                          = 4                                         {product} {ergonomic}
     uint ConcGCThreads                            = 2                                         {product} {ergonomic}
     uint G1ConcRefinementThreads                  = 8                                         {product} {ergonomic}
   size_t G1HeapRegionSize                         = 1048576                                   {product} {ergonomic}
    uintx GCDrainStackTargetSize                   = 64                                        {product} {ergonomic}
   size_t InitialHeapSize                          = 67108864                                  {product} {ergonomic}
   size_t MarkStackSize                            = 4194304                                   {product} {ergonomic}
   size_t MaxHeapSize                              = 2147483648                                {product} {command line}
   size_t MaxNewSize                               = 1287651328                                {product} {ergonomic}
   size_t MinHeapDeltaBytes                        = 1048576                                   {product} {ergonomic}
    uintx NonNMethodCodeHeapSize                   = 5836300                                {pd product} {ergonomic}
    uintx NonProfiledCodeHeapSize                  = 122910970                              {pd product} {ergonomic}
    uintx ProfiledCodeHeapSize                     = 122910970                              {pd product} {ergonomic}
    uintx ReservedCodeCacheSize                    = 251658240                              {pd product} {ergonomic}
     bool SegmentedCodeCache                       = true                                      {product} {ergonomic}
     bool UseCompressedClassPointers               = true                                 {lp64_product} {ergonomic}
     bool UseCompressedOops                        = true                                 {lp64_product} {ergonomic}
     bool UseG1GC                                  = true                                      {product} {ergonomic}
     bool UseLargePagesIndividualAllocation        = false                                  {pd product} {ergonomic}

Logging:
Log output configuration:
 #0: stdout all=warning uptime,level,tags
 #1: stderr all=off uptime,level,tags

Environment Variables:
PATH=C:\Program Files (x86)\Common Files\Oracle\Java\javapath;C:\Program Files\Common Files\Oracle\Java\javapath;C:\WINDOWS\system32;C:\WINDOWS;C:\WINDOWS\System32\Wbem;C:\WINDOWS\System32\WindowsPowerShell\v1.0\;C:\WINDOWS\System32\OpenSSH\;C:\Program Files\Microsoft SQL Server\130\Tools\Binn\;C:\Program Files\Microsoft SQL Server\Client SDK\ODBC\170\Tools\Binn\;C:\Program Files (x86)\Microsoft SQL Server\150\DTS\Binn\;C:\Program Files\Azure Data Studio\bin;C:\Program Files (x86)\Microsoft SQL Server\150\Tools\Binn\;C:\Program Files\Microsoft SQL Server\150\Tools\Binn\;C:\Program Files\Microsoft SQL Server\150\DTS\Binn\;C:\Program Files\dotnet\;C:\Program Files\nodejs\;C:\Program Files\PuTTY\;C:\Program Files\Git\cmd;C:\Users\ADMIN\AppData\Local\Microsoft\WindowsApps;C:\Program Files\Azure Data Studio\bin;F:\Visual stadio code\PHP\Microsoft VS Code\bin;C:\Program Files\heroku\bin;C:\Users\ADMIN\AppData\Roaming\npm;C:\Users\ADMIN\AppData\Local\GitHubDesktop\bin;C:\Users\ADMIN\.dotnet\tools;C:\Users\ADMIN\AppData\Local\Programs\Microsoft VS Code\bin
USERNAME=ADMIN
OS=Windows_NT
PROCESSOR_IDENTIFIER=Intel64 Family 6 Model 142 Stepping 10, GenuineIntel



---------------  S Y S T E M  ---------------

OS: Windows 10 , 64 bit Build 19041 (10.0.19041.1503)
OS uptime: 4 days 0:05 hours
Hyper-V role detected

CPU:total 8 (initial active 8) (4 cores per cpu, 2 threads per core) family 6 model 142 stepping 10 microcode 0xb4, cmov, cx8, fxsr, mmx, sse, sse2, sse3, ssse3, sse4.1, sse4.2, popcnt, avx, avx2, aes, clmul, erms, 3dnowpref, lzcnt, ht, tsc, tscinvbit, bmi1, bmi2, adx, fma

Memory: 4k page, system-wide physical 4005M (47M free)
TotalPageFile size 16293M (AvailPageFile size 67M)
current process WorkingSet (physical memory assigned to process): 361M, peak: 362M
current process commit charge ("private bytes"): 486M, peak: 599M

vm_info: OpenJDK 64-Bit Server VM (11.0.10+0-b96-7249189) for windows-amd64 JRE (11.0.10+0-b96-7249189), built on Mar 31 2021 21:44:00 by "builder" with MS VC++ 14.0 (VS2015)

END.
